INFO: [HLS 200-10] Running 'C:/Xilinx/Vivado/2019.2/bin/unwrapped/win64.o/vivado_hls.exe'
INFO: [HLS 200-10] For user 'vlsigroup' on host 'myvm' (Windows NT_amd64 version 6.2) on Thu May 14 19:17:33 +0530 2020
INFO: [HLS 200-10] In directory 'C:/Users/vlsigroup/Downloads/project17-master_3/project17-master'
Sourcing Tcl script 'C:/Users/vlsigroup/Downloads/project17-master_3/project17-master/picnic1/sign/cosim.tcl'
INFO: [HLS 200-10] Opening project 'C:/Users/vlsigroup/Downloads/project17-master_3/project17-master/picnic1'.
INFO: [HLS 200-10] Opening solution 'C:/Users/vlsigroup/Downloads/project17-master_3/project17-master/picnic1/sign'.
INFO: [SYN 201-201] Setting up clock 'default' with a period of 10ns.
INFO: [HLS 200-10] Setting target device to 'xc7a200t-fbg676-2'
INFO: [COSIM 212-47] Using XSIM for RTL simulation.
INFO: [COSIM 212-14] Instrumenting C test bench ...
   Build using "C:/Xilinx/Vivado/2019.2/tps/win64/msys64/mingw64/bin/g++"
   Compiling apatb_crypto_sign.cpp
   Compiling (apcc) aes.c_pre.c.tb.c
INFO: [HLS 200-10] Running 'C:/Xilinx/Vivado/2019.2/bin/unwrapped/win64.o/apcc.exe'
INFO: [HLS 200-10] For user 'vlsigroup' on host 'myvm' (Windows NT_amd64 version 6.2) on Thu May 14 19:18:18 +0530 2020
INFO: [HLS 200-10] In directory 'C:/Users/vlsigroup/Downloads/project17-master_3/project17-master/picnic1/sign/sim/wrapc'
clang: warning: argument unused during compilation: '-fno-builtin-isinf'
clang: warning: argument unused during compilation: '-fno-builtin-isnan'
INFO: [APCC 202-3] Tmp directory is apcc_db
INFO: [APCC 202-1] APCC is done.
   Compiling (apcc) hash.c_pre.c.tb.c
INFO: [HLS 200-10] Running 'C:/Xilinx/Vivado/2019.2/bin/unwrapped/win64.o/apcc.exe'
INFO: [HLS 200-10] For user 'vlsigroup' on host 'myvm' (Windows NT_amd64 version 6.2) on Thu May 14 19:18:26 +0530 2020
INFO: [HLS 200-10] In directory 'C:/Users/vlsigroup/Downloads/project17-master_3/project17-master/picnic1/sign/sim/wrapc'
clang: warning: argument unused during compilation: '-fno-builtin-isinf'
clang: warning: argument unused during compilation: '-fno-builtin-isnan'
INFO: [APCC 202-3] Tmp directory is apcc_db
INFO: [APCC 202-1] APCC is done.
   Compiling (apcc) api.c_pre.c.tb.c
INFO: [HLS 200-10] Running 'C:/Xilinx/Vivado/2019.2/bin/unwrapped/win64.o/apcc.exe'
INFO: [HLS 200-10] For user 'vlsigroup' on host 'myvm' (Windows NT_amd64 version 6.2) on Thu May 14 19:18:31 +0530 2020
INFO: [HLS 200-10] In directory 'C:/Users/vlsigroup/Downloads/project17-master_3/project17-master/picnic1/sign/sim/wrapc'
clang: warning: argument unused during compilation: '-fno-builtin-isinf'
clang: warning: argument unused during compilation: '-fno-builtin-isnan'
INFO: [APCC 202-3] Tmp directory is apcc_db
INFO: [APCC 202-1] APCC is done.
   Compiling (apcc) lowmc_constants.c_pre.c.tb.c
INFO: [HLS 200-10] Running 'C:/Xilinx/Vivado/2019.2/bin/unwrapped/win64.o/apcc.exe'
INFO: [HLS 200-10] For user 'vlsigroup' on host 'myvm' (Windows NT_amd64 version 6.2) on Thu May 14 19:18:37 +0530 2020
INFO: [HLS 200-10] In directory 'C:/Users/vlsigroup/Downloads/project17-master_3/project17-master/picnic1/sign/sim/wrapc'
clang: warning: argument unused during compilation: '-fno-builtin-isinf'
clang: warning: argument unused during compilation: '-fno-builtin-isnan'
INFO: [APCC 202-3] Tmp directory is apcc_db
INFO: [APCC 202-1] APCC is done.
   Compiling (apcc) KeccakP-1600-reference.c_pre.c.tb.c
INFO: [HLS 200-10] Running 'C:/Xilinx/Vivado/2019.2/bin/unwrapped/win64.o/apcc.exe'
INFO: [HLS 200-10] For user 'vlsigroup' on host 'myvm' (Windows NT_amd64 version 6.2) on Thu May 14 19:18:43 +0530 2020
INFO: [HLS 200-10] In directory 'C:/Users/vlsigroup/Downloads/project17-master_3/project17-master/picnic1/sign/sim/wrapc'
clang: warning: argument unused during compilation: '-fno-builtin-isinf'
clang: warning: argument unused during compilation: '-fno-builtin-isnan'
INFO: [APCC 202-3] Tmp directory is apcc_db
INFO: [APCC 202-1] APCC is done.
   Compiling (apcc) picnic_impl.c_pre.c.tb.c
INFO: [HLS 200-10] Running 'C:/Xilinx/Vivado/2019.2/bin/unwrapped/win64.o/apcc.exe'
INFO: [HLS 200-10] For user 'vlsigroup' on host 'myvm' (Windows NT_amd64 version 6.2) on Thu May 14 19:18:50 +0530 2020
INFO: [HLS 200-10] In directory 'C:/Users/vlsigroup/Downloads/project17-master_3/project17-master/picnic1/sign/sim/wrapc'
clang: warning: argument unused during compilation: '-fno-builtin-isinf'
clang: warning: argument unused during compilation: '-fno-builtin-isnan'
In file included from C:/Users/vlsigroup/Downloads/project17-master_3/project17-master/picnic_impl.c:1:
C:/Users/vlsigroup/Downloads/project17-master_3/project17-master/picnic_impl.c:682:16: warning: incompatible integer to pointer conversion passing 'uint8_t' (aka 'unsigned char') to parameter of type 'void *' [-Wint-conversion]
        memcpy(proof->view3UnruhG, gs->G[(challenge + 2) % 3], view3UnruhLength);
               ^~~~~~~~~~~~~~~~~~
C:/Xilinx/Vivado/2019.2/win64/tools/clang/bin/../lib/clang/3.1/../../../x86_64-w64-mingw32/include\string.h:41:44: note: passing argument to parameter '_Dst' here
  void *__cdecl memcpy(void * __restrict__ _Dst,const void * __restrict__ _Src,size_t _Size) ;
                                           ^
In file included from C:/Users/vlsigroup/Downloads/project17-master_3/project17-master/picnic_impl.c:1:
C:/Users/vlsigroup/Downloads/project17-master_3/project17-master/picnic_impl.c:1630:12: warning: incompatible pointer types returning 'seeds_2t *' (aka 'struct seeds_2t *') from a function with result type 'seeds_t *' (aka 'struct seeds_t *') [-Wincompatible-pointer-types]
    return allSeeds;
           ^~~~~~~~
2 warnings generated.
INFO: [APCC 202-3] Tmp directory is apcc_db
INFO: [APCC 202-1] APCC is done.
   Compiling (apcc) KeccakHash.c_pre.c.tb.c
INFO: [HLS 200-10] Running 'C:/Xilinx/Vivado/2019.2/bin/unwrapped/win64.o/apcc.exe'
INFO: [HLS 200-10] For user 'vlsigroup' on host 'myvm' (Windows NT_amd64 version 6.2) on Thu May 14 19:19:01 +0530 2020
INFO: [HLS 200-10] In directory 'C:/Users/vlsigroup/Downloads/project17-master_3/project17-master/picnic1/sign/sim/wrapc'
clang: warning: argument unused during compilation: '-fno-builtin-isinf'
clang: warning: argument unused during compilation: '-fno-builtin-isnan'
In file included from C:/Users/vlsigroup/Downloads/project17-master_3/project17-master/sha3/KeccakHash.c:1:
C:/Users/vlsigroup/Downloads/project17-master_3/project17-master/sha3/KeccakHash.c:73:1: warning: control reaches end of non-void function [-Wreturn-type]
}
^
1 warning generated.
INFO: [APCC 202-3] Tmp directory is apcc_db
INFO: [APCC 202-1] APCC is done.
   Compiling (apcc) newtest_sign.c_pre.c.tb.c
INFO: [HLS 200-10] Running 'C:/Xilinx/Vivado/2019.2/bin/unwrapped/win64.o/apcc.exe'
INFO: [HLS 200-10] For user 'vlsigroup' on host 'myvm' (Windows NT_amd64 version 6.2) on Thu May 14 19:19:07 +0530 2020
INFO: [HLS 200-10] In directory 'C:/Users/vlsigroup/Downloads/project17-master_3/project17-master/picnic1/sign/sim/wrapc'
clang: warning: argument unused during compilation: '-fno-builtin-isinf'
clang: warning: argument unused during compilation: '-fno-builtin-isnan'
INFO: [APCC 202-3] Tmp directory is apcc_db
INFO: [APCC 202-1] APCC is done.
   Compiling (apcc) rng.c_pre.c.tb.c
INFO: [HLS 200-10] Running 'C:/Xilinx/Vivado/2019.2/bin/unwrapped/win64.o/apcc.exe'
INFO: [HLS 200-10] For user 'vlsigroup' on host 'myvm' (Windows NT_amd64 version 6.2) on Thu May 14 19:19:13 +0530 2020
INFO: [HLS 200-10] In directory 'C:/Users/vlsigroup/Downloads/project17-master_3/project17-master/picnic1/sign/sim/wrapc'
clang: warning: argument unused during compilation: '-fno-builtin-isinf'
clang: warning: argument unused during compilation: '-fno-builtin-isnan'
INFO: [APCC 202-3] Tmp directory is apcc_db
INFO: [APCC 202-1] APCC is done.
   Compiling (apcc) picnic2_impl.c_pre.c.tb.c
INFO: [HLS 200-10] Running 'C:/Xilinx/Vivado/2019.2/bin/unwrapped/win64.o/apcc.exe'
INFO: [HLS 200-10] For user 'vlsigroup' on host 'myvm' (Windows NT_amd64 version 6.2) on Thu May 14 19:19:19 +0530 2020
INFO: [HLS 200-10] In directory 'C:/Users/vlsigroup/Downloads/project17-master_3/project17-master/picnic1/sign/sim/wrapc'
clang: warning: argument unused during compilation: '-fno-builtin-isinf'
clang: warning: argument unused during compilation: '-fno-builtin-isnan'
In file included from C:/Users/vlsigroup/Downloads/project17-master_3/project17-master/picnic2_impl.c:1:
C:/Users/vlsigroup/Downloads/project17-master_3/project17-master/picnic2_impl.c:749:65: warning: format specifies type 'unsigned long' but the argument has type 'size_t' (aka 'unsigned long long') [-Wformat]
                printf("Failed to reconstruct seeds for round %lu\n", t);
                                                              ~~^     ~
                                                              %llu
C:/Users/vlsigroup/Downloads/project17-master_3/project17-master/picnic2_impl.c:818:59: warning: format specifies type 'unsigned long' but the argument has type 'size_t' (aka 'unsigned long long') [-Wformat]
                printf("MPC simulation failed for round %lu, signature invalid\n", t);
                                                        ~~^                        ~
                                                        %llu
C:/Users/vlsigroup/Downloads/project17-master_3/project17-master/picnic2_impl.c:1140:37: warning: format specifies type 'unsigned long' but the argument has type 'size_t' (aka 'unsigned long long') [-Wformat]
        printf("%s: sigBytesLen = %lu, expected bytesRequired = %lu\n", __func__, sigBytesLen, bytesRequired);
                                  ~~^                                             ~~~~~~~~~~~
                                  %llu
C:/Users/vlsigroup/Downloads/project17-master_3/project17-master/picnic2_impl.c:1140:67: warning: format specifies type 'unsigned long' but the argument has type 'size_t' (aka 'unsigned long long') [-Wformat]
        printf("%s: sigBytesLen = %lu, expected bytesRequired = %lu\n", __func__, sigBytesLen, bytesRequired);
                                                                ~~^                            ~~~~~~~~~~~~~
                                                                %llu
4 warnings generated.
INFO: [APCC 202-3] Tmp directory is apcc_db
INFO: [APCC 202-1] APCC is done.
   Compiling (apcc) picnic.c_pre.c.tb.c
INFO: [HLS 200-10] Running 'C:/Xilinx/Vivado/2019.2/bin/unwrapped/win64.o/apcc.exe'
INFO: [HLS 200-10] For user 'vlsigroup' on host 'myvm' (Windows NT_amd64 version 6.2) on Thu May 14 19:19:28 +0530 2020
INFO: [HLS 200-10] In directory 'C:/Users/vlsigroup/Downloads/project17-master_3/project17-master/picnic1/sign/sim/wrapc'
clang: warning: argument unused during compilation: '-fno-builtin-isinf'
clang: warning: argument unused during compilation: '-fno-builtin-isnan'
In file included from C:/Users/vlsigroup/Downloads/project17-master_3/project17-master/picnic.c:1:
C:/Users/vlsigroup/Downloads/project17-master_3/project17-master/picnic.c:756:20: warning: incompatible integer to pointer conversion passing 'uint8_t' (aka 'unsigned char') to parameter of type 'void *' [-Wint-conversion]
            memcpy(proofs[i].view3UnruhG, sigBytes, view3UnruhLength);
                   ^~~~~~~~~~~~~~~~~~~~~
C:/Xilinx/Vivado/2019.2/win64/tools/clang/bin/../lib/clang/3.1/../../../x86_64-w64-mingw32/include\memory.h:28:44: note: passing argument to parameter '_Dst' here
  void *__cdecl memcpy(void * __restrict__ _Dst,const void * __restrict__ _Src,size_t _Size) ;
                                           ^
In file included from C:/Users/vlsigroup/Downloads/project17-master_3/project17-master/picnic.c:1:
C:/Users/vlsigroup/Downloads/project17-master_3/project17-master/picnic.c:759:29: warning: incompatible integer to pointer conversion passing 'uint8_t' (aka 'unsigned char') to parameter of type 'const uint8_t *' (aka 'const unsigned char *'); take the address with & [-Wint-conversion]
            printHex(label, proofs[i].view3UnruhG, view3UnruhLength);
                            ^~~~~~~~~~~~~~~~~~~~~
                            &
C:/Users/vlsigroup/Downloads/project17-master_3/project17-master/picnic_impl.h:88:45: note: passing argument to parameter 'data' here
void printHex(const char* s, const uint8_t* data, size_t len);
                                            ^
2 warnings generated.
INFO: [APCC 202-3] Tmp directory is apcc_db
INFO: [APCC 202-1] APCC is done.
   Compiling (apcc) picnic_types.c_pre.c.tb.c
INFO: [HLS 200-10] Running 'C:/Xilinx/Vivado/2019.2/bin/unwrapped/win64.o/apcc.exe'
INFO: [HLS 200-10] For user 'vlsigroup' on host 'myvm' (Windows NT_amd64 version 6.2) on Thu May 14 19:19:35 +0530 2020
INFO: [HLS 200-10] In directory 'C:/Users/vlsigroup/Downloads/project17-master_3/project17-master/picnic1/sign/sim/wrapc'
clang: warning: argument unused during compilation: '-fno-builtin-isinf'
clang: warning: argument unused during compilation: '-fno-builtin-isnan'
INFO: [APCC 202-3] Tmp directory is apcc_db
INFO: [APCC 202-1] APCC is done.
   Compiling (apcc) tree.c_pre.c.tb.c
INFO: [HLS 200-10] Running 'C:/Xilinx/Vivado/2019.2/bin/unwrapped/win64.o/apcc.exe'
INFO: [HLS 200-10] For user 'vlsigroup' on host 'myvm' (Windows NT_amd64 version 6.2) on Thu May 14 19:19:41 +0530 2020
INFO: [HLS 200-10] In directory 'C:/Users/vlsigroup/Downloads/project17-master_3/project17-master/picnic1/sign/sim/wrapc'
clang: warning: argument unused during compilation: '-fno-builtin-isinf'
clang: warning: argument unused during compilation: '-fno-builtin-isnan'
In file included from C:/Users/vlsigroup/Downloads/project17-master_3/project17-master/tree.c:1:
C:/Users/vlsigroup/Downloads/project17-master_3/project17-master/tree.c:221:24: warning: format specifies type 'unsigned long' but the argument has type 'size_t' (aka 'unsigned long long') [-Wformat]
        printf("seed %lu", i);
                     ~~^   ~
                     %llu
1 warning generated.
INFO: [APCC 202-3] Tmp directory is apcc_db
INFO: [APCC 202-1] APCC is done.
   Compiling (apcc) KeccakSpongeWidth1600.c_pre.c.tb.c
INFO: [HLS 200-10] Running 'C:/Xilinx/Vivado/2019.2/bin/unwrapped/win64.o/apcc.exe'
INFO: [HLS 200-10] For user 'vlsigroup' on host 'myvm' (Windows NT_amd64 version 6.2) on Thu May 14 19:19:47 +0530 2020
INFO: [HLS 200-10] In directory 'C:/Users/vlsigroup/Downloads/project17-master_3/project17-master/picnic1/sign/sim/wrapc'
clang: warning: argument unused during compilation: '-fno-builtin-isinf'
clang: warning: argument unused during compilation: '-fno-builtin-isnan'
INFO: [APCC 202-3] Tmp directory is apcc_db
INFO: [APCC 202-1] APCC is done.
   Generating cosim.tv.exe
INFO: [COSIM 212-302] Starting C TB testing ... 
Known Answer Tests PASSED. 


INFO: [COSIM 212-333] Generating C post check test bench ...
INFO: [COSIM 212-12] Generating RTL test bench ...
INFO: [COSIM 212-1] *** C/RTL co-simulation file generation completed. ***
INFO: [COSIM 212-323] Starting verilog simulation. 
INFO: [COSIM 212-15] Starting XSIM ...

C:\Users\vlsigroup\Downloads\project17-master_3\project17-master\picnic1\sign\sim\verilog>set PATH= 

C:\Users\vlsigroup\Downloads\project17-master_3\project17-master\picnic1\sign\sim\verilog>call C:/Xilinx/Vivado/2019.2/bin/xelab xil_defaultlib.apatb_crypto_sign_top glbl -prj crypto_sign.prj -L smartconnect_v1_0 -L axi_protocol_checker_v1_1_12 -L axi_protocol_checker_v1_1_13 -L axis_protocol_checker_v1_1_11 -L axis_protocol_checker_v1_1_12 -L xil_defaultlib -L unisims_ver -L xpm --initfile "C:/Xilinx/Vivado/2019.2/data/xsim/ip/xsim_ip.ini" --lib "ieee_proposed=./ieee_proposed" -s crypto_sign  
INFO: [XSIM 43-3496] Using init file passed via -initfile option "C:/Xilinx/Vivado/2019.2/data/xsim/ip/xsim_ip.ini".
Vivado Simulator 2019.2
Copyright 1986-1999, 2001-2019 Xilinx, Inc. All Rights Reserved.
Running: C:/Xilinx/Vivado/2019.2/bin/unwrapped/win64.o/xelab.exe xil_defaultlib.apatb_crypto_sign_top glbl -prj crypto_sign.prj -L smartconnect_v1_0 -L axi_protocol_checker_v1_1_12 -L axi_protocol_checker_v1_1_13 -L axis_protocol_checker_v1_1_11 -L axis_protocol_checker_v1_1_12 -L xil_defaultlib -L unisims_ver -L xpm --initfile C:/Xilinx/Vivado/2019.2/data/xsim/ip/xsim_ip.ini --lib ieee_proposed=./ieee_proposed -s crypto_sign 
INFO: [VRFC 10-2263] Analyzing SystemVerilog file "C:/Users/vlsigroup/Downloads/project17-master_3/project17-master/picnic1/sign/sim/verilog/glbl.v" into library work
INFO: [VRFC 10-311] analyzing module glbl
INFO: [VRFC 10-2263] Analyzing SystemVerilog file "C:/Users/vlsigroup/Downloads/project17-master_3/project17-master/picnic1/sign/sim/verilog/AESL_automem_m.v" into library xil_defaultlib
INFO: [VRFC 10-311] analyzing module AESL_automem_m
INFO: [VRFC 10-2263] Analyzing SystemVerilog file "C:/Users/vlsigroup/Downloads/project17-master_3/project17-master/picnic1/sign/sim/verilog/AESL_automem_sk.v" into library xil_defaultlib
INFO: [VRFC 10-311] analyzing module AESL_automem_sk
INFO: [VRFC 10-2263] Analyzing SystemVerilog file "C:/Users/vlsigroup/Downloads/project17-master_3/project17-master/picnic1/sign/sim/verilog/AESL_automem_sm.v" into library xil_defaultlib
INFO: [VRFC 10-311] analyzing module AESL_automem_sm
INFO: [VRFC 10-2263] Analyzing SystemVerilog file "C:/Users/vlsigroup/Downloads/project17-master_3/project17-master/picnic1/sign/sim/verilog/AESL_automem_smlen.v" into library xil_defaultlib
INFO: [VRFC 10-311] analyzing module AESL_automem_smlen
INFO: [VRFC 10-2263] Analyzing SystemVerilog file "C:/Users/vlsigroup/Downloads/project17-master_3/project17-master/picnic1/sign/sim/verilog/AESL_automem_viewOutputs.v" into library xil_defaultlib
INFO: [VRFC 10-311] analyzing module AESL_automem_viewOutputs
INFO: [VRFC 10-2263] Analyzing SystemVerilog file "C:/Users/vlsigroup/Downloads/project17-master_3/project17-master/picnic1/sign/sim/verilog/chi.v" into library xil_defaultlib
INFO: [VRFC 10-311] analyzing module chi
INFO: [VRFC 10-2263] Analyzing SystemVerilog file "C:/Users/vlsigroup/Downloads/project17-master_3/project17-master/picnic1/sign/sim/verilog/Commit_2.v" into library xil_defaultlib
INFO: [VRFC 10-311] analyzing module Commit_2
INFO: [VRFC 10-2263] Analyzing SystemVerilog file "C:/Users/vlsigroup/Downloads/project17-master_3/project17-master/picnic1/sign/sim/verilog/computeSeeds_2.v" into library xil_defaultlib
INFO: [VRFC 10-311] analyzing module computeSeeds_2
INFO: [VRFC 10-2263] Analyzing SystemVerilog file "C:/Users/vlsigroup/Downloads/project17-master_3/project17-master/picnic1/sign/sim/verilog/computeSeeds_2_ctvdy.v" into library xil_defaultlib
INFO: [VRFC 10-311] analyzing module computeSeeds_2_ctvdy_ram
INFO: [VRFC 10-311] analyzing module computeSeeds_2_ctvdy
INFO: [VRFC 10-2263] Analyzing SystemVerilog file "C:/Users/vlsigroup/Downloads/project17-master_3/project17-master/picnic1/sign/sim/verilog/computeSeeds_2_temp.v" into library xil_defaultlib
INFO: [VRFC 10-311] analyzing module computeSeeds_2_temp_ram
INFO: [VRFC 10-311] analyzing module computeSeeds_2_temp
INFO: [VRFC 10-2263] Analyzing SystemVerilog file "C:/Users/vlsigroup/Downloads/project17-master_3/project17-master/picnic1/sign/sim/verilog/createRandomTape.v" into library xil_defaultlib
INFO: [VRFC 10-311] analyzing module createRandomTape
INFO: [VRFC 10-2263] Analyzing SystemVerilog file "C:/Users/vlsigroup/Downloads/project17-master_3/project17-master/picnic1/sign/sim/verilog/createRandomTape_1.v" into library xil_defaultlib
INFO: [VRFC 10-311] analyzing module createRandomTape_1
INFO: [VRFC 10-2263] Analyzing SystemVerilog file "C:/Users/vlsigroup/Downloads/project17-master_3/project17-master/picnic1/sign/sim/verilog/createRandomTape_Hfu.v" into library xil_defaultlib
INFO: [VRFC 10-311] analyzing module createRandomTape_Hfu_ram
INFO: [VRFC 10-311] analyzing module createRandomTape_Hfu
INFO: [VRFC 10-2263] Analyzing SystemVerilog file "C:/Users/vlsigroup/Downloads/project17-master_3/project17-master/picnic1/sign/sim/verilog/crypto_sign.autotb.v" into library xil_defaultlib
INFO: [VRFC 10-311] analyzing module apatb_crypto_sign_top
INFO: [VRFC 10-2263] Analyzing SystemVerilog file "C:/Users/vlsigroup/Downloads/project17-master_3/project17-master/picnic1/sign/sim/verilog/crypto_sign.v" into library xil_defaultlib
INFO: [VRFC 10-311] analyzing module crypto_sign
INFO: [VRFC 10-2263] Analyzing SystemVerilog file "C:/Users/vlsigroup/Downloads/project17-master_3/project17-master/picnic1/sign/sim/verilog/crypto_sign_mac_mWhU.v" into library xil_defaultlib
INFO: [VRFC 10-311] analyzing module crypto_sign_mac_mWhU_DSP48_0
INFO: [VRFC 10-311] analyzing module crypto_sign_mac_mWhU
INFO: [VRFC 10-2263] Analyzing SystemVerilog file "C:/Users/vlsigroup/Downloads/project17-master_3/project17-master/picnic1/sign/sim/verilog/crypto_sign_mul_6xdS.v" into library xil_defaultlib
INFO: [VRFC 10-311] analyzing module crypto_sign_mul_6xdS_MulnS_0
INFO: [VRFC 10-311] analyzing module crypto_sign_mul_6xdS
INFO: [VRFC 10-2263] Analyzing SystemVerilog file "C:/Users/vlsigroup/Downloads/project17-master_3/project17-master/picnic1/sign/sim/verilog/crypto_sign_mul_mbdk.v" into library xil_defaultlib
INFO: [VRFC 10-311] analyzing module crypto_sign_mul_mbdk_DSP48_1
INFO: [VRFC 10-311] analyzing module crypto_sign_mul_mbdk
INFO: [VRFC 10-2263] Analyzing SystemVerilog file "C:/Users/vlsigroup/Downloads/project17-master_3/project17-master/picnic1/sign/sim/verilog/crypto_sign_mux_3VhK.v" into library xil_defaultlib
INFO: [VRFC 10-311] analyzing module crypto_sign_mux_3VhK
INFO: [VRFC 10-2263] Analyzing SystemVerilog file "C:/Users/vlsigroup/Downloads/project17-master_3/project17-master/picnic1/sign/sim/verilog/crypto_sign_mux_4bBo.v" into library xil_defaultlib
INFO: [VRFC 10-311] analyzing module crypto_sign_mux_4bBo
INFO: [VRFC 10-2263] Analyzing SystemVerilog file "C:/Users/vlsigroup/Downloads/project17-master_3/project17-master/picnic1/sign/sim/verilog/crypto_sign_mux_4JfO.v" into library xil_defaultlib
INFO: [VRFC 10-311] analyzing module crypto_sign_mux_4JfO
INFO: [VRFC 10-2263] Analyzing SystemVerilog file "C:/Users/vlsigroup/Downloads/project17-master_3/project17-master/picnic1/sign/sim/verilog/crypto_sign_mux_4Zio.v" into library xil_defaultlib
INFO: [VRFC 10-311] analyzing module crypto_sign_mux_4Zio
INFO: [VRFC 10-2263] Analyzing SystemVerilog file "C:/Users/vlsigroup/Downloads/project17-master_3/project17-master/picnic1/sign/sim/verilog/crypto_sign_secrebJp.v" into library xil_defaultlib
INFO: [VRFC 10-311] analyzing module crypto_sign_secrebJp_ram
INFO: [VRFC 10-311] analyzing module crypto_sign_secrebJp
INFO: [VRFC 10-2263] Analyzing SystemVerilog file "C:/Users/vlsigroup/Downloads/project17-master_3/project17-master/picnic1/sign/sim/verilog/crypto_sign_urem_bAo.v" into library xil_defaultlib
INFO: [VRFC 10-311] analyzing module crypto_sign_urem_bAo_div_u
INFO: [VRFC 10-311] analyzing module crypto_sign_urem_bAo_div
INFO: [VRFC 10-311] analyzing module crypto_sign_urem_bAo
INFO: [VRFC 10-2263] Analyzing SystemVerilog file "C:/Users/vlsigroup/Downloads/project17-master_3/project17-master/picnic1/sign/sim/verilog/crypto_sign_urem_bkb.v" into library xil_defaultlib
INFO: [VRFC 10-311] analyzing module crypto_sign_urem_bkb_div_u
INFO: [VRFC 10-311] analyzing module crypto_sign_urem_bkb_div
INFO: [VRFC 10-311] analyzing module crypto_sign_urem_bkb
INFO: [VRFC 10-2263] Analyzing SystemVerilog file "C:/Users/vlsigroup/Downloads/project17-master_3/project17-master/picnic1/sign/sim/verilog/crypto_sign_urem_cud.v" into library xil_defaultlib
INFO: [VRFC 10-311] analyzing module crypto_sign_urem_cud_div_u
INFO: [VRFC 10-311] analyzing module crypto_sign_urem_cud_div
INFO: [VRFC 10-311] analyzing module crypto_sign_urem_cud
INFO: [VRFC 10-2263] Analyzing SystemVerilog file "C:/Users/vlsigroup/Downloads/project17-master_3/project17-master/picnic1/sign/sim/verilog/crypto_sign_urem_dEe.v" into library xil_defaultlib
INFO: [VRFC 10-311] analyzing module crypto_sign_urem_dEe_div_u
INFO: [VRFC 10-311] analyzing module crypto_sign_urem_dEe_div
INFO: [VRFC 10-311] analyzing module crypto_sign_urem_dEe
INFO: [VRFC 10-2263] Analyzing SystemVerilog file "C:/Users/vlsigroup/Downloads/project17-master_3/project17-master/picnic1/sign/sim/verilog/crypto_sign_urem_IfE.v" into library xil_defaultlib
INFO: [VRFC 10-311] analyzing module crypto_sign_urem_IfE_div_u
INFO: [VRFC 10-311] analyzing module crypto_sign_urem_IfE_div
INFO: [VRFC 10-311] analyzing module crypto_sign_urem_IfE
INFO: [VRFC 10-2263] Analyzing SystemVerilog file "C:/Users/vlsigroup/Downloads/project17-master_3/project17-master/picnic1/sign/sim/verilog/crypto_sign_urem_wdI.v" into library xil_defaultlib
INFO: [VRFC 10-311] analyzing module crypto_sign_urem_wdI_div_u
INFO: [VRFC 10-311] analyzing module crypto_sign_urem_wdI_div
INFO: [VRFC 10-311] analyzing module crypto_sign_urem_wdI
INFO: [VRFC 10-2263] Analyzing SystemVerilog file "C:/Users/vlsigroup/Downloads/project17-master_3/project17-master/picnic1/sign/sim/verilog/fromBytesToWords.v" into library xil_defaultlib
INFO: [VRFC 10-311] analyzing module fromBytesToWords
INFO: [VRFC 10-2263] Analyzing SystemVerilog file "C:/Users/vlsigroup/Downloads/project17-master_3/project17-master/picnic1/sign/sim/verilog/fromWordsToBytes.v" into library xil_defaultlib
INFO: [VRFC 10-311] analyzing module fromWordsToBytes
INFO: [VRFC 10-2263] Analyzing SystemVerilog file "C:/Users/vlsigroup/Downloads/project17-master_3/project17-master/picnic1/sign/sim/verilog/H3_2.v" into library xil_defaultlib
INFO: [VRFC 10-311] analyzing module H3_2
INFO: [VRFC 10-2263] Analyzing SystemVerilog file "C:/Users/vlsigroup/Downloads/project17-master_3/project17-master/picnic1/sign/sim/verilog/H3_2_hash.v" into library xil_defaultlib
INFO: [VRFC 10-311] analyzing module H3_2_hash_ram
INFO: [VRFC 10-311] analyzing module H3_2_hash
INFO: [VRFC 10-2263] Analyzing SystemVerilog file "C:/Users/vlsigroup/Downloads/project17-master_3/project17-master/picnic1/sign/sim/verilog/HashUpdateIntLE.v" into library xil_defaultlib
INFO: [VRFC 10-311] analyzing module HashUpdateIntLE
INFO: [VRFC 10-2263] Analyzing SystemVerilog file "C:/Users/vlsigroup/Downloads/project17-master_3/project17-master/picnic1/sign/sim/verilog/KeccakP1600OnWordeOg.v" into library xil_defaultlib
INFO: [VRFC 10-311] analyzing module KeccakP1600OnWordeOg_rom
INFO: [VRFC 10-311] analyzing module KeccakP1600OnWordeOg
INFO: [VRFC 10-2263] Analyzing SystemVerilog file "C:/Users/vlsigroup/Downloads/project17-master_3/project17-master/picnic1/sign/sim/verilog/KeccakP1600OnWordfYi.v" into library xil_defaultlib
INFO: [VRFC 10-311] analyzing module KeccakP1600OnWordfYi_rom
INFO: [VRFC 10-311] analyzing module KeccakP1600OnWordfYi
INFO: [VRFC 10-2263] Analyzing SystemVerilog file "C:/Users/vlsigroup/Downloads/project17-master_3/project17-master/picnic1/sign/sim/verilog/KeccakP1600OnWords.v" into library xil_defaultlib
INFO: [VRFC 10-311] analyzing module KeccakP1600OnWords
INFO: [VRFC 10-2263] Analyzing SystemVerilog file "C:/Users/vlsigroup/Downloads/project17-master_3/project17-master/picnic1/sign/sim/verilog/KeccakP1600_ExtractB.v" into library xil_defaultlib
INFO: [VRFC 10-311] analyzing module KeccakP1600_ExtractB
INFO: [VRFC 10-2263] Analyzing SystemVerilog file "C:/Users/vlsigroup/Downloads/project17-master_3/project17-master/picnic1/sign/sim/verilog/KeccakWidth1600_Spon.v" into library xil_defaultlib
INFO: [VRFC 10-311] analyzing module KeccakWidth1600_Spon
INFO: [VRFC 10-2263] Analyzing SystemVerilog file "C:/Users/vlsigroup/Downloads/project17-master_3/project17-master/picnic1/sign/sim/verilog/KeccakWidth1600_Spon_1.v" into library xil_defaultlib
INFO: [VRFC 10-311] analyzing module KeccakWidth1600_Spon_1
INFO: [VRFC 10-2263] Analyzing SystemVerilog file "C:/Users/vlsigroup/Downloads/project17-master_3/project17-master/picnic1/sign/sim/verilog/KeccakWidth1600_Spon_2.v" into library xil_defaultlib
INFO: [VRFC 10-311] analyzing module KeccakWidth1600_Spon_2
INFO: [VRFC 10-2263] Analyzing SystemVerilog file "C:/Users/vlsigroup/Downloads/project17-master_3/project17-master/picnic1/sign/sim/verilog/KeccakWidth1600_Spon_3.v" into library xil_defaultlib
INFO: [VRFC 10-311] analyzing module KeccakWidth1600_Spon_3
INFO: [VRFC 10-2263] Analyzing SystemVerilog file "C:/Users/vlsigroup/Downloads/project17-master_3/project17-master/picnic1/sign/sim/verilog/KeccakWidth1600_Spon_4.v" into library xil_defaultlib
INFO: [VRFC 10-311] analyzing module KeccakWidth1600_Spon_4
INFO: [VRFC 10-2263] Analyzing SystemVerilog file "C:/Users/vlsigroup/Downloads/project17-master_3/project17-master/picnic1/sign/sim/verilog/KeccakWidth1600_Spon_5.v" into library xil_defaultlib
INFO: [VRFC 10-311] analyzing module KeccakWidth1600_Spon_5
INFO: [VRFC 10-2263] Analyzing SystemVerilog file "C:/Users/vlsigroup/Downloads/project17-master_3/project17-master/picnic1/sign/sim/verilog/matrix_mul.v" into library xil_defaultlib
INFO: [VRFC 10-311] analyzing module matrix_mul
INFO: [VRFC 10-2263] Analyzing SystemVerilog file "C:/Users/vlsigroup/Downloads/project17-master_3/project17-master/picnic1/sign/sim/verilog/matrix_mul_1.v" into library xil_defaultlib
INFO: [VRFC 10-311] analyzing module matrix_mul_1
INFO: [VRFC 10-2263] Analyzing SystemVerilog file "C:/Users/vlsigroup/Downloads/project17-master_3/project17-master/picnic1/sign/sim/verilog/matrix_mul_1_tempXh4.v" into library xil_defaultlib
INFO: [VRFC 10-311] analyzing module matrix_mul_1_tempXh4_rom
INFO: [VRFC 10-311] analyzing module matrix_mul_1_tempXh4
INFO: [VRFC 10-2263] Analyzing SystemVerilog file "C:/Users/vlsigroup/Downloads/project17-master_3/project17-master/picnic1/sign/sim/verilog/matrix_mul_prod.v" into library xil_defaultlib
INFO: [VRFC 10-311] analyzing module matrix_mul_prod_ram
INFO: [VRFC 10-311] analyzing module matrix_mul_prod
INFO: [VRFC 10-2263] Analyzing SystemVerilog file "C:/Users/vlsigroup/Downloads/project17-master_3/project17-master/picnic1/sign/sim/verilog/matrix_mul_temp.v" into library xil_defaultlib
INFO: [VRFC 10-311] analyzing module matrix_mul_temp_ram
INFO: [VRFC 10-311] analyzing module matrix_mul_temp
INFO: [VRFC 10-2263] Analyzing SystemVerilog file "C:/Users/vlsigroup/Downloads/project17-master_3/project17-master/picnic1/sign/sim/verilog/matrix_mul_temp_mUhA.v" into library xil_defaultlib
INFO: [VRFC 10-311] analyzing module matrix_mul_temp_mUhA_rom
INFO: [VRFC 10-311] analyzing module matrix_mul_temp_mUhA
INFO: [VRFC 10-2263] Analyzing SystemVerilog file "C:/Users/vlsigroup/Downloads/project17-master_3/project17-master/picnic1/sign/sim/verilog/mpc_AND_2.v" into library xil_defaultlib
INFO: [VRFC 10-311] analyzing module mpc_AND_2
INFO: [VRFC 10-2263] Analyzing SystemVerilog file "C:/Users/vlsigroup/Downloads/project17-master_3/project17-master/picnic1/sign/sim/verilog/mpc_LowMC_2.v" into library xil_defaultlib
INFO: [VRFC 10-311] analyzing module mpc_LowMC_2
INFO: [VRFC 10-2263] Analyzing SystemVerilog file "C:/Users/vlsigroup/Downloads/project17-master_3/project17-master/picnic1/sign/sim/verilog/mpc_LowMC_2_temp_Yie.v" into library xil_defaultlib
INFO: [VRFC 10-311] analyzing module mpc_LowMC_2_temp_Yie_rom
INFO: [VRFC 10-311] analyzing module mpc_LowMC_2_temp_Yie
INFO: [VRFC 10-2263] Analyzing SystemVerilog file "C:/Users/vlsigroup/Downloads/project17-master_3/project17-master/picnic1/sign/sim/verilog/pi.v" into library xil_defaultlib
INFO: [VRFC 10-311] analyzing module pi
INFO: [VRFC 10-2263] Analyzing SystemVerilog file "C:/Users/vlsigroup/Downloads/project17-master_3/project17-master/picnic1/sign/sim/verilog/picnic_sign.v" into library xil_defaultlib
INFO: [VRFC 10-311] analyzing module picnic_sign
INFO: [VRFC 10-2263] Analyzing SystemVerilog file "C:/Users/vlsigroup/Downloads/project17-master_3/project17-master/picnic1/sign/sim/verilog/picnic_sign_sig_0bCo.v" into library xil_defaultlib
INFO: [VRFC 10-311] analyzing module picnic_sign_sig_0bCo_ram
INFO: [VRFC 10-311] analyzing module picnic_sign_sig_0bCo
INFO: [VRFC 10-2263] Analyzing SystemVerilog file "C:/Users/vlsigroup/Downloads/project17-master_3/project17-master/picnic1/sign/sim/verilog/picnic_sign_sig_0bEo.v" into library xil_defaultlib
INFO: [VRFC 10-311] analyzing module picnic_sign_sig_0bEo_ram
INFO: [VRFC 10-311] analyzing module picnic_sign_sig_0bEo
INFO: [VRFC 10-2263] Analyzing SystemVerilog file "C:/Users/vlsigroup/Downloads/project17-master_3/project17-master/picnic1/sign/sim/verilog/picnic_sign_sig_0bFp.v" into library xil_defaultlib
INFO: [VRFC 10-311] analyzing module picnic_sign_sig_0bFp_ram
INFO: [VRFC 10-311] analyzing module picnic_sign_sig_0bFp
INFO: [VRFC 10-2263] Analyzing SystemVerilog file "C:/Users/vlsigroup/Downloads/project17-master_3/project17-master/picnic1/sign/sim/verilog/picnic_sign_sig_0bGp.v" into library xil_defaultlib
INFO: [VRFC 10-311] analyzing module picnic_sign_sig_0bGp_ram
INFO: [VRFC 10-311] analyzing module picnic_sign_sig_0bGp
INFO: [VRFC 10-2263] Analyzing SystemVerilog file "C:/Users/vlsigroup/Downloads/project17-master_3/project17-master/picnic1/sign/sim/verilog/picnic_sign_sig_0bHp.v" into library xil_defaultlib
INFO: [VRFC 10-311] analyzing module picnic_sign_sig_0bHp_ram
INFO: [VRFC 10-311] analyzing module picnic_sign_sig_0bHp
INFO: [VRFC 10-2263] Analyzing SystemVerilog file "C:/Users/vlsigroup/Downloads/project17-master_3/project17-master/picnic1/sign/sim/verilog/picnic_sign_temp.v" into library xil_defaultlib
INFO: [VRFC 10-311] analyzing module picnic_sign_temp_ram
INFO: [VRFC 10-311] analyzing module picnic_sign_temp
INFO: [VRFC 10-2263] Analyzing SystemVerilog file "C:/Users/vlsigroup/Downloads/project17-master_3/project17-master/picnic1/sign/sim/verilog/pi_tempA.v" into library xil_defaultlib
INFO: [VRFC 10-311] analyzing module pi_tempA_ram
INFO: [VRFC 10-311] analyzing module pi_tempA
INFO: [VRFC 10-2263] Analyzing SystemVerilog file "C:/Users/vlsigroup/Downloads/project17-master_3/project17-master/picnic1/sign/sim/verilog/prove_25.v" into library xil_defaultlib
INFO: [VRFC 10-311] analyzing module prove_25
INFO: [VRFC 10-2263] Analyzing SystemVerilog file "C:/Users/vlsigroup/Downloads/project17-master_3/project17-master/picnic1/sign/sim/verilog/serializeSignature.v" into library xil_defaultlib
INFO: [VRFC 10-311] analyzing module serializeSignature
INFO: [VRFC 10-2263] Analyzing SystemVerilog file "C:/Users/vlsigroup/Downloads/project17-master_3/project17-master/picnic1/sign/sim/verilog/sign_picnic1.v" into library xil_defaultlib
INFO: [VRFC 10-311] analyzing module sign_picnic1
INFO: [VRFC 10-2263] Analyzing SystemVerilog file "C:/Users/vlsigroup/Downloads/project17-master_3/project17-master/picnic1/sign/sim/verilog/sign_picnic1_as_hbwn.v" into library xil_defaultlib
INFO: [VRFC 10-311] analyzing module sign_picnic1_as_hbwn_ram
INFO: [VRFC 10-311] analyzing module sign_picnic1_as_hbwn
INFO: [VRFC 10-2263] Analyzing SystemVerilog file "C:/Users/vlsigroup/Downloads/project17-master_3/project17-master/picnic1/sign/sim/verilog/sign_picnic1_seedbxn.v" into library xil_defaultlib
INFO: [VRFC 10-311] analyzing module sign_picnic1_seedbxn_ram
INFO: [VRFC 10-311] analyzing module sign_picnic1_seedbxn
INFO: [VRFC 10-2263] Analyzing SystemVerilog file "C:/Users/vlsigroup/Downloads/project17-master_3/project17-master/picnic1/sign/sim/verilog/sign_picnic1_slabbzo.v" into library xil_defaultlib
INFO: [VRFC 10-311] analyzing module sign_picnic1_slabbzo_ram
INFO: [VRFC 10-311] analyzing module sign_picnic1_slabbzo
INFO: [VRFC 10-2263] Analyzing SystemVerilog file "C:/Users/vlsigroup/Downloads/project17-master_3/project17-master/picnic1/sign/sim/verilog/sign_picnic1_tapebyn.v" into library xil_defaultlib
INFO: [VRFC 10-311] analyzing module sign_picnic1_tapebyn_ram
INFO: [VRFC 10-311] analyzing module sign_picnic1_tapebyn
INFO: [VRFC 10-2263] Analyzing SystemVerilog file "C:/Users/vlsigroup/Downloads/project17-master_3/project17-master/picnic1/sign/sim/verilog/sign_picnic1_tmp_0.v" into library xil_defaultlib
INFO: [VRFC 10-311] analyzing module sign_picnic1_tmp_0_ram
INFO: [VRFC 10-311] analyzing module sign_picnic1_tmp_0
INFO: [VRFC 10-2263] Analyzing SystemVerilog file "C:/Users/vlsigroup/Downloads/project17-master_3/project17-master/picnic1/sign/sim/verilog/sign_picnic1_tmp_1.v" into library xil_defaultlib
INFO: [VRFC 10-311] analyzing module sign_picnic1_tmp_1_ram
INFO: [VRFC 10-311] analyzing module sign_picnic1_tmp_1
INFO: [VRFC 10-2263] Analyzing SystemVerilog file "C:/Users/vlsigroup/Downloads/project17-master_3/project17-master/picnic1/sign/sim/verilog/sign_picnic1_viewbtn.v" into library xil_defaultlib
INFO: [VRFC 10-311] analyzing module sign_picnic1_viewbtn_ram
INFO: [VRFC 10-311] analyzing module sign_picnic1_viewbtn
INFO: [VRFC 10-2263] Analyzing SystemVerilog file "C:/Users/vlsigroup/Downloads/project17-master_3/project17-master/picnic1/sign/sim/verilog/sign_picnic1_viewbun.v" into library xil_defaultlib
INFO: [VRFC 10-311] analyzing module sign_picnic1_viewbun_ram
INFO: [VRFC 10-311] analyzing module sign_picnic1_viewbun
INFO: [VRFC 10-2263] Analyzing SystemVerilog file "C:/Users/vlsigroup/Downloads/project17-master_3/project17-master/picnic1/sign/sim/verilog/sign_picnic1_viewbvn.v" into library xil_defaultlib
INFO: [VRFC 10-311] analyzing module sign_picnic1_viewbvn_ram
INFO: [VRFC 10-311] analyzing module sign_picnic1_viewbvn
INFO: [VRFC 10-2263] Analyzing SystemVerilog file "C:/Users/vlsigroup/Downloads/project17-master_3/project17-master/picnic1/sign/sim/verilog/theta.v" into library xil_defaultlib
INFO: [VRFC 10-311] analyzing module theta
INFO: [VRFC 10-2263] Analyzing SystemVerilog file "C:/Users/vlsigroup/Downloads/project17-master_3/project17-master/picnic1/sign/sim/verilog/theta_C.v" into library xil_defaultlib
INFO: [VRFC 10-311] analyzing module theta_C_ram
INFO: [VRFC 10-311] analyzing module theta_C
INFO: [VRFC 10-2263] Analyzing SystemVerilog file "C:/Users/vlsigroup/Downloads/project17-master_3/project17-master/picnic1/sign/sim/verilog/theta_D.v" into library xil_defaultlib
INFO: [VRFC 10-311] analyzing module theta_D_ram
INFO: [VRFC 10-311] analyzing module theta_D
Starting static elaboration
Pass Through NonSizing Optimizer
Completed static elaboration
Starting simulation data flow analysis
Completed simulation data flow analysis
Time Resolution for simulation is 1ps
Compiling module xil_defaultlib.crypto_sign_secrebJp_ram
Compiling module xil_defaultlib.crypto_sign_secrebJp(DataWidth=8...
Compiling module xil_defaultlib.picnic_sign_sig_0bCo_ram
Compiling module xil_defaultlib.picnic_sign_sig_0bCo(DataWidth=8...
Compiling module xil_defaultlib.picnic_sign_sig_0bEo_ram
Compiling module xil_defaultlib.picnic_sign_sig_0bEo(DataWidth=3...
Compiling module xil_defaultlib.picnic_sign_sig_0bFp_ram
Compiling module xil_defaultlib.picnic_sign_sig_0bFp(DataWidth=8...
Compiling module xil_defaultlib.picnic_sign_sig_0bGp_ram
Compiling module xil_defaultlib.picnic_sign_sig_0bGp(DataWidth=8...
Compiling module xil_defaultlib.picnic_sign_sig_0bHp_ram
Compiling module xil_defaultlib.picnic_sign_sig_0bHp(DataWidth=8...
Compiling module xil_defaultlib.H3_2_hash_ram
Compiling module xil_defaultlib.H3_2_hash(DataWidth=8,AddressRan...
Compiling module xil_defaultlib.picnic_sign_temp_ram
Compiling module xil_defaultlib.picnic_sign_temp(DataWidth=32,Ad...
Compiling module xil_defaultlib.sign_picnic1_viewbtn_ram
Compiling module xil_defaultlib.sign_picnic1_viewbtn(DataWidth=3...
Compiling module xil_defaultlib.sign_picnic1_viewbun_ram
Compiling module xil_defaultlib.sign_picnic1_viewbun(DataWidth=8...
Compiling module xil_defaultlib.sign_picnic1_viewbvn_ram
Compiling module xil_defaultlib.sign_picnic1_viewbvn(DataWidth=3...
Compiling module xil_defaultlib.sign_picnic1_as_hbwn_ram
Compiling module xil_defaultlib.sign_picnic1_as_hbwn(DataWidth=8...
Compiling module xil_defaultlib.sign_picnic1_seedbxn_ram
Compiling module xil_defaultlib.sign_picnic1_seedbxn(DataWidth=8...
Compiling module xil_defaultlib.sign_picnic1_tapebyn_ram
Compiling module xil_defaultlib.sign_picnic1_tapebyn(DataWidth=8...
Compiling module xil_defaultlib.sign_picnic1_tmp_0_ram
Compiling module xil_defaultlib.sign_picnic1_tmp_0(DataWidth=8,A...
Compiling module xil_defaultlib.sign_picnic1_tmp_1_ram
Compiling module xil_defaultlib.sign_picnic1_tmp_1(DataWidth=8,A...
Compiling module xil_defaultlib.sign_picnic1_slabbzo_ram_default
Compiling module xil_defaultlib.sign_picnic1_slabbzo(DataWidth=3...
Compiling module xil_defaultlib.matrix_mul_prod_ram
Compiling module xil_defaultlib.matrix_mul_prod(DataWidth=32,Add...
Compiling module xil_defaultlib.pi_tempA_ram
Compiling module xil_defaultlib.pi_tempA(DataWidth=64,AddressRan...
Compiling module xil_defaultlib.computeSeeds_2_temp_ram
Compiling module xil_defaultlib.computeSeeds_2_temp(DataWidth=8,...
Compiling module xil_defaultlib.computeSeeds_2_ctvdy_ram
Compiling module xil_defaultlib.computeSeeds_2_ctvdy(DataWidth=8...
Compiling module xil_defaultlib.KeccakP1600OnWordeOg_rom
Compiling module xil_defaultlib.KeccakP1600OnWordeOg(DataWidth=6...
Compiling module xil_defaultlib.KeccakP1600OnWordfYi_rom
Compiling module xil_defaultlib.KeccakP1600OnWordfYi(DataWidth=6...
Compiling module xil_defaultlib.crypto_sign_urem_bkb_div_u(in0_W...
Compiling module xil_defaultlib.crypto_sign_urem_bkb_div(in0_WID...
Compiling module xil_defaultlib.crypto_sign_urem_bkb(ID=1,NUM_ST...
Compiling module xil_defaultlib.crypto_sign_urem_cud_div_u(in0_W...
Compiling module xil_defaultlib.crypto_sign_urem_cud_div(in0_WID...
Compiling module xil_defaultlib.crypto_sign_urem_cud(ID=1,NUM_ST...
Compiling module xil_defaultlib.crypto_sign_urem_dEe_div_u(in0_W...
Compiling module xil_defaultlib.crypto_sign_urem_dEe_div(in0_WID...
Compiling module xil_defaultlib.crypto_sign_urem_dEe(ID=1,NUM_ST...
Compiling module xil_defaultlib.pi
Compiling module xil_defaultlib.theta_C_ram
Compiling module xil_defaultlib.theta_C(DataWidth=64,AddressRang...
Compiling module xil_defaultlib.theta_D_ram
Compiling module xil_defaultlib.theta_D(DataWidth=64,AddressRang...
Compiling module xil_defaultlib.theta
Compiling module xil_defaultlib.chi
Compiling module xil_defaultlib.KeccakP1600OnWords
Compiling module xil_defaultlib.fromWordsToBytes
Compiling module xil_defaultlib.fromBytesToWords
Compiling module xil_defaultlib.KeccakWidth1600_Spon_2
Compiling module xil_defaultlib.KeccakWidth1600_Spon_3
Compiling module xil_defaultlib.HashUpdateIntLE
Compiling module xil_defaultlib.computeSeeds_2
Compiling module xil_defaultlib.createRandomTape_Hfu_ram
Compiling module xil_defaultlib.createRandomTape_Hfu(DataWidth=8...
Compiling module xil_defaultlib.crypto_sign_urem_wdI_div_u(in0_W...
Compiling module xil_defaultlib.crypto_sign_urem_wdI_div(in0_WID...
Compiling module xil_defaultlib.crypto_sign_urem_wdI(ID=1,NUM_ST...
Compiling module xil_defaultlib.crypto_sign_mul_6xdS_MulnS_0
Compiling module xil_defaultlib.crypto_sign_mul_6xdS(ID=1,NUM_ST...
Compiling module xil_defaultlib.KeccakP1600_ExtractB
Compiling module xil_defaultlib.KeccakWidth1600_Spon_5
Compiling module xil_defaultlib.crypto_sign_urem_IfE_div_u(in0_W...
Compiling module xil_defaultlib.crypto_sign_urem_IfE_div(in0_WID...
Compiling module xil_defaultlib.crypto_sign_urem_IfE(ID=1,NUM_ST...
Compiling module xil_defaultlib.crypto_sign_mux_4JfO(ID=1,din0_W...
Compiling module xil_defaultlib.createRandomTape
Compiling module xil_defaultlib.KeccakWidth1600_Spon_4
Compiling module xil_defaultlib.H3_2
Compiling module xil_defaultlib.KeccakWidth1600_Spon_1
Compiling module xil_defaultlib.createRandomTape_1
Compiling module xil_defaultlib.KeccakWidth1600_Spon
Compiling module xil_defaultlib.crypto_sign_mul_mbdk_DSP48_1
Compiling module xil_defaultlib.crypto_sign_mul_mbdk(ID=1,NUM_ST...
Compiling module xil_defaultlib.Commit_2
Compiling module xil_defaultlib.mpc_LowMC_2_temp_Yie_rom
Compiling module xil_defaultlib.mpc_LowMC_2_temp_Yie(DataWidth=3...
Compiling module xil_defaultlib.matrix_mul_temp_mUhA_rom
Compiling module xil_defaultlib.matrix_mul_temp_mUhA(DataWidth=3...
Compiling module xil_defaultlib.matrix_mul_temp_ram_default
Compiling module xil_defaultlib.matrix_mul_temp(DataWidth=32,Add...
Compiling module xil_defaultlib.matrix_mul
Compiling module xil_defaultlib.matrix_mul_1_tempXh4_rom
Compiling module xil_defaultlib.matrix_mul_1_tempXh4(DataWidth=3...
Compiling module xil_defaultlib.matrix_mul_1
Compiling module xil_defaultlib.crypto_sign_mux_3VhK(ID=1,din0_W...
Compiling module xil_defaultlib.crypto_sign_mac_mWhU_DSP48_0
Compiling module xil_defaultlib.crypto_sign_mac_mWhU(ID=1,NUM_ST...
Compiling module xil_defaultlib.mpc_AND_2
Compiling module xil_defaultlib.crypto_sign_mux_4Zio(ID=1,din0_W...
Compiling module xil_defaultlib.mpc_LowMC_2
Compiling module xil_defaultlib.prove_25
Compiling module xil_defaultlib.crypto_sign_urem_bAo_div_u(in0_W...
Compiling module xil_defaultlib.crypto_sign_urem_bAo_div(in0_WID...
Compiling module xil_defaultlib.crypto_sign_urem_bAo(ID=1,NUM_ST...
Compiling module xil_defaultlib.crypto_sign_mux_4bBo(ID=1,din0_W...
Compiling module xil_defaultlib.sign_picnic1
Compiling module xil_defaultlib.serializeSignature
Compiling module xil_defaultlib.picnic_sign
Compiling module xil_defaultlib.crypto_sign
Compiling module xil_defaultlib.AESL_automem_sm
Compiling module xil_defaultlib.AESL_automem_smlen
Compiling module xil_defaultlib.AESL_automem_m
Compiling module xil_defaultlib.AESL_automem_sk
Compiling module xil_defaultlib.AESL_automem_viewOutputs
Compiling module xil_defaultlib.apatb_crypto_sign_top
Compiling module work.glbl
Built simulation snapshot crypto_sign

****** Webtalk v2019.2 (64-bit)
  **** SW Build 2708876 on Wed Nov  6 21:40:23 MST 2019
  **** IP Build 2700528 on Thu Nov  7 00:09:20 MST 2019
    ** Copyright 1986-2019 Xilinx, Inc. All Rights Reserved.

source C:/Users/vlsigroup/Downloads/project17-master_3/project17-master/picnic1/sign/sim/verilog/xsim.dir/crypto_sign/webtalk/xsim_webtalk.tcl -notrace
INFO: [Common 17-186] 'C:/Users/vlsigroup/Downloads/project17-master_3/project17-master/picnic1/sign/sim/verilog/xsim.dir/crypto_sign/webtalk/usage_statistics_ext_xsim.xml' has been successfully sent to Xilinx on Thu May 14 19:22:16 2020. For additional details about this file, please refer to the WebTalk help file at C:/Xilinx/Vivado/2019.2/doc/webtalk_introduction.html.
INFO: [Common 17-206] Exiting Webtalk at Thu May 14 19:22:16 2020...

****** xsim v2019.2 (64-bit)
  **** SW Build 2708876 on Wed Nov  6 21:40:23 MST 2019
  **** IP Build 2700528 on Thu Nov  7 00:09:20 MST 2019
    ** Copyright 1986-2019 Xilinx, Inc. All Rights Reserved.

source xsim.dir/crypto_sign/xsim_script.tcl
# xsim {crypto_sign} -autoloadwcfg -tclbatch {crypto_sign.tcl}
Vivado Simulator 2019.2
Time resolution is 1 ps
source crypto_sign.tcl
## run all
////////////////////////////////////////////////////////////////////////////////////
// Inter-Transaction Progress: Completed Transaction / Total Transaction
// Intra-Transaction Progress: Measured Latency / Latency Estimation * 100%
//
// RTL Simulation : "Inter-Transaction Progress" ["Intra-Transaction Progress"] @ "Simulation Time"
////////////////////////////////////////////////////////////////////////////////////
// RTL Simulation : 0 / 1 [n/a] @ "125000"
// RTL Simulation : 0 / 1 [n/a] @ "100000145000"
// RTL Simulation : 0 / 1 [n/a] @ "200000155000"
// RTL Simulation : 0 / 1 [n/a] @ "300000165000"
// RTL Simulation : 0 / 1 [n/a] @ "400000175000"
// RTL Simulation : 0 / 1 [n/a] @ "500000185000"
// RTL Simulation : 0 / 1 [n/a] @ "600000195000"
// RTL Simulation : 0 / 1 [n/a] @ "700000205000"
// RTL Simulation : 0 / 1 [n/a] @ "800000215000"
// RTL Simulation : 0 / 1 [n/a] @ "900000225000"
// RTL Simulation : 1 / 1 [n/a] @ "956025885000"
////////////////////////////////////////////////////////////////////////////////////
$finish called at time : 956025925 ns : File "C:/Users/vlsigroup/Downloads/project17-master_3/project17-master/picnic1/sign/sim/verilog/crypto_sign.autotb.v" Line 555
run: Time (s): cpu = 00:00:00 ; elapsed = 18:50:00 . Memory (MB): peak = 224.234 ; gain = 0.000
## quit
INFO: [Common 17-206] Exiting xsim at Fri May 15 14:12:42 2020...
INFO: [COSIM 212-316] Starting C post checking ...
Known Answer Tests PASSED. 


INFO: [COSIM 212-1000] *** C/RTL co-simulation finished: PASS ***
INFO: [COSIM 212-211] II is measurable only when transaction number is greater than 1 in RTL simulation. Otherwise, they will be marked as all NA. If user wants to calculate them, please make sure there are at least 2 transactions in RTL simulation.
