

================================================================
== Vivado HLS Report for 'KeccakP1600OnWords'
================================================================
* Date:           Thu May 14 18:41:57 2020

* Version:        2019.2 (Build 2704478 on Wed Nov 06 22:10:23 MST 2019)
* Project:        picnic1
* Solution:       sign
* Product family: artix7
* Target device:  xc7a200t-fbg676-2


================================================================
== Performance Estimates
================================================================
+ Timing: 
    * Summary: 
    +--------+----------+----------+------------+
    |  Clock |  Target  | Estimated| Uncertainty|
    +--------+----------+----------+------------+
    |ap_clk  | 10.00 ns | 8.332 ns |   1.25 ns  |
    +--------+----------+----------+------------+

+ Latency: 
    * Summary: 
    +---------+---------+-----------+-----------+------+------+---------+
    |  Latency (cycles) |   Latency (absolute)  |   Interval  | Pipeline|
    |   min   |   max   |    min    |    max    |  min |  max |   Type  |
    +---------+---------+-----------+-----------+------+------+---------+
    |     8545|     8545| 85.450 us | 85.450 us |  8545|  8545|   none  |
    +---------+---------+-----------+-----------+------+------+---------+

    + Detail: 
        * Instance: 
        +------------------+-------+---------+---------+----------+----------+-----+-----+---------+
        |                  |       |  Latency (cycles) |  Latency (absolute) |  Interval | Pipeline|
        |     Instance     | Module|   min   |   max   |    min   |    max   | min | max |   Type  |
        +------------------+-------+---------+---------+----------+----------+-----+-----+---------+
        |grp_pi_fu_159     |pi     |       51|       51| 0.510 us | 0.510 us |   51|   51|   none  |
        |grp_theta_fu_165  |theta  |       80|       80| 0.800 us | 0.800 us |   80|   80|   none  |
        |grp_chi_fu_171    |chi    |      141|      141| 1.410 us | 1.410 us |  141|  141|   none  |
        +------------------+-------+---------+---------+----------+----------+-----+-----+---------+

        * Loop: 
        +------------------+---------+---------+----------+-----------+-----------+------+----------+
        |                  |  Latency (cycles) | Iteration|  Initiation Interval  | Trip |          |
        |     Loop Name    |   min   |   max   |  Latency |  achieved |   target  | Count| Pipelined|
        +------------------+---------+---------+----------+-----------+-----------+------+----------+
        |- Loop 1          |     8544|     8544|       356|          -|          -|    24|    no    |
        | + L_rho_label18  |       75|       75|         4|          3|          1|    25|    yes   |
        +------------------+---------+---------+----------+-----------+-----------+------+----------+



================================================================
== Utilization Estimates
================================================================
* Summary: 
+-----------------+---------+-------+--------+--------+-----+
|       Name      | BRAM_18K| DSP48E|   FF   |   LUT  | URAM|
+-----------------+---------+-------+--------+--------+-----+
|DSP              |        -|      -|       -|       -|    -|
|Expression       |        -|      -|       0|     751|    -|
|FIFO             |        -|      -|       -|       -|    -|
|Instance         |        4|      -|    1733|    2296|    0|
|Memory           |        2|      -|       6|       3|    -|
|Multiplexer      |        -|      -|       -|     326|    -|
|Register         |        -|      -|     127|       -|    -|
+-----------------+---------+-------+--------+--------+-----+
|Total            |        6|      0|    1866|    3376|    0|
+-----------------+---------+-------+--------+--------+-----+
|Available        |      730|    740|  269200|  134600|    0|
+-----------------+---------+-------+--------+--------+-----+
|Utilization (%)  |    ~0   |      0|   ~0   |       2|    0|
+-----------------+---------+-------+--------+--------+-----+

+ Detail: 
    * Instance: 
    +------------------+-------+---------+-------+-----+-----+-----+
    |     Instance     | Module| BRAM_18K| DSP48E|  FF | LUT | URAM|
    +------------------+-------+---------+-------+-----+-----+-----+
    |grp_chi_fu_171    |chi    |        0|      0|  227|  500|    0|
    |grp_pi_fu_159     |pi     |        4|      0|  863|  878|    0|
    |grp_theta_fu_165  |theta  |        0|      0|  643|  918|    0|
    +------------------+-------+---------+-------+-----+-----+-----+
    |Total             |       |        4|      0| 1733| 2296|    0|
    +------------------+-------+---------+-------+-----+-----+-----+

    * DSP48E: 
    N/A

    * Memory: 
    +------------------------+----------------------+---------+---+----+-----+------+-----+------+-------------+
    |         Memory         |        Module        | BRAM_18K| FF| LUT| URAM| Words| Bits| Banks| W*Bits*Banks|
    +------------------------+----------------------+---------+---+----+-----+------+-----+------+-------------+
    |KeccakRhoOffsets_U      |KeccakP1600OnWordeOg  |        0|  6|   3|    0|    25|    6|     1|          150|
    |KeccakRoundConstants_U  |KeccakP1600OnWordfYi  |        2|  0|   0|    0|    24|   64|     1|         1536|
    +------------------------+----------------------+---------+---+----+-----+------+-----+------+-------------+
    |Total                   |                      |        2|  6|   3|    0|    49|   70|     2|         1686|
    +------------------------+----------------------+---------+---+----+-----+------+-----+------+-------------+

    * FIFO: 
    N/A

    * Expression: 
    +---------------------------+----------+-------+---+-----+------------+------------+
    |       Variable Name       | Operation| DSP48E| FF| LUT | Bitwidth P0| Bitwidth P1|
    +---------------------------+----------+-------+---+-----+------------+------------+
    |add_ln352_fu_195_p2        |     +    |      0|  0|   15|           5|           1|
    |add_ln353_10_fu_233_p2     |     +    |      0|  0|   12|           3|           2|
    |add_ln353_11_fu_256_p2     |     +    |      0|  0|   12|           3|           2|
    |add_ln353_5_fu_290_p2      |     +    |      0|  0|   15|           5|           5|
    |add_ln353_fu_280_p2        |     +    |      0|  0|   13|           4|           4|
    |i_fu_183_p2                |     +    |      0|  0|   15|           5|           1|
    |x_fu_201_p2                |     +    |      0|  0|   12|           3|           1|
    |y_fu_351_p2                |     +    |      0|  0|   12|           3|           1|
    |sub_ln353_fu_322_p2        |     -    |      0|  0|   15|           8|           7|
    |icmp_ln293_fu_177_p2       |   icmp   |      0|  0|   11|           5|           5|
    |icmp_ln352_3_fu_189_p2     |   icmp   |      0|  0|   11|           5|           4|
    |icmp_ln352_fu_207_p2       |   icmp   |      0|  0|    9|           3|           3|
    |icmp_ln353_10_fu_251_p2    |   icmp   |      0|  0|    9|           3|           3|
    |icmp_ln353_9_fu_227_p2     |   icmp   |      0|  0|    9|           3|           3|
    |icmp_ln353_fu_302_p2       |   icmp   |      0|  0|   11|           5|           1|
    |lshr_ln353_fu_332_p2       |   lshr   |      0|  0|  182|          64|          64|
    |select_ln353_17_fu_213_p3  |  select  |      0|  0|    3|           1|           1|
    |select_ln353_18_fu_221_p3  |  select  |      0|  0|    3|           1|           3|
    |select_ln353_19_fu_239_p3  |  select  |      0|  0|    3|           1|           3|
    |select_ln353_20_fu_261_p3  |  select  |      0|  0|    3|           1|           3|
    |select_ln353_fu_344_p3     |  select  |      0|  0|   64|           1|          64|
    |shl_ln353_fu_316_p2        |    shl   |      0|  0|  182|          64|          64|
    |ap_enable_pp0              |    xor   |      0|  0|    2|           1|           2|
    |xor_ln353_fu_338_p2        |    xor   |      0|  0|   64|          64|          64|
    |xor_ln382_fu_361_p2        |    xor   |      0|  0|   64|          64|          64|
    +---------------------------+----------+-------+---+-----+------------+------------+
    |Total                      |          |      0|  0|  751|         325|         375|
    +---------------------------+----------+-------+---+-----+------------+------------+

    * Multiplexer: 
    +-----------------------------------------+----+-----------+-----+-----------+
    |                   Name                  | LUT| Input Size| Bits| Total Bits|
    +-----------------------------------------+----+-----------+-----+-----------+
    |ap_NS_fsm                                |  56|         13|    1|         13|
    |ap_enable_reg_pp0_iter1                  |   9|          2|    1|          2|
    |ap_phi_mux_indvar_flatten_phi_fu_129_p4  |   9|          2|    5|         10|
    |ap_phi_mux_x_0_i_phi_fu_140_p4           |   9|          2|    3|          6|
    |ap_phi_mux_y_0_i_phi_fu_152_p4           |   9|          2|    3|          6|
    |indexRound_assign_reg_113                |   9|          2|    5|         10|
    |indvar_flatten_reg_125                   |   9|          2|    5|         10|
    |state_address0                           |  33|          6|    5|         30|
    |state_address1                           |  33|          6|    5|         30|
    |state_ce0                                |  27|          5|    1|          5|
    |state_ce1                                |  27|          5|    1|          5|
    |state_d0                                 |  21|          4|   64|        256|
    |state_d1                                 |  21|          4|   64|        256|
    |state_we0                                |  15|          3|    1|          3|
    |state_we1                                |  21|          4|    1|          4|
    |x_0_i_reg_136                            |   9|          2|    3|          6|
    |y_0_i_reg_148                            |   9|          2|    3|          6|
    +-----------------------------------------+----+-----------+-----+-----------+
    |Total                                    | 326|         66|  171|        658|
    +-----------------------------------------+----+-----------+-----+-----------+

    * Register: 
    +-------------------------------+----+----+-----+-----------+
    |              Name             | FF | LUT| Bits| Const Bits|
    +-------------------------------+----+----+-----+-----------+
    |add_ln352_reg_386              |   5|   0|    5|          0|
    |ap_CS_fsm                      |  12|   0|   12|          0|
    |ap_enable_reg_pp0_iter0        |   1|   0|    1|          0|
    |ap_enable_reg_pp0_iter1        |   1|   0|    1|          0|
    |grp_chi_fu_171_ap_start_reg    |   1|   0|    1|          0|
    |grp_pi_fu_159_ap_start_reg     |   1|   0|    1|          0|
    |grp_theta_fu_165_ap_start_reg  |   1|   0|    1|          0|
    |i_reg_377                      |   5|   0|    5|          0|
    |icmp_ln352_3_reg_382           |   1|   0|    1|          0|
    |icmp_ln352_reg_396             |   1|   0|    1|          0|
    |icmp_ln353_reg_419             |   1|   0|    1|          0|
    |indexRound_assign_reg_113      |   5|   0|    5|          0|
    |indvar_flatten_reg_125         |   5|   0|    5|          0|
    |select_ln353_17_reg_401        |   3|   0|    3|          0|
    |select_ln353_18_reg_409        |   3|   0|    3|          0|
    |select_ln353_reg_430           |  64|   0|   64|          0|
    |state_addr_2_reg_424           |   5|   0|    5|          0|
    |x_0_i_reg_136                  |   3|   0|    3|          0|
    |x_reg_391                      |   3|   0|    3|          0|
    |y_0_i_reg_148                  |   3|   0|    3|          0|
    |y_reg_435                      |   3|   0|    3|          0|
    +-------------------------------+----+----+-----+-----------+
    |Total                          | 127|   0|  127|          0|
    +-------------------------------+----+----+-----+-----------+



================================================================
== Interface
================================================================
* Summary: 
+----------------+-----+-----+------------+--------------------+--------------+
|    RTL Ports   | Dir | Bits|  Protocol  |    Source Object   |    C Type    |
+----------------+-----+-----+------------+--------------------+--------------+
|ap_clk          |  in |    1| ap_ctrl_hs | KeccakP1600OnWords | return value |
|ap_rst          |  in |    1| ap_ctrl_hs | KeccakP1600OnWords | return value |
|ap_start        |  in |    1| ap_ctrl_hs | KeccakP1600OnWords | return value |
|ap_done         | out |    1| ap_ctrl_hs | KeccakP1600OnWords | return value |
|ap_idle         | out |    1| ap_ctrl_hs | KeccakP1600OnWords | return value |
|ap_ready        | out |    1| ap_ctrl_hs | KeccakP1600OnWords | return value |
|state_address0  | out |    5|  ap_memory |        state       |     array    |
|state_ce0       | out |    1|  ap_memory |        state       |     array    |
|state_we0       | out |    1|  ap_memory |        state       |     array    |
|state_d0        | out |   64|  ap_memory |        state       |     array    |
|state_q0        |  in |   64|  ap_memory |        state       |     array    |
|state_address1  | out |    5|  ap_memory |        state       |     array    |
|state_ce1       | out |    1|  ap_memory |        state       |     array    |
|state_we1       | out |    1|  ap_memory |        state       |     array    |
|state_d1        | out |   64|  ap_memory |        state       |     array    |
|state_q1        |  in |   64|  ap_memory |        state       |     array    |
+----------------+-----+-----+------------+--------------------+--------------+

============================================================
+ Verbose Summary: Synthesis Manager
============================================================
InlineROM: 1
ExposeGlobal: 1
============================================================
+ Verbose Summary: CDFG Model
============================================================
IsTopModel: 0
ResetActiveHigh: 1
IsCombinational: 2
IsDatapathOnly: 2
HasWiredReturn: 1
HasMFsm: 0
HasVarLatency: 1
IsPipeline: 0
IsRtlPipelined: 0
IsInstanceOverlapped: 0
IsDontTouch: 0
HasImplIP: 0
IsGatedGlobalClock: 0

+ Individual pipeline summary: 
  * Pipeline-0: initiation interval (II) = 3, depth = 4


============================================================
+ Verbose Summary: Schedule
============================================================
* Number of FSM states : 13
* Pipeline : 1
  Pipeline-0 : II = 3, D = 4, States = { 4 5 6 7 }
* Dataflow Pipeline: 0

* FSM state transitions: 
1 --> 2 
2 --> 3 
3 --> 4 
4 --> 8 5 
5 --> 6 
6 --> 7 
7 --> 4 
8 --> 9 
9 --> 10 
10 --> 11 
11 --> 12 
12 --> 13 
13 --> 2 

* FSM state operations: 

State 1 <SV = 0> <Delay = 1.35>
ST_1 : Operation 14 [1/1] (0.00ns)   --->   "%state_addr = getelementptr [25 x i64]* %state, i64 0, i64 0" [sha3/KeccakP-1600-reference.c:380->sha3/KeccakP-1600-reference.c:323->sha3/KeccakP-1600-reference.c:294]   --->   Operation 14 'getelementptr' 'state_addr' <Predicate = true> <Delay = 0.00>
ST_1 : Operation 15 [1/1] (1.35ns)   --->   "br label %1" [sha3/KeccakP-1600-reference.c:293]   --->   Operation 15 'br' <Predicate = true> <Delay = 1.35>

State 2 <SV = 1> <Delay = 1.54>
ST_2 : Operation 16 [1/1] (0.00ns)   --->   "%indexRound_assign = phi i5 [ 0, %0 ], [ %i, %rho.exit ]"   --->   Operation 16 'phi' 'indexRound_assign' <Predicate = true> <Delay = 0.00>
ST_2 : Operation 17 [1/1] (1.21ns)   --->   "%icmp_ln293 = icmp eq i5 %indexRound_assign, -8" [sha3/KeccakP-1600-reference.c:293]   --->   Operation 17 'icmp' 'icmp_ln293' <Predicate = true> <Delay = 1.21> <Core = "Cmp">   --->   Core 25 'Cmp' <Latency = 0> <II = 1> <Delay = 1.21> <FuncUnit> <Opcode : 'icmp'> <InPorts = 2> <OutPorts = 1>
ST_2 : Operation 18 [1/1] (0.00ns)   --->   "%empty = call i32 (...)* @_ssdm_op_SpecLoopTripCount(i64 24, i64 24, i64 24)"   --->   Operation 18 'speclooptripcount' 'empty' <Predicate = true> <Delay = 0.00>
ST_2 : Operation 19 [1/1] (1.54ns)   --->   "%i = add i5 %indexRound_assign, 1" [sha3/KeccakP-1600-reference.c:293]   --->   Operation 19 'add' 'i' <Predicate = true> <Delay = 1.54> <Core = "AddSub">   --->   Core 14 'AddSub' <Latency = 0> <II = 1> <Delay = 1.34> <FuncUnit> <Opcode : 'add' 'sub'> <InPorts = 2> <OutPorts = 1>
ST_2 : Operation 20 [1/1] (0.00ns)   --->   "br i1 %icmp_ln293, label %3, label %2" [sha3/KeccakP-1600-reference.c:293]   --->   Operation 20 'br' <Predicate = true> <Delay = 0.00>
ST_2 : Operation 21 [2/2] (0.00ns)   --->   "call fastcc void @theta([25 x i64]* %state)" [sha3/KeccakP-1600-reference.c:303->sha3/KeccakP-1600-reference.c:294]   --->   Operation 21 'call' <Predicate = (!icmp_ln293)> <Delay = 0.00> <CoreType = "Generic">   --->   Core 0 '' <Latency = 0> <II = 1> <Delay = 1.00> <Generic> <Opcode : >
ST_2 : Operation 22 [1/1] (0.00ns)   --->   "ret void" [sha3/KeccakP-1600-reference.c:295]   --->   Operation 22 'ret' <Predicate = (icmp_ln293)> <Delay = 0.00>

State 3 <SV = 2> <Delay = 1.35>
ST_3 : Operation 23 [1/2] (0.00ns)   --->   "call fastcc void @theta([25 x i64]* %state)" [sha3/KeccakP-1600-reference.c:303->sha3/KeccakP-1600-reference.c:294]   --->   Operation 23 'call' <Predicate = true> <Delay = 0.00> <CoreType = "Generic">   --->   Core 0 '' <Latency = 0> <II = 1> <Delay = 1.00> <Generic> <Opcode : >
ST_3 : Operation 24 [1/1] (1.35ns)   --->   "br label %.preheader.i" [sha3/KeccakP-1600-reference.c:352->sha3/KeccakP-1600-reference.c:308->sha3/KeccakP-1600-reference.c:294]   --->   Operation 24 'br' <Predicate = true> <Delay = 1.35>

State 4 <SV = 3> <Delay = 2.02>
ST_4 : Operation 25 [1/1] (0.00ns)   --->   "%indvar_flatten = phi i5 [ 0, %2 ], [ %add_ln352, %rho_label18 ]" [sha3/KeccakP-1600-reference.c:352->sha3/KeccakP-1600-reference.c:308->sha3/KeccakP-1600-reference.c:294]   --->   Operation 25 'phi' 'indvar_flatten' <Predicate = true> <Delay = 0.00>
ST_4 : Operation 26 [1/1] (0.00ns)   --->   "%x_0_i = phi i3 [ 0, %2 ], [ %select_ln353_18, %rho_label18 ]" [sha3/KeccakP-1600-reference.c:353->sha3/KeccakP-1600-reference.c:308->sha3/KeccakP-1600-reference.c:294]   --->   Operation 26 'phi' 'x_0_i' <Predicate = true> <Delay = 0.00>
ST_4 : Operation 27 [1/1] (0.00ns)   --->   "%y_0_i = phi i3 [ 0, %2 ], [ %y, %rho_label18 ]"   --->   Operation 27 'phi' 'y_0_i' <Predicate = true> <Delay = 0.00>
ST_4 : Operation 28 [1/1] (1.21ns)   --->   "%icmp_ln352_3 = icmp eq i5 %indvar_flatten, -7" [sha3/KeccakP-1600-reference.c:352->sha3/KeccakP-1600-reference.c:308->sha3/KeccakP-1600-reference.c:294]   --->   Operation 28 'icmp' 'icmp_ln352_3' <Predicate = true> <Delay = 1.21> <Core = "Cmp">   --->   Core 25 'Cmp' <Latency = 0> <II = 1> <Delay = 1.21> <FuncUnit> <Opcode : 'icmp'> <InPorts = 2> <OutPorts = 1>
ST_4 : Operation 29 [1/1] (1.54ns)   --->   "%add_ln352 = add i5 %indvar_flatten, 1" [sha3/KeccakP-1600-reference.c:352->sha3/KeccakP-1600-reference.c:308->sha3/KeccakP-1600-reference.c:294]   --->   Operation 29 'add' 'add_ln352' <Predicate = true> <Delay = 1.54> <Core = "AddSub">   --->   Core 14 'AddSub' <Latency = 0> <II = 1> <Delay = 1.34> <FuncUnit> <Opcode : 'add' 'sub'> <InPorts = 2> <OutPorts = 1>
ST_4 : Operation 30 [1/1] (0.00ns)   --->   "br i1 %icmp_ln352_3, label %rho.exit, label %rho_label18" [sha3/KeccakP-1600-reference.c:352->sha3/KeccakP-1600-reference.c:308->sha3/KeccakP-1600-reference.c:294]   --->   Operation 30 'br' <Predicate = true> <Delay = 0.00>
ST_4 : Operation 31 [1/1] (1.34ns)   --->   "%x = add i3 %x_0_i, 1" [sha3/KeccakP-1600-reference.c:352->sha3/KeccakP-1600-reference.c:308->sha3/KeccakP-1600-reference.c:294]   --->   Operation 31 'add' 'x' <Predicate = (!icmp_ln352_3)> <Delay = 1.34> <Core = "AddSub">   --->   Core 14 'AddSub' <Latency = 0> <II = 1> <Delay = 1.34> <FuncUnit> <Opcode : 'add' 'sub'> <InPorts = 2> <OutPorts = 1>
ST_4 : Operation 32 [1/1] (1.00ns)   --->   "%icmp_ln352 = icmp eq i3 %y_0_i, -3" [sha3/KeccakP-1600-reference.c:352->sha3/KeccakP-1600-reference.c:308->sha3/KeccakP-1600-reference.c:294]   --->   Operation 32 'icmp' 'icmp_ln352' <Predicate = (!icmp_ln352_3)> <Delay = 1.00> <Core = "Cmp">   --->   Core 25 'Cmp' <Latency = 0> <II = 1> <Delay = 1.21> <FuncUnit> <Opcode : 'icmp'> <InPorts = 2> <OutPorts = 1>
ST_4 : Operation 33 [1/1] (0.79ns)   --->   "%select_ln353_17 = select i1 %icmp_ln352, i3 0, i3 %y_0_i" [sha3/KeccakP-1600-reference.c:353->sha3/KeccakP-1600-reference.c:308->sha3/KeccakP-1600-reference.c:294]   --->   Operation 33 'select' 'select_ln353_17' <Predicate = (!icmp_ln352_3)> <Delay = 0.79> <Core = "Sel">   --->   Core 26 'Sel' <Latency = 0> <II = 1> <Delay = 0.83> <FuncUnit> <Opcode : 'select'> <InPorts = 3> <OutPorts = 1>

State 5 <SV = 4> <Delay = 7.80>
ST_5 : Operation 34 [1/1] (0.79ns)   --->   "%select_ln353_18 = select i1 %icmp_ln352, i3 %x, i3 %x_0_i" [sha3/KeccakP-1600-reference.c:353->sha3/KeccakP-1600-reference.c:308->sha3/KeccakP-1600-reference.c:294]   --->   Operation 34 'select' 'select_ln353_18' <Predicate = (!icmp_ln352_3)> <Delay = 0.79> <Core = "Sel">   --->   Core 26 'Sel' <Latency = 0> <II = 1> <Delay = 0.83> <FuncUnit> <Opcode : 'select'> <InPorts = 3> <OutPorts = 1>
ST_5 : Operation 35 [1/1] (1.00ns)   --->   "%icmp_ln353_9 = icmp ult i3 %select_ln353_18, -3" [sha3/KeccakP-1600-reference.c:353->sha3/KeccakP-1600-reference.c:308->sha3/KeccakP-1600-reference.c:294]   --->   Operation 35 'icmp' 'icmp_ln353_9' <Predicate = (!icmp_ln352_3)> <Delay = 1.00> <Core = "Cmp">   --->   Core 25 'Cmp' <Latency = 0> <II = 1> <Delay = 1.21> <FuncUnit> <Opcode : 'icmp'> <InPorts = 2> <OutPorts = 1>
ST_5 : Operation 36 [1/1] (1.34ns)   --->   "%add_ln353_10 = add i3 %select_ln353_18, 3" [sha3/KeccakP-1600-reference.c:353->sha3/KeccakP-1600-reference.c:308->sha3/KeccakP-1600-reference.c:294]   --->   Operation 36 'add' 'add_ln353_10' <Predicate = (!icmp_ln352_3)> <Delay = 1.34> <Core = "AddSub">   --->   Core 14 'AddSub' <Latency = 0> <II = 1> <Delay = 1.34> <FuncUnit> <Opcode : 'add' 'sub'> <InPorts = 2> <OutPorts = 1>
ST_5 : Operation 37 [1/1] (0.00ns) (grouped into LUT with out node add_ln353)   --->   "%select_ln353_19 = select i1 %icmp_ln353_9, i3 %select_ln353_18, i3 %add_ln353_10" [sha3/KeccakP-1600-reference.c:353->sha3/KeccakP-1600-reference.c:308->sha3/KeccakP-1600-reference.c:294]   --->   Operation 37 'select' 'select_ln353_19' <Predicate = (!icmp_ln352_3)> <Delay = 0.00> <Core = "Sel">   --->   Core 26 'Sel' <Latency = 0> <II = 1> <Delay = 0.83> <FuncUnit> <Opcode : 'select'> <InPorts = 3> <OutPorts = 1>
ST_5 : Operation 38 [1/1] (0.00ns) (grouped into LUT with out node add_ln353)   --->   "%zext_ln353 = zext i3 %select_ln353_19 to i4" [sha3/KeccakP-1600-reference.c:353->sha3/KeccakP-1600-reference.c:308->sha3/KeccakP-1600-reference.c:294]   --->   Operation 38 'zext' 'zext_ln353' <Predicate = (!icmp_ln352_3)> <Delay = 0.00>
ST_5 : Operation 39 [1/1] (1.00ns)   --->   "%icmp_ln353_10 = icmp ult i3 %select_ln353_17, -3" [sha3/KeccakP-1600-reference.c:353->sha3/KeccakP-1600-reference.c:308->sha3/KeccakP-1600-reference.c:294]   --->   Operation 39 'icmp' 'icmp_ln353_10' <Predicate = (!icmp_ln352_3)> <Delay = 1.00> <Core = "Cmp">   --->   Core 25 'Cmp' <Latency = 0> <II = 1> <Delay = 1.21> <FuncUnit> <Opcode : 'icmp'> <InPorts = 2> <OutPorts = 1>
ST_5 : Operation 40 [1/1] (1.34ns)   --->   "%add_ln353_11 = add i3 %select_ln353_17, 3" [sha3/KeccakP-1600-reference.c:353->sha3/KeccakP-1600-reference.c:308->sha3/KeccakP-1600-reference.c:294]   --->   Operation 40 'add' 'add_ln353_11' <Predicate = (!icmp_ln352_3)> <Delay = 1.34> <Core = "AddSub">   --->   Core 14 'AddSub' <Latency = 0> <II = 1> <Delay = 1.34> <FuncUnit> <Opcode : 'add' 'sub'> <InPorts = 2> <OutPorts = 1>
ST_5 : Operation 41 [1/1] (0.79ns)   --->   "%select_ln353_20 = select i1 %icmp_ln353_10, i3 %select_ln353_17, i3 %add_ln353_11" [sha3/KeccakP-1600-reference.c:353->sha3/KeccakP-1600-reference.c:308->sha3/KeccakP-1600-reference.c:294]   --->   Operation 41 'select' 'select_ln353_20' <Predicate = (!icmp_ln352_3)> <Delay = 0.79> <Core = "Sel">   --->   Core 26 'Sel' <Latency = 0> <II = 1> <Delay = 0.83> <FuncUnit> <Opcode : 'select'> <InPorts = 3> <OutPorts = 1>
ST_5 : Operation 42 [1/1] (0.00ns) (grouped into LUT with out node add_ln353)   --->   "%zext_ln353_15 = zext i3 %select_ln353_20 to i4" [sha3/KeccakP-1600-reference.c:353->sha3/KeccakP-1600-reference.c:308->sha3/KeccakP-1600-reference.c:294]   --->   Operation 42 'zext' 'zext_ln353_15' <Predicate = (!icmp_ln352_3)> <Delay = 0.00>
ST_5 : Operation 43 [1/1] (0.00ns)   --->   "%shl_ln = call i5 @_ssdm_op_BitConcatenate.i5.i3.i2(i3 %select_ln353_20, i2 0)" [sha3/KeccakP-1600-reference.c:353->sha3/KeccakP-1600-reference.c:308->sha3/KeccakP-1600-reference.c:294]   --->   Operation 43 'bitconcatenate' 'shl_ln' <Predicate = (!icmp_ln352_3)> <Delay = 0.00>
ST_5 : Operation 44 [1/1] (1.34ns) (out node of the LUT)   --->   "%add_ln353 = add i4 %zext_ln353, %zext_ln353_15" [sha3/KeccakP-1600-reference.c:353->sha3/KeccakP-1600-reference.c:308->sha3/KeccakP-1600-reference.c:294]   --->   Operation 44 'add' 'add_ln353' <Predicate = (!icmp_ln352_3)> <Delay = 1.34> <Core = "AddSub">   --->   Core 14 'AddSub' <Latency = 0> <II = 1> <Delay = 1.34> <FuncUnit> <Opcode : 'add' 'sub'> <InPorts = 2> <OutPorts = 1>
ST_5 : Operation 45 [1/1] (0.00ns)   --->   "%zext_ln353_16 = zext i4 %add_ln353 to i5" [sha3/KeccakP-1600-reference.c:353->sha3/KeccakP-1600-reference.c:308->sha3/KeccakP-1600-reference.c:294]   --->   Operation 45 'zext' 'zext_ln353_16' <Predicate = (!icmp_ln352_3)> <Delay = 0.00>
ST_5 : Operation 46 [1/1] (1.54ns)   --->   "%add_ln353_5 = add i5 %shl_ln, %zext_ln353_16" [sha3/KeccakP-1600-reference.c:353->sha3/KeccakP-1600-reference.c:308->sha3/KeccakP-1600-reference.c:294]   --->   Operation 46 'add' 'add_ln353_5' <Predicate = (!icmp_ln352_3)> <Delay = 1.54> <Core = "AddSub">   --->   Core 14 'AddSub' <Latency = 0> <II = 1> <Delay = 1.34> <FuncUnit> <Opcode : 'add' 'sub'> <InPorts = 2> <OutPorts = 1>
ST_5 : Operation 47 [1/1] (0.00ns)   --->   "%zext_ln353_17 = zext i5 %add_ln353_5 to i64" [sha3/KeccakP-1600-reference.c:353->sha3/KeccakP-1600-reference.c:308->sha3/KeccakP-1600-reference.c:294]   --->   Operation 47 'zext' 'zext_ln353_17' <Predicate = (!icmp_ln352_3)> <Delay = 0.00>
ST_5 : Operation 48 [1/1] (0.00ns)   --->   "%KeccakRhoOffsets_add = getelementptr [25 x i6]* @KeccakRhoOffsets, i64 0, i64 %zext_ln353_17" [sha3/KeccakP-1600-reference.c:353->sha3/KeccakP-1600-reference.c:308->sha3/KeccakP-1600-reference.c:294]   --->   Operation 48 'getelementptr' 'KeccakRhoOffsets_add' <Predicate = (!icmp_ln352_3)> <Delay = 0.00>
ST_5 : Operation 49 [2/2] (2.77ns)   --->   "%KeccakRhoOffsets_loa = load i6* %KeccakRhoOffsets_add, align 1" [sha3/KeccakP-1600-reference.c:353->sha3/KeccakP-1600-reference.c:308->sha3/KeccakP-1600-reference.c:294]   --->   Operation 49 'load' 'KeccakRhoOffsets_loa' <Predicate = (!icmp_ln352_3)> <Delay = 2.77> <Core = "ROM_nP">   --->   Core 52 'ROM_nP' <Latency = 1> <II = 1> <Delay = 2.77> <Storage> <Opcode : 'load'> <Ports = 0> <Width = 64> <Depth = 24> <ROM>
ST_5 : Operation 50 [1/1] (1.21ns)   --->   "%icmp_ln353 = icmp eq i5 %add_ln353_5, 0" [sha3/KeccakP-1600-reference.c:353->sha3/KeccakP-1600-reference.c:308->sha3/KeccakP-1600-reference.c:294]   --->   Operation 50 'icmp' 'icmp_ln353' <Predicate = (!icmp_ln352_3)> <Delay = 1.21> <Core = "Cmp">   --->   Core 25 'Cmp' <Latency = 0> <II = 1> <Delay = 1.21> <FuncUnit> <Opcode : 'icmp'> <InPorts = 2> <OutPorts = 1>
ST_5 : Operation 51 [2/2] (2.77ns)   --->   "%state_load_1 = load i64* %state_addr, align 8" [sha3/KeccakP-1600-reference.c:353->sha3/KeccakP-1600-reference.c:308->sha3/KeccakP-1600-reference.c:294]   --->   Operation 51 'load' 'state_load_1' <Predicate = (!icmp_ln352_3)> <Delay = 2.77> <Core = "RAM">   --->   Core 37 'RAM' <Latency = 1> <II = 1> <Delay = 1.75> <Storage> <Opcode : 'load' 'store'> <Ports = 2> <Width = 64> <Depth = 5> <RAM>
ST_5 : Operation 52 [1/1] (0.00ns)   --->   "%state_addr_2 = getelementptr [25 x i64]* %state, i64 0, i64 %zext_ln353_17" [sha3/KeccakP-1600-reference.c:353->sha3/KeccakP-1600-reference.c:308->sha3/KeccakP-1600-reference.c:294]   --->   Operation 52 'getelementptr' 'state_addr_2' <Predicate = (!icmp_ln352_3)> <Delay = 0.00>
ST_5 : Operation 53 [2/2] (2.77ns)   --->   "%state_load_2 = load i64* %state_addr_2, align 8" [sha3/KeccakP-1600-reference.c:353->sha3/KeccakP-1600-reference.c:308->sha3/KeccakP-1600-reference.c:294]   --->   Operation 53 'load' 'state_load_2' <Predicate = (!icmp_ln352_3)> <Delay = 2.77> <Core = "RAM">   --->   Core 37 'RAM' <Latency = 1> <II = 1> <Delay = 1.75> <Storage> <Opcode : 'load' 'store'> <Ports = 2> <Width = 64> <Depth = 5> <RAM>

State 6 <SV = 5> <Delay = 7.90>
ST_6 : Operation 54 [1/2] (2.77ns)   --->   "%KeccakRhoOffsets_loa = load i6* %KeccakRhoOffsets_add, align 1" [sha3/KeccakP-1600-reference.c:353->sha3/KeccakP-1600-reference.c:308->sha3/KeccakP-1600-reference.c:294]   --->   Operation 54 'load' 'KeccakRhoOffsets_loa' <Predicate = (!icmp_ln352_3)> <Delay = 2.77> <Core = "ROM_nP">   --->   Core 52 'ROM_nP' <Latency = 1> <II = 1> <Delay = 2.77> <Storage> <Opcode : 'load'> <Ports = 0> <Width = 64> <Depth = 24> <ROM>
ST_6 : Operation 55 [1/1] (0.00ns)   --->   "%zext_ln353_18 = zext i6 %KeccakRhoOffsets_loa to i7" [sha3/KeccakP-1600-reference.c:353->sha3/KeccakP-1600-reference.c:308->sha3/KeccakP-1600-reference.c:294]   --->   Operation 55 'zext' 'zext_ln353_18' <Predicate = (!icmp_ln352_3 & !icmp_ln353)> <Delay = 0.00>
ST_6 : Operation 56 [1/2] (2.77ns)   --->   "%state_load_1 = load i64* %state_addr, align 8" [sha3/KeccakP-1600-reference.c:353->sha3/KeccakP-1600-reference.c:308->sha3/KeccakP-1600-reference.c:294]   --->   Operation 56 'load' 'state_load_1' <Predicate = (!icmp_ln352_3)> <Delay = 2.77> <Core = "RAM">   --->   Core 37 'RAM' <Latency = 1> <II = 1> <Delay = 1.75> <Storage> <Opcode : 'load' 'store'> <Ports = 2> <Width = 64> <Depth = 5> <RAM>
ST_6 : Operation 57 [1/2] (2.77ns)   --->   "%state_load_2 = load i64* %state_addr_2, align 8" [sha3/KeccakP-1600-reference.c:353->sha3/KeccakP-1600-reference.c:308->sha3/KeccakP-1600-reference.c:294]   --->   Operation 57 'load' 'state_load_2' <Predicate = (!icmp_ln352_3)> <Delay = 2.77> <Core = "RAM">   --->   Core 37 'RAM' <Latency = 1> <II = 1> <Delay = 1.75> <Storage> <Opcode : 'load' 'store'> <Ports = 2> <Width = 64> <Depth = 5> <RAM>
ST_6 : Operation 58 [1/1] (0.00ns) (grouped into LUT with out node select_ln353)   --->   "%zext_ln353_19 = zext i6 %KeccakRhoOffsets_loa to i64" [sha3/KeccakP-1600-reference.c:353->sha3/KeccakP-1600-reference.c:308->sha3/KeccakP-1600-reference.c:294]   --->   Operation 58 'zext' 'zext_ln353_19' <Predicate = (!icmp_ln352_3 & !icmp_ln353)> <Delay = 0.00>
ST_6 : Operation 59 [1/1] (0.00ns) (grouped into LUT with out node select_ln353)   --->   "%shl_ln353 = shl i64 %state_load_2, %zext_ln353_19" [sha3/KeccakP-1600-reference.c:353->sha3/KeccakP-1600-reference.c:308->sha3/KeccakP-1600-reference.c:294]   --->   Operation 59 'shl' 'shl_ln353' <Predicate = (!icmp_ln352_3 & !icmp_ln353)> <Delay = 0.00> <Core = "Shift">   --->   Core 28 'Shift' <Latency = 0> <II = 1> <Delay = 3.47> <FuncUnit> <Opcode : 'shl' 'lshr' 'ashr'> <InPorts = 2> <OutPorts = 1>
ST_6 : Operation 60 [1/1] (1.66ns)   --->   "%sub_ln353 = sub i7 -64, %zext_ln353_18" [sha3/KeccakP-1600-reference.c:353->sha3/KeccakP-1600-reference.c:308->sha3/KeccakP-1600-reference.c:294]   --->   Operation 60 'sub' 'sub_ln353' <Predicate = (!icmp_ln352_3 & !icmp_ln353)> <Delay = 1.66> <Core = "AddSub">   --->   Core 14 'AddSub' <Latency = 0> <II = 1> <Delay = 1.34> <FuncUnit> <Opcode : 'add' 'sub'> <InPorts = 2> <OutPorts = 1>
ST_6 : Operation 61 [1/1] (0.00ns) (grouped into LUT with out node select_ln353)   --->   "%zext_ln353_20 = zext i7 %sub_ln353 to i64" [sha3/KeccakP-1600-reference.c:353->sha3/KeccakP-1600-reference.c:308->sha3/KeccakP-1600-reference.c:294]   --->   Operation 61 'zext' 'zext_ln353_20' <Predicate = (!icmp_ln352_3 & !icmp_ln353)> <Delay = 0.00>
ST_6 : Operation 62 [1/1] (0.00ns) (grouped into LUT with out node select_ln353)   --->   "%lshr_ln353 = lshr i64 %state_load_2, %zext_ln353_20" [sha3/KeccakP-1600-reference.c:353->sha3/KeccakP-1600-reference.c:308->sha3/KeccakP-1600-reference.c:294]   --->   Operation 62 'lshr' 'lshr_ln353' <Predicate = (!icmp_ln352_3 & !icmp_ln353)> <Delay = 0.00> <Core = "Shift">   --->   Core 28 'Shift' <Latency = 0> <II = 1> <Delay = 3.47> <FuncUnit> <Opcode : 'shl' 'lshr' 'ashr'> <InPorts = 2> <OutPorts = 1>
ST_6 : Operation 63 [1/1] (0.00ns) (grouped into LUT with out node select_ln353)   --->   "%xor_ln353 = xor i64 %lshr_ln353, %shl_ln353" [sha3/KeccakP-1600-reference.c:353->sha3/KeccakP-1600-reference.c:308->sha3/KeccakP-1600-reference.c:294]   --->   Operation 63 'xor' 'xor_ln353' <Predicate = (!icmp_ln352_3 & !icmp_ln353)> <Delay = 0.00> <Core = "LogicGate">   --->   Core 27 'LogicGate' <Latency = 0> <II = 1> <Delay = 0.80> <FuncUnit> <Opcode : 'and' 'or' 'xor'> <InPorts = 2> <OutPorts = 1>
ST_6 : Operation 64 [1/1] (3.47ns) (out node of the LUT)   --->   "%select_ln353 = select i1 %icmp_ln353, i64 %state_load_1, i64 %xor_ln353" [sha3/KeccakP-1600-reference.c:353->sha3/KeccakP-1600-reference.c:308->sha3/KeccakP-1600-reference.c:294]   --->   Operation 64 'select' 'select_ln353' <Predicate = (!icmp_ln352_3)> <Delay = 3.47> <Core = "Sel">   --->   Core 26 'Sel' <Latency = 0> <II = 1> <Delay = 0.83> <FuncUnit> <Opcode : 'select'> <InPorts = 3> <OutPorts = 1>
ST_6 : Operation 65 [1/1] (1.34ns)   --->   "%y = add i3 %select_ln353_17, 1" [sha3/KeccakP-1600-reference.c:352->sha3/KeccakP-1600-reference.c:308->sha3/KeccakP-1600-reference.c:294]   --->   Operation 65 'add' 'y' <Predicate = (!icmp_ln352_3)> <Delay = 1.34> <Core = "AddSub">   --->   Core 14 'AddSub' <Latency = 0> <II = 1> <Delay = 1.34> <FuncUnit> <Opcode : 'add' 'sub'> <InPorts = 2> <OutPorts = 1>

State 7 <SV = 6> <Delay = 2.77>
ST_7 : Operation 66 [1/1] (0.00ns)   --->   "call void (...)* @_ssdm_op_SpecLoopName([14 x i8]* @L_rho_label18_str)"   --->   Operation 66 'specloopname' <Predicate = (!icmp_ln352_3)> <Delay = 0.00>
ST_7 : Operation 67 [1/1] (0.00ns)   --->   "%empty_280 = call i32 (...)* @_ssdm_op_SpecLoopTripCount(i64 25, i64 25, i64 25)"   --->   Operation 67 'speclooptripcount' 'empty_280' <Predicate = (!icmp_ln352_3)> <Delay = 0.00>
ST_7 : Operation 68 [1/1] (0.00ns)   --->   "call void (...)* @_ssdm_op_SpecLoopName([12 x i8]* @p_str19) nounwind" [sha3/KeccakP-1600-reference.c:353->sha3/KeccakP-1600-reference.c:308->sha3/KeccakP-1600-reference.c:294]   --->   Operation 68 'specloopname' <Predicate = (!icmp_ln352_3)> <Delay = 0.00>
ST_7 : Operation 69 [1/1] (0.00ns)   --->   "%tmp_i = call i32 (...)* @_ssdm_op_SpecRegionBegin([12 x i8]* @p_str19)" [sha3/KeccakP-1600-reference.c:353->sha3/KeccakP-1600-reference.c:308->sha3/KeccakP-1600-reference.c:294]   --->   Operation 69 'specregionbegin' 'tmp_i' <Predicate = (!icmp_ln352_3)> <Delay = 0.00>
ST_7 : Operation 70 [1/1] (0.00ns)   --->   "call void (...)* @_ssdm_op_SpecPipeline(i32 -1, i32 1, i32 1, i32 0, [1 x i8]* @p_str13) nounwind" [sha3/KeccakP-1600-reference.c:353->sha3/KeccakP-1600-reference.c:308->sha3/KeccakP-1600-reference.c:294]   --->   Operation 70 'specpipeline' <Predicate = (!icmp_ln352_3)> <Delay = 0.00>
ST_7 : Operation 71 [1/1] (2.77ns)   --->   "store i64 %select_ln353, i64* %state_addr_2, align 8" [sha3/KeccakP-1600-reference.c:353->sha3/KeccakP-1600-reference.c:308->sha3/KeccakP-1600-reference.c:294]   --->   Operation 71 'store' <Predicate = (!icmp_ln352_3)> <Delay = 2.77> <Core = "RAM">   --->   Core 37 'RAM' <Latency = 1> <II = 1> <Delay = 1.75> <Storage> <Opcode : 'load' 'store'> <Ports = 2> <Width = 64> <Depth = 5> <RAM>
ST_7 : Operation 72 [1/1] (0.00ns)   --->   "%empty_281 = call i32 (...)* @_ssdm_op_SpecRegionEnd([12 x i8]* @p_str19, i32 %tmp_i)" [sha3/KeccakP-1600-reference.c:353->sha3/KeccakP-1600-reference.c:308->sha3/KeccakP-1600-reference.c:294]   --->   Operation 72 'specregionend' 'empty_281' <Predicate = (!icmp_ln352_3)> <Delay = 0.00>
ST_7 : Operation 73 [1/1] (0.00ns)   --->   "br label %.preheader.i" [sha3/KeccakP-1600-reference.c:352->sha3/KeccakP-1600-reference.c:308->sha3/KeccakP-1600-reference.c:294]   --->   Operation 73 'br' <Predicate = (!icmp_ln352_3)> <Delay = 0.00>

State 8 <SV = 4> <Delay = 0.00>
ST_8 : Operation 74 [2/2] (0.00ns)   --->   "call fastcc void @pi([25 x i64]* %state)" [sha3/KeccakP-1600-reference.c:313->sha3/KeccakP-1600-reference.c:294]   --->   Operation 74 'call' <Predicate = true> <Delay = 0.00> <CoreType = "Generic">   --->   Core 0 '' <Latency = 0> <II = 1> <Delay = 1.00> <Generic> <Opcode : >

State 9 <SV = 5> <Delay = 0.00>
ST_9 : Operation 75 [1/2] (0.00ns)   --->   "call fastcc void @pi([25 x i64]* %state)" [sha3/KeccakP-1600-reference.c:313->sha3/KeccakP-1600-reference.c:294]   --->   Operation 75 'call' <Predicate = true> <Delay = 0.00> <CoreType = "Generic">   --->   Core 0 '' <Latency = 0> <II = 1> <Delay = 1.00> <Generic> <Opcode : >

State 10 <SV = 6> <Delay = 0.00>
ST_10 : Operation 76 [2/2] (0.00ns)   --->   "call fastcc void @chi([25 x i64]* %state)" [sha3/KeccakP-1600-reference.c:318->sha3/KeccakP-1600-reference.c:294]   --->   Operation 76 'call' <Predicate = true> <Delay = 0.00> <CoreType = "Generic">   --->   Core 0 '' <Latency = 0> <II = 1> <Delay = 1.00> <Generic> <Opcode : >

State 11 <SV = 7> <Delay = 0.00>
ST_11 : Operation 77 [1/2] (0.00ns)   --->   "call fastcc void @chi([25 x i64]* %state)" [sha3/KeccakP-1600-reference.c:318->sha3/KeccakP-1600-reference.c:294]   --->   Operation 77 'call' <Predicate = true> <Delay = 0.00> <CoreType = "Generic">   --->   Core 0 '' <Latency = 0> <II = 1> <Delay = 1.00> <Generic> <Opcode : >

State 12 <SV = 8> <Delay = 2.77>
ST_12 : Operation 78 [1/1] (0.00ns)   --->   "%zext_ln382 = zext i5 %indexRound_assign to i64" [sha3/KeccakP-1600-reference.c:382->sha3/KeccakP-1600-reference.c:323->sha3/KeccakP-1600-reference.c:294]   --->   Operation 78 'zext' 'zext_ln382' <Predicate = true> <Delay = 0.00>
ST_12 : Operation 79 [1/1] (0.00ns)   --->   "%KeccakRoundConstants_9 = getelementptr inbounds [24 x i64]* @KeccakRoundConstants, i64 0, i64 %zext_ln382" [sha3/KeccakP-1600-reference.c:382->sha3/KeccakP-1600-reference.c:323->sha3/KeccakP-1600-reference.c:294]   --->   Operation 79 'getelementptr' 'KeccakRoundConstants_9' <Predicate = true> <Delay = 0.00>
ST_12 : Operation 80 [2/2] (2.77ns)   --->   "%KeccakRoundConstants_10 = load i64* %KeccakRoundConstants_9, align 8" [sha3/KeccakP-1600-reference.c:382->sha3/KeccakP-1600-reference.c:323->sha3/KeccakP-1600-reference.c:294]   --->   Operation 80 'load' 'KeccakRoundConstants_10' <Predicate = true> <Delay = 2.77> <Core = "ROM_nP">   --->   Core 52 'ROM_nP' <Latency = 1> <II = 1> <Delay = 2.77> <Storage> <Opcode : 'load'> <Ports = 0> <Width = 64> <Depth = 24> <ROM>
ST_12 : Operation 81 [2/2] (2.77ns)   --->   "%state_load = load i64* %state_addr, align 8" [sha3/KeccakP-1600-reference.c:382->sha3/KeccakP-1600-reference.c:323->sha3/KeccakP-1600-reference.c:294]   --->   Operation 81 'load' 'state_load' <Predicate = true> <Delay = 2.77> <Core = "RAM">   --->   Core 37 'RAM' <Latency = 1> <II = 1> <Delay = 1.75> <Storage> <Opcode : 'load' 'store'> <Ports = 2> <Width = 64> <Depth = 5> <RAM>

State 13 <SV = 9> <Delay = 6.35>
ST_13 : Operation 82 [1/2] (2.77ns)   --->   "%KeccakRoundConstants_10 = load i64* %KeccakRoundConstants_9, align 8" [sha3/KeccakP-1600-reference.c:382->sha3/KeccakP-1600-reference.c:323->sha3/KeccakP-1600-reference.c:294]   --->   Operation 82 'load' 'KeccakRoundConstants_10' <Predicate = true> <Delay = 2.77> <Core = "ROM_nP">   --->   Core 52 'ROM_nP' <Latency = 1> <II = 1> <Delay = 2.77> <Storage> <Opcode : 'load'> <Ports = 0> <Width = 64> <Depth = 24> <ROM>
ST_13 : Operation 83 [1/2] (2.77ns)   --->   "%state_load = load i64* %state_addr, align 8" [sha3/KeccakP-1600-reference.c:382->sha3/KeccakP-1600-reference.c:323->sha3/KeccakP-1600-reference.c:294]   --->   Operation 83 'load' 'state_load' <Predicate = true> <Delay = 2.77> <Core = "RAM">   --->   Core 37 'RAM' <Latency = 1> <II = 1> <Delay = 1.75> <Storage> <Opcode : 'load' 'store'> <Ports = 2> <Width = 64> <Depth = 5> <RAM>
ST_13 : Operation 84 [1/1] (0.80ns)   --->   "%xor_ln382 = xor i64 %state_load, %KeccakRoundConstants_10" [sha3/KeccakP-1600-reference.c:382->sha3/KeccakP-1600-reference.c:323->sha3/KeccakP-1600-reference.c:294]   --->   Operation 84 'xor' 'xor_ln382' <Predicate = true> <Delay = 0.80> <Core = "LogicGate">   --->   Core 27 'LogicGate' <Latency = 0> <II = 1> <Delay = 0.80> <FuncUnit> <Opcode : 'and' 'or' 'xor'> <InPorts = 2> <OutPorts = 1>
ST_13 : Operation 85 [1/1] (2.77ns)   --->   "store i64 %xor_ln382, i64* %state_addr, align 8" [sha3/KeccakP-1600-reference.c:382->sha3/KeccakP-1600-reference.c:323->sha3/KeccakP-1600-reference.c:294]   --->   Operation 85 'store' <Predicate = true> <Delay = 2.77> <Core = "RAM">   --->   Core 37 'RAM' <Latency = 1> <II = 1> <Delay = 1.75> <Storage> <Opcode : 'load' 'store'> <Ports = 2> <Width = 64> <Depth = 5> <RAM>
ST_13 : Operation 86 [1/1] (0.00ns)   --->   "br label %1" [sha3/KeccakP-1600-reference.c:293]   --->   Operation 86 'br' <Predicate = true> <Delay = 0.00>


============================================================
+ Verbose Summary: Binding
============================================================
STG Binding: 
---------------- STG Properties BEGIN ----------------
- Is combinational: 0
- Is one-state seq: 0
- Is datapath-only: 0
- Is pipelined: 0
- Is top level: 0
Port [ Return ] is wired: 1; IO mode=ap_ctrl_hs:ce=0
Port [ state]:  wired=1; compound=1; hidden=0; nouse=0; global=0; static=0; extern=0; dir=2; type=1; pingpong=0; private_global=0; MemPort=[22]; IO mode=ap_memory:ce=0
Port [ KeccakRhoOffsets]:  wired=0; compound=1; hidden=1; nouse=0; global=1; static=1; extern=0; dir=0; type=1; pingpong=0; private_global=0; linkage=7; visibility=0; MemPort=[1]; IO mode=ap_memory:ce=0
Port [ KeccakRoundConstants]:  wired=0; compound=1; hidden=1; nouse=0; global=1; static=1; extern=0; dir=0; type=1; pingpong=0; private_global=0; linkage=7; visibility=0; MemPort=[1]; IO mode=ap_memory:ce=0
---------------- STG Properties END ------------------

---------------- Datapath Model BEGIN ----------------

<LifeTime>
<method=bitvector/>
state_addr              (getelementptr    ) [ 00111111111111]
br_ln293                (br               ) [ 01111111111111]
indexRound_assign       (phi              ) [ 00111111111110]
icmp_ln293              (icmp             ) [ 00111111111111]
empty                   (speclooptripcount) [ 00000000000000]
i                       (add              ) [ 01111111111111]
br_ln293                (br               ) [ 00000000000000]
ret_ln295               (ret              ) [ 00000000000000]
call_ln303              (call             ) [ 00000000000000]
br_ln352                (br               ) [ 00111111111111]
indvar_flatten          (phi              ) [ 00001000000000]
x_0_i                   (phi              ) [ 00001100000000]
y_0_i                   (phi              ) [ 00001000000000]
icmp_ln352_3            (icmp             ) [ 00111111111111]
add_ln352               (add              ) [ 00111111111111]
br_ln352                (br               ) [ 00000000000000]
x                       (add              ) [ 00000100000000]
icmp_ln352              (icmp             ) [ 00000100000000]
select_ln353_17         (select           ) [ 00000110000000]
select_ln353_18         (select           ) [ 00111011111111]
icmp_ln353_9            (icmp             ) [ 00000000000000]
add_ln353_10            (add              ) [ 00000000000000]
select_ln353_19         (select           ) [ 00000000000000]
zext_ln353              (zext             ) [ 00000000000000]
icmp_ln353_10           (icmp             ) [ 00000000000000]
add_ln353_11            (add              ) [ 00000000000000]
select_ln353_20         (select           ) [ 00000000000000]
zext_ln353_15           (zext             ) [ 00000000000000]
shl_ln                  (bitconcatenate   ) [ 00000000000000]
add_ln353               (add              ) [ 00000000000000]
zext_ln353_16           (zext             ) [ 00000000000000]
add_ln353_5             (add              ) [ 00000000000000]
zext_ln353_17           (zext             ) [ 00000000000000]
KeccakRhoOffsets_add    (getelementptr    ) [ 00000010000000]
icmp_ln353              (icmp             ) [ 00000010000000]
state_addr_2            (getelementptr    ) [ 00001011000000]
KeccakRhoOffsets_loa    (load             ) [ 00000000000000]
zext_ln353_18           (zext             ) [ 00000000000000]
state_load_1            (load             ) [ 00000000000000]
state_load_2            (load             ) [ 00000000000000]
zext_ln353_19           (zext             ) [ 00000000000000]
shl_ln353               (shl              ) [ 00000000000000]
sub_ln353               (sub              ) [ 00000000000000]
zext_ln353_20           (zext             ) [ 00000000000000]
lshr_ln353              (lshr             ) [ 00000000000000]
xor_ln353               (xor              ) [ 00000000000000]
select_ln353            (select           ) [ 00001001000000]
y                       (add              ) [ 00111001111111]
specloopname_ln0        (specloopname     ) [ 00000000000000]
empty_280               (speclooptripcount) [ 00000000000000]
specloopname_ln353      (specloopname     ) [ 00000000000000]
tmp_i                   (specregionbegin  ) [ 00000000000000]
specpipeline_ln353      (specpipeline     ) [ 00000000000000]
store_ln353             (store            ) [ 00000000000000]
empty_281               (specregionend    ) [ 00000000000000]
br_ln352                (br               ) [ 00111111111111]
call_ln313              (call             ) [ 00000000000000]
call_ln318              (call             ) [ 00000000000000]
zext_ln382              (zext             ) [ 00000000000000]
KeccakRoundConstants_9  (getelementptr    ) [ 00000000000001]
KeccakRoundConstants_10 (load             ) [ 00000000000000]
state_load              (load             ) [ 00000000000000]
xor_ln382               (xor              ) [ 00000000000000]
store_ln382             (store            ) [ 00000000000000]
br_ln293                (br               ) [ 01111111111111]
</LifeTime>

<model>

<comp_list>
<comp id="0" class="1000" name="state">
<pin_list>
<pin id="1" dir="1" index="0" bw="1" slack="0"/>
</pin_list>
<bind>
<StgValue><ssdm name="state"/><MemPortTyVec>2 2 </MemPortTyVec>
</StgValue>
</bind>
</comp>

<comp id="2" class="1000" name="KeccakRhoOffsets">
<pin_list>
<pin id="3" dir="1" index="0" bw="1" slack="0"/>
</pin_list>
<bind>
<StgValue><ssdm name="KeccakRhoOffsets"/><MemPortTyVec>1 </MemPortTyVec>
</StgValue>
</bind>
</comp>

<comp id="4" class="1000" name="KeccakRoundConstants">
<pin_list>
<pin id="5" dir="1" index="0" bw="1" slack="0"/>
</pin_list>
<bind>
<StgValue><ssdm name="KeccakRoundConstants"/><MemPortTyVec>1 </MemPortTyVec>
</StgValue>
</bind>
</comp>

<comp id="6" class="1001" name="const_6">
<pin_list>
<pin id="7" dir="1" index="0" bw="1" slack="0"/>
</pin_list>
<bind>
<StgValue><ssdm name=""/></StgValue>
</bind>
</comp>

<comp id="8" class="1001" name="const_8">
<pin_list>
<pin id="9" dir="1" index="0" bw="1" slack="0"/>
</pin_list>
<bind>
<StgValue><ssdm name=""/></StgValue>
</bind>
</comp>

<comp id="10" class="1001" name="const_10">
<pin_list>
<pin id="11" dir="1" index="0" bw="1" slack="0"/>
</pin_list>
<bind>
<StgValue><ssdm name=""/></StgValue>
</bind>
</comp>

<comp id="12" class="1001" name="const_12">
<pin_list>
<pin id="13" dir="1" index="0" bw="1" slack="2147483647"/>
</pin_list>
<bind>
<StgValue><ssdm name="_ssdm_op_SpecLoopTripCount"/></StgValue>
</bind>
</comp>

<comp id="14" class="1001" name="const_14">
<pin_list>
<pin id="15" dir="1" index="0" bw="1" slack="2147483647"/>
</pin_list>
<bind>
<StgValue><ssdm name=""/></StgValue>
</bind>
</comp>

<comp id="16" class="1001" name="const_16">
<pin_list>
<pin id="17" dir="1" index="0" bw="1" slack="0"/>
</pin_list>
<bind>
<StgValue><ssdm name=""/></StgValue>
</bind>
</comp>

<comp id="18" class="1001" name="const_18">
<pin_list>
<pin id="19" dir="1" index="0" bw="1" slack="0"/>
</pin_list>
<bind>
<StgValue><ssdm name="theta"/></StgValue>
</bind>
</comp>

<comp id="20" class="1001" name="const_20">
<pin_list>
<pin id="21" dir="1" index="0" bw="1" slack="0"/>
</pin_list>
<bind>
<StgValue><ssdm name=""/></StgValue>
</bind>
</comp>

<comp id="22" class="1001" name="const_22">
<pin_list>
<pin id="23" dir="1" index="0" bw="1" slack="0"/>
</pin_list>
<bind>
<StgValue><ssdm name=""/></StgValue>
</bind>
</comp>

<comp id="24" class="1001" name="const_24">
<pin_list>
<pin id="25" dir="1" index="0" bw="1" slack="0"/>
</pin_list>
<bind>
<StgValue><ssdm name=""/></StgValue>
</bind>
</comp>

<comp id="26" class="1001" name="const_26">
<pin_list>
<pin id="27" dir="1" index="0" bw="1" slack="0"/>
</pin_list>
<bind>
<StgValue><ssdm name=""/></StgValue>
</bind>
</comp>

<comp id="28" class="1001" name="const_28">
<pin_list>
<pin id="29" dir="1" index="0" bw="1" slack="0"/>
</pin_list>
<bind>
<StgValue><ssdm name=""/></StgValue>
</bind>
</comp>

<comp id="30" class="1001" name="const_30">
<pin_list>
<pin id="31" dir="1" index="0" bw="1" slack="0"/>
</pin_list>
<bind>
<StgValue><ssdm name="_ssdm_op_BitConcatenate.i5.i3.i2"/></StgValue>
</bind>
</comp>

<comp id="32" class="1001" name="const_32">
<pin_list>
<pin id="33" dir="1" index="0" bw="1" slack="0"/>
</pin_list>
<bind>
<StgValue><ssdm name=""/></StgValue>
</bind>
</comp>

<comp id="34" class="1001" name="const_34">
<pin_list>
<pin id="35" dir="1" index="0" bw="1" slack="0"/>
</pin_list>
<bind>
<StgValue><ssdm name=""/></StgValue>
</bind>
</comp>

<comp id="36" class="1001" name="const_36">
<pin_list>
<pin id="37" dir="1" index="0" bw="1" slack="2147483647"/>
</pin_list>
<bind>
<StgValue><ssdm name="_ssdm_op_SpecLoopName"/></StgValue>
</bind>
</comp>

<comp id="38" class="1001" name="const_38">
<pin_list>
<pin id="39" dir="1" index="0" bw="1" slack="2147483647"/>
</pin_list>
<bind>
<StgValue><ssdm name="L_rho_label18_str"/></StgValue>
</bind>
</comp>

<comp id="40" class="1001" name="const_40">
<pin_list>
<pin id="41" dir="1" index="0" bw="1" slack="2147483647"/>
</pin_list>
<bind>
<StgValue><ssdm name=""/></StgValue>
</bind>
</comp>

<comp id="42" class="1001" name="const_42">
<pin_list>
<pin id="43" dir="1" index="0" bw="1" slack="2147483647"/>
</pin_list>
<bind>
<StgValue><ssdm name="p_str19"/></StgValue>
</bind>
</comp>

<comp id="44" class="1001" name="const_44">
<pin_list>
<pin id="45" dir="1" index="0" bw="1" slack="2147483647"/>
</pin_list>
<bind>
<StgValue><ssdm name="_ssdm_op_SpecRegionBegin"/></StgValue>
</bind>
</comp>

<comp id="46" class="1001" name="const_46">
<pin_list>
<pin id="47" dir="1" index="0" bw="1" slack="2147483647"/>
</pin_list>
<bind>
<StgValue><ssdm name="_ssdm_op_SpecPipeline"/></StgValue>
</bind>
</comp>

<comp id="48" class="1001" name="const_48">
<pin_list>
<pin id="49" dir="1" index="0" bw="1" slack="2147483647"/>
</pin_list>
<bind>
<StgValue><ssdm name=""/></StgValue>
</bind>
</comp>

<comp id="50" class="1001" name="const_50">
<pin_list>
<pin id="51" dir="1" index="0" bw="1" slack="2147483647"/>
</pin_list>
<bind>
<StgValue><ssdm name=""/></StgValue>
</bind>
</comp>

<comp id="52" class="1001" name="const_52">
<pin_list>
<pin id="53" dir="1" index="0" bw="1" slack="2147483647"/>
</pin_list>
<bind>
<StgValue><ssdm name=""/></StgValue>
</bind>
</comp>

<comp id="54" class="1001" name="const_54">
<pin_list>
<pin id="55" dir="1" index="0" bw="1" slack="2147483647"/>
</pin_list>
<bind>
<StgValue><ssdm name="p_str13"/></StgValue>
</bind>
</comp>

<comp id="56" class="1001" name="const_56">
<pin_list>
<pin id="57" dir="1" index="0" bw="1" slack="2147483647"/>
</pin_list>
<bind>
<StgValue><ssdm name="_ssdm_op_SpecRegionEnd"/></StgValue>
</bind>
</comp>

<comp id="58" class="1001" name="const_58">
<pin_list>
<pin id="59" dir="1" index="0" bw="1" slack="0"/>
</pin_list>
<bind>
<StgValue><ssdm name="pi"/></StgValue>
</bind>
</comp>

<comp id="60" class="1001" name="const_60">
<pin_list>
<pin id="61" dir="1" index="0" bw="1" slack="0"/>
</pin_list>
<bind>
<StgValue><ssdm name="chi"/></StgValue>
</bind>
</comp>

<comp id="62" class="1004" name="state_addr_gep_fu_62">
<pin_list>
<pin id="63" dir="0" index="0" bw="64" slack="0"/>
<pin id="64" dir="0" index="1" bw="1" slack="0"/>
<pin id="65" dir="0" index="2" bw="1" slack="0"/>
<pin id="66" dir="1" index="3" bw="5" slack="4"/>
</pin_list>
<bind>
<opcode="getelementptr(29) " fcode="getelementptr"/>
<opset="state_addr/1 "/>
</bind>
</comp>

<comp id="70" class="1004" name="KeccakRhoOffsets_add_gep_fu_70">
<pin_list>
<pin id="71" dir="0" index="0" bw="6" slack="0"/>
<pin id="72" dir="0" index="1" bw="1" slack="0"/>
<pin id="73" dir="0" index="2" bw="5" slack="0"/>
<pin id="74" dir="1" index="3" bw="5" slack="0"/>
</pin_list>
<bind>
<opcode="getelementptr(29) " fcode="getelementptr"/>
<opset="KeccakRhoOffsets_add/5 "/>
</bind>
</comp>

<comp id="77" class="1004" name="grp_access_fu_77">
<pin_list>
<pin id="78" dir="0" index="0" bw="5" slack="0"/>
<pin id="79" dir="0" index="1" bw="6" slack="2147483647"/>
<pin id="80" dir="0" index="2" bw="0" slack="2147483647"/>
<pin id="81" dir="1" index="3" bw="6" slack="0"/>
</pin_list>
<bind>
<opcode="load(27) " fcode="load"/>
<opset="KeccakRhoOffsets_loa/5 "/>
</bind>
</comp>

<comp id="83" class="1004" name="grp_access_fu_83">
<pin_list>
<pin id="84" dir="0" index="0" bw="5" slack="2"/>
<pin id="85" dir="0" index="1" bw="64" slack="0"/>
<pin id="86" dir="0" index="2" bw="0" slack="0"/>
<pin id="95" dir="0" index="4" bw="5" slack="2147483647"/>
<pin id="96" dir="0" index="5" bw="64" slack="2147483647"/>
<pin id="97" dir="0" index="6" bw="0" slack="2147483647"/>
<pin id="87" dir="1" index="3" bw="64" slack="0"/>
<pin id="98" dir="1" index="7" bw="64" slack="0"/>
</pin_list>
<bind>
<opcode="load(27) store(28) " fcode="store"/>
<opset="state_load_1/5 state_load_2/5 store_ln353/7 state_load/12 store_ln382/13 "/>
</bind>
</comp>

<comp id="88" class="1004" name="state_addr_2_gep_fu_88">
<pin_list>
<pin id="89" dir="0" index="0" bw="64" slack="0"/>
<pin id="90" dir="0" index="1" bw="1" slack="0"/>
<pin id="91" dir="0" index="2" bw="5" slack="0"/>
<pin id="92" dir="1" index="3" bw="5" slack="0"/>
</pin_list>
<bind>
<opcode="getelementptr(29) " fcode="getelementptr"/>
<opset="state_addr_2/5 "/>
</bind>
</comp>

<comp id="100" class="1004" name="KeccakRoundConstants_9_gep_fu_100">
<pin_list>
<pin id="101" dir="0" index="0" bw="64" slack="0"/>
<pin id="102" dir="0" index="1" bw="1" slack="0"/>
<pin id="103" dir="0" index="2" bw="5" slack="0"/>
<pin id="104" dir="1" index="3" bw="5" slack="0"/>
</pin_list>
<bind>
<opcode="getelementptr(29) " fcode="getelementptr"/>
<opset="KeccakRoundConstants_9/12 "/>
</bind>
</comp>

<comp id="107" class="1004" name="grp_access_fu_107">
<pin_list>
<pin id="108" dir="0" index="0" bw="5" slack="0"/>
<pin id="109" dir="0" index="1" bw="64" slack="2147483647"/>
<pin id="110" dir="0" index="2" bw="0" slack="2147483647"/>
<pin id="111" dir="1" index="3" bw="64" slack="0"/>
</pin_list>
<bind>
<opcode="load(27) " fcode="load"/>
<opset="KeccakRoundConstants_10/12 "/>
</bind>
</comp>

<comp id="113" class="1005" name="indexRound_assign_reg_113">
<pin_list>
<pin id="114" dir="0" index="0" bw="5" slack="1"/>
<pin id="115" dir="1" index="1" bw="5" slack="1"/>
</pin_list>
<bind>
<opset="indexRound_assign (phireg) "/>
</bind>
</comp>

<comp id="117" class="1004" name="indexRound_assign_phi_fu_117">
<pin_list>
<pin id="118" dir="0" index="0" bw="1" slack="1"/>
<pin id="119" dir="0" index="1" bw="0" slack="2147483647"/>
<pin id="120" dir="0" index="2" bw="5" slack="0"/>
<pin id="121" dir="0" index="3" bw="0" slack="2147483647"/>
<pin id="122" dir="1" index="4" bw="5" slack="0"/>
</pin_list>
<bind>
<opcode="phi(47) " fcode="phi"/>
<opset="indexRound_assign/2 "/>
</bind>
</comp>

<comp id="125" class="1005" name="indvar_flatten_reg_125">
<pin_list>
<pin id="126" dir="0" index="0" bw="5" slack="1"/>
<pin id="127" dir="1" index="1" bw="5" slack="1"/>
</pin_list>
<bind>
<opset="indvar_flatten (phireg) "/>
</bind>
</comp>

<comp id="129" class="1004" name="indvar_flatten_phi_fu_129">
<pin_list>
<pin id="130" dir="0" index="0" bw="1" slack="1"/>
<pin id="131" dir="0" index="1" bw="0" slack="2147483647"/>
<pin id="132" dir="0" index="2" bw="5" slack="0"/>
<pin id="133" dir="0" index="3" bw="0" slack="2147483647"/>
<pin id="134" dir="1" index="4" bw="5" slack="0"/>
</pin_list>
<bind>
<opcode="phi(47) " fcode="phi"/>
<opset="indvar_flatten/4 "/>
</bind>
</comp>

<comp id="136" class="1005" name="x_0_i_reg_136">
<pin_list>
<pin id="137" dir="0" index="0" bw="3" slack="1"/>
<pin id="138" dir="1" index="1" bw="3" slack="1"/>
</pin_list>
<bind>
<opset="x_0_i (phireg) "/>
</bind>
</comp>

<comp id="140" class="1004" name="x_0_i_phi_fu_140">
<pin_list>
<pin id="141" dir="0" index="0" bw="1" slack="1"/>
<pin id="142" dir="0" index="1" bw="0" slack="2147483647"/>
<pin id="143" dir="0" index="2" bw="3" slack="1"/>
<pin id="144" dir="0" index="3" bw="0" slack="2147483647"/>
<pin id="145" dir="1" index="4" bw="3" slack="0"/>
</pin_list>
<bind>
<opcode="phi(47) " fcode="phi"/>
<opset="x_0_i/4 "/>
</bind>
</comp>

<comp id="148" class="1005" name="y_0_i_reg_148">
<pin_list>
<pin id="149" dir="0" index="0" bw="3" slack="1"/>
<pin id="150" dir="1" index="1" bw="3" slack="1"/>
</pin_list>
<bind>
<opset="y_0_i (phireg) "/>
</bind>
</comp>

<comp id="152" class="1004" name="y_0_i_phi_fu_152">
<pin_list>
<pin id="153" dir="0" index="0" bw="1" slack="1"/>
<pin id="154" dir="0" index="1" bw="0" slack="2147483647"/>
<pin id="155" dir="0" index="2" bw="3" slack="1"/>
<pin id="156" dir="0" index="3" bw="0" slack="2147483647"/>
<pin id="157" dir="1" index="4" bw="3" slack="0"/>
</pin_list>
<bind>
<opcode="phi(47) " fcode="phi"/>
<opset="y_0_i/4 "/>
</bind>
</comp>

<comp id="159" class="1004" name="grp_pi_fu_159">
<pin_list>
<pin id="160" dir="0" index="0" bw="0" slack="0"/>
<pin id="161" dir="0" index="1" bw="64" slack="0"/>
<pin id="162" dir="1" index="2" bw="0" slack="2147483647"/>
</pin_list>
<bind>
<opcode="call(48) " fcode="call"/>
<opset="call_ln313/8 "/>
</bind>
</comp>

<comp id="165" class="1004" name="grp_theta_fu_165">
<pin_list>
<pin id="166" dir="0" index="0" bw="0" slack="0"/>
<pin id="167" dir="0" index="1" bw="64" slack="0"/>
<pin id="168" dir="1" index="2" bw="0" slack="2147483647"/>
</pin_list>
<bind>
<opcode="call(48) " fcode="call"/>
<opset="call_ln303/2 "/>
</bind>
</comp>

<comp id="171" class="1004" name="grp_chi_fu_171">
<pin_list>
<pin id="172" dir="0" index="0" bw="0" slack="0"/>
<pin id="173" dir="0" index="1" bw="64" slack="0"/>
<pin id="174" dir="1" index="2" bw="0" slack="2147483647"/>
</pin_list>
<bind>
<opcode="call(48) " fcode="call"/>
<opset="call_ln318/10 "/>
</bind>
</comp>

<comp id="177" class="1004" name="icmp_ln293_fu_177">
<pin_list>
<pin id="178" dir="0" index="0" bw="5" slack="0"/>
<pin id="179" dir="0" index="1" bw="5" slack="0"/>
<pin id="180" dir="1" index="2" bw="1" slack="2147483647"/>
</pin_list>
<bind>
<opcode="icmp(45) " fcode="icmp"/>
<opset="icmp_ln293/2 "/>
</bind>
</comp>

<comp id="183" class="1004" name="i_fu_183">
<pin_list>
<pin id="184" dir="0" index="0" bw="5" slack="0"/>
<pin id="185" dir="0" index="1" bw="1" slack="0"/>
<pin id="186" dir="1" index="2" bw="5" slack="0"/>
</pin_list>
<bind>
<opcode="add(8) " fcode="add"/>
<opset="i/2 "/>
</bind>
</comp>

<comp id="189" class="1004" name="icmp_ln352_3_fu_189">
<pin_list>
<pin id="190" dir="0" index="0" bw="5" slack="0"/>
<pin id="191" dir="0" index="1" bw="5" slack="0"/>
<pin id="192" dir="1" index="2" bw="1" slack="1"/>
</pin_list>
<bind>
<opcode="icmp(45) " fcode="icmp"/>
<opset="icmp_ln352_3/4 "/>
</bind>
</comp>

<comp id="195" class="1004" name="add_ln352_fu_195">
<pin_list>
<pin id="196" dir="0" index="0" bw="5" slack="0"/>
<pin id="197" dir="0" index="1" bw="1" slack="0"/>
<pin id="198" dir="1" index="2" bw="5" slack="0"/>
</pin_list>
<bind>
<opcode="add(8) " fcode="add"/>
<opset="add_ln352/4 "/>
</bind>
</comp>

<comp id="201" class="1004" name="x_fu_201">
<pin_list>
<pin id="202" dir="0" index="0" bw="3" slack="0"/>
<pin id="203" dir="0" index="1" bw="1" slack="0"/>
<pin id="204" dir="1" index="2" bw="3" slack="1"/>
</pin_list>
<bind>
<opcode="add(8) " fcode="add"/>
<opset="x/4 "/>
</bind>
</comp>

<comp id="207" class="1004" name="icmp_ln352_fu_207">
<pin_list>
<pin id="208" dir="0" index="0" bw="3" slack="0"/>
<pin id="209" dir="0" index="1" bw="3" slack="0"/>
<pin id="210" dir="1" index="2" bw="1" slack="0"/>
</pin_list>
<bind>
<opcode="icmp(45) " fcode="icmp"/>
<opset="icmp_ln352/4 "/>
</bind>
</comp>

<comp id="213" class="1004" name="select_ln353_17_fu_213">
<pin_list>
<pin id="214" dir="0" index="0" bw="1" slack="0"/>
<pin id="215" dir="0" index="1" bw="3" slack="0"/>
<pin id="216" dir="0" index="2" bw="3" slack="0"/>
<pin id="217" dir="1" index="3" bw="3" slack="1"/>
</pin_list>
<bind>
<opcode="select(49) " fcode="select"/>
<opset="select_ln353_17/4 "/>
</bind>
</comp>

<comp id="221" class="1004" name="select_ln353_18_fu_221">
<pin_list>
<pin id="222" dir="0" index="0" bw="1" slack="1"/>
<pin id="223" dir="0" index="1" bw="3" slack="1"/>
<pin id="224" dir="0" index="2" bw="3" slack="1"/>
<pin id="225" dir="1" index="3" bw="3" slack="0"/>
</pin_list>
<bind>
<opcode="select(49) " fcode="select"/>
<opset="select_ln353_18/5 "/>
</bind>
</comp>

<comp id="227" class="1004" name="icmp_ln353_9_fu_227">
<pin_list>
<pin id="228" dir="0" index="0" bw="3" slack="0"/>
<pin id="229" dir="0" index="1" bw="3" slack="0"/>
<pin id="230" dir="1" index="2" bw="1" slack="0"/>
</pin_list>
<bind>
<opcode="icmp(45) " fcode="icmp"/>
<opset="icmp_ln353_9/5 "/>
</bind>
</comp>

<comp id="233" class="1004" name="add_ln353_10_fu_233">
<pin_list>
<pin id="234" dir="0" index="0" bw="3" slack="0"/>
<pin id="235" dir="0" index="1" bw="3" slack="0"/>
<pin id="236" dir="1" index="2" bw="3" slack="0"/>
</pin_list>
<bind>
<opcode="add(8) " fcode="add"/>
<opset="add_ln353_10/5 "/>
</bind>
</comp>

<comp id="239" class="1004" name="select_ln353_19_fu_239">
<pin_list>
<pin id="240" dir="0" index="0" bw="1" slack="0"/>
<pin id="241" dir="0" index="1" bw="3" slack="0"/>
<pin id="242" dir="0" index="2" bw="3" slack="0"/>
<pin id="243" dir="1" index="3" bw="3" slack="0"/>
</pin_list>
<bind>
<opcode="select(49) " fcode="select"/>
<opset="select_ln353_19/5 "/>
</bind>
</comp>

<comp id="247" class="1004" name="zext_ln353_fu_247">
<pin_list>
<pin id="248" dir="0" index="0" bw="3" slack="0"/>
<pin id="249" dir="1" index="1" bw="4" slack="0"/>
</pin_list>
<bind>
<opcode="zext(34) " fcode="zext"/>
<opset="zext_ln353/5 "/>
</bind>
</comp>

<comp id="251" class="1004" name="icmp_ln353_10_fu_251">
<pin_list>
<pin id="252" dir="0" index="0" bw="3" slack="1"/>
<pin id="253" dir="0" index="1" bw="3" slack="0"/>
<pin id="254" dir="1" index="2" bw="1" slack="0"/>
</pin_list>
<bind>
<opcode="icmp(45) " fcode="icmp"/>
<opset="icmp_ln353_10/5 "/>
</bind>
</comp>

<comp id="256" class="1004" name="add_ln353_11_fu_256">
<pin_list>
<pin id="257" dir="0" index="0" bw="3" slack="1"/>
<pin id="258" dir="0" index="1" bw="3" slack="0"/>
<pin id="259" dir="1" index="2" bw="3" slack="0"/>
</pin_list>
<bind>
<opcode="add(8) " fcode="add"/>
<opset="add_ln353_11/5 "/>
</bind>
</comp>

<comp id="261" class="1004" name="select_ln353_20_fu_261">
<pin_list>
<pin id="262" dir="0" index="0" bw="1" slack="0"/>
<pin id="263" dir="0" index="1" bw="3" slack="1"/>
<pin id="264" dir="0" index="2" bw="3" slack="0"/>
<pin id="265" dir="1" index="3" bw="3" slack="0"/>
</pin_list>
<bind>
<opcode="select(49) " fcode="select"/>
<opset="select_ln353_20/5 "/>
</bind>
</comp>

<comp id="268" class="1004" name="zext_ln353_15_fu_268">
<pin_list>
<pin id="269" dir="0" index="0" bw="3" slack="0"/>
<pin id="270" dir="1" index="1" bw="4" slack="0"/>
</pin_list>
<bind>
<opcode="zext(34) " fcode="zext"/>
<opset="zext_ln353_15/5 "/>
</bind>
</comp>

<comp id="272" class="1004" name="shl_ln_fu_272">
<pin_list>
<pin id="273" dir="0" index="0" bw="5" slack="0"/>
<pin id="274" dir="0" index="1" bw="3" slack="0"/>
<pin id="275" dir="0" index="2" bw="1" slack="0"/>
<pin id="276" dir="1" index="3" bw="5" slack="0"/>
</pin_list>
<bind>
<opcode="bitconcatenate(1004) " fcode="bitconcatenate"/>
<opset="shl_ln/5 "/>
</bind>
</comp>

<comp id="280" class="1004" name="add_ln353_fu_280">
<pin_list>
<pin id="281" dir="0" index="0" bw="3" slack="0"/>
<pin id="282" dir="0" index="1" bw="3" slack="0"/>
<pin id="283" dir="1" index="2" bw="4" slack="0"/>
</pin_list>
<bind>
<opcode="add(8) " fcode="add"/>
<opset="add_ln353/5 "/>
</bind>
</comp>

<comp id="286" class="1004" name="zext_ln353_16_fu_286">
<pin_list>
<pin id="287" dir="0" index="0" bw="4" slack="0"/>
<pin id="288" dir="1" index="1" bw="5" slack="0"/>
</pin_list>
<bind>
<opcode="zext(34) " fcode="zext"/>
<opset="zext_ln353_16/5 "/>
</bind>
</comp>

<comp id="290" class="1004" name="add_ln353_5_fu_290">
<pin_list>
<pin id="291" dir="0" index="0" bw="5" slack="0"/>
<pin id="292" dir="0" index="1" bw="4" slack="0"/>
<pin id="293" dir="1" index="2" bw="5" slack="0"/>
</pin_list>
<bind>
<opcode="add(8) " fcode="add"/>
<opset="add_ln353_5/5 "/>
</bind>
</comp>

<comp id="296" class="1004" name="zext_ln353_17_fu_296">
<pin_list>
<pin id="297" dir="0" index="0" bw="5" slack="0"/>
<pin id="298" dir="1" index="1" bw="64" slack="0"/>
</pin_list>
<bind>
<opcode="zext(34) " fcode="zext"/>
<opset="zext_ln353_17/5 "/>
</bind>
</comp>

<comp id="302" class="1004" name="icmp_ln353_fu_302">
<pin_list>
<pin id="303" dir="0" index="0" bw="5" slack="0"/>
<pin id="304" dir="0" index="1" bw="5" slack="0"/>
<pin id="305" dir="1" index="2" bw="1" slack="1"/>
</pin_list>
<bind>
<opcode="icmp(45) " fcode="icmp"/>
<opset="icmp_ln353/5 "/>
</bind>
</comp>

<comp id="308" class="1004" name="zext_ln353_18_fu_308">
<pin_list>
<pin id="309" dir="0" index="0" bw="6" slack="0"/>
<pin id="310" dir="1" index="1" bw="7" slack="0"/>
</pin_list>
<bind>
<opcode="zext(34) " fcode="zext"/>
<opset="zext_ln353_18/6 "/>
</bind>
</comp>

<comp id="312" class="1004" name="zext_ln353_19_fu_312">
<pin_list>
<pin id="313" dir="0" index="0" bw="6" slack="0"/>
<pin id="314" dir="1" index="1" bw="64" slack="0"/>
</pin_list>
<bind>
<opcode="zext(34) " fcode="zext"/>
<opset="zext_ln353_19/6 "/>
</bind>
</comp>

<comp id="316" class="1004" name="shl_ln353_fu_316">
<pin_list>
<pin id="317" dir="0" index="0" bw="64" slack="0"/>
<pin id="318" dir="0" index="1" bw="6" slack="0"/>
<pin id="319" dir="1" index="2" bw="64" slack="0"/>
</pin_list>
<bind>
<opcode="shl(20) " fcode="shl"/>
<opset="shl_ln353/6 "/>
</bind>
</comp>

<comp id="322" class="1004" name="sub_ln353_fu_322">
<pin_list>
<pin id="323" dir="0" index="0" bw="7" slack="0"/>
<pin id="324" dir="0" index="1" bw="6" slack="0"/>
<pin id="325" dir="1" index="2" bw="7" slack="0"/>
</pin_list>
<bind>
<opcode="sub(10) " fcode="sub"/>
<opset="sub_ln353/6 "/>
</bind>
</comp>

<comp id="328" class="1004" name="zext_ln353_20_fu_328">
<pin_list>
<pin id="329" dir="0" index="0" bw="7" slack="0"/>
<pin id="330" dir="1" index="1" bw="64" slack="0"/>
</pin_list>
<bind>
<opcode="zext(34) " fcode="zext"/>
<opset="zext_ln353_20/6 "/>
</bind>
</comp>

<comp id="332" class="1004" name="lshr_ln353_fu_332">
<pin_list>
<pin id="333" dir="0" index="0" bw="64" slack="0"/>
<pin id="334" dir="0" index="1" bw="7" slack="0"/>
<pin id="335" dir="1" index="2" bw="64" slack="0"/>
</pin_list>
<bind>
<opcode="lshr(21) " fcode="lshr"/>
<opset="lshr_ln353/6 "/>
</bind>
</comp>

<comp id="338" class="1004" name="xor_ln353_fu_338">
<pin_list>
<pin id="339" dir="0" index="0" bw="64" slack="0"/>
<pin id="340" dir="0" index="1" bw="64" slack="0"/>
<pin id="341" dir="1" index="2" bw="64" slack="0"/>
</pin_list>
<bind>
<opcode="xor(25) " fcode="xor"/>
<opset="xor_ln353/6 "/>
</bind>
</comp>

<comp id="344" class="1004" name="select_ln353_fu_344">
<pin_list>
<pin id="345" dir="0" index="0" bw="1" slack="1"/>
<pin id="346" dir="0" index="1" bw="64" slack="0"/>
<pin id="347" dir="0" index="2" bw="64" slack="0"/>
<pin id="348" dir="1" index="3" bw="64" slack="1"/>
</pin_list>
<bind>
<opcode="select(49) " fcode="select"/>
<opset="select_ln353/6 "/>
</bind>
</comp>

<comp id="351" class="1004" name="y_fu_351">
<pin_list>
<pin id="352" dir="0" index="0" bw="3" slack="2"/>
<pin id="353" dir="0" index="1" bw="1" slack="0"/>
<pin id="354" dir="1" index="2" bw="3" slack="1"/>
</pin_list>
<bind>
<opcode="add(8) " fcode="add"/>
<opset="y/6 "/>
</bind>
</comp>

<comp id="356" class="1004" name="zext_ln382_fu_356">
<pin_list>
<pin id="357" dir="0" index="0" bw="5" slack="7"/>
<pin id="358" dir="1" index="1" bw="64" slack="0"/>
</pin_list>
<bind>
<opcode="zext(34) " fcode="zext"/>
<opset="zext_ln382/12 "/>
</bind>
</comp>

<comp id="361" class="1004" name="xor_ln382_fu_361">
<pin_list>
<pin id="362" dir="0" index="0" bw="64" slack="0"/>
<pin id="363" dir="0" index="1" bw="64" slack="0"/>
<pin id="364" dir="1" index="2" bw="64" slack="0"/>
</pin_list>
<bind>
<opcode="xor(25) " fcode="xor"/>
<opset="xor_ln382/13 "/>
</bind>
</comp>

<comp id="368" class="1005" name="state_addr_reg_368">
<pin_list>
<pin id="369" dir="0" index="0" bw="5" slack="4"/>
<pin id="370" dir="1" index="1" bw="5" slack="4"/>
</pin_list>
<bind>
<opset="state_addr "/>
</bind>
</comp>

<comp id="377" class="1005" name="i_reg_377">
<pin_list>
<pin id="378" dir="0" index="0" bw="5" slack="0"/>
<pin id="379" dir="1" index="1" bw="5" slack="0"/>
</pin_list>
<bind>
<opset="i "/>
</bind>
</comp>

<comp id="382" class="1005" name="icmp_ln352_3_reg_382">
<pin_list>
<pin id="383" dir="0" index="0" bw="1" slack="1"/>
<pin id="384" dir="1" index="1" bw="1" slack="2147483647"/>
</pin_list>
<bind>
<opset="icmp_ln352_3 "/>
</bind>
</comp>

<comp id="386" class="1005" name="add_ln352_reg_386">
<pin_list>
<pin id="387" dir="0" index="0" bw="5" slack="0"/>
<pin id="388" dir="1" index="1" bw="5" slack="0"/>
</pin_list>
<bind>
<opset="add_ln352 "/>
</bind>
</comp>

<comp id="391" class="1005" name="x_reg_391">
<pin_list>
<pin id="392" dir="0" index="0" bw="3" slack="1"/>
<pin id="393" dir="1" index="1" bw="3" slack="1"/>
</pin_list>
<bind>
<opset="x "/>
</bind>
</comp>

<comp id="396" class="1005" name="icmp_ln352_reg_396">
<pin_list>
<pin id="397" dir="0" index="0" bw="1" slack="1"/>
<pin id="398" dir="1" index="1" bw="1" slack="1"/>
</pin_list>
<bind>
<opset="icmp_ln352 "/>
</bind>
</comp>

<comp id="401" class="1005" name="select_ln353_17_reg_401">
<pin_list>
<pin id="402" dir="0" index="0" bw="3" slack="1"/>
<pin id="403" dir="1" index="1" bw="3" slack="1"/>
</pin_list>
<bind>
<opset="select_ln353_17 "/>
</bind>
</comp>

<comp id="409" class="1005" name="select_ln353_18_reg_409">
<pin_list>
<pin id="410" dir="0" index="0" bw="3" slack="1"/>
<pin id="411" dir="1" index="1" bw="3" slack="1"/>
</pin_list>
<bind>
<opset="select_ln353_18 "/>
</bind>
</comp>

<comp id="414" class="1005" name="KeccakRhoOffsets_add_reg_414">
<pin_list>
<pin id="415" dir="0" index="0" bw="5" slack="1"/>
<pin id="416" dir="1" index="1" bw="5" slack="1"/>
</pin_list>
<bind>
<opset="KeccakRhoOffsets_add "/>
</bind>
</comp>

<comp id="419" class="1005" name="icmp_ln353_reg_419">
<pin_list>
<pin id="420" dir="0" index="0" bw="1" slack="1"/>
<pin id="421" dir="1" index="1" bw="1" slack="1"/>
</pin_list>
<bind>
<opset="icmp_ln353 "/>
</bind>
</comp>

<comp id="424" class="1005" name="state_addr_2_reg_424">
<pin_list>
<pin id="425" dir="0" index="0" bw="5" slack="1"/>
<pin id="426" dir="1" index="1" bw="5" slack="1"/>
</pin_list>
<bind>
<opset="state_addr_2 "/>
</bind>
</comp>

<comp id="430" class="1005" name="select_ln353_reg_430">
<pin_list>
<pin id="431" dir="0" index="0" bw="64" slack="1"/>
<pin id="432" dir="1" index="1" bw="64" slack="1"/>
</pin_list>
<bind>
<opset="select_ln353 "/>
</bind>
</comp>

<comp id="435" class="1005" name="y_reg_435">
<pin_list>
<pin id="436" dir="0" index="0" bw="3" slack="1"/>
<pin id="437" dir="1" index="1" bw="3" slack="1"/>
</pin_list>
<bind>
<opset="y "/>
</bind>
</comp>

<comp id="440" class="1005" name="KeccakRoundConstants_9_reg_440">
<pin_list>
<pin id="441" dir="0" index="0" bw="5" slack="1"/>
<pin id="442" dir="1" index="1" bw="5" slack="1"/>
</pin_list>
<bind>
<opset="KeccakRoundConstants_9 "/>
</bind>
</comp>

</comp_list>

<net_list>
<net id="67"><net_src comp="0" pin="0"/><net_sink comp="62" pin=0"/></net>

<net id="68"><net_src comp="6" pin="0"/><net_sink comp="62" pin=1"/></net>

<net id="69"><net_src comp="6" pin="0"/><net_sink comp="62" pin=2"/></net>

<net id="75"><net_src comp="2" pin="0"/><net_sink comp="70" pin=0"/></net>

<net id="76"><net_src comp="6" pin="0"/><net_sink comp="70" pin=1"/></net>

<net id="82"><net_src comp="70" pin="3"/><net_sink comp="77" pin=0"/></net>

<net id="93"><net_src comp="0" pin="0"/><net_sink comp="88" pin=0"/></net>

<net id="94"><net_src comp="6" pin="0"/><net_sink comp="88" pin=1"/></net>

<net id="99"><net_src comp="88" pin="3"/><net_sink comp="83" pin=2"/></net>

<net id="105"><net_src comp="4" pin="0"/><net_sink comp="100" pin=0"/></net>

<net id="106"><net_src comp="6" pin="0"/><net_sink comp="100" pin=1"/></net>

<net id="112"><net_src comp="100" pin="3"/><net_sink comp="107" pin=0"/></net>

<net id="116"><net_src comp="8" pin="0"/><net_sink comp="113" pin=0"/></net>

<net id="123"><net_src comp="113" pin="1"/><net_sink comp="117" pin=0"/></net>

<net id="124"><net_src comp="117" pin="4"/><net_sink comp="113" pin=0"/></net>

<net id="128"><net_src comp="8" pin="0"/><net_sink comp="125" pin=0"/></net>

<net id="135"><net_src comp="125" pin="1"/><net_sink comp="129" pin=0"/></net>

<net id="139"><net_src comp="20" pin="0"/><net_sink comp="136" pin=0"/></net>

<net id="146"><net_src comp="136" pin="1"/><net_sink comp="140" pin=0"/></net>

<net id="147"><net_src comp="140" pin="4"/><net_sink comp="136" pin=0"/></net>

<net id="151"><net_src comp="20" pin="0"/><net_sink comp="148" pin=0"/></net>

<net id="158"><net_src comp="148" pin="1"/><net_sink comp="152" pin=0"/></net>

<net id="163"><net_src comp="58" pin="0"/><net_sink comp="159" pin=0"/></net>

<net id="164"><net_src comp="0" pin="0"/><net_sink comp="159" pin=1"/></net>

<net id="169"><net_src comp="18" pin="0"/><net_sink comp="165" pin=0"/></net>

<net id="170"><net_src comp="0" pin="0"/><net_sink comp="165" pin=1"/></net>

<net id="175"><net_src comp="60" pin="0"/><net_sink comp="171" pin=0"/></net>

<net id="176"><net_src comp="0" pin="0"/><net_sink comp="171" pin=1"/></net>

<net id="181"><net_src comp="117" pin="4"/><net_sink comp="177" pin=0"/></net>

<net id="182"><net_src comp="10" pin="0"/><net_sink comp="177" pin=1"/></net>

<net id="187"><net_src comp="117" pin="4"/><net_sink comp="183" pin=0"/></net>

<net id="188"><net_src comp="16" pin="0"/><net_sink comp="183" pin=1"/></net>

<net id="193"><net_src comp="129" pin="4"/><net_sink comp="189" pin=0"/></net>

<net id="194"><net_src comp="22" pin="0"/><net_sink comp="189" pin=1"/></net>

<net id="199"><net_src comp="129" pin="4"/><net_sink comp="195" pin=0"/></net>

<net id="200"><net_src comp="16" pin="0"/><net_sink comp="195" pin=1"/></net>

<net id="205"><net_src comp="140" pin="4"/><net_sink comp="201" pin=0"/></net>

<net id="206"><net_src comp="24" pin="0"/><net_sink comp="201" pin=1"/></net>

<net id="211"><net_src comp="152" pin="4"/><net_sink comp="207" pin=0"/></net>

<net id="212"><net_src comp="26" pin="0"/><net_sink comp="207" pin=1"/></net>

<net id="218"><net_src comp="207" pin="2"/><net_sink comp="213" pin=0"/></net>

<net id="219"><net_src comp="20" pin="0"/><net_sink comp="213" pin=1"/></net>

<net id="220"><net_src comp="152" pin="4"/><net_sink comp="213" pin=2"/></net>

<net id="226"><net_src comp="136" pin="1"/><net_sink comp="221" pin=2"/></net>

<net id="231"><net_src comp="221" pin="3"/><net_sink comp="227" pin=0"/></net>

<net id="232"><net_src comp="26" pin="0"/><net_sink comp="227" pin=1"/></net>

<net id="237"><net_src comp="221" pin="3"/><net_sink comp="233" pin=0"/></net>

<net id="238"><net_src comp="28" pin="0"/><net_sink comp="233" pin=1"/></net>

<net id="244"><net_src comp="227" pin="2"/><net_sink comp="239" pin=0"/></net>

<net id="245"><net_src comp="221" pin="3"/><net_sink comp="239" pin=1"/></net>

<net id="246"><net_src comp="233" pin="2"/><net_sink comp="239" pin=2"/></net>

<net id="250"><net_src comp="239" pin="3"/><net_sink comp="247" pin=0"/></net>

<net id="255"><net_src comp="26" pin="0"/><net_sink comp="251" pin=1"/></net>

<net id="260"><net_src comp="28" pin="0"/><net_sink comp="256" pin=1"/></net>

<net id="266"><net_src comp="251" pin="2"/><net_sink comp="261" pin=0"/></net>

<net id="267"><net_src comp="256" pin="2"/><net_sink comp="261" pin=2"/></net>

<net id="271"><net_src comp="261" pin="3"/><net_sink comp="268" pin=0"/></net>

<net id="277"><net_src comp="30" pin="0"/><net_sink comp="272" pin=0"/></net>

<net id="278"><net_src comp="261" pin="3"/><net_sink comp="272" pin=1"/></net>

<net id="279"><net_src comp="32" pin="0"/><net_sink comp="272" pin=2"/></net>

<net id="284"><net_src comp="247" pin="1"/><net_sink comp="280" pin=0"/></net>

<net id="285"><net_src comp="268" pin="1"/><net_sink comp="280" pin=1"/></net>

<net id="289"><net_src comp="280" pin="2"/><net_sink comp="286" pin=0"/></net>

<net id="294"><net_src comp="272" pin="3"/><net_sink comp="290" pin=0"/></net>

<net id="295"><net_src comp="286" pin="1"/><net_sink comp="290" pin=1"/></net>

<net id="299"><net_src comp="290" pin="2"/><net_sink comp="296" pin=0"/></net>

<net id="300"><net_src comp="296" pin="1"/><net_sink comp="70" pin=2"/></net>

<net id="301"><net_src comp="296" pin="1"/><net_sink comp="88" pin=2"/></net>

<net id="306"><net_src comp="290" pin="2"/><net_sink comp="302" pin=0"/></net>

<net id="307"><net_src comp="8" pin="0"/><net_sink comp="302" pin=1"/></net>

<net id="311"><net_src comp="77" pin="3"/><net_sink comp="308" pin=0"/></net>

<net id="315"><net_src comp="77" pin="3"/><net_sink comp="312" pin=0"/></net>

<net id="320"><net_src comp="83" pin="7"/><net_sink comp="316" pin=0"/></net>

<net id="321"><net_src comp="312" pin="1"/><net_sink comp="316" pin=1"/></net>

<net id="326"><net_src comp="34" pin="0"/><net_sink comp="322" pin=0"/></net>

<net id="327"><net_src comp="308" pin="1"/><net_sink comp="322" pin=1"/></net>

<net id="331"><net_src comp="322" pin="2"/><net_sink comp="328" pin=0"/></net>

<net id="336"><net_src comp="83" pin="7"/><net_sink comp="332" pin=0"/></net>

<net id="337"><net_src comp="328" pin="1"/><net_sink comp="332" pin=1"/></net>

<net id="342"><net_src comp="332" pin="2"/><net_sink comp="338" pin=0"/></net>

<net id="343"><net_src comp="316" pin="2"/><net_sink comp="338" pin=1"/></net>

<net id="349"><net_src comp="83" pin="3"/><net_sink comp="344" pin=1"/></net>

<net id="350"><net_src comp="338" pin="2"/><net_sink comp="344" pin=2"/></net>

<net id="355"><net_src comp="24" pin="0"/><net_sink comp="351" pin=1"/></net>

<net id="359"><net_src comp="113" pin="1"/><net_sink comp="356" pin=0"/></net>

<net id="360"><net_src comp="356" pin="1"/><net_sink comp="100" pin=2"/></net>

<net id="365"><net_src comp="83" pin="7"/><net_sink comp="361" pin=0"/></net>

<net id="366"><net_src comp="107" pin="3"/><net_sink comp="361" pin=1"/></net>

<net id="367"><net_src comp="361" pin="2"/><net_sink comp="83" pin=1"/></net>

<net id="371"><net_src comp="62" pin="3"/><net_sink comp="368" pin=0"/></net>

<net id="372"><net_src comp="368" pin="1"/><net_sink comp="83" pin=0"/></net>

<net id="373"><net_src comp="368" pin="1"/><net_sink comp="83" pin=2"/></net>

<net id="380"><net_src comp="183" pin="2"/><net_sink comp="377" pin=0"/></net>

<net id="381"><net_src comp="377" pin="1"/><net_sink comp="117" pin=2"/></net>

<net id="385"><net_src comp="189" pin="2"/><net_sink comp="382" pin=0"/></net>

<net id="389"><net_src comp="195" pin="2"/><net_sink comp="386" pin=0"/></net>

<net id="390"><net_src comp="386" pin="1"/><net_sink comp="129" pin=2"/></net>

<net id="394"><net_src comp="201" pin="2"/><net_sink comp="391" pin=0"/></net>

<net id="395"><net_src comp="391" pin="1"/><net_sink comp="221" pin=1"/></net>

<net id="399"><net_src comp="207" pin="2"/><net_sink comp="396" pin=0"/></net>

<net id="400"><net_src comp="396" pin="1"/><net_sink comp="221" pin=0"/></net>

<net id="404"><net_src comp="213" pin="3"/><net_sink comp="401" pin=0"/></net>

<net id="405"><net_src comp="401" pin="1"/><net_sink comp="251" pin=0"/></net>

<net id="406"><net_src comp="401" pin="1"/><net_sink comp="256" pin=0"/></net>

<net id="407"><net_src comp="401" pin="1"/><net_sink comp="261" pin=1"/></net>

<net id="408"><net_src comp="401" pin="1"/><net_sink comp="351" pin=0"/></net>

<net id="412"><net_src comp="221" pin="3"/><net_sink comp="409" pin=0"/></net>

<net id="413"><net_src comp="409" pin="1"/><net_sink comp="140" pin=2"/></net>

<net id="417"><net_src comp="70" pin="3"/><net_sink comp="414" pin=0"/></net>

<net id="418"><net_src comp="414" pin="1"/><net_sink comp="77" pin=0"/></net>

<net id="422"><net_src comp="302" pin="2"/><net_sink comp="419" pin=0"/></net>

<net id="423"><net_src comp="419" pin="1"/><net_sink comp="344" pin=0"/></net>

<net id="427"><net_src comp="88" pin="3"/><net_sink comp="424" pin=0"/></net>

<net id="428"><net_src comp="424" pin="1"/><net_sink comp="83" pin=2"/></net>

<net id="429"><net_src comp="424" pin="1"/><net_sink comp="83" pin=0"/></net>

<net id="433"><net_src comp="344" pin="3"/><net_sink comp="430" pin=0"/></net>

<net id="434"><net_src comp="430" pin="1"/><net_sink comp="83" pin=1"/></net>

<net id="438"><net_src comp="351" pin="2"/><net_sink comp="435" pin=0"/></net>

<net id="439"><net_src comp="435" pin="1"/><net_sink comp="152" pin=2"/></net>

<net id="443"><net_src comp="100" pin="3"/><net_sink comp="440" pin=0"/></net>

<net id="444"><net_src comp="440" pin="1"/><net_sink comp="107" pin=0"/></net>

</net_list>

</model> 
---------------- Datapath Model END ------------------

* FSMD analyzer results:
  - Output states:
	Port: state | {2 3 7 8 9 10 11 13 }
	Port: KeccakRhoOffsets | {}
	Port: KeccakRoundConstants | {}
 - Input state : 
	Port: KeccakP1600OnWords : state | {2 3 5 6 8 9 10 11 12 13 }
	Port: KeccakP1600OnWords : KeccakRhoOffsets | {5 6 }
	Port: KeccakP1600OnWords : KeccakRoundConstants | {12 13 }
  - Chain level:
	State 1
	State 2
		icmp_ln293 : 1
		i : 1
		br_ln293 : 2
	State 3
	State 4
		icmp_ln352_3 : 1
		add_ln352 : 1
		br_ln352 : 2
		x : 1
		icmp_ln352 : 1
		select_ln353_17 : 2
	State 5
		icmp_ln353_9 : 1
		add_ln353_10 : 1
		select_ln353_19 : 2
		zext_ln353 : 3
		select_ln353_20 : 1
		zext_ln353_15 : 2
		shl_ln : 2
		add_ln353 : 4
		zext_ln353_16 : 5
		add_ln353_5 : 6
		zext_ln353_17 : 7
		KeccakRhoOffsets_add : 8
		KeccakRhoOffsets_loa : 9
		icmp_ln353 : 7
		state_addr_2 : 8
		state_load_2 : 9
	State 6
		zext_ln353_18 : 1
		zext_ln353_19 : 1
		shl_ln353 : 2
		sub_ln353 : 2
		zext_ln353_20 : 3
		lshr_ln353 : 4
		xor_ln353 : 5
		select_ln353 : 5
	State 7
		empty_281 : 1
	State 8
	State 9
	State 10
	State 11
	State 12
		KeccakRoundConstants_9 : 1
		KeccakRoundConstants_10 : 2
	State 13
		xor_ln382 : 1
		store_ln382 : 1


============================================================
+ Verbose Summary: Datapath Resource usage 
============================================================

* Functional unit list:
|----------|------------------------|---------|---------|---------|---------|---------|
| Operation|     Functional Unit    |   BRAM  |  Delay  |    FF   |   LUT   |   URAM  |
|----------|------------------------|---------|---------|---------|---------|---------|
|          |      grp_pi_fu_159     |    4    |  22.11  |   1158  |   800   |    0    |
|   call   |    grp_theta_fu_165    |    0    | 9.05915 |   728   |   801   |    0    |
|          |     grp_chi_fu_171     |    0    |  5.807  |   238   |   446   |    0    |
|----------|------------------------|---------|---------|---------|---------|---------|
|    shl   |    shl_ln353_fu_316    |    0    |    0    |    0    |   182   |    0    |
|----------|------------------------|---------|---------|---------|---------|---------|
|   lshr   |    lshr_ln353_fu_332   |    0    |    0    |    0    |   182   |    0    |
|----------|------------------------|---------|---------|---------|---------|---------|
|    xor   |    xor_ln353_fu_338    |    0    |    0    |    0    |    64   |    0    |
|          |    xor_ln382_fu_361    |    0    |    0    |    0    |    64   |    0    |
|----------|------------------------|---------|---------|---------|---------|---------|
|          |        i_fu_183        |    0    |    0    |    0    |    15   |    0    |
|          |    add_ln352_fu_195    |    0    |    0    |    0    |    15   |    0    |
|          |        x_fu_201        |    0    |    0    |    0    |    12   |    0    |
|    add   |   add_ln353_10_fu_233  |    0    |    0    |    0    |    12   |    0    |
|          |   add_ln353_11_fu_256  |    0    |    0    |    0    |    12   |    0    |
|          |    add_ln353_fu_280    |    0    |    0    |    0    |    12   |    0    |
|          |   add_ln353_5_fu_290   |    0    |    0    |    0    |    15   |    0    |
|          |        y_fu_351        |    0    |    0    |    0    |    12   |    0    |
|----------|------------------------|---------|---------|---------|---------|---------|
|          | select_ln353_17_fu_213 |    0    |    0    |    0    |    3    |    0    |
|          | select_ln353_18_fu_221 |    0    |    0    |    0    |    3    |    0    |
|  select  | select_ln353_19_fu_239 |    0    |    0    |    0    |    3    |    0    |
|          | select_ln353_20_fu_261 |    0    |    0    |    0    |    3    |    0    |
|          |   select_ln353_fu_344  |    0    |    0    |    0    |    64   |    0    |
|----------|------------------------|---------|---------|---------|---------|---------|
|          |    icmp_ln293_fu_177   |    0    |    0    |    0    |    11   |    0    |
|          |   icmp_ln352_3_fu_189  |    0    |    0    |    0    |    11   |    0    |
|   icmp   |    icmp_ln352_fu_207   |    0    |    0    |    0    |    9    |    0    |
|          |   icmp_ln353_9_fu_227  |    0    |    0    |    0    |    9    |    0    |
|          |  icmp_ln353_10_fu_251  |    0    |    0    |    0    |    9    |    0    |
|          |    icmp_ln353_fu_302   |    0    |    0    |    0    |    11   |    0    |
|----------|------------------------|---------|---------|---------|---------|---------|
|    sub   |    sub_ln353_fu_322    |    0    |    0    |    0    |    15   |    0    |
|----------|------------------------|---------|---------|---------|---------|---------|
|          |    zext_ln353_fu_247   |    0    |    0    |    0    |    0    |    0    |
|          |  zext_ln353_15_fu_268  |    0    |    0    |    0    |    0    |    0    |
|          |  zext_ln353_16_fu_286  |    0    |    0    |    0    |    0    |    0    |
|   zext   |  zext_ln353_17_fu_296  |    0    |    0    |    0    |    0    |    0    |
|          |  zext_ln353_18_fu_308  |    0    |    0    |    0    |    0    |    0    |
|          |  zext_ln353_19_fu_312  |    0    |    0    |    0    |    0    |    0    |
|          |  zext_ln353_20_fu_328  |    0    |    0    |    0    |    0    |    0    |
|          |    zext_ln382_fu_356   |    0    |    0    |    0    |    0    |    0    |
|----------|------------------------|---------|---------|---------|---------|---------|
|bitconcatenate|      shl_ln_fu_272     |    0    |    0    |    0    |    0    |    0    |
|----------|------------------------|---------|---------|---------|---------|---------|
|   Total  |                        |    4    | 36.9761 |   2124  |   2795  |    0    |
|----------|------------------------|---------|---------|---------|---------|---------|

Memories:
N/A

* Register list:
+------------------------------+--------+
|                              |   FF   |
+------------------------------+--------+
| KeccakRhoOffsets_add_reg_414 |    5   |
|KeccakRoundConstants_9_reg_440|    5   |
|       add_ln352_reg_386      |    5   |
|           i_reg_377          |    5   |
|     icmp_ln352_3_reg_382     |    1   |
|      icmp_ln352_reg_396      |    1   |
|      icmp_ln353_reg_419      |    1   |
|   indexRound_assign_reg_113  |    5   |
|    indvar_flatten_reg_125    |    5   |
|    select_ln353_17_reg_401   |    3   |
|    select_ln353_18_reg_409   |    3   |
|     select_ln353_reg_430     |   64   |
|     state_addr_2_reg_424     |    5   |
|      state_addr_reg_368      |    5   |
|         x_0_i_reg_136        |    3   |
|           x_reg_391          |    3   |
|         y_0_i_reg_148        |    3   |
|           y_reg_435          |    3   |
+------------------------------+--------+
|             Total            |   125  |
+------------------------------+--------+

* Multiplexer (MUX) list: 
|---------------------------|------|------|------|--------||---------||---------|
|            Comp           |  Pin | Size |  BW  | S x BW ||  Delay  ||   LUT   |
|---------------------------|------|------|------|--------||---------||---------|
|      grp_access_fu_77     |  p0  |   2  |   5  |   10   ||    9    |
|      grp_access_fu_83     |  p0  |   2  |   5  |   10   ||    9    |
|      grp_access_fu_83     |  p1  |   2  |  64  |   128  ||    9    |
|      grp_access_fu_83     |  p2  |   3  |   0  |    0   ||    15   |
|     grp_access_fu_107     |  p0  |   2  |   5  |   10   ||    9    |
| indexRound_assign_reg_113 |  p0  |   2  |   5  |   10   ||    9    |
|       x_0_i_reg_136       |  p0  |   2  |   3  |    6   ||    9    |
|---------------------------|------|------|------|--------||---------||---------|
|           Total           |      |      |      |   174  || 9.55175 ||    69   |
|---------------------------|------|------|------|--------||---------||---------|



* Summary:
+-----------+--------+--------+--------+--------+--------+
|           |  BRAM  |  Delay |   FF   |   LUT  |  URAM  |
+-----------+--------+--------+--------+--------+--------+
|  Function |    4   |   36   |  2124  |  2795  |    0   |
|   Memory  |    -   |    -   |    -   |    -   |    -   |
|Multiplexer|    -   |    9   |    -   |   69   |    -   |
|  Register |    -   |    -   |   125  |    -   |    -   |
+-----------+--------+--------+--------+--------+--------+
|   Total   |    4   |   46   |  2249  |  2864  |    0   |
+-----------+--------+--------+--------+--------+--------+
