

================================================================
== Vivado HLS Report for 'matrix_mul'
================================================================
* Date:           Thu May 14 18:41:03 2020

* Version:        2019.2 (Build 2704478 on Wed Nov 06 22:10:23 MST 2019)
* Project:        picnic1
* Solution:       sign
* Product family: artix7
* Target device:  xc7a200t-fbg676-2


================================================================
== Performance Estimates
================================================================
+ Timing: 
    * Summary: 
    +--------+----------+----------+------------+
    |  Clock |  Target  | Estimated| Uncertainty|
    +--------+----------+----------+------------+
    |ap_clk  | 10.00 ns | 8.360 ns |   1.25 ns  |
    +--------+----------+----------+------------+

+ Latency: 
    * Summary: 
    +---------+---------+-----------+-----------+------+------+---------+
    |  Latency (cycles) |   Latency (absolute)  |   Interval  | Pipeline|
    |   min   |   max   |    min    |    max    |  min |  max |   Type  |
    +---------+---------+-----------+-----------+------+------+---------+
    |     2186|     2186| 21.860 us | 21.860 us |  2186|  2186|   none  |
    +---------+---------+-----------+-----------+------+------+---------+

    + Detail: 
        * Instance: 
        N/A

        * Loop: 
        +----------------------+---------+---------+----------+-----------+-----------+------+----------+
        |                      |  Latency (cycles) | Iteration|  Initiation Interval  | Trip |          |
        |       Loop Name      |   min   |   max   |  Latency |  achieved |   target  | Count| Pipelined|
        +----------------------+---------+---------+----------+-----------+-----------+------+----------+
        |- Loop 1              |     2176|     2176|        17|          -|          -|   128|    no    |
        | + matrix_mul_label3  |        4|        4|         2|          1|          1|     4|    yes   |
        | + Loop 1.2           |        6|        6|         2|          -|          -|     3|    no    |
        |- matrix_mul_label7   |        8|        8|         2|          -|          -|     4|    no    |
        +----------------------+---------+---------+----------+-----------+-----------+------+----------+

============================================================
+ Verbose Summary: Synthesis Manager
============================================================
InlineROM: 1
ExposeGlobal: 1
============================================================
+ Verbose Summary: CDFG Model
============================================================
IsTopModel: 0
ResetActiveHigh: 1
IsCombinational: 0
IsDatapathOnly: 0
HasWiredReturn: 1
HasMFsm: 0
HasVarLatency: 1
IsPipeline: 0
IsRtlPipelined: 0
IsInstanceOverlapped: 0
IsDontTouch: 0
HasImplIP: 0
IsGatedGlobalClock: 0

+ Individual pipeline summary: 
  * Pipeline-0: initiation interval (II) = 1, depth = 2


============================================================
+ Verbose Summary: Schedule
============================================================
* Number of FSM states : 12
* Pipeline : 1
  Pipeline-0 : II = 1, D = 2, States = { 3 4 }
* Dataflow Pipeline: 0

* FSM state transitions: 
1 --> 2 
2 --> 3 11 
3 --> 5 4 
4 --> 3 
5 --> 6 
6 --> 7 
7 --> 8 9 
8 --> 7 
9 --> 10 
10 --> 2 
11 --> 12 
12 --> 11 

* FSM state operations: 

State 1 <SV = 0> <Delay = 3.13>
ST_1 : Operation 13 [1/1] (0.00ns)   --->   "call void (...)* @_ssdm_op_SpecBRAMWithByteEnable([36 x i32]* %output_r)"   --->   Operation 13 'specbramwithbyteenable' <Predicate = true> <Delay = 0.00>
ST_1 : Operation 14 [1/1] (0.00ns)   --->   "%matrix_offset_read = call i14 @_ssdm_op_Read.ap_auto.i14(i14 %matrix_offset)"   --->   Operation 14 'read' 'matrix_offset_read' <Predicate = true> <Delay = 0.00>
ST_1 : Operation 15 [1/1] (0.00ns)   --->   "%state_offset1_read = call i4 @_ssdm_op_Read.ap_auto.i4(i4 %state_offset1)"   --->   Operation 15 'read' 'state_offset1_read' <Predicate = true> <Delay = 0.00>
ST_1 : Operation 16 [1/1] (0.00ns)   --->   "%state_offset_read = call i8 @_ssdm_op_Read.ap_auto.i8(i8 %state_offset)"   --->   Operation 16 'read' 'state_offset_read' <Predicate = true> <Delay = 0.00>
ST_1 : Operation 17 [1/1] (0.00ns)   --->   "%output_offset_read = call i5 @_ssdm_op_Read.ap_auto.i5(i5 %output_offset)"   --->   Operation 17 'read' 'output_offset_read' <Predicate = true> <Delay = 0.00>
ST_1 : Operation 18 [1/1] (0.00ns)   --->   "%zext_ln127_5 = zext i4 %state_offset1_read to i11" [picnic_impl.c:127]   --->   Operation 18 'zext' 'zext_ln127_5' <Predicate = true> <Delay = 0.00>
ST_1 : Operation 19 [1/1] (0.00ns)   --->   "%zext_ln127_6 = zext i8 %state_offset_read to i11" [picnic_impl.c:127]   --->   Operation 19 'zext' 'zext_ln127_6' <Predicate = true> <Delay = 0.00>
ST_1 : Operation 20 [1/1] (0.00ns)   --->   "%tmp = call i10 @_ssdm_op_BitConcatenate.i10.i8.i2(i8 %state_offset_read, i2 0)" [picnic_impl.c:127]   --->   Operation 20 'bitconcatenate' 'tmp' <Predicate = true> <Delay = 0.00>
ST_1 : Operation 21 [1/1] (0.00ns)   --->   "%zext_ln127_7 = zext i10 %tmp to i11" [picnic_impl.c:127]   --->   Operation 21 'zext' 'zext_ln127_7' <Predicate = true> <Delay = 0.00>
ST_1 : Operation 22 [1/1] (0.00ns) (grouped into TernaryAdder)   --->   "%sub_ln127 = sub i11 %zext_ln127_7, %zext_ln127_6" [picnic_impl.c:127]   --->   Operation 22 'sub' 'sub_ln127' <Predicate = true> <Delay = 0.00> <Core = "TAddSub">   --->   Core 83 'TAddSub' <Latency = 0> <II = 1> <Delay = 1.56> <IPBlock> <Opcode : 'add' 'sub'> <InPorts = 3> <OutPorts = 1> <Sync> <CReg>
ST_1 : Operation 23 [1/1] (3.13ns) (root node of TernaryAdder)   --->   "%add_ln127_2 = add i11 %sub_ln127, %zext_ln127_5" [picnic_impl.c:127]   --->   Operation 23 'add' 'add_ln127_2' <Predicate = true> <Delay = 3.13> <Core = "TAddSub">   --->   Core 83 'TAddSub' <Latency = 0> <II = 1> <Delay = 1.56> <IPBlock> <Opcode : 'add' 'sub'> <InPorts = 3> <OutPorts = 1> <Sync> <CReg>
ST_1 : Operation 24 [1/1] (0.00ns)   --->   "%tmp_41_cast = call i13 @_ssdm_op_BitConcatenate.i13.i11.i2(i11 %add_ln127_2, i2 0)" [picnic_impl.c:127]   --->   Operation 24 'bitconcatenate' 'tmp_41_cast' <Predicate = true> <Delay = 0.00>
ST_1 : Operation 25 [1/1] (0.00ns)   --->   "%prod = alloca [64 x i32], align 16" [picnic_impl.c:121]   --->   Operation 25 'alloca' 'prod' <Predicate = true> <Delay = 0.00> <Core = "RAM">   --->   Core 37 'RAM' <Latency = 1> <II = 1> <Delay = 2.77> <Storage> <Opcode : 'load' 'store'> <Ports = 2> <Width = 32> <Depth = 36> <RAM>
ST_1 : Operation 26 [1/1] (0.00ns)   --->   "%temp = alloca [64 x i32], align 16" [picnic_impl.c:122]   --->   Operation 26 'alloca' 'temp' <Predicate = true> <Delay = 0.00> <Core = "RAM">   --->   Core 37 'RAM' <Latency = 1> <II = 1> <Delay = 2.77> <Storage> <Opcode : 'load' 'store'> <Ports = 2> <Width = 32> <Depth = 36> <RAM>
ST_1 : Operation 27 [1/1] (0.00ns)   --->   "%prod_addr = getelementptr [64 x i32]* %prod, i64 0, i64 0" [picnic_impl.c:81->picnic_impl.c:129]   --->   Operation 27 'getelementptr' 'prod_addr' <Predicate = true> <Delay = 0.00>
ST_1 : Operation 28 [1/1] (1.35ns)   --->   "br label %1" [picnic_impl.c:124]   --->   Operation 28 'br' <Predicate = true> <Delay = 1.35>

State 2 <SV = 1> <Delay = 1.71>
ST_2 : Operation 29 [1/1] (0.00ns)   --->   "%bitNumber_assign = phi i8 [ 0, %0 ], [ %i, %parity.exit ]"   --->   Operation 29 'phi' 'bitNumber_assign' <Predicate = true> <Delay = 0.00>
ST_2 : Operation 30 [1/1] (1.24ns)   --->   "%icmp_ln124 = icmp eq i8 %bitNumber_assign, -128" [picnic_impl.c:124]   --->   Operation 30 'icmp' 'icmp_ln124' <Predicate = true> <Delay = 1.24> <Core = "Cmp">   --->   Core 25 'Cmp' <Latency = 0> <II = 1> <Delay = 1.00> <FuncUnit> <Opcode : 'icmp'> <InPorts = 2> <OutPorts = 1>
ST_2 : Operation 31 [1/1] (0.00ns)   --->   "%empty = call i32 (...)* @_ssdm_op_SpecLoopTripCount(i64 128, i64 128, i64 0)"   --->   Operation 31 'speclooptripcount' 'empty' <Predicate = true> <Delay = 0.00>
ST_2 : Operation 32 [1/1] (1.71ns)   --->   "%i = add i8 %bitNumber_assign, 1" [picnic_impl.c:124]   --->   Operation 32 'add' 'i' <Predicate = true> <Delay = 1.71> <Core = "AddSub">   --->   Core 14 'AddSub' <Latency = 0> <II = 1> <Delay = 1.49> <FuncUnit> <Opcode : 'add' 'sub'> <InPorts = 2> <OutPorts = 1>
ST_2 : Operation 33 [1/1] (0.00ns)   --->   "br i1 %icmp_ln124, label %.preheader.preheader, label %.preheader1.preheader" [picnic_impl.c:124]   --->   Operation 33 'br' <Predicate = true> <Delay = 0.00>
ST_2 : Operation 34 [1/1] (0.00ns)   --->   "%trunc_ln124 = trunc i8 %bitNumber_assign to i3" [picnic_impl.c:124]   --->   Operation 34 'trunc' 'trunc_ln124' <Predicate = (!icmp_ln124)> <Delay = 0.00>
ST_2 : Operation 35 [1/1] (0.00ns)   --->   "%trunc_ln126 = trunc i8 %bitNumber_assign to i7" [picnic_impl.c:126]   --->   Operation 35 'trunc' 'trunc_ln126' <Predicate = (!icmp_ln124)> <Delay = 0.00>
ST_2 : Operation 36 [1/1] (0.00ns)   --->   "%shl_ln = call i9 @_ssdm_op_BitConcatenate.i9.i7.i2(i7 %trunc_ln126, i2 0)" [picnic_impl.c:126]   --->   Operation 36 'bitconcatenate' 'shl_ln' <Predicate = (!icmp_ln124)> <Delay = 0.00>
ST_2 : Operation 37 [1/1] (1.35ns)   --->   "br label %.preheader1" [picnic_impl.c:125]   --->   Operation 37 'br' <Predicate = (!icmp_ln124)> <Delay = 1.35>
ST_2 : Operation 38 [1/1] (0.00ns)   --->   "%trunc_ln134 = trunc i5 %output_offset_read to i4" [picnic_impl.c:134]   --->   Operation 38 'trunc' 'trunc_ln134' <Predicate = (icmp_ln124)> <Delay = 0.00>
ST_2 : Operation 39 [1/1] (1.35ns)   --->   "br label %.preheader" [picnic_impl.c:133]   --->   Operation 39 'br' <Predicate = (icmp_ln124)> <Delay = 1.35>

State 3 <SV = 2> <Delay = 6.31>
ST_3 : Operation 40 [1/1] (0.00ns)   --->   "%j_0 = phi i3 [ %j, %matrix_mul_label3 ], [ 0, %.preheader1.preheader ]"   --->   Operation 40 'phi' 'j_0' <Predicate = true> <Delay = 0.00>
ST_3 : Operation 41 [1/1] (1.00ns)   --->   "%icmp_ln125 = icmp eq i3 %j_0, -4" [picnic_impl.c:125]   --->   Operation 41 'icmp' 'icmp_ln125' <Predicate = true> <Delay = 1.00> <Core = "Cmp">   --->   Core 25 'Cmp' <Latency = 0> <II = 1> <Delay = 1.00> <FuncUnit> <Opcode : 'icmp'> <InPorts = 2> <OutPorts = 1>
ST_3 : Operation 42 [1/1] (0.00ns)   --->   "%empty_78 = call i32 (...)* @_ssdm_op_SpecLoopTripCount(i64 4, i64 4, i64 0)"   --->   Operation 42 'speclooptripcount' 'empty_78' <Predicate = true> <Delay = 0.00>
ST_3 : Operation 43 [1/1] (1.34ns)   --->   "%j = add i3 %j_0, 1" [picnic_impl.c:125]   --->   Operation 43 'add' 'j' <Predicate = true> <Delay = 1.34> <Core = "AddSub">   --->   Core 14 'AddSub' <Latency = 0> <II = 1> <Delay = 1.49> <FuncUnit> <Opcode : 'add' 'sub'> <InPorts = 2> <OutPorts = 1>
ST_3 : Operation 44 [1/1] (0.00ns)   --->   "br i1 %icmp_ln125, label %2, label %matrix_mul_label3" [picnic_impl.c:125]   --->   Operation 44 'br' <Predicate = true> <Delay = 0.00>
ST_3 : Operation 45 [1/1] (0.00ns)   --->   "%zext_ln125 = zext i3 %j_0 to i9" [picnic_impl.c:125]   --->   Operation 45 'zext' 'zext_ln125' <Predicate = (!icmp_ln125)> <Delay = 0.00>
ST_3 : Operation 46 [1/1] (1.73ns)   --->   "%add_ln126 = add i9 %zext_ln125, %shl_ln" [picnic_impl.c:126]   --->   Operation 46 'add' 'add_ln126' <Predicate = (!icmp_ln125)> <Delay = 1.73> <Core = "AddSub">   --->   Core 14 'AddSub' <Latency = 0> <II = 1> <Delay = 1.49> <FuncUnit> <Opcode : 'add' 'sub'> <InPorts = 2> <OutPorts = 1>
ST_3 : Operation 47 [1/1] (0.00ns)   --->   "%zext_ln126 = zext i9 %add_ln126 to i14" [picnic_impl.c:126]   --->   Operation 47 'zext' 'zext_ln126' <Predicate = (!icmp_ln125)> <Delay = 0.00>
ST_3 : Operation 48 [1/1] (0.00ns)   --->   "%zext_ln127_8 = zext i3 %j_0 to i13" [picnic_impl.c:127]   --->   Operation 48 'zext' 'zext_ln127_8' <Predicate = (!icmp_ln125)> <Delay = 0.00>
ST_3 : Operation 49 [1/1] (1.79ns)   --->   "%add_ln127_3 = add i13 %tmp_41_cast, %zext_ln127_8" [picnic_impl.c:127]   --->   Operation 49 'add' 'add_ln127_3' <Predicate = (!icmp_ln125)> <Delay = 1.79> <Core = "AddSub">   --->   Core 14 'AddSub' <Latency = 0> <II = 1> <Delay = 1.49> <FuncUnit> <Opcode : 'add' 'sub'> <InPorts = 2> <OutPorts = 1>
ST_3 : Operation 50 [1/1] (0.00ns)   --->   "%zext_ln127_9 = zext i13 %add_ln127_3 to i64" [picnic_impl.c:127]   --->   Operation 50 'zext' 'zext_ln127_9' <Predicate = (!icmp_ln125)> <Delay = 0.00>
ST_3 : Operation 51 [1/1] (0.00ns)   --->   "%state_addr = getelementptr [2628 x i32]* %state, i64 0, i64 %zext_ln127_9" [picnic_impl.c:127]   --->   Operation 51 'getelementptr' 'state_addr' <Predicate = (!icmp_ln125)> <Delay = 0.00>
ST_3 : Operation 52 [2/2] (2.77ns)   --->   "%state_load = load i32* %state_addr, align 4" [picnic_impl.c:127]   --->   Operation 52 'load' 'state_load' <Predicate = (!icmp_ln125)> <Delay = 2.77> <Core = "RAM">   --->   Core 37 'RAM' <Latency = 1> <II = 1> <Delay = 2.77> <Storage> <Opcode : 'load' 'store'> <Ports = 2> <Width = 32> <Depth = 36> <RAM>
ST_3 : Operation 53 [1/1] (1.80ns)   --->   "%add_ln127 = add i14 %matrix_offset_read, %zext_ln126" [picnic_impl.c:127]   --->   Operation 53 'add' 'add_ln127' <Predicate = (!icmp_ln125)> <Delay = 1.80> <Core = "AddSub">   --->   Core 14 'AddSub' <Latency = 0> <II = 1> <Delay = 1.49> <FuncUnit> <Opcode : 'add' 'sub'> <InPorts = 2> <OutPorts = 1>
ST_3 : Operation 54 [1/1] (0.00ns)   --->   "%zext_ln127_4 = zext i14 %add_ln127 to i64" [picnic_impl.c:127]   --->   Operation 54 'zext' 'zext_ln127_4' <Predicate = (!icmp_ln125)> <Delay = 0.00>
ST_3 : Operation 55 [1/1] (0.00ns)   --->   "%temp_matrix_addr = getelementptr [10752 x i32]* @temp_matrix, i64 0, i64 %zext_ln127_4" [picnic_impl.c:127]   --->   Operation 55 'getelementptr' 'temp_matrix_addr' <Predicate = (!icmp_ln125)> <Delay = 0.00>
ST_3 : Operation 56 [2/2] (2.77ns)   --->   "%temp_matrix_load = load i32* %temp_matrix_addr, align 4" [picnic_impl.c:127]   --->   Operation 56 'load' 'temp_matrix_load' <Predicate = (!icmp_ln125)> <Delay = 2.77> <Core = "ROM_nP">   --->   Core 52 'ROM_nP' <Latency = 1> <II = 1> <Delay = 2.77> <Storage> <Opcode : 'load'> <Ports = 0> <Width = 32> <Depth = 10752> <ROM>

State 4 <SV = 3> <Delay = 6.35>
ST_4 : Operation 57 [1/1] (0.00ns)   --->   "call void (...)* @_ssdm_op_SpecLoopName([18 x i8]* @p_str20137) nounwind" [picnic_impl.c:125]   --->   Operation 57 'specloopname' <Predicate = (!icmp_ln125)> <Delay = 0.00>
ST_4 : Operation 58 [1/1] (0.00ns)   --->   "%tmp_s = call i32 (...)* @_ssdm_op_SpecRegionBegin([18 x i8]* @p_str20137)" [picnic_impl.c:125]   --->   Operation 58 'specregionbegin' 'tmp_s' <Predicate = (!icmp_ln125)> <Delay = 0.00>
ST_4 : Operation 59 [1/1] (0.00ns)   --->   "call void (...)* @_ssdm_op_SpecPipeline(i32 -1, i32 1, i32 1, i32 0, [1 x i8]* @p_str3118) nounwind" [picnic_impl.c:126]   --->   Operation 59 'specpipeline' <Predicate = (!icmp_ln125)> <Delay = 0.00>
ST_4 : Operation 60 [1/1] (0.00ns)   --->   "%zext_ln127 = zext i3 %j_0 to i64" [picnic_impl.c:127]   --->   Operation 60 'zext' 'zext_ln127' <Predicate = (!icmp_ln125)> <Delay = 0.00>
ST_4 : Operation 61 [1/2] (2.77ns)   --->   "%state_load = load i32* %state_addr, align 4" [picnic_impl.c:127]   --->   Operation 61 'load' 'state_load' <Predicate = (!icmp_ln125)> <Delay = 2.77> <Core = "RAM">   --->   Core 37 'RAM' <Latency = 1> <II = 1> <Delay = 2.77> <Storage> <Opcode : 'load' 'store'> <Ports = 2> <Width = 32> <Depth = 36> <RAM>
ST_4 : Operation 62 [1/2] (2.77ns)   --->   "%temp_matrix_load = load i32* %temp_matrix_addr, align 4" [picnic_impl.c:127]   --->   Operation 62 'load' 'temp_matrix_load' <Predicate = (!icmp_ln125)> <Delay = 2.77> <Core = "ROM_nP">   --->   Core 52 'ROM_nP' <Latency = 1> <II = 1> <Delay = 2.77> <Storage> <Opcode : 'load'> <Ports = 0> <Width = 32> <Depth = 10752> <ROM>
ST_4 : Operation 63 [1/1] (0.80ns)   --->   "%and_ln127 = and i32 %temp_matrix_load, %state_load" [picnic_impl.c:127]   --->   Operation 63 'and' 'and_ln127' <Predicate = (!icmp_ln125)> <Delay = 0.80> <Core = "LogicGate">   --->   Core 27 'LogicGate' <Latency = 0> <II = 1> <Delay = 0.80> <FuncUnit> <Opcode : 'and' 'or' 'xor'> <InPorts = 2> <OutPorts = 1>
ST_4 : Operation 64 [1/1] (0.00ns)   --->   "%prod_addr_3 = getelementptr inbounds [64 x i32]* %prod, i64 0, i64 %zext_ln127" [picnic_impl.c:127]   --->   Operation 64 'getelementptr' 'prod_addr_3' <Predicate = (!icmp_ln125)> <Delay = 0.00>
ST_4 : Operation 65 [1/1] (2.77ns)   --->   "store i32 %and_ln127, i32* %prod_addr_3, align 4" [picnic_impl.c:127]   --->   Operation 65 'store' <Predicate = (!icmp_ln125)> <Delay = 2.77> <Core = "RAM">   --->   Core 37 'RAM' <Latency = 1> <II = 1> <Delay = 2.77> <Storage> <Opcode : 'load' 'store'> <Ports = 2> <Width = 32> <Depth = 36> <RAM>
ST_4 : Operation 66 [1/1] (0.00ns)   --->   "%empty_79 = call i32 (...)* @_ssdm_op_SpecRegionEnd([18 x i8]* @p_str20137, i32 %tmp_s)" [picnic_impl.c:128]   --->   Operation 66 'specregionend' 'empty_79' <Predicate = (!icmp_ln125)> <Delay = 0.00>
ST_4 : Operation 67 [1/1] (0.00ns)   --->   "br label %.preheader1" [picnic_impl.c:125]   --->   Operation 67 'br' <Predicate = (!icmp_ln125)> <Delay = 0.00>

State 5 <SV = 3> <Delay = 2.77>
ST_5 : Operation 68 [2/2] (2.77ns)   --->   "%x = load i32* %prod_addr, align 16" [picnic_impl.c:83->picnic_impl.c:129]   --->   Operation 68 'load' 'x' <Predicate = true> <Delay = 2.77> <Core = "RAM">   --->   Core 37 'RAM' <Latency = 1> <II = 1> <Delay = 2.77> <Storage> <Opcode : 'load' 'store'> <Ports = 2> <Width = 32> <Depth = 36> <RAM>

State 6 <SV = 4> <Delay = 2.77>
ST_6 : Operation 69 [1/2] (2.77ns)   --->   "%x = load i32* %prod_addr, align 16" [picnic_impl.c:83->picnic_impl.c:129]   --->   Operation 69 'load' 'x' <Predicate = true> <Delay = 2.77> <Core = "RAM">   --->   Core 37 'RAM' <Latency = 1> <II = 1> <Delay = 2.77> <Storage> <Opcode : 'load' 'store'> <Ports = 2> <Width = 32> <Depth = 36> <RAM>
ST_6 : Operation 70 [1/1] (1.35ns)   --->   "br label %3" [picnic_impl.c:85->picnic_impl.c:129]   --->   Operation 70 'br' <Predicate = true> <Delay = 1.35>

State 7 <SV = 5> <Delay = 2.77>
ST_7 : Operation 71 [1/1] (0.00ns)   --->   "%x_0_i = phi i32 [ %x, %2 ], [ %x_8, %4 ]"   --->   Operation 71 'phi' 'x_0_i' <Predicate = true> <Delay = 0.00>
ST_7 : Operation 72 [1/1] (0.00ns)   --->   "%i_0_i = phi i3 [ 1, %2 ], [ %i_12, %4 ]"   --->   Operation 72 'phi' 'i_0_i' <Predicate = true> <Delay = 0.00>
ST_7 : Operation 73 [1/1] (0.00ns)   --->   "%zext_ln85 = zext i3 %i_0_i to i64" [picnic_impl.c:85->picnic_impl.c:129]   --->   Operation 73 'zext' 'zext_ln85' <Predicate = true> <Delay = 0.00>
ST_7 : Operation 74 [1/1] (1.00ns)   --->   "%icmp_ln85 = icmp eq i3 %i_0_i, -4" [picnic_impl.c:85->picnic_impl.c:129]   --->   Operation 74 'icmp' 'icmp_ln85' <Predicate = true> <Delay = 1.00> <Core = "Cmp">   --->   Core 25 'Cmp' <Latency = 0> <II = 1> <Delay = 1.00> <FuncUnit> <Opcode : 'icmp'> <InPorts = 2> <OutPorts = 1>
ST_7 : Operation 75 [1/1] (0.00ns)   --->   "%empty_80 = call i32 (...)* @_ssdm_op_SpecLoopTripCount(i64 3, i64 3, i64 3)"   --->   Operation 75 'speclooptripcount' 'empty_80' <Predicate = true> <Delay = 0.00>
ST_7 : Operation 76 [1/1] (0.00ns)   --->   "br i1 %icmp_ln85, label %parity.exit, label %4" [picnic_impl.c:85->picnic_impl.c:129]   --->   Operation 76 'br' <Predicate = true> <Delay = 0.00>
ST_7 : Operation 77 [1/1] (0.00ns)   --->   "%prod_addr_4 = getelementptr [64 x i32]* %prod, i64 0, i64 %zext_ln85" [picnic_impl.c:86->picnic_impl.c:129]   --->   Operation 77 'getelementptr' 'prod_addr_4' <Predicate = (!icmp_ln85)> <Delay = 0.00>
ST_7 : Operation 78 [2/2] (2.77ns)   --->   "%prod_load = load i32* %prod_addr_4, align 4" [picnic_impl.c:86->picnic_impl.c:129]   --->   Operation 78 'load' 'prod_load' <Predicate = (!icmp_ln85)> <Delay = 2.77> <Core = "RAM">   --->   Core 37 'RAM' <Latency = 1> <II = 1> <Delay = 2.77> <Storage> <Opcode : 'load' 'store'> <Ports = 2> <Width = 32> <Depth = 36> <RAM>
ST_7 : Operation 79 [1/1] (1.34ns)   --->   "%i_12 = add i3 %i_0_i, 1" [picnic_impl.c:85->picnic_impl.c:129]   --->   Operation 79 'add' 'i_12' <Predicate = (!icmp_ln85)> <Delay = 1.34> <Core = "AddSub">   --->   Core 14 'AddSub' <Latency = 0> <II = 1> <Delay = 1.49> <FuncUnit> <Opcode : 'add' 'sub'> <InPorts = 2> <OutPorts = 1>
ST_7 : Operation 80 [1/1] (0.00ns)   --->   "%tmp_46 = call i2 @_ssdm_op_PartSelect.i2.i8.i32.i32(i8 %bitNumber_assign, i32 3, i32 4)" [picnic_impl.c:66->picnic_impl.c:129]   --->   Operation 80 'partselect' 'tmp_46' <Predicate = (icmp_ln85)> <Delay = 0.00>
ST_7 : Operation 81 [1/1] (0.00ns)   --->   "%adjSize = call i3 @_ssdm_op_PartSelect.i3.i8.i32.i32(i8 %bitNumber_assign, i32 5, i32 7)" [picnic_impl.c:66->picnic_impl.c:129]   --->   Operation 81 'partselect' 'adjSize' <Predicate = (icmp_ln85)> <Delay = 0.00>
ST_7 : Operation 82 [1/1] (0.00ns)   --->   "%zext_ln66 = zext i3 %adjSize to i64" [picnic_impl.c:66->picnic_impl.c:129]   --->   Operation 82 'zext' 'zext_ln66' <Predicate = (icmp_ln85)> <Delay = 0.00>
ST_7 : Operation 83 [1/1] (0.00ns)   --->   "%temp_addr_3 = getelementptr [64 x i32]* %temp, i64 0, i64 %zext_ln66" [picnic_impl.c:66->picnic_impl.c:129]   --->   Operation 83 'getelementptr' 'temp_addr_3' <Predicate = (icmp_ln85)> <Delay = 0.00>
ST_7 : Operation 84 [2/2] (2.77ns)   --->   "%temp_load_2 = load i32* %temp_addr_3, align 4" [picnic_impl.c:66->picnic_impl.c:129]   --->   Operation 84 'load' 'temp_load_2' <Predicate = (icmp_ln85)> <Delay = 2.77> <Core = "RAM">   --->   Core 37 'RAM' <Latency = 1> <II = 1> <Delay = 2.77> <Storage> <Opcode : 'load' 'store'> <Ports = 2> <Width = 32> <Depth = 36> <RAM>

State 8 <SV = 6> <Delay = 3.58>
ST_8 : Operation 85 [1/2] (2.77ns)   --->   "%prod_load = load i32* %prod_addr_4, align 4" [picnic_impl.c:86->picnic_impl.c:129]   --->   Operation 85 'load' 'prod_load' <Predicate = true> <Delay = 2.77> <Core = "RAM">   --->   Core 37 'RAM' <Latency = 1> <II = 1> <Delay = 2.77> <Storage> <Opcode : 'load' 'store'> <Ports = 2> <Width = 32> <Depth = 36> <RAM>
ST_8 : Operation 86 [1/1] (0.80ns)   --->   "%x_8 = xor i32 %prod_load, %x_0_i" [picnic_impl.c:86->picnic_impl.c:129]   --->   Operation 86 'xor' 'x_8' <Predicate = true> <Delay = 0.80> <Core = "LogicGate">   --->   Core 27 'LogicGate' <Latency = 0> <II = 1> <Delay = 0.80> <FuncUnit> <Opcode : 'and' 'or' 'xor'> <InPorts = 2> <OutPorts = 1>
ST_8 : Operation 87 [1/1] (0.00ns)   --->   "br label %3" [picnic_impl.c:85->picnic_impl.c:129]   --->   Operation 87 'br' <Predicate = true> <Delay = 0.00>

State 9 <SV = 6> <Delay = 8.36>
ST_9 : Operation 88 [1/1] (0.00ns)   --->   "%lshr_ln = call i31 @_ssdm_op_PartSelect.i31.i32.i32.i32(i32 %x_0_i, i32 1, i32 31)" [picnic_impl.c:93->picnic_impl.c:129]   --->   Operation 88 'partselect' 'lshr_ln' <Predicate = true> <Delay = 0.00>
ST_9 : Operation 89 [1/1] (0.00ns)   --->   "%zext_ln93 = zext i31 %lshr_ln to i32" [picnic_impl.c:93->picnic_impl.c:129]   --->   Operation 89 'zext' 'zext_ln93' <Predicate = true> <Delay = 0.00>
ST_9 : Operation 90 [1/1] (0.00ns) (grouped into LUT with out node shl_ln66_8)   --->   "%trunc_ln93 = trunc i32 %x_0_i to i1" [picnic_impl.c:93->picnic_impl.c:129]   --->   Operation 90 'trunc' 'trunc_ln93' <Predicate = true> <Delay = 0.00>
ST_9 : Operation 91 [1/1] (0.00ns) (grouped into LUT with out node shl_ln66_8)   --->   "%tmp_41 = call i1 @_ssdm_op_BitSelect.i1.i32.i32(i32 %x_0_i, i32 1)" [picnic_impl.c:93->picnic_impl.c:129]   --->   Operation 91 'bitselect' 'tmp_41' <Predicate = true> <Delay = 0.00>
ST_9 : Operation 92 [1/1] (0.00ns) (grouped into LUT with out node xor_ln98_6)   --->   "%trunc_ln93_2 = trunc i32 %x_0_i to i24" [picnic_impl.c:93->picnic_impl.c:129]   --->   Operation 92 'trunc' 'trunc_ln93_2' <Predicate = true> <Delay = 0.00>
ST_9 : Operation 93 [1/1] (0.00ns) (grouped into LUT with out node xor_ln98_6)   --->   "%trunc_ln93_6 = call i24 @_ssdm_op_PartSelect.i24.i32.i32.i32(i32 %x_0_i, i32 1, i32 24)" [picnic_impl.c:93->picnic_impl.c:129]   --->   Operation 93 'partselect' 'trunc_ln93_6' <Predicate = true> <Delay = 0.00>
ST_9 : Operation 94 [1/1] (0.80ns)   --->   "%y = xor i32 %zext_ln93, %x_0_i" [picnic_impl.c:93->picnic_impl.c:129]   --->   Operation 94 'xor' 'y' <Predicate = true> <Delay = 0.80> <Core = "LogicGate">   --->   Core 27 'LogicGate' <Latency = 0> <II = 1> <Delay = 0.80> <FuncUnit> <Opcode : 'and' 'or' 'xor'> <InPorts = 2> <OutPorts = 1>
ST_9 : Operation 95 [1/1] (0.00ns)   --->   "%lshr_ln4 = call i30 @_ssdm_op_PartSelect.i30.i32.i32.i32(i32 %y, i32 2, i32 31)" [picnic_impl.c:94->picnic_impl.c:129]   --->   Operation 95 'partselect' 'lshr_ln4' <Predicate = true> <Delay = 0.00>
ST_9 : Operation 96 [1/1] (0.00ns)   --->   "%zext_ln94 = zext i30 %lshr_ln4 to i32" [picnic_impl.c:94->picnic_impl.c:129]   --->   Operation 96 'zext' 'zext_ln94' <Predicate = true> <Delay = 0.00>
ST_9 : Operation 97 [1/1] (0.00ns) (grouped into LUT with out node shl_ln66_8)   --->   "%tmp_42 = call i1 @_ssdm_op_BitSelect.i1.i32.i32(i32 %y, i32 2)" [picnic_impl.c:94->picnic_impl.c:129]   --->   Operation 97 'bitselect' 'tmp_42' <Predicate = true> <Delay = 0.00>
ST_9 : Operation 98 [1/1] (0.00ns) (grouped into LUT with out node xor_ln98_6)   --->   "%xor_ln94 = xor i24 %trunc_ln93_6, %trunc_ln93_2" [picnic_impl.c:94->picnic_impl.c:129]   --->   Operation 98 'xor' 'xor_ln94' <Predicate = true> <Delay = 0.00> <Core = "LogicGate">   --->   Core 27 'LogicGate' <Latency = 0> <II = 1> <Delay = 0.80> <FuncUnit> <Opcode : 'and' 'or' 'xor'> <InPorts = 2> <OutPorts = 1>
ST_9 : Operation 99 [1/1] (0.00ns) (grouped into LUT with out node xor_ln98_6)   --->   "%trunc_ln94_2 = call i24 @_ssdm_op_PartSelect.i24.i32.i32.i32(i32 %y, i32 2, i32 25)" [picnic_impl.c:94->picnic_impl.c:129]   --->   Operation 99 'partselect' 'trunc_ln94_2' <Predicate = true> <Delay = 0.00>
ST_9 : Operation 100 [1/1] (0.80ns)   --->   "%y_4 = xor i32 %zext_ln94, %y" [picnic_impl.c:94->picnic_impl.c:129]   --->   Operation 100 'xor' 'y_4' <Predicate = true> <Delay = 0.80> <Core = "LogicGate">   --->   Core 27 'LogicGate' <Latency = 0> <II = 1> <Delay = 0.80> <FuncUnit> <Opcode : 'and' 'or' 'xor'> <InPorts = 2> <OutPorts = 1>
ST_9 : Operation 101 [1/1] (0.00ns)   --->   "%lshr_ln5 = call i28 @_ssdm_op_PartSelect.i28.i32.i32.i32(i32 %y_4, i32 4, i32 31)" [picnic_impl.c:95->picnic_impl.c:129]   --->   Operation 101 'partselect' 'lshr_ln5' <Predicate = true> <Delay = 0.00>
ST_9 : Operation 102 [1/1] (0.00ns)   --->   "%zext_ln95 = zext i28 %lshr_ln5 to i32" [picnic_impl.c:95->picnic_impl.c:129]   --->   Operation 102 'zext' 'zext_ln95' <Predicate = true> <Delay = 0.00>
ST_9 : Operation 103 [1/1] (0.00ns) (grouped into LUT with out node shl_ln66_8)   --->   "%tmp_43 = call i1 @_ssdm_op_BitSelect.i1.i32.i32(i32 %y_4, i32 4)" [picnic_impl.c:95->picnic_impl.c:129]   --->   Operation 103 'bitselect' 'tmp_43' <Predicate = true> <Delay = 0.00>
ST_9 : Operation 104 [1/1] (0.00ns) (grouped into LUT with out node xor_ln98_6)   --->   "%xor_ln95 = xor i24 %trunc_ln94_2, %xor_ln94" [picnic_impl.c:95->picnic_impl.c:129]   --->   Operation 104 'xor' 'xor_ln95' <Predicate = true> <Delay = 0.00> <Core = "LogicGate">   --->   Core 27 'LogicGate' <Latency = 0> <II = 1> <Delay = 0.80> <FuncUnit> <Opcode : 'and' 'or' 'xor'> <InPorts = 2> <OutPorts = 1>
ST_9 : Operation 105 [1/1] (0.00ns) (grouped into LUT with out node xor_ln98_6)   --->   "%trunc_ln95_2 = call i24 @_ssdm_op_PartSelect.i24.i32.i32.i32(i32 %y_4, i32 4, i32 27)" [picnic_impl.c:95->picnic_impl.c:129]   --->   Operation 105 'partselect' 'trunc_ln95_2' <Predicate = true> <Delay = 0.00>
ST_9 : Operation 106 [1/1] (0.80ns)   --->   "%y_5 = xor i32 %zext_ln95, %y_4" [picnic_impl.c:95->picnic_impl.c:129]   --->   Operation 106 'xor' 'y_5' <Predicate = true> <Delay = 0.80> <Core = "LogicGate">   --->   Core 27 'LogicGate' <Latency = 0> <II = 1> <Delay = 0.80> <FuncUnit> <Opcode : 'and' 'or' 'xor'> <InPorts = 2> <OutPorts = 1>
ST_9 : Operation 107 [1/1] (0.00ns) (grouped into LUT with out node xor_ln98_6)   --->   "%xor_ln95_4 = xor i24 %trunc_ln95_2, %xor_ln95" [picnic_impl.c:95->picnic_impl.c:129]   --->   Operation 107 'xor' 'xor_ln95_4' <Predicate = true> <Delay = 0.00> <Core = "LogicGate">   --->   Core 27 'LogicGate' <Latency = 0> <II = 1> <Delay = 0.80> <FuncUnit> <Opcode : 'and' 'or' 'xor'> <InPorts = 2> <OutPorts = 1>
ST_9 : Operation 108 [1/1] (0.00ns) (grouped into LUT with out node xor_ln98_6)   --->   "%trunc_ln = call i24 @_ssdm_op_PartSelect.i24.i32.i32.i32(i32 %y_5, i32 8, i32 31)" [picnic_impl.c:96->picnic_impl.c:129]   --->   Operation 108 'partselect' 'trunc_ln' <Predicate = true> <Delay = 0.00>
ST_9 : Operation 109 [1/1] (0.00ns) (grouped into LUT with out node xor_ln98_6)   --->   "%tmp_44 = call i1 @_ssdm_op_BitSelect.i1.i32.i32(i32 %y_5, i32 8)" [picnic_impl.c:96->picnic_impl.c:129]   --->   Operation 109 'bitselect' 'tmp_44' <Predicate = true> <Delay = 0.00>
ST_9 : Operation 110 [1/1] (0.00ns) (grouped into LUT with out node xor_ln98_6)   --->   "%y_6 = xor i24 %trunc_ln, %xor_ln95_4" [picnic_impl.c:96->picnic_impl.c:129]   --->   Operation 110 'xor' 'y_6' <Predicate = true> <Delay = 0.00> <Core = "LogicGate">   --->   Core 27 'LogicGate' <Latency = 0> <II = 1> <Delay = 0.80> <FuncUnit> <Opcode : 'and' 'or' 'xor'> <InPorts = 2> <OutPorts = 1>
ST_9 : Operation 111 [1/1] (0.00ns) (grouped into LUT with out node xor_ln98_6)   --->   "%tmp_45 = call i1 @_ssdm_op_BitSelect.i1.i24.i32(i24 %y_6, i32 16)" [picnic_impl.c:98->picnic_impl.c:129]   --->   Operation 111 'bitselect' 'tmp_45' <Predicate = true> <Delay = 0.00>
ST_9 : Operation 112 [1/1] (0.00ns) (grouped into LUT with out node shl_ln66_8)   --->   "%xor_ln98 = xor i1 %trunc_ln93, %tmp_42" [picnic_impl.c:98->picnic_impl.c:129]   --->   Operation 112 'xor' 'xor_ln98' <Predicate = true> <Delay = 0.00> <Core = "LogicGate">   --->   Core 27 'LogicGate' <Latency = 0> <II = 1> <Delay = 0.80> <FuncUnit> <Opcode : 'and' 'or' 'xor'> <InPorts = 2> <OutPorts = 1>
ST_9 : Operation 113 [1/1] (0.00ns) (grouped into LUT with out node shl_ln66_8)   --->   "%xor_ln98_5 = xor i1 %xor_ln98, %tmp_41" [picnic_impl.c:98->picnic_impl.c:129]   --->   Operation 113 'xor' 'xor_ln98_5' <Predicate = true> <Delay = 0.00> <Core = "LogicGate">   --->   Core 27 'LogicGate' <Latency = 0> <II = 1> <Delay = 0.80> <FuncUnit> <Opcode : 'and' 'or' 'xor'> <InPorts = 2> <OutPorts = 1>
ST_9 : Operation 114 [1/1] (0.80ns) (out node of the LUT)   --->   "%xor_ln98_6 = xor i1 %tmp_44, %tmp_45" [picnic_impl.c:98->picnic_impl.c:129]   --->   Operation 114 'xor' 'xor_ln98_6' <Predicate = true> <Delay = 0.80> <Core = "LogicGate">   --->   Core 27 'LogicGate' <Latency = 0> <II = 1> <Delay = 0.80> <FuncUnit> <Opcode : 'and' 'or' 'xor'> <InPorts = 2> <OutPorts = 1>
ST_9 : Operation 115 [1/1] (0.00ns) (grouped into LUT with out node shl_ln66_8)   --->   "%xor_ln98_7 = xor i1 %xor_ln98_6, %tmp_43" [picnic_impl.c:98->picnic_impl.c:129]   --->   Operation 115 'xor' 'xor_ln98_7' <Predicate = true> <Delay = 0.00> <Core = "LogicGate">   --->   Core 27 'LogicGate' <Latency = 0> <II = 1> <Delay = 0.80> <FuncUnit> <Opcode : 'and' 'or' 'xor'> <InPorts = 2> <OutPorts = 1>
ST_9 : Operation 116 [1/1] (0.00ns) (grouped into LUT with out node shl_ln66_8)   --->   "%xor_ln98_8 = xor i1 %xor_ln98_7, %xor_ln98_5" [picnic_impl.c:98->picnic_impl.c:129]   --->   Operation 116 'xor' 'xor_ln98_8' <Predicate = true> <Delay = 0.00> <Core = "LogicGate">   --->   Core 27 'LogicGate' <Latency = 0> <II = 1> <Delay = 0.80> <FuncUnit> <Opcode : 'and' 'or' 'xor'> <InPorts = 2> <OutPorts = 1>
ST_9 : Operation 117 [1/1] (0.00ns) (grouped into LUT with out node shl_ln66_8)   --->   "%zext_ln98 = zext i1 %xor_ln98_8 to i8" [picnic_impl.c:98->picnic_impl.c:129]   --->   Operation 117 'zext' 'zext_ln98' <Predicate = true> <Delay = 0.00>
ST_9 : Operation 118 [1/2] (2.77ns)   --->   "%temp_load_2 = load i32* %temp_addr_3, align 4" [picnic_impl.c:66->picnic_impl.c:129]   --->   Operation 118 'load' 'temp_load_2' <Predicate = true> <Delay = 2.77> <Core = "RAM">   --->   Core 37 'RAM' <Latency = 1> <II = 1> <Delay = 2.77> <Storage> <Opcode : 'load' 'store'> <Ports = 2> <Width = 32> <Depth = 36> <RAM>
ST_9 : Operation 119 [1/1] (0.00ns)   --->   "%start_pos = call i5 @_ssdm_op_BitConcatenate.i5.i2.i3(i2 %tmp_46, i3 0)" [picnic_impl.c:66->picnic_impl.c:129]   --->   Operation 119 'bitconcatenate' 'start_pos' <Predicate = true> <Delay = 0.00>
ST_9 : Operation 120 [1/1] (0.00ns)   --->   "%or_ln66_7 = or i5 %start_pos, 7" [picnic_impl.c:66->picnic_impl.c:129]   --->   Operation 120 'or' 'or_ln66_7' <Predicate = true> <Delay = 0.00>
ST_9 : Operation 121 [1/1] (1.21ns)   --->   "%icmp_ln66 = icmp ugt i5 %start_pos, %or_ln66_7" [picnic_impl.c:66->picnic_impl.c:129]   --->   Operation 121 'icmp' 'icmp_ln66' <Predicate = true> <Delay = 1.21> <Core = "Cmp">   --->   Core 25 'Cmp' <Latency = 0> <II = 1> <Delay = 1.00> <FuncUnit> <Opcode : 'icmp'> <InPorts = 2> <OutPorts = 1>
ST_9 : Operation 122 [1/1] (0.00ns)   --->   "%zext_ln66_49 = zext i5 %start_pos to i6" [picnic_impl.c:66->picnic_impl.c:129]   --->   Operation 122 'zext' 'zext_ln66_49' <Predicate = true> <Delay = 0.00>
ST_9 : Operation 123 [1/1] (0.00ns)   --->   "%zext_ln66_50 = zext i5 %or_ln66_7 to i6" [picnic_impl.c:66->picnic_impl.c:129]   --->   Operation 123 'zext' 'zext_ln66_50' <Predicate = true> <Delay = 0.00>
ST_9 : Operation 124 [1/1] (0.00ns) (grouped into LUT with out node lshr_ln66)   --->   "%tmp_47 = call i32 @llvm.part.select.i32(i32 %temp_load_2, i32 31, i32 0)" [picnic_impl.c:66->picnic_impl.c:129]   --->   Operation 124 'partselect' 'tmp_47' <Predicate = true> <Delay = 0.00>
ST_9 : Operation 125 [1/1] (1.54ns)   --->   "%sub_ln66 = sub i6 %zext_ln66_49, %zext_ln66_50" [picnic_impl.c:66->picnic_impl.c:129]   --->   Operation 125 'sub' 'sub_ln66' <Predicate = true> <Delay = 1.54> <Core = "AddSub">   --->   Core 14 'AddSub' <Latency = 0> <II = 1> <Delay = 1.49> <FuncUnit> <Opcode : 'add' 'sub'> <InPorts = 2> <OutPorts = 1>
ST_9 : Operation 126 [1/1] (0.00ns) (grouped into LUT with out node lshr_ln66)   --->   "%xor_ln66_15 = xor i6 %zext_ln66_49, 31" [picnic_impl.c:66->picnic_impl.c:129]   --->   Operation 126 'xor' 'xor_ln66_15' <Predicate = true> <Delay = 0.00> <Core = "LogicGate">   --->   Core 27 'LogicGate' <Latency = 0> <II = 1> <Delay = 0.80> <FuncUnit> <Opcode : 'and' 'or' 'xor'> <InPorts = 2> <OutPorts = 1>
ST_9 : Operation 127 [1/1] (1.54ns)   --->   "%sub_ln66_11 = sub i6 %zext_ln66_50, %zext_ln66_49" [picnic_impl.c:66->picnic_impl.c:129]   --->   Operation 127 'sub' 'sub_ln66_11' <Predicate = true> <Delay = 1.54> <Core = "AddSub">   --->   Core 14 'AddSub' <Latency = 0> <II = 1> <Delay = 1.49> <FuncUnit> <Opcode : 'add' 'sub'> <InPorts = 2> <OutPorts = 1>
ST_9 : Operation 128 [1/1] (0.00ns) (grouped into LUT with out node sub_ln66_12)   --->   "%select_ln66 = select i1 %icmp_ln66, i6 %sub_ln66, i6 %sub_ln66_11" [picnic_impl.c:66->picnic_impl.c:129]   --->   Operation 128 'select' 'select_ln66' <Predicate = true> <Delay = 0.00> <Core = "Sel">   --->   Core 26 'Sel' <Latency = 0> <II = 1> <Delay = 0.77> <FuncUnit> <Opcode : 'select'> <InPorts = 3> <OutPorts = 1>
ST_9 : Operation 129 [1/1] (0.00ns) (grouped into LUT with out node lshr_ln66)   --->   "%select_ln66_27 = select i1 %icmp_ln66, i32 %tmp_47, i32 %temp_load_2" [picnic_impl.c:66->picnic_impl.c:129]   --->   Operation 129 'select' 'select_ln66_27' <Predicate = true> <Delay = 0.00> <Core = "Sel">   --->   Core 26 'Sel' <Latency = 0> <II = 1> <Delay = 0.77> <FuncUnit> <Opcode : 'select'> <InPorts = 3> <OutPorts = 1>
ST_9 : Operation 130 [1/1] (0.00ns) (grouped into LUT with out node lshr_ln66)   --->   "%select_ln66_28 = select i1 %icmp_ln66, i6 %xor_ln66_15, i6 %zext_ln66_49" [picnic_impl.c:66->picnic_impl.c:129]   --->   Operation 130 'select' 'select_ln66_28' <Predicate = true> <Delay = 0.00> <Core = "Sel">   --->   Core 26 'Sel' <Latency = 0> <II = 1> <Delay = 0.77> <FuncUnit> <Opcode : 'select'> <InPorts = 3> <OutPorts = 1>
ST_9 : Operation 131 [1/1] (1.60ns) (out node of the LUT)   --->   "%sub_ln66_12 = sub i6 31, %select_ln66" [picnic_impl.c:66->picnic_impl.c:129]   --->   Operation 131 'sub' 'sub_ln66_12' <Predicate = true> <Delay = 1.60> <Core = "AddSub">   --->   Core 14 'AddSub' <Latency = 0> <II = 1> <Delay = 1.49> <FuncUnit> <Opcode : 'add' 'sub'> <InPorts = 2> <OutPorts = 1>
ST_9 : Operation 132 [1/1] (0.00ns) (grouped into LUT with out node lshr_ln66)   --->   "%zext_ln66_51 = zext i6 %select_ln66_28 to i32" [picnic_impl.c:66->picnic_impl.c:129]   --->   Operation 132 'zext' 'zext_ln66_51' <Predicate = true> <Delay = 0.00>
ST_9 : Operation 133 [1/1] (0.00ns) (grouped into LUT with out node or_ln66)   --->   "%zext_ln66_52 = zext i6 %sub_ln66_12 to i32" [picnic_impl.c:66->picnic_impl.c:129]   --->   Operation 133 'zext' 'zext_ln66_52' <Predicate = true> <Delay = 0.00>
ST_9 : Operation 134 [1/1] (3.30ns) (out node of the LUT)   --->   "%lshr_ln66 = lshr i32 %select_ln66_27, %zext_ln66_51" [picnic_impl.c:66->picnic_impl.c:129]   --->   Operation 134 'lshr' 'lshr_ln66' <Predicate = true> <Delay = 3.30> <Core = "Shift">   --->   Core 28 'Shift' <Latency = 0> <II = 1> <Delay = 1.49> <FuncUnit> <Opcode : 'shl' 'lshr' 'ashr'> <InPorts = 2> <OutPorts = 1>
ST_9 : Operation 135 [1/1] (0.00ns) (grouped into LUT with out node or_ln66)   --->   "%lshr_ln66_11 = lshr i32 -1, %zext_ln66_52" [picnic_impl.c:66->picnic_impl.c:129]   --->   Operation 135 'lshr' 'lshr_ln66_11' <Predicate = true> <Delay = 0.00> <Core = "Shift">   --->   Core 28 'Shift' <Latency = 0> <II = 1> <Delay = 1.49> <FuncUnit> <Opcode : 'shl' 'lshr' 'ashr'> <InPorts = 2> <OutPorts = 1>
ST_9 : Operation 136 [1/1] (0.00ns) (grouped into LUT with out node or_ln66)   --->   "%and_ln66_15 = and i32 %lshr_ln66, %lshr_ln66_11" [picnic_impl.c:66->picnic_impl.c:129]   --->   Operation 136 'and' 'and_ln66_15' <Predicate = true> <Delay = 0.00> <Core = "LogicGate">   --->   Core 27 'LogicGate' <Latency = 0> <II = 1> <Delay = 0.80> <FuncUnit> <Opcode : 'and' 'or' 'xor'> <InPorts = 2> <OutPorts = 1>
ST_9 : Operation 137 [1/1] (0.00ns) (grouped into LUT with out node or_ln66)   --->   "%trunc_ln66 = trunc i32 %and_ln66_15 to i8" [picnic_impl.c:66->picnic_impl.c:129]   --->   Operation 137 'trunc' 'trunc_ln66' <Predicate = true> <Delay = 0.00>
ST_9 : Operation 138 [1/1] (0.80ns)   --->   "%xor_ln66 = xor i3 %trunc_ln124, -1" [picnic_impl.c:66->picnic_impl.c:129]   --->   Operation 138 'xor' 'xor_ln66' <Predicate = true> <Delay = 0.80> <Core = "LogicGate">   --->   Core 27 'LogicGate' <Latency = 0> <II = 1> <Delay = 0.80> <FuncUnit> <Opcode : 'and' 'or' 'xor'> <InPorts = 2> <OutPorts = 1>
ST_9 : Operation 139 [1/1] (0.00ns)   --->   "%zext_ln66_2 = zext i3 %xor_ln66 to i8" [picnic_impl.c:66->picnic_impl.c:129]   --->   Operation 139 'zext' 'zext_ln66_2' <Predicate = true> <Delay = 0.00>
ST_9 : Operation 140 [1/1] (0.00ns) (grouped into LUT with out node or_ln66)   --->   "%shl_ln66 = shl i8 1, %zext_ln66_2" [picnic_impl.c:66->picnic_impl.c:129]   --->   Operation 140 'shl' 'shl_ln66' <Predicate = true> <Delay = 0.00> <Core = "Shift">   --->   Core 28 'Shift' <Latency = 0> <II = 1> <Delay = 1.49> <FuncUnit> <Opcode : 'shl' 'lshr' 'ashr'> <InPorts = 2> <OutPorts = 1>
ST_9 : Operation 141 [1/1] (0.00ns) (grouped into LUT with out node or_ln66)   --->   "%xor_ln66_4 = xor i8 %shl_ln66, -1" [picnic_impl.c:66->picnic_impl.c:129]   --->   Operation 141 'xor' 'xor_ln66_4' <Predicate = true> <Delay = 0.00> <Core = "LogicGate">   --->   Core 27 'LogicGate' <Latency = 0> <II = 1> <Delay = 0.80> <FuncUnit> <Opcode : 'and' 'or' 'xor'> <InPorts = 2> <OutPorts = 1>
ST_9 : Operation 142 [1/1] (1.68ns) (out node of the LUT)   --->   "%shl_ln66_8 = shl i8 %zext_ln98, %zext_ln66_2" [picnic_impl.c:66->picnic_impl.c:129]   --->   Operation 142 'shl' 'shl_ln66_8' <Predicate = true> <Delay = 1.68> <Core = "Shift">   --->   Core 28 'Shift' <Latency = 0> <II = 1> <Delay = 1.49> <FuncUnit> <Opcode : 'shl' 'lshr' 'ashr'> <InPorts = 2> <OutPorts = 1>
ST_9 : Operation 143 [1/1] (0.00ns) (grouped into LUT with out node or_ln66)   --->   "%and_ln66 = and i8 %trunc_ln66, %xor_ln66_4" [picnic_impl.c:66->picnic_impl.c:129]   --->   Operation 143 'and' 'and_ln66' <Predicate = true> <Delay = 0.00> <Core = "LogicGate">   --->   Core 27 'LogicGate' <Latency = 0> <II = 1> <Delay = 0.80> <FuncUnit> <Opcode : 'and' 'or' 'xor'> <InPorts = 2> <OutPorts = 1>
ST_9 : Operation 144 [1/1] (2.28ns) (out node of the LUT)   --->   "%or_ln66 = or i8 %and_ln66, %shl_ln66_8" [picnic_impl.c:66->picnic_impl.c:129]   --->   Operation 144 'or' 'or_ln66' <Predicate = true> <Delay = 2.28> <Core = "LogicGate">   --->   Core 27 'LogicGate' <Latency = 0> <II = 1> <Delay = 0.80> <FuncUnit> <Opcode : 'and' 'or' 'xor'> <InPorts = 2> <OutPorts = 1>

State 10 <SV = 7> <Delay = 7.22>
ST_10 : Operation 145 [1/1] (1.21ns)   --->   "%icmp_ln66_7 = icmp ugt i5 %start_pos, %or_ln66_7" [picnic_impl.c:66->picnic_impl.c:129]   --->   Operation 145 'icmp' 'icmp_ln66_7' <Predicate = true> <Delay = 1.21> <Core = "Cmp">   --->   Core 25 'Cmp' <Latency = 0> <II = 1> <Delay = 1.00> <FuncUnit> <Opcode : 'icmp'> <InPorts = 2> <OutPorts = 1>
ST_10 : Operation 146 [1/1] (0.00ns)   --->   "%zext_ln66_53 = zext i5 %start_pos to i6" [picnic_impl.c:66->picnic_impl.c:129]   --->   Operation 146 'zext' 'zext_ln66_53' <Predicate = true> <Delay = 0.00>
ST_10 : Operation 147 [1/1] (0.00ns)   --->   "%zext_ln66_54 = zext i5 %or_ln66_7 to i6" [picnic_impl.c:66->picnic_impl.c:129]   --->   Operation 147 'zext' 'zext_ln66_54' <Predicate = true> <Delay = 0.00>
ST_10 : Operation 148 [1/1] (0.00ns) (grouped into LUT with out node shl_ln66_18)   --->   "%zext_ln66_55 = zext i8 %or_ln66 to i32" [picnic_impl.c:66->picnic_impl.c:129]   --->   Operation 148 'zext' 'zext_ln66_55' <Predicate = true> <Delay = 0.00>
ST_10 : Operation 149 [1/1] (0.00ns) (grouped into LUT with out node shl_ln66_18)   --->   "%xor_ln66_16 = xor i6 %zext_ln66_53, 31" [picnic_impl.c:66->picnic_impl.c:129]   --->   Operation 149 'xor' 'xor_ln66_16' <Predicate = true> <Delay = 0.00> <Core = "LogicGate">   --->   Core 27 'LogicGate' <Latency = 0> <II = 1> <Delay = 0.80> <FuncUnit> <Opcode : 'and' 'or' 'xor'> <InPorts = 2> <OutPorts = 1>
ST_10 : Operation 150 [1/1] (0.00ns) (grouped into LUT with out node and_ln66_16)   --->   "%select_ln66_29 = select i1 %icmp_ln66_7, i6 %zext_ln66_53, i6 %zext_ln66_54" [picnic_impl.c:66->picnic_impl.c:129]   --->   Operation 150 'select' 'select_ln66_29' <Predicate = true> <Delay = 0.00> <Core = "Sel">   --->   Core 26 'Sel' <Latency = 0> <II = 1> <Delay = 0.77> <FuncUnit> <Opcode : 'select'> <InPorts = 3> <OutPorts = 1>
ST_10 : Operation 151 [1/1] (0.00ns) (grouped into LUT with out node and_ln66_16)   --->   "%select_ln66_30 = select i1 %icmp_ln66_7, i6 %zext_ln66_54, i6 %zext_ln66_53" [picnic_impl.c:66->picnic_impl.c:129]   --->   Operation 151 'select' 'select_ln66_30' <Predicate = true> <Delay = 0.00> <Core = "Sel">   --->   Core 26 'Sel' <Latency = 0> <II = 1> <Delay = 0.77> <FuncUnit> <Opcode : 'select'> <InPorts = 3> <OutPorts = 1>
ST_10 : Operation 152 [1/1] (0.00ns) (grouped into LUT with out node shl_ln66_18)   --->   "%select_ln66_31 = select i1 %icmp_ln66_7, i6 %xor_ln66_16, i6 %zext_ln66_53" [picnic_impl.c:66->picnic_impl.c:129]   --->   Operation 152 'select' 'select_ln66_31' <Predicate = true> <Delay = 0.00> <Core = "Sel">   --->   Core 26 'Sel' <Latency = 0> <II = 1> <Delay = 0.77> <FuncUnit> <Opcode : 'select'> <InPorts = 3> <OutPorts = 1>
ST_10 : Operation 153 [1/1] (0.00ns) (grouped into LUT with out node and_ln66_16)   --->   "%xor_ln66_17 = xor i6 %select_ln66_29, 31" [picnic_impl.c:66->picnic_impl.c:129]   --->   Operation 153 'xor' 'xor_ln66_17' <Predicate = true> <Delay = 0.00> <Core = "LogicGate">   --->   Core 27 'LogicGate' <Latency = 0> <II = 1> <Delay = 0.80> <FuncUnit> <Opcode : 'and' 'or' 'xor'> <InPorts = 2> <OutPorts = 1>
ST_10 : Operation 154 [1/1] (0.00ns) (grouped into LUT with out node shl_ln66_18)   --->   "%zext_ln66_56 = zext i6 %select_ln66_31 to i32" [picnic_impl.c:66->picnic_impl.c:129]   --->   Operation 154 'zext' 'zext_ln66_56' <Predicate = true> <Delay = 0.00>
ST_10 : Operation 155 [1/1] (0.00ns) (grouped into LUT with out node and_ln66_16)   --->   "%zext_ln66_57 = zext i6 %select_ln66_30 to i32" [picnic_impl.c:66->picnic_impl.c:129]   --->   Operation 155 'zext' 'zext_ln66_57' <Predicate = true> <Delay = 0.00>
ST_10 : Operation 156 [1/1] (0.00ns) (grouped into LUT with out node and_ln66_16)   --->   "%zext_ln66_58 = zext i6 %xor_ln66_17 to i32" [picnic_impl.c:66->picnic_impl.c:129]   --->   Operation 156 'zext' 'zext_ln66_58' <Predicate = true> <Delay = 0.00>
ST_10 : Operation 157 [1/1] (2.42ns) (out node of the LUT)   --->   "%shl_ln66_18 = shl i32 %zext_ln66_55, %zext_ln66_56" [picnic_impl.c:66->picnic_impl.c:129]   --->   Operation 157 'shl' 'shl_ln66_18' <Predicate = true> <Delay = 2.42> <Core = "Shift">   --->   Core 28 'Shift' <Latency = 0> <II = 1> <Delay = 1.49> <FuncUnit> <Opcode : 'shl' 'lshr' 'ashr'> <InPorts = 2> <OutPorts = 1>
ST_10 : Operation 158 [1/1] (0.00ns) (grouped into LUT with out node and_ln66_17)   --->   "%tmp_48 = call i32 @llvm.part.select.i32(i32 %shl_ln66_18, i32 31, i32 0)" [picnic_impl.c:66->picnic_impl.c:129]   --->   Operation 158 'partselect' 'tmp_48' <Predicate = true> <Delay = 0.00>
ST_10 : Operation 159 [1/1] (0.00ns) (grouped into LUT with out node and_ln66_17)   --->   "%select_ln66_32 = select i1 %icmp_ln66_7, i32 %tmp_48, i32 %shl_ln66_18" [picnic_impl.c:66->picnic_impl.c:129]   --->   Operation 159 'select' 'select_ln66_32' <Predicate = true> <Delay = 0.00> <Core = "Sel">   --->   Core 26 'Sel' <Latency = 0> <II = 1> <Delay = 0.77> <FuncUnit> <Opcode : 'select'> <InPorts = 3> <OutPorts = 1>
ST_10 : Operation 160 [1/1] (0.00ns) (grouped into LUT with out node and_ln66_16)   --->   "%shl_ln66_19 = shl i32 -1, %zext_ln66_57" [picnic_impl.c:66->picnic_impl.c:129]   --->   Operation 160 'shl' 'shl_ln66_19' <Predicate = true> <Delay = 0.00> <Core = "Shift">   --->   Core 28 'Shift' <Latency = 0> <II = 1> <Delay = 1.49> <FuncUnit> <Opcode : 'shl' 'lshr' 'ashr'> <InPorts = 2> <OutPorts = 1>
ST_10 : Operation 161 [1/1] (0.00ns) (grouped into LUT with out node and_ln66_16)   --->   "%lshr_ln66_12 = lshr i32 -1, %zext_ln66_58" [picnic_impl.c:66->picnic_impl.c:129]   --->   Operation 161 'lshr' 'lshr_ln66_12' <Predicate = true> <Delay = 0.00> <Core = "Shift">   --->   Core 28 'Shift' <Latency = 0> <II = 1> <Delay = 1.49> <FuncUnit> <Opcode : 'shl' 'lshr' 'ashr'> <InPorts = 2> <OutPorts = 1>
ST_10 : Operation 162 [1/1] (2.28ns) (out node of the LUT)   --->   "%and_ln66_16 = and i32 %shl_ln66_19, %lshr_ln66_12" [picnic_impl.c:66->picnic_impl.c:129]   --->   Operation 162 'and' 'and_ln66_16' <Predicate = true> <Delay = 2.28> <Core = "LogicGate">   --->   Core 27 'LogicGate' <Latency = 0> <II = 1> <Delay = 0.80> <FuncUnit> <Opcode : 'and' 'or' 'xor'> <InPorts = 2> <OutPorts = 1>
ST_10 : Operation 163 [1/1] (0.80ns) (out node of the LUT)   --->   "%and_ln66_17 = and i32 %select_ln66_32, %and_ln66_16" [picnic_impl.c:66->picnic_impl.c:129]   --->   Operation 163 'and' 'and_ln66_17' <Predicate = true> <Delay = 0.80> <Core = "LogicGate">   --->   Core 27 'LogicGate' <Latency = 0> <II = 1> <Delay = 0.80> <FuncUnit> <Opcode : 'and' 'or' 'xor'> <InPorts = 2> <OutPorts = 1>
ST_10 : Operation 164 [1/1] (0.00ns)   --->   "call void (...)* @_ssdm_op_SpecBRAMWithByteEnable([64 x i32]* %temp)" [picnic_impl.c:66->picnic_impl.c:129]   --->   Operation 164 'specbramwithbyteenable' <Predicate = true> <Delay = 0.00>
ST_10 : Operation 165 [1/1] (0.00ns)   --->   "%zext_ln66_59 = zext i2 %tmp_46 to i4" [picnic_impl.c:66->picnic_impl.c:129]   --->   Operation 165 'zext' 'zext_ln66_59' <Predicate = true> <Delay = 0.00>
ST_10 : Operation 166 [1/1] (1.49ns)   --->   "%shl_ln66_20 = shl i4 1, %zext_ln66_59" [picnic_impl.c:66->picnic_impl.c:129]   --->   Operation 166 'shl' 'shl_ln66_20' <Predicate = true> <Delay = 1.49> <Core = "Shift">   --->   Core 28 'Shift' <Latency = 0> <II = 1> <Delay = 1.49> <FuncUnit> <Opcode : 'shl' 'lshr' 'ashr'> <InPorts = 2> <OutPorts = 1>
ST_10 : Operation 167 [1/1] (2.77ns)   --->   "call void @_ssdm_op_Write.bram.i32(i32* %temp_addr_3, i32 %and_ln66_17, i4 %shl_ln66_20)" [picnic_impl.c:66->picnic_impl.c:129]   --->   Operation 167 'store' <Predicate = true> <Delay = 2.77> <Core = "RAM">   --->   Core 37 'RAM' <Latency = 1> <II = 1> <Delay = 2.77> <Storage> <Opcode : 'load' 'store'> <Ports = 2> <Width = 32> <Depth = 36> <RAM>
ST_10 : Operation 168 [1/1] (0.00ns)   --->   "br label %1" [picnic_impl.c:124]   --->   Operation 168 'br' <Predicate = true> <Delay = 0.00>

State 11 <SV = 2> <Delay = 2.77>
ST_11 : Operation 169 [1/1] (0.00ns)   --->   "%loop_0 = phi i3 [ %loop, %5 ], [ 0, %.preheader.preheader ]"   --->   Operation 169 'phi' 'loop_0' <Predicate = true> <Delay = 0.00>
ST_11 : Operation 170 [1/1] (1.00ns)   --->   "%icmp_ln133 = icmp eq i3 %loop_0, -4" [picnic_impl.c:133]   --->   Operation 170 'icmp' 'icmp_ln133' <Predicate = true> <Delay = 1.00> <Core = "Cmp">   --->   Core 25 'Cmp' <Latency = 0> <II = 1> <Delay = 1.00> <FuncUnit> <Opcode : 'icmp'> <InPorts = 2> <OutPorts = 1>
ST_11 : Operation 171 [1/1] (0.00ns)   --->   "%empty_81 = call i32 (...)* @_ssdm_op_SpecLoopTripCount(i64 4, i64 4, i64 0)"   --->   Operation 171 'speclooptripcount' 'empty_81' <Predicate = true> <Delay = 0.00>
ST_11 : Operation 172 [1/1] (1.34ns)   --->   "%loop = add i3 %loop_0, 1" [picnic_impl.c:133]   --->   Operation 172 'add' 'loop' <Predicate = true> <Delay = 1.34> <Core = "AddSub">   --->   Core 14 'AddSub' <Latency = 0> <II = 1> <Delay = 1.49> <FuncUnit> <Opcode : 'add' 'sub'> <InPorts = 2> <OutPorts = 1>
ST_11 : Operation 173 [1/1] (0.00ns)   --->   "br i1 %icmp_ln133, label %6, label %5" [picnic_impl.c:133]   --->   Operation 173 'br' <Predicate = true> <Delay = 0.00>
ST_11 : Operation 174 [1/1] (0.00ns)   --->   "%zext_ln134 = zext i3 %loop_0 to i64" [picnic_impl.c:134]   --->   Operation 174 'zext' 'zext_ln134' <Predicate = (!icmp_ln133)> <Delay = 0.00>
ST_11 : Operation 175 [1/1] (0.00ns)   --->   "%zext_ln134_3 = zext i3 %loop_0 to i4" [picnic_impl.c:134]   --->   Operation 175 'zext' 'zext_ln134_3' <Predicate = (!icmp_ln133)> <Delay = 0.00>
ST_11 : Operation 176 [1/1] (0.00ns)   --->   "%temp_addr = getelementptr inbounds [64 x i32]* %temp, i64 0, i64 %zext_ln134" [picnic_impl.c:134]   --->   Operation 176 'getelementptr' 'temp_addr' <Predicate = (!icmp_ln133)> <Delay = 0.00>
ST_11 : Operation 177 [2/2] (2.77ns)   --->   "%temp_load = load i32* %temp_addr, align 4" [picnic_impl.c:134]   --->   Operation 177 'load' 'temp_load' <Predicate = (!icmp_ln133)> <Delay = 2.77> <Core = "RAM">   --->   Core 37 'RAM' <Latency = 1> <II = 1> <Delay = 2.77> <Storage> <Opcode : 'load' 'store'> <Ports = 2> <Width = 32> <Depth = 36> <RAM>
ST_11 : Operation 178 [1/1] (1.49ns)   --->   "%add_ln134 = add i4 %zext_ln134_3, %trunc_ln134" [picnic_impl.c:134]   --->   Operation 178 'add' 'add_ln134' <Predicate = (!icmp_ln133)> <Delay = 1.49> <Core = "AddSub">   --->   Core 14 'AddSub' <Latency = 0> <II = 1> <Delay = 1.49> <FuncUnit> <Opcode : 'add' 'sub'> <InPorts = 2> <OutPorts = 1>
ST_11 : Operation 179 [1/1] (0.00ns)   --->   "ret void" [picnic_impl.c:135]   --->   Operation 179 'ret' <Predicate = (icmp_ln133)> <Delay = 0.00>

State 12 <SV = 3> <Delay = 5.54>
ST_12 : Operation 180 [1/1] (0.00ns)   --->   "call void (...)* @_ssdm_op_SpecLoopName([18 x i8]* @p_str21138) nounwind" [picnic_impl.c:134]   --->   Operation 180 'specloopname' <Predicate = true> <Delay = 0.00>
ST_12 : Operation 181 [1/2] (2.77ns)   --->   "%temp_load = load i32* %temp_addr, align 4" [picnic_impl.c:134]   --->   Operation 181 'load' 'temp_load' <Predicate = true> <Delay = 2.77> <Core = "RAM">   --->   Core 37 'RAM' <Latency = 1> <II = 1> <Delay = 2.77> <Storage> <Opcode : 'load' 'store'> <Ports = 2> <Width = 32> <Depth = 36> <RAM>
ST_12 : Operation 182 [1/1] (0.00ns)   --->   "%zext_ln134_4 = zext i4 %add_ln134 to i64" [picnic_impl.c:134]   --->   Operation 182 'zext' 'zext_ln134_4' <Predicate = true> <Delay = 0.00>
ST_12 : Operation 183 [1/1] (0.00ns)   --->   "%output_addr = getelementptr [36 x i32]* %output_r, i64 0, i64 %zext_ln134_4" [picnic_impl.c:134]   --->   Operation 183 'getelementptr' 'output_addr' <Predicate = true> <Delay = 0.00>
ST_12 : Operation 184 [1/1] (2.77ns)   --->   "call void @_ssdm_op_Write.bram.i32(i32* %output_addr, i32 %temp_load, i4 -1)" [picnic_impl.c:134]   --->   Operation 184 'store' <Predicate = true> <Delay = 2.77> <Core = "RAM">   --->   Core 37 'RAM' <Latency = 1> <II = 1> <Delay = 2.77> <Storage> <Opcode : 'load' 'store'> <Ports = 2> <Width = 32> <Depth = 36> <RAM>
ST_12 : Operation 185 [1/1] (0.00ns)   --->   "br label %.preheader" [picnic_impl.c:133]   --->   Operation 185 'br' <Predicate = true> <Delay = 0.00>


============================================================
+ Verbose Summary: Timing violations
============================================================
Target clock period: 10ns, clock uncertainty: 1.25ns.

 <State 1>: 3.13ns
The critical path consists of the following:
	wire read on port 'state_offset1' [11]  (0 ns)
	'add' operation ('add_ln127_2', picnic_impl.c:127) [19]  (3.13 ns)

 <State 2>: 1.72ns
The critical path consists of the following:
	'phi' operation ('i') with incoming values : ('i', picnic_impl.c:124) [26]  (0 ns)
	'add' operation ('i', picnic_impl.c:124) [29]  (1.72 ns)

 <State 3>: 6.32ns
The critical path consists of the following:
	'phi' operation ('j') with incoming values : ('j', picnic_impl.c:125) [37]  (0 ns)
	'add' operation ('add_ln126', picnic_impl.c:126) [47]  (1.73 ns)
	'add' operation ('add_ln127', picnic_impl.c:127) [55]  (1.81 ns)
	'getelementptr' operation ('temp_matrix_addr', picnic_impl.c:127) [57]  (0 ns)
	'load' operation ('temp_matrix_load', picnic_impl.c:127) on array 'temp_matrix' [58]  (2.77 ns)

 <State 4>: 6.35ns
The critical path consists of the following:
	'load' operation ('state_load', picnic_impl.c:127) on array 'state' [54]  (2.77 ns)
	'and' operation ('and_ln127', picnic_impl.c:127) [59]  (0.809 ns)
	'store' operation ('store_ln127', picnic_impl.c:127) of variable 'and_ln127', picnic_impl.c:127 on array 'prod', picnic_impl.c:121 [61]  (2.77 ns)

 <State 5>: 2.77ns
The critical path consists of the following:
	'load' operation ('x', picnic_impl.c:83->picnic_impl.c:129) on array 'prod', picnic_impl.c:121 [65]  (2.77 ns)

 <State 6>: 2.77ns
The critical path consists of the following:
	'load' operation ('x', picnic_impl.c:83->picnic_impl.c:129) on array 'prod', picnic_impl.c:121 [65]  (2.77 ns)

 <State 7>: 2.77ns
The critical path consists of the following:
	'phi' operation ('i') with incoming values : ('i', picnic_impl.c:85->picnic_impl.c:129) [69]  (0 ns)
	'getelementptr' operation ('prod_addr_4', picnic_impl.c:86->picnic_impl.c:129) [75]  (0 ns)
	'load' operation ('prod_load', picnic_impl.c:86->picnic_impl.c:129) on array 'prod', picnic_impl.c:121 [76]  (2.77 ns)

 <State 8>: 3.58ns
The critical path consists of the following:
	'load' operation ('prod_load', picnic_impl.c:86->picnic_impl.c:129) on array 'prod', picnic_impl.c:121 [76]  (2.77 ns)
	'xor' operation ('x', picnic_impl.c:86->picnic_impl.c:129) [77]  (0.809 ns)

 <State 9>: 8.36ns
The critical path consists of the following:
	'load' operation ('temp_load_2', picnic_impl.c:66->picnic_impl.c:129) on array 'temp', picnic_impl.c:122 [115]  (2.77 ns)
	'select' operation ('select_ln66_27', picnic_impl.c:66->picnic_impl.c:129) [126]  (0 ns)
	'lshr' operation ('lshr_ln66', picnic_impl.c:66->picnic_impl.c:129) [131]  (3.31 ns)
	'and' operation ('and_ln66_15', picnic_impl.c:66->picnic_impl.c:129) [133]  (0 ns)
	'and' operation ('and_ln66', picnic_impl.c:66->picnic_impl.c:129) [140]  (0 ns)
	'or' operation ('or_ln66', picnic_impl.c:66->picnic_impl.c:129) [141]  (2.28 ns)

 <State 10>: 7.22ns
The critical path consists of the following:
	'icmp' operation ('icmp_ln66_7', picnic_impl.c:66->picnic_impl.c:129) [142]  (1.22 ns)
	'select' operation ('select_ln66_31', picnic_impl.c:66->picnic_impl.c:129) [149]  (0 ns)
	'shl' operation ('shl_ln66_18', picnic_impl.c:66->picnic_impl.c:129) [154]  (2.42 ns)
	'select' operation ('select_ln66_32', picnic_impl.c:66->picnic_impl.c:129) [156]  (0 ns)
	'and' operation ('and_ln66_17', picnic_impl.c:66->picnic_impl.c:129) [160]  (0.809 ns)
	'store' operation ('store_ln66', picnic_impl.c:66->picnic_impl.c:129) of constant <constant:_ssdm_op_Write.bram.i32> on array 'temp', picnic_impl.c:122 [164]  (2.77 ns)

 <State 11>: 2.77ns
The critical path consists of the following:
	'phi' operation ('loop') with incoming values : ('loop', picnic_impl.c:133) [170]  (0 ns)
	'getelementptr' operation ('temp_addr', picnic_impl.c:134) [179]  (0 ns)
	'load' operation ('temp_load', picnic_impl.c:134) on array 'temp', picnic_impl.c:122 [180]  (2.77 ns)

 <State 12>: 5.54ns
The critical path consists of the following:
	'load' operation ('temp_load', picnic_impl.c:134) on array 'temp', picnic_impl.c:122 [180]  (2.77 ns)
	'store' operation ('store_ln134', picnic_impl.c:134) of constant <constant:_ssdm_op_Write.bram.i32> on array 'output_r' [184]  (2.77 ns)


============================================================
+ Verbose Summary: Binding
============================================================
N/A
* FSMD analyzer results:
  - Output states:
 - Input state : 
  - Chain level:
	State 1
	State 2
	State 3
	State 4
	State 5
	State 6
	State 7
	State 8
	State 9
	State 10
	State 11
	State 12


============================================================
+ Verbose Summary: Datapath Resource usage 
============================================================
N/A
