   Build using "C:/Xilinx/Vivado/2019.2/tps/win64/msys64/mingw64/bin/g++"
   Compiling apatb_crypto_sign.cpp
   Compiling (apcc) aes.c_pre.c.tb.c
INFO: [HLS 200-10] Running 'C:/Xilinx/Vivado/2019.2/bin/unwrapped/win64.o/apcc.exe'
INFO: [HLS 200-10] For user 'vlsigroup' on host 'myvm' (Windows NT_amd64 version 6.2) on Thu May 14 19:18:18 +0530 2020
INFO: [HLS 200-10] In directory 'C:/Users/vlsigroup/Downloads/project17-master_3/project17-master/picnic1/sign/sim/wrapc'
clang: warning: argument unused during compilation: '-fno-builtin-isinf'
clang: warning: argument unused during compilation: '-fno-builtin-isnan'
INFO: [APCC 202-3] Tmp directory is apcc_db
INFO: [APCC 202-1] APCC is done.
   Compiling (apcc) hash.c_pre.c.tb.c
INFO: [HLS 200-10] Running 'C:/Xilinx/Vivado/2019.2/bin/unwrapped/win64.o/apcc.exe'
INFO: [HLS 200-10] For user 'vlsigroup' on host 'myvm' (Windows NT_amd64 version 6.2) on Thu May 14 19:18:26 +0530 2020
INFO: [HLS 200-10] In directory 'C:/Users/vlsigroup/Downloads/project17-master_3/project17-master/picnic1/sign/sim/wrapc'
clang: warning: argument unused during compilation: '-fno-builtin-isinf'
clang: warning: argument unused during compilation: '-fno-builtin-isnan'
INFO: [APCC 202-3] Tmp directory is apcc_db
INFO: [APCC 202-1] APCC is done.
   Compiling (apcc) api.c_pre.c.tb.c
INFO: [HLS 200-10] Running 'C:/Xilinx/Vivado/2019.2/bin/unwrapped/win64.o/apcc.exe'
INFO: [HLS 200-10] For user 'vlsigroup' on host 'myvm' (Windows NT_amd64 version 6.2) on Thu May 14 19:18:31 +0530 2020
INFO: [HLS 200-10] In directory 'C:/Users/vlsigroup/Downloads/project17-master_3/project17-master/picnic1/sign/sim/wrapc'
clang: warning: argument unused during compilation: '-fno-builtin-isinf'
clang: warning: argument unused during compilation: '-fno-builtin-isnan'
INFO: [APCC 202-3] Tmp directory is apcc_db
INFO: [APCC 202-1] APCC is done.
   Compiling (apcc) lowmc_constants.c_pre.c.tb.c
INFO: [HLS 200-10] Running 'C:/Xilinx/Vivado/2019.2/bin/unwrapped/win64.o/apcc.exe'
INFO: [HLS 200-10] For user 'vlsigroup' on host 'myvm' (Windows NT_amd64 version 6.2) on Thu May 14 19:18:37 +0530 2020
INFO: [HLS 200-10] In directory 'C:/Users/vlsigroup/Downloads/project17-master_3/project17-master/picnic1/sign/sim/wrapc'
clang: warning: argument unused during compilation: '-fno-builtin-isinf'
clang: warning: argument unused during compilation: '-fno-builtin-isnan'
INFO: [APCC 202-3] Tmp directory is apcc_db
INFO: [APCC 202-1] APCC is done.
   Compiling (apcc) KeccakP-1600-reference.c_pre.c.tb.c
INFO: [HLS 200-10] Running 'C:/Xilinx/Vivado/2019.2/bin/unwrapped/win64.o/apcc.exe'
INFO: [HLS 200-10] For user 'vlsigroup' on host 'myvm' (Windows NT_amd64 version 6.2) on Thu May 14 19:18:43 +0530 2020
INFO: [HLS 200-10] In directory 'C:/Users/vlsigroup/Downloads/project17-master_3/project17-master/picnic1/sign/sim/wrapc'
clang: warning: argument unused during compilation: '-fno-builtin-isinf'
clang: warning: argument unused during compilation: '-fno-builtin-isnan'
INFO: [APCC 202-3] Tmp directory is apcc_db
INFO: [APCC 202-1] APCC is done.
   Compiling (apcc) picnic_impl.c_pre.c.tb.c
INFO: [HLS 200-10] Running 'C:/Xilinx/Vivado/2019.2/bin/unwrapped/win64.o/apcc.exe'
INFO: [HLS 200-10] For user 'vlsigroup' on host 'myvm' (Windows NT_amd64 version 6.2) on Thu May 14 19:18:50 +0530 2020
INFO: [HLS 200-10] In directory 'C:/Users/vlsigroup/Downloads/project17-master_3/project17-master/picnic1/sign/sim/wrapc'
clang: warning: argument unused during compilation: '-fno-builtin-isinf'
clang: warning: argument unused during compilation: '-fno-builtin-isnan'
In file included from C:/Users/vlsigroup/Downloads/project17-master_3/project17-master/picnic_impl.c:1:
C:/Users/vlsigroup/Downloads/project17-master_3/project17-master/picnic_impl.c:682:16: warning: incompatible integer to pointer conversion passing 'uint8_t' (aka 'unsigned char') to parameter of type 'void *' [-Wint-conversion]
        memcpy(proof->view3UnruhG, gs->G[(challenge + 2) % 3], view3UnruhLength);
               ^~~~~~~~~~~~~~~~~~
C:/Xilinx/Vivado/2019.2/win64/tools/clang/bin/../lib/clang/3.1/../../../x86_64-w64-mingw32/include\string.h:41:44: note: passing argument to parameter '_Dst' here
  void *__cdecl memcpy(void * __restrict__ _Dst,const void * __restrict__ _Src,size_t _Size) ;
                                           ^
In file included from C:/Users/vlsigroup/Downloads/project17-master_3/project17-master/picnic_impl.c:1:
C:/Users/vlsigroup/Downloads/project17-master_3/project17-master/picnic_impl.c:1630:12: warning: incompatible pointer types returning 'seeds_2t *' (aka 'struct seeds_2t *') from a function with result type 'seeds_t *' (aka 'struct seeds_t *') [-Wincompatible-pointer-types]
    return allSeeds;
           ^~~~~~~~
2 warnings generated.
INFO: [APCC 202-3] Tmp directory is apcc_db
INFO: [APCC 202-1] APCC is done.
   Compiling (apcc) KeccakHash.c_pre.c.tb.c
INFO: [HLS 200-10] Running 'C:/Xilinx/Vivado/2019.2/bin/unwrapped/win64.o/apcc.exe'
INFO: [HLS 200-10] For user 'vlsigroup' on host 'myvm' (Windows NT_amd64 version 6.2) on Thu May 14 19:19:01 +0530 2020
INFO: [HLS 200-10] In directory 'C:/Users/vlsigroup/Downloads/project17-master_3/project17-master/picnic1/sign/sim/wrapc'
clang: warning: argument unused during compilation: '-fno-builtin-isinf'
clang: warning: argument unused during compilation: '-fno-builtin-isnan'
In file included from C:/Users/vlsigroup/Downloads/project17-master_3/project17-master/sha3/KeccakHash.c:1:
C:/Users/vlsigroup/Downloads/project17-master_3/project17-master/sha3/KeccakHash.c:73:1: warning: control reaches end of non-void function [-Wreturn-type]
}
^
1 warning generated.
INFO: [APCC 202-3] Tmp directory is apcc_db
INFO: [APCC 202-1] APCC is done.
   Compiling (apcc) newtest_sign.c_pre.c.tb.c
INFO: [HLS 200-10] Running 'C:/Xilinx/Vivado/2019.2/bin/unwrapped/win64.o/apcc.exe'
INFO: [HLS 200-10] For user 'vlsigroup' on host 'myvm' (Windows NT_amd64 version 6.2) on Thu May 14 19:19:07 +0530 2020
INFO: [HLS 200-10] In directory 'C:/Users/vlsigroup/Downloads/project17-master_3/project17-master/picnic1/sign/sim/wrapc'
clang: warning: argument unused during compilation: '-fno-builtin-isinf'
clang: warning: argument unused during compilation: '-fno-builtin-isnan'
INFO: [APCC 202-3] Tmp directory is apcc_db
INFO: [APCC 202-1] APCC is done.
   Compiling (apcc) rng.c_pre.c.tb.c
INFO: [HLS 200-10] Running 'C:/Xilinx/Vivado/2019.2/bin/unwrapped/win64.o/apcc.exe'
INFO: [HLS 200-10] For user 'vlsigroup' on host 'myvm' (Windows NT_amd64 version 6.2) on Thu May 14 19:19:13 +0530 2020
INFO: [HLS 200-10] In directory 'C:/Users/vlsigroup/Downloads/project17-master_3/project17-master/picnic1/sign/sim/wrapc'
clang: warning: argument unused during compilation: '-fno-builtin-isinf'
clang: warning: argument unused during compilation: '-fno-builtin-isnan'
INFO: [APCC 202-3] Tmp directory is apcc_db
INFO: [APCC 202-1] APCC is done.
   Compiling (apcc) picnic2_impl.c_pre.c.tb.c
INFO: [HLS 200-10] Running 'C:/Xilinx/Vivado/2019.2/bin/unwrapped/win64.o/apcc.exe'
INFO: [HLS 200-10] For user 'vlsigroup' on host 'myvm' (Windows NT_amd64 version 6.2) on Thu May 14 19:19:19 +0530 2020
INFO: [HLS 200-10] In directory 'C:/Users/vlsigroup/Downloads/project17-master_3/project17-master/picnic1/sign/sim/wrapc'
clang: warning: argument unused during compilation: '-fno-builtin-isinf'
clang: warning: argument unused during compilation: '-fno-builtin-isnan'
In file included from C:/Users/vlsigroup/Downloads/project17-master_3/project17-master/picnic2_impl.c:1:
C:/Users/vlsigroup/Downloads/project17-master_3/project17-master/picnic2_impl.c:749:65: warning: format specifies type 'unsigned long' but the argument has type 'size_t' (aka 'unsigned long long') [-Wformat]
                printf("Failed to reconstruct seeds for round %lu\n", t);
                                                              ~~^     ~
                                                              %llu
C:/Users/vlsigroup/Downloads/project17-master_3/project17-master/picnic2_impl.c:818:59: warning: format specifies type 'unsigned long' but the argument has type 'size_t' (aka 'unsigned long long') [-Wformat]
                printf("MPC simulation failed for round %lu, signature invalid\n", t);
                                                        ~~^                        ~
                                                        %llu
C:/Users/vlsigroup/Downloads/project17-master_3/project17-master/picnic2_impl.c:1140:37: warning: format specifies type 'unsigned long' but the argument has type 'size_t' (aka 'unsigned long long') [-Wformat]
        printf("%s: sigBytesLen = %lu, expected bytesRequired = %lu\n", __func__, sigBytesLen, bytesRequired);
                                  ~~^                                             ~~~~~~~~~~~
                                  %llu
C:/Users/vlsigroup/Downloads/project17-master_3/project17-master/picnic2_impl.c:1140:67: warning: format specifies type 'unsigned long' but the argument has type 'size_t' (aka 'unsigned long long') [-Wformat]
        printf("%s: sigBytesLen = %lu, expected bytesRequired = %lu\n", __func__, sigBytesLen, bytesRequired);
                                                                ~~^                            ~~~~~~~~~~~~~
                                                                %llu
4 warnings generated.
INFO: [APCC 202-3] Tmp directory is apcc_db
INFO: [APCC 202-1] APCC is done.
   Compiling (apcc) picnic.c_pre.c.tb.c
INFO: [HLS 200-10] Running 'C:/Xilinx/Vivado/2019.2/bin/unwrapped/win64.o/apcc.exe'
INFO: [HLS 200-10] For user 'vlsigroup' on host 'myvm' (Windows NT_amd64 version 6.2) on Thu May 14 19:19:28 +0530 2020
INFO: [HLS 200-10] In directory 'C:/Users/vlsigroup/Downloads/project17-master_3/project17-master/picnic1/sign/sim/wrapc'
clang: warning: argument unused during compilation: '-fno-builtin-isinf'
clang: warning: argument unused during compilation: '-fno-builtin-isnan'
In file included from C:/Users/vlsigroup/Downloads/project17-master_3/project17-master/picnic.c:1:
C:/Users/vlsigroup/Downloads/project17-master_3/project17-master/picnic.c:756:20: warning: incompatible integer to pointer conversion passing 'uint8_t' (aka 'unsigned char') to parameter of type 'void *' [-Wint-conversion]
            memcpy(proofs[i].view3UnruhG, sigBytes, view3UnruhLength);
                   ^~~~~~~~~~~~~~~~~~~~~
C:/Xilinx/Vivado/2019.2/win64/tools/clang/bin/../lib/clang/3.1/../../../x86_64-w64-mingw32/include\memory.h:28:44: note: passing argument to parameter '_Dst' here
  void *__cdecl memcpy(void * __restrict__ _Dst,const void * __restrict__ _Src,size_t _Size) ;
                                           ^
In file included from C:/Users/vlsigroup/Downloads/project17-master_3/project17-master/picnic.c:1:
C:/Users/vlsigroup/Downloads/project17-master_3/project17-master/picnic.c:759:29: warning: incompatible integer to pointer conversion passing 'uint8_t' (aka 'unsigned char') to parameter of type 'const uint8_t *' (aka 'const unsigned char *'); take the address with & [-Wint-conversion]
            printHex(label, proofs[i].view3UnruhG, view3UnruhLength);
                            ^~~~~~~~~~~~~~~~~~~~~
                            &
C:/Users/vlsigroup/Downloads/project17-master_3/project17-master/picnic_impl.h:88:45: note: passing argument to parameter 'data' here
void printHex(const char* s, const uint8_t* data, size_t len);
                                            ^
2 warnings generated.
INFO: [APCC 202-3] Tmp directory is apcc_db
INFO: [APCC 202-1] APCC is done.
   Compiling (apcc) picnic_types.c_pre.c.tb.c
INFO: [HLS 200-10] Running 'C:/Xilinx/Vivado/2019.2/bin/unwrapped/win64.o/apcc.exe'
INFO: [HLS 200-10] For user 'vlsigroup' on host 'myvm' (Windows NT_amd64 version 6.2) on Thu May 14 19:19:35 +0530 2020
INFO: [HLS 200-10] In directory 'C:/Users/vlsigroup/Downloads/project17-master_3/project17-master/picnic1/sign/sim/wrapc'
clang: warning: argument unused during compilation: '-fno-builtin-isinf'
clang: warning: argument unused during compilation: '-fno-builtin-isnan'
INFO: [APCC 202-3] Tmp directory is apcc_db
INFO: [APCC 202-1] APCC is done.
   Compiling (apcc) tree.c_pre.c.tb.c
INFO: [HLS 200-10] Running 'C:/Xilinx/Vivado/2019.2/bin/unwrapped/win64.o/apcc.exe'
INFO: [HLS 200-10] For user 'vlsigroup' on host 'myvm' (Windows NT_amd64 version 6.2) on Thu May 14 19:19:41 +0530 2020
INFO: [HLS 200-10] In directory 'C:/Users/vlsigroup/Downloads/project17-master_3/project17-master/picnic1/sign/sim/wrapc'
clang: warning: argument unused during compilation: '-fno-builtin-isinf'
clang: warning: argument unused during compilation: '-fno-builtin-isnan'
In file included from C:/Users/vlsigroup/Downloads/project17-master_3/project17-master/tree.c:1:
C:/Users/vlsigroup/Downloads/project17-master_3/project17-master/tree.c:221:24: warning: format specifies type 'unsigned long' but the argument has type 'size_t' (aka 'unsigned long long') [-Wformat]
        printf("seed %lu", i);
                     ~~^   ~
                     %llu
1 warning generated.
INFO: [APCC 202-3] Tmp directory is apcc_db
INFO: [APCC 202-1] APCC is done.
   Compiling (apcc) KeccakSpongeWidth1600.c_pre.c.tb.c
INFO: [HLS 200-10] Running 'C:/Xilinx/Vivado/2019.2/bin/unwrapped/win64.o/apcc.exe'
INFO: [HLS 200-10] For user 'vlsigroup' on host 'myvm' (Windows NT_amd64 version 6.2) on Thu May 14 19:19:47 +0530 2020
INFO: [HLS 200-10] In directory 'C:/Users/vlsigroup/Downloads/project17-master_3/project17-master/picnic1/sign/sim/wrapc'
clang: warning: argument unused during compilation: '-fno-builtin-isinf'
clang: warning: argument unused during compilation: '-fno-builtin-isnan'
INFO: [APCC 202-3] Tmp directory is apcc_db
INFO: [APCC 202-1] APCC is done.
   Generating cosim.tv.exe
