

================================================================
== Vivado HLS Report for 'Commit_2'
================================================================
* Date:           Thu May 14 18:42:26 2020

* Version:        2019.2 (Build 2704478 on Wed Nov 06 22:10:23 MST 2019)
* Project:        picnic1
* Solution:       sign
* Product family: artix7
* Target device:  xc7a200t-fbg676-2


================================================================
== Performance Estimates
================================================================
+ Timing: 
    * Summary: 
    +--------+----------+----------+------------+
    |  Clock |  Target  | Estimated| Uncertainty|
    +--------+----------+----------+------------+
    |ap_clk  | 10.00 ns | 8.332 ns |   1.25 ns  |
    +--------+----------+----------+------------+

+ Latency: 
    * Summary: 
    +---------+---------+----------+----------+-----+-----+---------+
    |  Latency (cycles) |  Latency (absolute) |  Interval | Pipeline|
    |   min   |   max   |    min   |    max   | min | max |   Type  |
    +---------+---------+----------+----------+-----+-----+---------+
    |        ?|        ?|         ?|         ?|    ?|    ?|   none  |
    +---------+---------+----------+----------+-----+-----+---------+

    + Detail: 
        * Instance: 
        +---------------------------------+----------------------+---------+---------+-----------+-----------+------+------+---------+
        |                                 |                      |  Latency (cycles) |   Latency (absolute)  |   Interval  | Pipeline|
        |             Instance            |        Module        |   min   |   max   |    min    |    max    |  min |  max |   Type  |
        +---------------------------------+----------------------+---------+---------+-----------+-----------+------+------+---------+
        |grp_KeccakWidth1600_Spon_fu_827  |KeccakWidth1600_Spon  |        ?|        ?|          ?|          ?|     ?|     ?|   none  |
        |grp_KeccakP1600OnWords_fu_840    |KeccakP1600OnWords    |     8545|     8545| 85.450 us | 85.450 us |  8545|  8545|   none  |
        |grp_fromWordsToBytes_fu_849      |fromWordsToBytes      |      203|      203|  2.030 us |  2.030 us |   203|   203|   none  |
        |grp_fromBytesToWords_fu_855      |fromBytesToWords      |      476|      476|  4.760 us |  4.760 us |   476|   476|   none  |
        +---------------------------------+----------------------+---------+---------+-----------+-----------+------+------+---------+

        * Loop: 
        +---------------------------------+---------+---------+----------+-----------+-----------+------+----------+
        |                                 |  Latency (cycles) | Iteration|  Initiation Interval  | Trip |          |
        |            Loop Name            |   min   |   max   |  Latency |  achieved |   target  | Count| Pipelined|
        +---------------------------------+---------+---------+----------+-----------+-----------+------+----------+
        |- KeccakP1600_Initialize_label0  |      200|      200|         1|          -|          -|   200|    no    |
        |- Loop 2                         |        ?|        ?|         ?|          -|          -|     1|    no    |
        | + Loop 2.1                      |        ?|        ?|         2|          -|          -|     ?|    no    |
        |- Loop 3                         |        ?|        ?|         ?|          -|          -|     ?|    no    |
        | + Loop 3.1                      |        ?|        ?|         2|          -|          -|     ?|    no    |
        |- KeccakP1600_Initialize_label0  |      200|      200|         1|          -|          -|   200|    no    |
        |- Loop 5                         |        3|     9231| 3 ~ 9231 |          -|          -|     1|    no    |
        |- Loop 6                         |        ?|        ?|         ?|          -|          -|     ?|    no    |
        | + Loop 6.1                      |        ?|        ?|         2|          -|          -|     ?|    no    |
        |- memset_temp                    |       74|       74|         1|          -|          -|    75|    no    |
        |- HashUpdate_2_label2            |       12|       12|         3|          -|          -|     4|    no    |
        |- Loop 9                         |        ?|        ?|         ?|          -|          -|     ?|    no    |
        | + Loop 9.1                      |        ?|        ?|         2|          -|          -|     ?|    no    |
        |- Loop 10                        |        ?|        ?|         ?|          -|          -|     ?|    no    |
        | + Loop 10.1                     |        ?|        ?|         2|          -|          -|     ?|    no    |
        |- memset_temp                    |       74|       74|         1|          -|          -|    75|    no    |
        |- HashUpdate_2_label2            |       12|       12|         3|          -|          -|     4|    no    |
        |- Loop 13                        |        ?|        ?|         ?|          -|          -|     ?|    no    |
        | + Loop 13.1                     |        ?|        ?|         2|          -|          -|     ?|    no    |
        +---------------------------------+---------+---------+----------+-----------+-----------+------+----------+



================================================================
== Utilization Estimates
================================================================
* Summary: 
+-----------------+---------+-------+--------+--------+-----+
|       Name      | BRAM_18K| DSP48E|   FF   |   LUT  | URAM|
+-----------------+---------+-------+--------+--------+-----+
|DSP              |        -|      1|       -|       -|    -|
|Expression       |        -|      -|       0|    3166|    -|
|FIFO             |        -|      -|       -|       -|    -|
|Instance         |       16|      -|    4271|    8787|    0|
|Memory           |       39|      -|       0|       0|    0|
|Multiplexer      |        -|      -|       -|    2129|    -|
|Register         |        -|      -|    2178|       -|    -|
+-----------------+---------+-------+--------+--------+-----+
|Total            |       55|      1|    6449|   14082|    0|
+-----------------+---------+-------+--------+--------+-----+
|Available        |      730|    740|  269200|  134600|    0|
+-----------------+---------+-------+--------+--------+-----+
|Utilization (%)  |        7|   ~0  |       2|      10|    0|
+-----------------+---------+-------+--------+--------+-----+

+ Detail: 
    * Instance: 
    +---------------------------------+----------------------+---------+-------+------+------+-----+
    |             Instance            |        Module        | BRAM_18K| DSP48E|  FF  |  LUT | URAM|
    +---------------------------------+----------------------+---------+-------+------+------+-----+
    |grp_KeccakP1600OnWords_fu_840    |KeccakP1600OnWords    |        6|      0|  1866|  3376|    0|
    |grp_KeccakWidth1600_Spon_fu_827  |KeccakWidth1600_Spon  |       10|      0|  2318|  4669|    0|
    |grp_fromBytesToWords_fu_855      |fromBytesToWords      |        0|      0|    33|   392|    0|
    |grp_fromWordsToBytes_fu_849      |fromWordsToBytes      |        0|      0|    54|   350|    0|
    +---------------------------------+----------------------+---------+-------+------+------+-----+
    |Total                            |                      |       16|      0|  4271|  8787|    0|
    +---------------------------------+----------------------+---------+-------+------+------+-----+

    * DSP48E: 
    +---------------------------+----------------------+-----------+
    |          Instance         |        Module        | Expression|
    +---------------------------+----------------------+-----------+
    |crypto_sign_mul_mbdk_U146  |crypto_sign_mul_mbdk  |  i0 * i1  |
    +---------------------------+----------------------+-----------+

    * Memory: 
    +--------------------+----------------------+---------+---+----+-----+------+-----+------+-------------+
    |       Memory       |        Module        | BRAM_18K| FF| LUT| URAM| Words| Bits| Banks| W*Bits*Banks|
    +--------------------+----------------------+---------+---+----+-----+------+-----+------+-------------+
    |temp_U              |computeSeeds_2_temp   |        1|  0|   0|    0|    75|    8|     1|          600|
    |temp_5_U            |computeSeeds_2_temp   |        1|  0|   0|    0|    75|    8|     1|          600|
    |ctx_sponge_state_U  |createRandomTape_Hfu  |        1|  0|   0|    0|   200|    8|     1|         1600|
    |stateAsWords_25_U   |pi_tempA              |        4|  0|   0|    0|    25|   64|     1|         1600|
    |stateAsWords_31_U   |pi_tempA              |        4|  0|   0|    0|    25|   64|     1|         1600|
    |stateAsWords_29_U   |pi_tempA              |        4|  0|   0|    0|    25|   64|     1|         1600|
    |stateAsWords_32_U   |pi_tempA              |        4|  0|   0|    0|    25|   64|     1|         1600|
    |stateAsWords_U      |pi_tempA              |        4|  0|   0|    0|    25|   64|     1|         1600|
    |stateAsWords_27_U   |pi_tempA              |        4|  0|   0|    0|    25|   64|     1|         1600|
    |stateAsWords_26_U   |pi_tempA              |        4|  0|   0|    0|    25|   64|     1|         1600|
    |stateAsWords_28_U   |pi_tempA              |        4|  0|   0|    0|    25|   64|     1|         1600|
    |stateAsWords_30_U   |pi_tempA              |        4|  0|   0|    0|    25|   64|     1|         1600|
    +--------------------+----------------------+---------+---+----+-----+------+-----+------+-------------+
    |Total               |                      |       39|  0|   0|    0|   575|  600|    12|        17200|
    +--------------------+----------------------+---------+---+----+-----+------+-----+------+-------------+

    * FIFO: 
    N/A

    * Expression: 
    +------------------------------------+----------+-------+---+----+------------+------------+
    |            Variable Name           | Operation| DSP48E| FF| LUT| Bitwidth P0| Bitwidth P1|
    +------------------------------------+----------+-------+---+----+------------+------------+
    |add_ln226_15_fu_1218_p2             |     +    |      0|  0|  39|          32|          32|
    |add_ln226_16_fu_1361_p2             |     +    |      0|  0|  39|          32|           1|
    |add_ln226_17_fu_1443_p2             |     +    |      0|  0|  39|          32|          32|
    |add_ln226_18_fu_1730_p2             |     +    |      0|  0|  39|          32|          32|
    |add_ln226_19_fu_1862_p2             |     +    |      0|  0|  39|          32|          32|
    |add_ln226_20_fu_2146_p2             |     +    |      0|  0|  39|          32|          32|
    |add_ln226_fu_1102_p2                |     +    |      0|  0|  39|          32|           1|
    |add_ln234_32_fu_1500_p2             |     +    |      0|  0|  15|           7|           7|
    |add_ln234_34_fu_1787_p2             |     +    |      0|  0|  15|           8|           8|
    |add_ln234_35_fu_939_p2              |     +    |      0|  0|  11|          11|          11|
    |add_ln234_36_fu_1919_p2             |     +    |      0|  0|  15|           8|           8|
    |add_ln234_37_fu_996_p2              |     +    |      0|  0|  19|          12|          12|
    |add_ln234_38_fu_2205_p2             |     +    |      0|  0|  15|           8|           8|
    |add_ln234_39_fu_1068_p2             |     +    |      0|  0|  11|          11|          11|
    |add_ln234_40_fu_1144_p2             |     +    |      0|  0|  39|          32|          32|
    |add_ln234_41_fu_1287_p2             |     +    |      0|  0|  22|          15|          15|
    |add_ln234_42_fu_1297_p2             |     +    |      0|  0|  39|          32|          32|
    |add_ln234_43_fu_1510_p2             |     +    |      0|  0|  23|          16|          16|
    |add_ln234_44_fu_1520_p2             |     +    |      0|  0|  39|          32|          32|
    |add_ln234_45_fu_1798_p2             |     +    |      0|  0|  39|          32|          32|
    |add_ln234_46_fu_1929_p2             |     +    |      0|  0|  24|          17|          17|
    |add_ln234_47_fu_1939_p2             |     +    |      0|  0|  39|          32|          32|
    |add_ln234_48_fu_2216_p2             |     +    |      0|  0|  39|          32|          32|
    |add_ln234_fu_1277_p2                |     +    |      0|  0|  15|           6|           6|
    |add_ln34_5_fu_1981_p2               |     +    |      0|  0|  15|           7|           1|
    |add_ln34_fu_1562_p2                 |     +    |      0|  0|  15|           7|           1|
    |add_ln38_1_fu_1036_p2               |     +    |      0|  0|  19|          12|          12|
    |add_ln38_fu_983_p2                  |     +    |      0|  0|  19|          12|          12|
    |ctx_sponge_byteIOInd_85_fu_1154_p2  |     +    |      0|  0|  39|          32|          32|
    |ctx_sponge_byteIOInd_86_fu_1308_p2  |     +    |      0|  0|  39|          32|          32|
    |ctx_sponge_byteIOInd_89_fu_1390_p2  |     +    |      0|  0|  39|          32|          32|
    |ctx_sponge_byteIOInd_92_fu_1530_p2  |     +    |      0|  0|  39|          32|          32|
    |ctx_sponge_byteIOInd_95_fu_1808_p2  |     +    |      0|  0|  39|          32|          32|
    |ctx_sponge_byteIOInd_98_fu_1949_p2  |     +    |      0|  0|  39|          32|          32|
    |ctx_sponge_byteIOInd_99_fu_2227_p2  |     +    |      0|  0|  39|          32|          32|
    |i_52_fu_1475_p2                     |     +    |      0|  0|  40|          33|          33|
    |i_53_fu_1762_p2                     |     +    |      0|  0|  40|          33|          33|
    |i_54_fu_1894_p2                     |     +    |      0|  0|  40|          33|          33|
    |i_55_fu_2180_p2                     |     +    |      0|  0|  40|          33|          33|
    |i_fu_1252_p2                        |     +    |      0|  0|  40|          33|          33|
    |loop_56_fu_1088_p2                  |     +    |      0|  0|  15|           8|           1|
    |loop_57_fu_1263_p2                  |     +    |      0|  0|  39|          32|           1|
    |loop_58_fu_1347_p2                  |     +    |      0|  0|  15|           8|           1|
    |loop_59_fu_1486_p2                  |     +    |      0|  0|  39|          32|           1|
    |loop_60_fu_1617_p2                  |     +    |      0|  0|  15|           3|           5|
    |loop_61_fu_1773_p2                  |     +    |      0|  0|  39|          32|           1|
    |loop_62_fu_1905_p2                  |     +    |      0|  0|  39|          32|           1|
    |loop_63_fu_2036_p2                  |     +    |      0|  0|  15|           3|           5|
    |loop_64_fu_2191_p2                  |     +    |      0|  0|  39|          32|           1|
    |loop_fu_1138_p2                     |     +    |      0|  0|  39|          32|           1|
    |p_2_rec_i_i_i122_fu_2255_p2         |     +    |      0|  0|  71|          64|          64|
    |p_2_rec_i_i_i163_fu_1835_p2         |     +    |      0|  0|  71|          64|          64|
    |p_2_rec_i_i_i30_fu_1557_p2          |     +    |      0|  0|  71|          64|          64|
    |p_2_rec_i_i_i60_fu_1336_p2          |     +    |      0|  0|  71|          64|          64|
    |p_2_rec_i_i_i_fu_1976_p2            |     +    |      0|  0|  71|          64|          64|
    |partialBlock_48_fu_1201_p2          |     -    |      0|  0|  15|           6|           5|
    |partialBlock_49_fu_1230_p2          |     -    |      0|  0|  39|           8|          32|
    |partialBlock_50_fu_1378_p2          |     -    |      0|  0|  39|           8|          32|
    |partialBlock_51_fu_1434_p2          |     -    |      0|  0|  15|           7|           6|
    |partialBlock_52_fu_1454_p2          |     -    |      0|  0|  39|           8|          32|
    |partialBlock_53_fu_1716_p2          |     -    |      0|  0|  15|           6|           5|
    |partialBlock_54_fu_1741_p2          |     -    |      0|  0|  39|           8|          32|
    |partialBlock_55_fu_1853_p2          |     -    |      0|  0|  15|           7|           7|
    |partialBlock_56_fu_1873_p2          |     -    |      0|  0|  39|           8|          32|
    |partialBlock_57_fu_2132_p2          |     -    |      0|  0|  15|           6|           5|
    |partialBlock_58_fu_2158_p2          |     -    |      0|  0|  39|           8|          32|
    |partialBlock_fu_1114_p2             |     -    |      0|  0|  39|           8|          32|
    |sub_ln234_1_fu_907_p2               |     -    |      0|  0|  18|          11|          11|
    |sub_ln234_2_fu_1062_p2              |     -    |      0|  0|  11|          11|          11|
    |sub_ln234_fu_933_p2                 |     -    |      0|  0|  11|          11|          11|
    |sub_ln38_1_fu_1026_p2               |     -    |      0|  0|  18|          11|          11|
    |sub_ln38_fu_973_p2                  |     -    |      0|  0|  18|          11|          11|
    |ap_block_state11_on_subcall_done    |    and   |      0|  0|   2|           1|           1|
    |ap_block_state20_on_subcall_done    |    and   |      0|  0|   2|           1|           1|
    |ap_block_state39_on_subcall_done    |    and   |      0|  0|   2|           1|           1|
    |ap_block_state48_on_subcall_done    |    and   |      0|  0|   2|           1|           1|
    |ap_block_state61_on_subcall_done    |    and   |      0|  0|   2|           1|           1|
    |ap_block_state70_on_subcall_done    |    and   |      0|  0|   2|           1|           1|
    |ap_block_state83_on_subcall_done    |    and   |      0|  0|   2|           1|           1|
    |icmp_ln139_4_fu_1341_p2             |   icmp   |      0|  0|  11|           8|           7|
    |icmp_ln139_fu_1082_p2               |   icmp   |      0|  0|  11|           8|           7|
    |icmp_ln194_13_fu_1424_p2            |   icmp   |      0|  0|  18|          28|           1|
    |icmp_ln194_14_fu_1843_p2            |   icmp   |      0|  0|  21|          33|           7|
    |icmp_ln194_15_fu_1706_p2            |   icmp   |      0|  0|  18|          29|           1|
    |icmp_ln194_16_fu_2122_p2            |   icmp   |      0|  0|  18|          29|           1|
    |icmp_ln194_fu_1191_p2               |   icmp   |      0|  0|  18|          29|           1|
    |icmp_ln226_15_fu_1224_p2            |   icmp   |      0|  0|  18|          32|           8|
    |icmp_ln226_16_fu_1367_p2            |   icmp   |      0|  0|  18|          32|           8|
    |icmp_ln226_17_fu_1448_p2            |   icmp   |      0|  0|  18|          32|           8|
    |icmp_ln226_18_fu_1735_p2            |   icmp   |      0|  0|  18|          32|           8|
    |icmp_ln226_19_fu_1867_p2            |   icmp   |      0|  0|  18|          32|           8|
    |icmp_ln226_20_fu_2152_p2            |   icmp   |      0|  0|  18|          32|           8|
    |icmp_ln226_fu_1108_p2               |   icmp   |      0|  0|  18|          32|           8|
    |icmp_ln233_15_fu_1258_p2            |   icmp   |      0|  0|  18|          32|          32|
    |icmp_ln233_16_fu_1481_p2            |   icmp   |      0|  0|  18|          32|          32|
    |icmp_ln233_17_fu_1768_p2            |   icmp   |      0|  0|  18|          32|          32|
    |icmp_ln233_18_fu_1900_p2            |   icmp   |      0|  0|  18|          32|          32|
    |icmp_ln233_19_fu_2186_p2            |   icmp   |      0|  0|  18|          32|          32|
    |icmp_ln233_fu_1133_p2               |   icmp   |      0|  0|  18|          32|          32|
    |icmp_ln239_15_fu_1313_p2            |   icmp   |      0|  0|  18|          32|           8|
    |icmp_ln239_16_fu_1395_p2            |   icmp   |      0|  0|  18|          32|           8|
    |icmp_ln239_17_fu_1534_p2            |   icmp   |      0|  0|  18|          32|           8|
    |icmp_ln239_18_fu_1812_p2            |   icmp   |      0|  0|  18|          32|           8|
    |icmp_ln239_19_fu_1953_p2            |   icmp   |      0|  0|  18|          32|           8|
    |icmp_ln239_20_fu_2232_p2            |   icmp   |      0|  0|  18|          32|           8|
    |icmp_ln239_fu_1158_p2               |   icmp   |      0|  0|  18|          32|           8|
    |icmp_ln244_2_fu_1406_p2             |   icmp   |      0|  0|  18|          32|           1|
    |icmp_ln244_fu_1176_p2               |   icmp   |      0|  0|  18|          32|           1|
    |icmp_ln34_5_fu_1992_p2              |   icmp   |      0|  0|  11|           7|           7|
    |icmp_ln34_fu_1573_p2                |   icmp   |      0|  0|  11|           7|           7|
    |or_ln41_5_fu_2062_p2                |    or    |      0|  0|   4|           4|           1|
    |or_ln41_fu_1643_p2                  |    or    |      0|  0|   4|           4|           1|
    |or_ln43_5_fu_2092_p2                |    or    |      0|  0|   4|           4|           2|
    |or_ln43_fu_1673_p2                  |    or    |      0|  0|   4|           4|           2|
    |or_ln45_5_fu_2102_p2                |    or    |      0|  0|   4|           4|           2|
    |or_ln45_fu_1683_p2                  |    or    |      0|  0|   4|           4|           2|
    |select_ln226_18_fu_1236_p3          |  select  |      0|  0|  32|           1|          32|
    |select_ln226_19_fu_1383_p3          |  select  |      0|  0|  32|           1|          32|
    |select_ln226_20_fu_1459_p3          |  select  |      0|  0|  32|           1|          32|
    |select_ln226_21_fu_1746_p3          |  select  |      0|  0|  32|           1|          32|
    |select_ln226_22_fu_1878_p3          |  select  |      0|  0|  32|           1|          32|
    |select_ln226_23_fu_2164_p3          |  select  |      0|  0|  32|           1|          32|
    |select_ln226_fu_1120_p3             |  select  |      0|  0|  32|           1|          32|
    |grp_fu_869_p2                       |    xor   |      0|  0|   8|           8|           5|
    |grp_fu_876_p2                       |    xor   |      0|  0|   9|           8|           9|
    |xor_ln149_32_fu_1329_p2             |    xor   |      0|  0|   8|           8|           8|
    |xor_ln149_33_fu_1550_p2             |    xor   |      0|  0|   8|           8|           8|
    |xor_ln149_34_fu_1828_p2             |    xor   |      0|  0|   8|           8|           8|
    |xor_ln149_35_fu_1969_p2             |    xor   |      0|  0|   8|           8|           8|
    |xor_ln149_38_fu_2248_p2             |    xor   |      0|  0|   8|           8|           8|
    |xor_ln149_fu_1169_p2                |    xor   |      0|  0|   8|           8|           3|
    +------------------------------------+----------+-------+---+----+------------+------------+
    |Total                               |          |      0|  0|3166|        2623|        2176|
    +------------------------------------+----------+-------+---+----+------------+------------+

    * Multiplexer: 
    +---------------------------------------------+-----+-----------+-----+-----------+
    |                     Name                    | LUT | Input Size| Bits| Total Bits|
    +---------------------------------------------+-----+-----------+-----+-----------+
    |ap_NS_fsm                                    |  413|         95|    1|         95|
    |ctx_sponge_byteIOInd_87_fu_220               |    9|          2|   32|         64|
    |ctx_sponge_byteIOInd_90_fu_224               |   15|          3|   32|         96|
    |ctx_sponge_byteIOInd_93_fu_228               |   15|          3|   32|         96|
    |ctx_sponge_byteIOInd_96_fu_232               |   15|          3|   32|         96|
    |ctx_sponge_byteIOInd_fu_212                  |    9|          2|   32|         64|
    |ctx_sponge_state_address0                    |  113|         24|    8|        192|
    |ctx_sponge_state_ce0                         |   27|          5|    1|          5|
    |ctx_sponge_state_d0                          |   53|         12|    8|         96|
    |ctx_sponge_state_we0                         |   21|          4|    1|          4|
    |grp_KeccakP1600OnWords_fu_840_state_q0       |   47|         10|   64|        640|
    |grp_KeccakP1600OnWords_fu_840_state_q1       |   47|         10|   64|        640|
    |grp_fromBytesToWords_fu_855_stateAsWords_q0  |   47|         10|   64|        640|
    |grp_fromWordsToBytes_fu_849_stateAsWords_q0  |   47|         10|   64|        640|
    |hash_address0                                |   15|          3|   15|         45|
    |hash_ce0                                     |   15|          3|    1|          3|
    |hash_we0                                     |    9|          2|    1|          2|
    |i_0_i_i_i139_reg_700                         |    9|          2|   33|         66|
    |i_0_i_i_i36_reg_586                          |    9|          2|   33|         66|
    |i_0_i_i_i6_reg_643                           |    9|          2|   33|         66|
    |i_0_i_i_i98_reg_792                          |    9|          2|   33|         66|
    |i_0_i_i_i_reg_735                            |    9|          2|   33|         66|
    |loop_0_i130_reg_689                          |    9|          2|    5|         10|
    |loop_0_i1_reg_553                            |    9|          2|    8|         16|
    |loop_0_i2_reg_621                            |    9|          2|    8|         16|
    |loop_0_i_reg_781                             |    9|          2|    5|         10|
    |loop_1_i_i_i115_reg_816                      |    9|          2|   32|         64|
    |loop_1_i_i_i156_reg_724                      |    9|          2|   32|         64|
    |loop_1_i_i_i23_reg_667                       |    9|          2|   32|         64|
    |loop_1_i_i_i53_reg_610                       |    9|          2|   32|         64|
    |loop_1_i_i_i_i84_reg_575                     |    9|          2|   32|         64|
    |loop_1_i_i_i_reg_759                         |    9|          2|   32|         64|
    |offset_assign_27_fu_216                      |   15|          3|   32|         96|
    |offset_assign_32_fu_236                      |   15|          3|   32|         96|
    |p_01_rec_i_i_i140_reg_712                    |    9|          2|   64|        128|
    |p_01_rec_i_i_i37_reg_598                     |    9|          2|   64|        128|
    |p_01_rec_i_i_i7_reg_655                      |    9|          2|   64|        128|
    |p_01_rec_i_i_i99_reg_804                     |    9|          2|   64|        128|
    |p_01_rec_i_i_i_reg_747                       |    9|          2|   64|        128|
    |phi_ln194_2_reg_632                          |    9|          2|    1|          2|
    |phi_ln194_reg_564                            |    9|          2|    1|          2|
    |phi_ln34_5_reg_770                           |    9|          2|    7|         14|
    |phi_ln34_reg_678                             |    9|          2|    7|         14|
    |stateAsWords_25_address0                     |   21|          4|    5|         20|
    |stateAsWords_25_ce0                          |   21|          4|    1|          4|
    |stateAsWords_25_ce1                          |    9|          2|    1|          2|
    |stateAsWords_25_d0                           |   15|          3|   64|        192|
    |stateAsWords_25_we0                          |   15|          3|    1|          3|
    |stateAsWords_25_we1                          |    9|          2|    1|          2|
    |stateAsWords_26_address0                     |   21|          4|    5|         20|
    |stateAsWords_26_ce0                          |   21|          4|    1|          4|
    |stateAsWords_26_ce1                          |    9|          2|    1|          2|
    |stateAsWords_26_d0                           |   15|          3|   64|        192|
    |stateAsWords_26_we0                          |   15|          3|    1|          3|
    |stateAsWords_26_we1                          |    9|          2|    1|          2|
    |stateAsWords_27_address0                     |   21|          4|    5|         20|
    |stateAsWords_27_ce0                          |   21|          4|    1|          4|
    |stateAsWords_27_ce1                          |    9|          2|    1|          2|
    |stateAsWords_27_d0                           |   15|          3|   64|        192|
    |stateAsWords_27_we0                          |   15|          3|    1|          3|
    |stateAsWords_27_we1                          |    9|          2|    1|          2|
    |stateAsWords_28_address0                     |   21|          4|    5|         20|
    |stateAsWords_28_ce0                          |   21|          4|    1|          4|
    |stateAsWords_28_ce1                          |    9|          2|    1|          2|
    |stateAsWords_28_d0                           |   15|          3|   64|        192|
    |stateAsWords_28_we0                          |   15|          3|    1|          3|
    |stateAsWords_28_we1                          |    9|          2|    1|          2|
    |stateAsWords_29_address0                     |   21|          4|    5|         20|
    |stateAsWords_29_ce0                          |   21|          4|    1|          4|
    |stateAsWords_29_ce1                          |    9|          2|    1|          2|
    |stateAsWords_29_d0                           |   15|          3|   64|        192|
    |stateAsWords_29_we0                          |   15|          3|    1|          3|
    |stateAsWords_29_we1                          |    9|          2|    1|          2|
    |stateAsWords_30_address0                     |   21|          4|    5|         20|
    |stateAsWords_30_ce0                          |   21|          4|    1|          4|
    |stateAsWords_30_ce1                          |    9|          2|    1|          2|
    |stateAsWords_30_d0                           |   15|          3|   64|        192|
    |stateAsWords_30_we0                          |   15|          3|    1|          3|
    |stateAsWords_30_we1                          |    9|          2|    1|          2|
    |stateAsWords_31_address0                     |   21|          4|    5|         20|
    |stateAsWords_31_ce0                          |   21|          4|    1|          4|
    |stateAsWords_31_ce1                          |    9|          2|    1|          2|
    |stateAsWords_31_d0                           |   15|          3|   64|        192|
    |stateAsWords_31_we0                          |   15|          3|    1|          3|
    |stateAsWords_31_we1                          |    9|          2|    1|          2|
    |stateAsWords_32_address0                     |   21|          4|    5|         20|
    |stateAsWords_32_ce0                          |   21|          4|    1|          4|
    |stateAsWords_32_ce1                          |    9|          2|    1|          2|
    |stateAsWords_32_d0                           |   15|          3|   64|        192|
    |stateAsWords_32_we0                          |   15|          3|    1|          3|
    |stateAsWords_32_we1                          |    9|          2|    1|          2|
    |stateAsWords_address0                        |   21|          4|    5|         20|
    |stateAsWords_ce0                             |   21|          4|    1|          4|
    |stateAsWords_ce1                             |    9|          2|    1|          2|
    |stateAsWords_d0                              |   15|          3|   64|        192|
    |stateAsWords_we0                             |   15|          3|    1|          3|
    |stateAsWords_we1                             |    9|          2|    1|          2|
    |temp_5_address0                              |   21|          4|    7|         28|
    |temp_5_address1                              |   21|          4|    7|         28|
    |temp_5_d0                                    |   21|          4|    8|         32|
    |temp_5_d1                                    |   15|          3|    8|         24|
    |temp_address0                                |   21|          4|    7|         28|
    |temp_address1                                |   21|          4|    7|         28|
    |temp_d0                                      |   21|          4|    8|         32|
    |temp_d1                                      |   15|          3|    8|         24|
    +---------------------------------------------+-----+-----------+-----+-----------+
    |Total                                        | 2129|        447| 1952|       7279|
    +---------------------------------------------+-----+-----------+-----+-----------+

    * Register: 
    +----------------------------------------------+----+----+-----+-----------+
    |                     Name                     | FF | LUT| Bits| Const Bits|
    +----------------------------------------------+----+----+-----+-----------+
    |add_ln38_1_reg_2296                           |  12|   0|   12|          0|
    |add_ln38_reg_2286                             |  12|   0|   12|          0|
    |ap_CS_fsm                                     |  94|   0|   94|          0|
    |ctx_sponge_byteIOInd_84_reg_2321              |  32|   0|   32|          0|
    |ctx_sponge_byteIOInd_87_fu_220                |  32|   0|   32|          0|
    |ctx_sponge_byteIOInd_88_reg_2445              |  32|   0|   32|          0|
    |ctx_sponge_byteIOInd_90_fu_224                |  32|   0|   32|          0|
    |ctx_sponge_byteIOInd_91_reg_2478              |  32|   0|   32|          0|
    |ctx_sponge_byteIOInd_93_fu_228                |  32|   0|   32|          0|
    |ctx_sponge_byteIOInd_94_reg_2589              |  32|   0|   32|          0|
    |ctx_sponge_byteIOInd_96_fu_232                |  32|   0|   32|          0|
    |ctx_sponge_byteIOInd_97_reg_2656              |  32|   0|   32|          0|
    |ctx_sponge_byteIOInd_fu_212                   |  32|   0|   32|          0|
    |ctx_sponge_state_add_40_reg_2350              |   8|   0|    8|          0|
    |ctx_sponge_state_add_41_reg_2411              |   8|   0|    8|          0|
    |ctx_sponge_state_add_42_reg_2372              |   8|   0|    8|          0|
    |ctx_sponge_state_add_45_reg_2524              |   8|   0|    8|          0|
    |ctx_sponge_state_add_46_reg_2642              |   8|   0|    8|          0|
    |ctx_sponge_state_add_47_reg_2702              |   8|   0|    8|          0|
    |ctx_sponge_state_add_48_reg_2809              |   8|   0|    8|          0|
    |ctx_sponge_state_add_49_reg_2775              |   8|   0|    8|          0|
    |grp_KeccakP1600OnWords_fu_840_ap_start_reg    |   1|   0|    1|          0|
    |grp_KeccakWidth1600_Spon_fu_827_ap_start_reg  |   1|   0|    1|          0|
    |grp_fromBytesToWords_fu_855_ap_start_reg      |   1|   0|    1|          0|
    |grp_fromWordsToBytes_fu_849_ap_start_reg      |   1|   0|    1|          0|
    |i_0_i_i_i139_reg_700                          |  33|   0|   33|          0|
    |i_0_i_i_i36_reg_586                           |  33|   0|   33|          0|
    |i_0_i_i_i6_reg_643                            |  33|   0|   33|          0|
    |i_0_i_i_i98_reg_792                           |  33|   0|   33|          0|
    |i_0_i_i_i_reg_735                             |  33|   0|   33|          0|
    |i_52_reg_2506                                 |  33|   0|   33|          0|
    |i_53_reg_2624                                 |  33|   0|   33|          0|
    |i_54_reg_2684                                 |  33|   0|   33|          0|
    |i_55_reg_2791                                 |  33|   0|   33|          0|
    |i_reg_2393                                    |  33|   0|   33|          0|
    |icmp_ln226_16_reg_2451                        |   1|   0|    1|          0|
    |icmp_ln239_15_reg_2416                        |   1|   0|    1|          0|
    |icmp_ln239_16_reg_2469                        |   1|   0|    1|          0|
    |icmp_ln239_17_reg_2529                        |   1|   0|    1|          0|
    |icmp_ln239_18_reg_2647                        |   1|   0|    1|          0|
    |icmp_ln239_19_reg_2707                        |   1|   0|    1|          0|
    |icmp_ln239_20_reg_2814                        |   1|   0|    1|          0|
    |icmp_ln239_reg_2355                           |   1|   0|    1|          0|
    |loop_0_i130_reg_689                           |   5|   0|    5|          0|
    |loop_0_i1_reg_553                             |   8|   0|    8|          0|
    |loop_0_i2_reg_621                             |   8|   0|    8|          0|
    |loop_0_i_reg_781                              |   5|   0|    5|          0|
    |loop_1_i_i_i115_reg_816                       |  32|   0|   32|          0|
    |loop_1_i_i_i156_reg_724                       |  32|   0|   32|          0|
    |loop_1_i_i_i23_reg_667                        |  32|   0|   32|          0|
    |loop_1_i_i_i53_reg_610                        |  32|   0|   32|          0|
    |loop_1_i_i_i_i84_reg_575                      |  32|   0|   32|          0|
    |loop_1_i_i_i_reg_759                          |  32|   0|   32|          0|
    |loop_57_reg_2401                              |  32|   0|   32|          0|
    |loop_59_reg_2514                              |  32|   0|   32|          0|
    |loop_60_reg_2566                              |   5|   0|    5|          0|
    |loop_61_reg_2632                              |  32|   0|   32|          0|
    |loop_62_reg_2692                              |  32|   0|   32|          0|
    |loop_63_reg_2744                              |   5|   0|    5|          0|
    |loop_64_reg_2799                              |  32|   0|   32|          0|
    |loop_reg_2345                                 |  32|   0|   32|          0|
    |mul_ln234_reg_2291                            |  17|   0|   17|          0|
    |offset_assign_27_fu_216                       |  32|   0|   32|          0|
    |offset_assign_32_fu_236                       |  32|   0|   32|          0|
    |p_01_rec_i_i_i140_reg_712                     |  64|   0|   64|          0|
    |p_01_rec_i_i_i37_reg_598                      |  64|   0|   64|          0|
    |p_01_rec_i_i_i7_reg_655                       |  64|   0|   64|          0|
    |p_01_rec_i_i_i99_reg_804                      |  64|   0|   64|          0|
    |p_01_rec_i_i_i_reg_747                        |  64|   0|   64|          0|
    |partialBlock_48_reg_2367                      |   5|   0|    5|          0|
    |partialBlock_51_reg_2490                      |   6|   0|    6|          0|
    |partialBlock_53_reg_2600                      |   5|   0|    5|          0|
    |partialBlock_55_reg_2668                      |   7|   0|    7|          0|
    |partialBlock_57_reg_2770                      |   5|   0|    5|          0|
    |phi_ln194_2_reg_632                           |   1|   0|    1|          0|
    |phi_ln194_reg_564                             |   1|   0|    1|          0|
    |phi_ln34_5_reg_770                            |   7|   0|    7|          0|
    |phi_ln34_reg_678                              |   7|   0|    7|          0|
    |select_ln226_18_reg_2382                      |  32|   0|   32|          0|
    |select_ln226_19_reg_2464                      |  32|   0|   32|          0|
    |select_ln226_20_reg_2495                      |  32|   0|   32|          0|
    |select_ln226_21_reg_2613                      |  32|   0|   32|          0|
    |select_ln226_22_reg_2673                      |  32|   0|   32|          0|
    |select_ln226_23_reg_2780                      |  32|   0|   32|          0|
    |select_ln226_reg_2327                         |  32|   0|   32|          0|
    |sub_ln234_1_reg_2266                          |  11|   0|   11|          0|
    |tmp_65_cast_reg_2281                          |  11|   0|   16|          5|
    |tmp_73_cast_reg_2301                          |  11|   0|   15|          4|
    |trunc_ln10_reg_2579                           |   8|   0|    8|          0|
    |trunc_ln11_reg_2584                           |   8|   0|    8|          0|
    |trunc_ln37_5_reg_2737                         |   4|   0|    4|          0|
    |trunc_ln37_reg_2559                           |   4|   0|    4|          0|
    |trunc_ln43_5_reg_2757                         |   8|   0|    8|          0|
    |trunc_ln45_5_reg_2762                         |   8|   0|    8|          0|
    |trunc_ln81_reg_2377                           |   2|   0|    2|          0|
    |zext_ln231_12_reg_2501                        |  32|   0|   64|         32|
    |zext_ln231_13_reg_2619                        |  32|   0|   64|         32|
    |zext_ln231_14_reg_2679                        |  32|   0|   64|         32|
    |zext_ln231_15_reg_2786                        |  32|   0|   64|         32|
    |zext_ln231_reg_2388                           |  32|   0|   64|         32|
    |zext_ln37_5_reg_2724                          |   5|   0|   64|         59|
    |zext_ln37_reg_2546                            |   5|   0|   64|         59|
    +----------------------------------------------+----+----+-----+-----------+
    |Total                                         |2178|   0| 2465|        287|
    +----------------------------------------------+----+----+-----+-----------+



================================================================
== Interface
================================================================
* Summary: 
+--------------------------------+-----+-----+------------+-------------------------------+--------------+
|            RTL Ports           | Dir | Bits|  Protocol  |         Source Object         |    C Type    |
+--------------------------------+-----+-----+------------+-------------------------------+--------------+
|ap_clk                          |  in |    1| ap_ctrl_hs |            Commit_2           | return value |
|ap_rst                          |  in |    1| ap_ctrl_hs |            Commit_2           | return value |
|ap_start                        |  in |    1| ap_ctrl_hs |            Commit_2           | return value |
|ap_done                         | out |    1| ap_ctrl_hs |            Commit_2           | return value |
|ap_idle                         | out |    1| ap_ctrl_hs |            Commit_2           | return value |
|ap_ready                        | out |    1| ap_ctrl_hs |            Commit_2           | return value |
|seed_address0                   | out |   14|  ap_memory |              seed             |     array    |
|seed_ce0                        | out |    1|  ap_memory |              seed             |     array    |
|seed_q0                         |  in |    8|  ap_memory |              seed             |     array    |
|seed_offset                     |  in |    8|   ap_none  |          seed_offset          |    scalar    |
|seed_offset1                    |  in |    3|   ap_none  |          seed_offset1         |    scalar    |
|view_inputShare_address0        | out |   12|  ap_memory |        view_inputShare        |     array    |
|view_inputShare_ce0             | out |    1|  ap_memory |        view_inputShare        |     array    |
|view_inputShare_q0              |  in |   32|  ap_memory |        view_inputShare        |     array    |
|view_inputShare_offset          |  in |    8|   ap_none  |     view_inputShare_offset    |    scalar    |
|view_inputShare_offset3         |  in |    3|   ap_none  |    view_inputShare_offset3    |    scalar    |
|view_communicatedBits_address0  | out |   16|  ap_memory |     view_communicatedBits     |     array    |
|view_communicatedBits_ce0       | out |    1|  ap_memory |     view_communicatedBits     |     array    |
|view_communicatedBits_q0        |  in |    8|  ap_memory |     view_communicatedBits     |     array    |
|view_communicatedBits_offset    |  in |    8|   ap_none  |  view_communicatedBits_offset |    scalar    |
|view_communicatedBits_offset4   |  in |    3|   ap_none  | view_communicatedBits_offset4 |    scalar    |
|view_outputShare_address0       | out |   12|  ap_memory |        view_outputShare       |     array    |
|view_outputShare_ce0            | out |    1|  ap_memory |        view_outputShare       |     array    |
|view_outputShare_q0             |  in |   32|  ap_memory |        view_outputShare       |     array    |
|view_outputShare_offset         |  in |    8|   ap_none  |    view_outputShare_offset    |    scalar    |
|view_outputShare_offset5        |  in |    3|   ap_none  |    view_outputShare_offset5   |    scalar    |
|hash_address0                   | out |   15|  ap_memory |              hash             |     array    |
|hash_ce0                        | out |    1|  ap_memory |              hash             |     array    |
|hash_we0                        | out |    1|  ap_memory |              hash             |     array    |
|hash_d0                         | out |    8|  ap_memory |              hash             |     array    |
|hash_q0                         |  in |    8|  ap_memory |              hash             |     array    |
|hash_offset                     |  in |    8|   ap_none  |          hash_offset          |    scalar    |
|hash_offset6                    |  in |    3|   ap_none  |          hash_offset6         |    scalar    |
+--------------------------------+-----+-----+------------+-------------------------------+--------------+

