

================================================================
== Vivado HLS Report for 'crypto_sign'
================================================================
* Date:           Thu May 14 18:42:51 2020

* Version:        2019.2 (Build 2704478 on Wed Nov 06 22:10:23 MST 2019)
* Project:        picnic1
* Solution:       sign
* Product family: artix7
* Target device:  xc7a200t-fbg676-2


================================================================
== Performance Estimates
================================================================
+ Timing: 
    * Summary: 
    +--------+----------+----------+------------+
    |  Clock |  Target  | Estimated| Uncertainty|
    +--------+----------+----------+------------+
    |ap_clk  | 10.00 ns | 8.750 ns |   1.25 ns  |
    +--------+----------+----------+------------+

+ Latency: 
    * Summary: 
    +---------+---------+----------+----------+-----+-----+---------+
    |  Latency (cycles) |  Latency (absolute) |  Interval | Pipeline|
    |   min   |   max   |    min   |    max   | min | max |   Type  |
    +---------+---------+----------+----------+-----+-----+---------+
    |        ?|        ?|         ?|         ?|    ?|    ?|   none  |
    +---------+---------+----------+----------+-----+-----+---------+

    + Detail: 
        * Instance: 
        +------------------------+-------------+---------+---------+----------+----------+-----+-----+---------+
        |                        |             |  Latency (cycles) |  Latency (absolute) |  Interval | Pipeline|
        |        Instance        |    Module   |   min   |   max   |    min   |    max   | min | max |   Type  |
        +------------------------+-------------+---------+---------+----------+----------+-----+-----+---------+
        |grp_picnic_sign_fu_324  |picnic_sign  |        ?|        ?|         ?|         ?|    ?|    ?|   none  |
        +------------------------+-------------+---------+---------+----------+----------+-----+-----+---------+

        * Loop: 
        +----------+---------+---------+----------+-----------+-----------+------+----------+
        |          |  Latency (cycles) | Iteration|  Initiation Interval  | Trip |          |
        | Loop Name|   min   |   max   |  Latency |  achieved |   target  | Count| Pipelined|
        +----------+---------+---------+----------+-----------+-----------+------+----------+
        |- Loop 1  |       48|       48|         3|          -|          -|    16|    no    |
        |- Loop 2  |        ?|        ?|         2|          -|          -|     ?|    no    |
        +----------+---------+---------+----------+-----------+-----------+------+----------+



================================================================
== Utilization Estimates
================================================================
* Summary: 
+-----------------+---------+-------+--------+--------+-----+
|       Name      | BRAM_18K| DSP48E|   FF   |   LUT  | URAM|
+-----------------+---------+-------+--------+--------+-----+
|DSP              |        -|      -|       -|       -|    -|
|Expression       |        -|      -|       0|     429|    -|
|FIFO             |        -|      -|       -|       -|    -|
|Instance         |      468|      5|   45813|  104031|    0|
|Memory           |        0|      -|      48|      12|    0|
|Multiplexer      |        -|      -|       -|     383|    -|
|Register         |        -|      -|     274|       -|    -|
+-----------------+---------+-------+--------+--------+-----+
|Total            |      468|      5|   46135|  104855|    0|
+-----------------+---------+-------+--------+--------+-----+
|Available        |      730|    740|  269200|  134600|    0|
+-----------------+---------+-------+--------+--------+-----+
|Utilization (%)  |       64|   ~0  |      17|      77|    0|
+-----------------+---------+-------+--------+--------+-----+

+ Detail: 
    * Instance: 
    +------------------------+-------------+---------+-------+-------+--------+-----+
    |        Instance        |    Module   | BRAM_18K| DSP48E|   FF  |   LUT  | URAM|
    +------------------------+-------------+---------+-------+-------+--------+-----+
    |grp_picnic_sign_fu_324  |picnic_sign  |      468|      5|  45813|  104031|    0|
    +------------------------+-------------+---------+-------+-------+--------+-----+
    |Total                   |             |      468|      5|  45813|  104031|    0|
    +------------------------+-------------+---------+-------+-------+--------+-----+

    * DSP48E: 
    N/A

    * Memory: 
    +------------------------+----------------------+---------+----+----+-----+------+-----+------+-------------+
    |         Memory         |        Module        | BRAM_18K| FF | LUT| URAM| Words| Bits| Banks| W*Bits*Banks|
    +------------------------+----------------------+---------+----+----+-----+------+-----+------+-------------+
    |secret_data_U           |crypto_sign_secrebJp  |        0|  16|   4|    0|    32|    8|     1|          256|
    |secret_pk_plaintext_U   |crypto_sign_secrebJp  |        0|  16|   4|    0|    32|    8|     1|          256|
    |secret_pk_ciphertext_U  |crypto_sign_secrebJp  |        0|  16|   4|    0|    32|    8|     1|          256|
    +------------------------+----------------------+---------+----+----+-----+------+-----+------+-------------+
    |Total                   |                      |        0|  48|  12|    0|    96|   24|     3|          768|
    +------------------------+----------------------+---------+----+----+-----+------+-----+------+-------------+

    * FIFO: 
    N/A

    * Expression: 
    +------------------------+----------+-------+---+----+------------+------------+
    |      Variable Name     | Operation| DSP48E| FF| LUT| Bitwidth P0| Bitwidth P1|
    +------------------------+----------+-------+---+----+------------+------------+
    |add_ln100_fu_464_p2     |     +    |      0|  0|  71|          64|           3|
    |add_ln108_fu_510_p2     |     +    |      0|  0|  71|          64|          64|
    |add_ln120_fu_545_p2     |     +    |      0|  0|  39|          32|           3|
    |add_ln659_fu_470_p2     |     +    |      0|  0|  15|           6|           5|
    |add_ln660_fu_480_p2     |     +    |      0|  0|  15|           6|           6|
    |loop_22_fu_445_p2       |     +    |      0|  0|  15|           5|           1|
    |loop_fu_539_p2          |     +    |      0|  0|  39|          32|           1|
    |empty_85_fu_359_p2      |   icmp   |      0|  0|   9|           4|           3|
    |empty_87_fu_371_p2      |   icmp   |      0|  0|   9|           4|           3|
    |empty_89_fu_383_p2      |   icmp   |      0|  0|   9|           4|           4|
    |empty_91_fu_395_p2      |   icmp   |      0|  0|   9|           4|           4|
    |empty_93_fu_407_p2      |   icmp   |      0|  0|   9|           4|           4|
    |empty_95_fu_419_p2      |   icmp   |      0|  0|   9|           4|           1|
    |empty_fu_353_p2         |   icmp   |      0|  0|   9|           4|           2|
    |icmp_ln101_fu_498_p2    |   icmp   |      0|  0|  18|          32|           1|
    |icmp_ln104_fu_504_p2    |   icmp   |      0|  0|  29|          64|          16|
    |icmp_ln119_fu_534_p2    |   icmp   |      0|  0|  29|          64|          64|
    |icmp_ln657_fu_439_p2    |   icmp   |      0|  0|  11|           5|           6|
    |empty_86_fu_365_p2      |    or    |      0|  0|   2|           1|           1|
    |empty_88_fu_377_p2      |    or    |      0|  0|   2|           1|           1|
    |empty_90_fu_389_p2      |    or    |      0|  0|   2|           1|           1|
    |empty_92_fu_401_p2      |    or    |      0|  0|   2|           1|           1|
    |empty_94_fu_413_p2      |    or    |      0|  0|   2|           1|           1|
    |empty_96_fu_425_p2      |    or    |      0|  0|   2|           1|           1|
    |select_ln625_fu_456_p3  |  select  |      0|  0|   2|           1|           2|
    +------------------------+----------+-------+---+----+------------+------------+
    |Total                   |          |      0|  0| 429|         409|         199|
    +------------------------+----------+-------+---+----+------------+------------+

    * Multiplexer: 
    +-------------------------------+----+-----------+-----+-----------+
    |              Name             | LUT| Input Size| Bits| Total Bits|
    +-------------------------------+----+-----------+-----+-----------+
    |ap_NS_fsm                      |  53|         12|    1|         12|
    |ap_phi_mux_ret_phi_fu_287_p4   |   9|          2|    1|          2|
    |loop_0_i_reg_272               |   9|          2|    5|         10|
    |loop_0_reg_295                 |   9|          2|   32|         64|
    |m_address0                     |  15|          3|   12|         36|
    |m_ce0                          |  15|          3|    1|          3|
    |p_0_reg_307                    |  21|          4|   32|        128|
    |secret_data_address0           |  15|          3|    5|         15|
    |secret_data_ce0                |  15|          3|    1|          3|
    |secret_data_ce1                |   9|          2|    1|          2|
    |secret_pk_ciphertext_address0  |  15|          3|    5|         15|
    |secret_pk_ciphertext_ce0       |  15|          3|    1|          3|
    |secret_pk_ciphertext_ce1       |   9|          2|    1|          2|
    |secret_pk_plaintext_address0   |  15|          3|    5|         15|
    |secret_pk_plaintext_ce0        |  15|          3|    1|          3|
    |secret_pk_plaintext_ce1        |   9|          2|    1|          2|
    |sk_address0                    |  21|          4|    6|         24|
    |sm_address0                    |  27|          5|   16|         80|
    |sm_address1                    |  15|          3|   16|         48|
    |sm_ce0                         |  15|          3|    1|          3|
    |sm_d0                          |  27|          5|    8|         40|
    |sm_d1                          |  15|          3|    8|         24|
    |sm_we0                         |  15|          3|    1|          3|
    +-------------------------------+----+-----------+-----+-----------+
    |Total                          | 383|         78|  161|        537|
    +-------------------------------+----+-----------+-----+-----------+

    * Register: 
    +-------------------------------------+----+----+-----+-----------+
    |                 Name                | FF | LUT| Bits| Const Bits|
    +-------------------------------------+----+----+-----+-----------+
    |add_ln100_reg_613                    |  64|   0|   64|          0|
    |add_ln108_reg_640                    |  64|   0|   64|          0|
    |ap_CS_fsm                            |  11|   0|   11|          0|
    |empty_96_reg_578                     |   1|   0|    1|          0|
    |grp_picnic_sign_fu_324_ap_start_reg  |   1|   0|    1|          0|
    |loop_0_i_reg_272                     |   5|   0|    5|          0|
    |loop_0_reg_295                       |  32|   0|   32|          0|
    |loop_22_reg_598                      |   5|   0|    5|          0|
    |loop_reg_658                         |  32|   0|   32|          0|
    |p_0_reg_307                          |  32|   0|   32|          0|
    |ret_reg_283                          |   1|   0|    1|          0|
    |sext_ln657_i_cast_reg_589            |   5|   0|    6|          1|
    |trunc_ln111_reg_645                  |   8|   0|    8|          0|
    |trunc_ln_reg_650                     |   8|   0|    8|          0|
    |zext_ln657_reg_582                   |   5|   0|   64|         59|
    +-------------------------------------+----+----+-----+-----------+
    |Total                                | 274|   0|  334|         60|
    +-------------------------------------+----+----+-----+-----------+



================================================================
== Interface
================================================================
* Summary: 
+----------------------+-----+-----+------------+--------------+--------------+
|       RTL Ports      | Dir | Bits|  Protocol  | Source Object|    C Type    |
+----------------------+-----+-----+------------+--------------+--------------+
|ap_clk                |  in |    1| ap_ctrl_hs |  crypto_sign | return value |
|ap_rst                |  in |    1| ap_ctrl_hs |  crypto_sign | return value |
|ap_start              |  in |    1| ap_ctrl_hs |  crypto_sign | return value |
|ap_done               | out |    1| ap_ctrl_hs |  crypto_sign | return value |
|ap_idle               | out |    1| ap_ctrl_hs |  crypto_sign | return value |
|ap_ready              | out |    1| ap_ctrl_hs |  crypto_sign | return value |
|ap_return             | out |   32| ap_ctrl_hs |  crypto_sign | return value |
|sm_address0           | out |   16|  ap_memory |      sm      |     array    |
|sm_ce0                | out |    1|  ap_memory |      sm      |     array    |
|sm_we0                | out |    1|  ap_memory |      sm      |     array    |
|sm_d0                 | out |    8|  ap_memory |      sm      |     array    |
|sm_address1           | out |   16|  ap_memory |      sm      |     array    |
|sm_ce1                | out |    1|  ap_memory |      sm      |     array    |
|sm_we1                | out |    1|  ap_memory |      sm      |     array    |
|sm_d1                 | out |    8|  ap_memory |      sm      |     array    |
|smlen_address0        | out |    1|  ap_memory |     smlen    |     array    |
|smlen_ce0             | out |    1|  ap_memory |     smlen    |     array    |
|smlen_we0             | out |    1|  ap_memory |     smlen    |     array    |
|smlen_d0              | out |   64|  ap_memory |     smlen    |     array    |
|m_address0            | out |   12|  ap_memory |       m      |     array    |
|m_ce0                 | out |    1|  ap_memory |       m      |     array    |
|m_q0                  |  in |    8|  ap_memory |       m      |     array    |
|mlen                  |  in |   64|   ap_none  |     mlen     |    scalar    |
|sk_address0           | out |    6|  ap_memory |      sk      |     array    |
|sk_ce0                | out |    1|  ap_memory |      sk      |     array    |
|sk_q0                 |  in |    8|  ap_memory |      sk      |     array    |
|sk_address1           | out |    6|  ap_memory |      sk      |     array    |
|sk_ce1                | out |    1|  ap_memory |      sk      |     array    |
|sk_q1                 |  in |    8|  ap_memory |      sk      |     array    |
|viewOutputs_address0  | out |   14|  ap_memory |  viewOutputs |     array    |
|viewOutputs_ce0       | out |    1|  ap_memory |  viewOutputs |     array    |
|viewOutputs_we0       | out |    1|  ap_memory |  viewOutputs |     array    |
|viewOutputs_d0        | out |   32|  ap_memory |  viewOutputs |     array    |
|viewOutputs_q0        |  in |   32|  ap_memory |  viewOutputs |     array    |
|viewOutputs_address1  | out |   14|  ap_memory |  viewOutputs |     array    |
|viewOutputs_ce1       | out |    1|  ap_memory |  viewOutputs |     array    |
|viewOutputs_q1        |  in |   32|  ap_memory |  viewOutputs |     array    |
+----------------------+-----+-----+------------+--------------+--------------+

