

================================================================
== Vivado HLS Report for 'fromWordsToBytes'
================================================================
* Date:           Thu May 14 18:41:58 2020

* Version:        2019.2 (Build 2704478 on Wed Nov 06 22:10:23 MST 2019)
* Project:        picnic1
* Solution:       sign
* Product family: artix7
* Target device:  xc7a200t-fbg676-2


================================================================
== Performance Estimates
================================================================
+ Timing: 
    * Summary: 
    +--------+----------+----------+------------+
    |  Clock |  Target  | Estimated| Uncertainty|
    +--------+----------+----------+------------+
    |ap_clk  | 10.00 ns | 6.247 ns |   1.25 ns  |
    +--------+----------+----------+------------+

+ Latency: 
    * Summary: 
    +---------+---------+----------+----------+-----+-----+---------+
    |  Latency (cycles) |  Latency (absolute) |  Interval | Pipeline|
    |   min   |   max   |    min   |    max   | min | max |   Type  |
    +---------+---------+----------+----------+-----+-----+---------+
    |      203|      203| 2.030 us | 2.030 us |  203|  203|   none  |
    +---------+---------+----------+----------+-----+-----+---------+

    + Detail: 
        * Instance: 
        N/A

        * Loop: 
        +------------------------------+---------+---------+----------+-----------+-----------+------+----------+
        |                              |  Latency (cycles) | Iteration|  Initiation Interval  | Trip |          |
        |           Loop Name          |   min   |   max   |  Latency |  achieved |   target  | Count| Pipelined|
        +------------------------------+---------+---------+----------+-----------+-----------+------+----------+
        |- L_fromWordsToBytes_label14  |      201|      201|         3|          1|          1|   200|    yes   |
        +------------------------------+---------+---------+----------+-----------+-----------+------+----------+



================================================================
== Utilization Estimates
================================================================
* Summary: 
+-----------------+---------+-------+--------+--------+-----+
|       Name      | BRAM_18K| DSP48E|   FF   |   LUT  | URAM|
+-----------------+---------+-------+--------+--------+-----+
|DSP              |        -|      -|       -|       -|    -|
|Expression       |        -|      -|       0|     275|    -|
|FIFO             |        -|      -|       -|       -|    -|
|Instance         |        -|      -|       -|       -|    -|
|Memory           |        -|      -|       -|       -|    -|
|Multiplexer      |        -|      -|       -|      75|    -|
|Register         |        -|      -|      54|       -|    -|
+-----------------+---------+-------+--------+--------+-----+
|Total            |        0|      0|      54|     350|    0|
+-----------------+---------+-------+--------+--------+-----+
|Available        |      730|    740|  269200|  134600|    0|
+-----------------+---------+-------+--------+--------+-----+
|Utilization (%)  |        0|      0|   ~0   |   ~0   |    0|
+-----------------+---------+-------+--------+--------+-----+

+ Detail: 
    * Instance: 
    N/A

    * DSP48E: 
    N/A

    * Memory: 
    N/A

    * FIFO: 
    N/A

    * Expression: 
    +--------------------------+----------+-------+---+-----+------------+------------+
    |       Variable Name      | Operation| DSP48E| FF| LUT | Bitwidth P0| Bitwidth P1|
    +--------------------------+----------+-------+---+-----+------------+------------+
    |add_ln280_fu_117_p2       |     +    |      0|  0|   15|           8|           1|
    |add_ln282_fu_197_p2       |     +    |      0|  0|   15|           8|           8|
    |i_fu_123_p2               |     +    |      0|  0|   15|           1|           5|
    |j_fu_160_p2               |     +    |      0|  0|   13|           1|           4|
    |icmp_ln280_fu_111_p2      |   icmp   |      0|  0|   11|           8|           7|
    |icmp_ln281_fu_129_p2      |   icmp   |      0|  0|   11|           4|           5|
    |lshr_ln282_fu_177_p2      |   lshr   |      0|  0|  182|          64|          64|
    |select_ln280_1_fu_143_p3  |  select  |      0|  0|    5|           1|           5|
    |select_ln280_fu_135_p3    |  select  |      0|  0|    4|           1|           1|
    |ap_enable_pp0             |    xor   |      0|  0|    2|           1|           2|
    |ap_enable_reg_pp0_iter1   |    xor   |      0|  0|    2|           2|           1|
    +--------------------------+----------+-------+---+-----+------------+------------+
    |Total                     |          |      0|  0|  275|          99|         103|
    +--------------------------+----------+-------+---+-----+------------+------------+

    * Multiplexer: 
    +-----------------------------+----+-----------+-----+-----------+
    |             Name            | LUT| Input Size| Bits| Total Bits|
    +-----------------------------+----+-----------+-----+-----------+
    |ap_NS_fsm                    |  21|          4|    1|          4|
    |ap_enable_reg_pp0_iter1      |   9|          2|    1|          2|
    |ap_enable_reg_pp0_iter2      |   9|          2|    1|          2|
    |ap_phi_mux_i_0_phi_fu_93_p4  |   9|          2|    5|         10|
    |i_0_reg_89                   |   9|          2|    5|         10|
    |indvar_flatten_reg_78        |   9|          2|    8|         16|
    |j_0_reg_100                  |   9|          2|    4|          8|
    +-----------------------------+----+-----------+-----+-----------+
    |Total                        |  75|         16|   25|         52|
    +-----------------------------+----+-----------+-----+-----------+

    * Register: 
    +--------------------------------------+---+----+-----+-----------+
    |                 Name                 | FF| LUT| Bits| Const Bits|
    +--------------------------------------+---+----+-----+-----------+
    |ap_CS_fsm                             |  3|   0|    3|          0|
    |ap_enable_reg_pp0_iter0               |  1|   0|    1|          0|
    |ap_enable_reg_pp0_iter1               |  1|   0|    1|          0|
    |ap_enable_reg_pp0_iter2               |  1|   0|    1|          0|
    |i_0_reg_89                            |  5|   0|    5|          0|
    |icmp_ln280_reg_208                    |  1|   0|    1|          0|
    |icmp_ln280_reg_208_pp0_iter1_reg      |  1|   0|    1|          0|
    |indvar_flatten_reg_78                 |  8|   0|    8|          0|
    |j_0_reg_100                           |  4|   0|    4|          0|
    |select_ln280_1_reg_222                |  5|   0|    5|          0|
    |select_ln280_1_reg_222_pp0_iter1_reg  |  5|   0|    5|          0|
    |select_ln280_reg_217                  |  4|   0|    4|          0|
    |select_ln280_reg_217_pp0_iter1_reg    |  4|   0|    4|          0|
    |trunc_ln282_1_reg_243                 |  8|   0|    8|          0|
    |trunc_ln282_reg_233                   |  3|   0|    3|          0|
    +--------------------------------------+---+----+-----+-----------+
    |Total                                 | 54|   0|   54|          0|
    +--------------------------------------+---+----+-----+-----------+



================================================================
== Interface
================================================================
* Summary: 
+-----------------------+-----+-----+------------+------------------+--------------+
|       RTL Ports       | Dir | Bits|  Protocol  |   Source Object  |    C Type    |
+-----------------------+-----+-----+------------+------------------+--------------+
|ap_clk                 |  in |    1| ap_ctrl_hs | fromWordsToBytes | return value |
|ap_rst                 |  in |    1| ap_ctrl_hs | fromWordsToBytes | return value |
|ap_start               |  in |    1| ap_ctrl_hs | fromWordsToBytes | return value |
|ap_done                | out |    1| ap_ctrl_hs | fromWordsToBytes | return value |
|ap_idle                | out |    1| ap_ctrl_hs | fromWordsToBytes | return value |
|ap_ready               | out |    1| ap_ctrl_hs | fromWordsToBytes | return value |
|state_address0         | out |    8|  ap_memory |       state      |     array    |
|state_ce0              | out |    1|  ap_memory |       state      |     array    |
|state_we0              | out |    1|  ap_memory |       state      |     array    |
|state_d0               | out |    8|  ap_memory |       state      |     array    |
|stateAsWords_address0  | out |    5|  ap_memory |   stateAsWords   |     array    |
|stateAsWords_ce0       | out |    1|  ap_memory |   stateAsWords   |     array    |
|stateAsWords_q0        |  in |   64|  ap_memory |   stateAsWords   |     array    |
+-----------------------+-----+-----+------------+------------------+--------------+

