

================================================================
== Vivado HLS Report for 'HashUpdateIntLE'
================================================================
* Date:           Thu May 14 18:41:59 2020

* Version:        2019.2 (Build 2704478 on Wed Nov 06 22:10:23 MST 2019)
* Project:        picnic1
* Solution:       sign
* Product family: artix7
* Target device:  xc7a200t-fbg676-2


================================================================
== Performance Estimates
================================================================
+ Timing: 
    * Summary: 
    +--------+----------+----------+------------+
    |  Clock |  Target  | Estimated| Uncertainty|
    +--------+----------+----------+------------+
    |ap_clk  | 10.00 ns | 8.471 ns |   1.25 ns  |
    +--------+----------+----------+------------+

+ Latency: 
    * Summary: 
    +---------+---------+----------+----------+-----+-----+---------+
    |  Latency (cycles) |  Latency (absolute) |  Interval | Pipeline|
    |   min   |   max   |    min   |    max   | min | max |   Type  |
    +---------+---------+----------+----------+-----+-----+---------+
    |        ?|        ?|         ?|         ?|    ?|    ?|   none  |
    +---------+---------+----------+----------+-----+-----+---------+

    + Detail: 
        * Instance: 
        +------------------+-------+---------+---------+----------+----------+-----+-----+---------+
        |                  |       |  Latency (cycles) |  Latency (absolute) |  Interval | Pipeline|
        |     Instance     | Module|   min   |   max   |    min   |    max   | min | max |   Type  |
        +------------------+-------+---------+---------+----------+----------+-----+-----+---------+
        |grp_pi_fu_363     |pi     |       51|       51| 0.510 us | 0.510 us |   51|   51|   none  |
        |grp_theta_fu_368  |theta  |       80|       80| 0.800 us | 0.800 us |   80|   80|   none  |
        |grp_chi_fu_373    |chi    |      141|      141| 1.410 us | 1.410 us |  141|  141|   none  |
        +------------------+-------+---------+---------+----------+----------+-----+-----+---------+

        * Loop: 
        +-------------------------------+---------+---------+----------+-----------+-----------+------+----------+
        |                               |  Latency (cycles) | Iteration|  Initiation Interval  | Trip |          |
        |           Loop Name           |   min   |   max   |  Latency |  achieved |   target  | Count| Pipelined|
        +-------------------------------+---------+---------+----------+-----------+-----------+------+----------+
        |- Loop 1                       |        ?|        ?|         ?|          -|          -|     ?|    no    |
        | + Loop 1.1                    |        ?|        ?|         2|          -|          -|     ?|    no    |
        | + Loop 1.2                    |      475|      475|        19|          -|          -|    25|    no    |
        |  ++ fromBytesToWords_label13  |       16|       16|         2|          2|          1|     8|    yes   |
        | + Loop 1.3                    |     8544|     8544|       356|          -|          -|    24|    no    |
        |  ++ L_rho_label18             |       75|       75|         4|          3|          1|    25|    yes   |
        | + L_fromWordsToBytes_label14  |      201|      201|         3|          1|          1|   200|    yes   |
        +-------------------------------+---------+---------+----------+-----------+-----------+------+----------+



================================================================
== Utilization Estimates
================================================================
* Summary: 
+-----------------+---------+-------+--------+--------+-----+
|       Name      | BRAM_18K| DSP48E|   FF   |   LUT  | URAM|
+-----------------+---------+-------+--------+--------+-----+
|DSP              |        -|      -|       -|       -|    -|
|Expression       |        -|      -|       0|    1777|    -|
|FIFO             |        -|      -|       -|       -|    -|
|Instance         |        4|      -|    1733|    2296|    0|
|Memory           |        6|      -|       6|       3|    0|
|Multiplexer      |        -|      -|       -|     562|    -|
|Register         |        -|      -|     515|       -|    -|
+-----------------+---------+-------+--------+--------+-----+
|Total            |       10|      0|    2254|    4638|    0|
+-----------------+---------+-------+--------+--------+-----+
|Available        |      730|    740|  269200|  134600|    0|
+-----------------+---------+-------+--------+--------+-----+
|Utilization (%)  |        1|      0|   ~0   |       3|    0|
+-----------------+---------+-------+--------+--------+-----+

+ Detail: 
    * Instance: 
    +------------------+-------+---------+-------+-----+-----+-----+
    |     Instance     | Module| BRAM_18K| DSP48E|  FF | LUT | URAM|
    +------------------+-------+---------+-------+-----+-----+-----+
    |grp_chi_fu_373    |chi    |        0|      0|  227|  500|    0|
    |grp_pi_fu_363     |pi     |        4|      0|  863|  878|    0|
    |grp_theta_fu_368  |theta  |        0|      0|  643|  918|    0|
    +------------------+-------+---------+-------+-----+-----+-----+
    |Total             |       |        4|      0| 1733| 2296|    0|
    +------------------+-------+---------+-------+-----+-----+-----+

    * DSP48E: 
    N/A

    * Memory: 
    +------------------------+----------------------+---------+---+----+-----+------+-----+------+-------------+
    |         Memory         |        Module        | BRAM_18K| FF| LUT| URAM| Words| Bits| Banks| W*Bits*Banks|
    +------------------------+----------------------+---------+---+----+-----+------+-----+------+-------------+
    |KeccakRhoOffsets_U      |KeccakP1600OnWordeOg  |        0|  6|   3|    0|    25|    6|     1|          150|
    |KeccakRoundConstants_U  |KeccakP1600OnWordfYi  |        2|  0|   0|    0|    24|   64|     1|         1536|
    |stateAsWords_U          |pi_tempA              |        4|  0|   0|    0|    25|   64|     1|         1600|
    +------------------------+----------------------+---------+---+----+-----+------+-----+------+-------------+
    |Total                   |                      |        6|  6|   3|    0|    74|  134|     3|         3286|
    +------------------------+----------------------+---------+---+----+-----+------+-----+------+-------------+

    * FIFO: 
    N/A

    * Expression: 
    +---------------------------+----------+-------+---+-----+------------+------------+
    |       Variable Name       | Operation| DSP48E| FF| LUT | Bitwidth P0| Bitwidth P1|
    +---------------------------+----------+-------+---+-----+------------+------------+
    |add_ln226_fu_416_p2        |     +    |      0|  0|   39|          32|          32|
    |add_ln234_fu_471_p2        |     +    |      0|  0|   39|          32|          32|
    |add_ln238_fu_482_p2        |     +    |      0|  0|   39|          32|          32|
    |add_ln272_fu_577_p2        |     +    |      0|  0|   15|           8|           8|
    |add_ln280_fu_817_p2        |     +    |      0|  0|   15|           8|           1|
    |add_ln282_fu_897_p2        |     +    |      0|  0|   15|           8|           8|
    |add_ln352_fu_638_p2        |     +    |      0|  0|   15|           5|           1|
    |add_ln353_12_fu_676_p2     |     +    |      0|  0|   12|           3|           2|
    |add_ln353_13_fu_699_p2     |     +    |      0|  0|   12|           3|           2|
    |add_ln353_6_fu_733_p2      |     +    |      0|  0|   15|           5|           5|
    |add_ln353_fu_723_p2        |     +    |      0|  0|   13|           4|           4|
    |i_33_fu_542_p2             |     +    |      0|  0|   15|           5|           1|
    |i_34_fu_823_p2             |     +    |      0|  0|   15|           1|           5|
    |i_35_fu_626_p2             |     +    |      0|  0|   15|           5|           1|
    |i_fu_450_p2                |     +    |      0|  0|   40|          33|          33|
    |j_13_fu_860_p2             |     +    |      0|  0|   13|           1|           4|
    |j_fu_567_p2                |     +    |      0|  0|   13|           4|           1|
    |loop_fu_465_p2             |     +    |      0|  0|   39|          32|           1|
    |p_2_rec_i_i_i_fu_913_p2    |     +    |      0|  0|   71|          64|          64|
    |x_11_fu_644_p2             |     +    |      0|  0|   12|           3|           1|
    |y_fu_794_p2                |     +    |      0|  0|   12|           3|           1|
    |partialBlock_32_fu_428_p2  |     -    |      0|  0|   39|           8|          32|
    |partialBlock_fu_406_p2     |     -    |      0|  0|   12|           3|           2|
    |sub_ln353_fu_765_p2        |     -    |      0|  0|   15|           8|           7|
    |icmp_ln194_fu_396_p2       |   icmp   |      0|  0|   18|          32|           1|
    |icmp_ln226_fu_422_p2       |   icmp   |      0|  0|   18|          32|           8|
    |icmp_ln233_fu_460_p2       |   icmp   |      0|  0|   18|          32|          32|
    |icmp_ln239_fu_487_p2       |   icmp   |      0|  0|   18|          32|           8|
    |icmp_ln269_fu_536_p2       |   icmp   |      0|  0|   11|           5|           4|
    |icmp_ln271_fu_561_p2       |   icmp   |      0|  0|   11|           4|           5|
    |icmp_ln280_fu_811_p2       |   icmp   |      0|  0|   11|           8|           7|
    |icmp_ln281_fu_829_p2       |   icmp   |      0|  0|   11|           4|           5|
    |icmp_ln293_fu_620_p2       |   icmp   |      0|  0|   11|           5|           5|
    |icmp_ln35211_fu_650_p2     |   icmp   |      0|  0|    9|           3|           3|
    |icmp_ln352_fu_632_p2       |   icmp   |      0|  0|   11|           5|           4|
    |icmp_ln353_11_fu_670_p2    |   icmp   |      0|  0|    9|           3|           3|
    |icmp_ln353_12_fu_694_p2    |   icmp   |      0|  0|    9|           3|           3|
    |icmp_ln353_fu_745_p2       |   icmp   |      0|  0|   11|           5|           1|
    |lshr_ln282_fu_877_p2       |   lshr   |      0|  0|  182|          64|          64|
    |lshr_ln353_fu_775_p2       |   lshr   |      0|  0|  182|          64|          64|
    |or_ln272_fu_613_p2         |    or    |      0|  0|   64|          64|          64|
    |select_ln226_fu_434_p3     |  select  |      0|  0|   32|           1|          32|
    |select_ln234_fu_521_p3     |  select  |      0|  0|    8|           1|           8|
    |select_ln280_6_fu_843_p3   |  select  |      0|  0|    5|           1|           5|
    |select_ln280_fu_835_p3     |  select  |      0|  0|    4|           1|           1|
    |select_ln353_21_fu_656_p3  |  select  |      0|  0|    3|           1|           1|
    |select_ln353_22_fu_664_p3  |  select  |      0|  0|    3|           1|           3|
    |select_ln353_23_fu_682_p3  |  select  |      0|  0|    3|           1|           3|
    |select_ln353_24_fu_704_p3  |  select  |      0|  0|    3|           1|           3|
    |select_ln353_fu_787_p3     |  select  |      0|  0|   64|           1|          64|
    |shl_ln272_fu_607_p2        |    shl   |      0|  0|  182|          64|          64|
    |shl_ln353_fu_759_p2        |    shl   |      0|  0|  182|          64|          64|
    |ap_enable_pp1              |    xor   |      0|  0|    2|           1|           2|
    |ap_enable_pp2              |    xor   |      0|  0|    2|           1|           2|
    |ap_enable_reg_pp2_iter1    |    xor   |      0|  0|    2|           2|           1|
    |xor_ln149_fu_529_p2        |    xor   |      0|  0|    8|           8|           8|
    |xor_ln234_fu_502_p2        |    xor   |      0|  0|    2|           1|           1|
    |xor_ln353_fu_781_p2        |    xor   |      0|  0|   64|          64|          64|
    |xor_ln382_fu_804_p2        |    xor   |      0|  0|   64|          64|          64|
    +---------------------------+----------+-------+---+-----+------------+------------+
    |Total                      |          |      0|  0| 1777|         953|         951|
    +---------------------------+----------+-------+---+-----+------------+------------+

    * Multiplexer: 
    +-----------------------------------------+-----+-----------+-----+-----------+
    |                   Name                  | LUT | Input Size| Bits| Total Bits|
    +-----------------------------------------+-----+-----------+-----+-----------+
    |ap_NS_fsm                                |  105|         22|    1|         22|
    |ap_enable_reg_pp1_iter1                  |    9|          2|    1|          2|
    |ap_enable_reg_pp2_iter1                  |    9|          2|    1|          2|
    |ap_enable_reg_pp2_iter2                  |    9|          2|    1|          2|
    |ap_phi_mux_i_0_i2_phi_fu_345_p4          |    9|          2|    5|         10|
    |ap_phi_mux_indvar_flatten_phi_fu_300_p4  |    9|          2|    5|         10|
    |ap_phi_mux_x_0_i_phi_fu_311_p4           |    9|          2|    3|          6|
    |ap_phi_mux_y_0_i_phi_fu_323_p4           |    9|          2|    3|          6|
    |ctx_sponge_byteIOInd_42_fu_112           |   15|          3|   32|         96|
    |ctx_sponge_state_address0                |   27|          5|    8|         40|
    |ctx_sponge_state_d0                      |   15|          3|    8|         24|
    |i_0_i2_reg_341                           |    9|          2|    5|         10|
    |i_0_i_i_i_reg_226                        |    9|          2|   33|         66|
    |i_0_i_reg_261                            |    9|          2|    5|         10|
    |indexRound_assign_reg_284                |    9|          2|    5|         10|
    |indvar_flatten7_reg_330                  |    9|          2|    8|         16|
    |indvar_flatten_reg_296                   |    9|          2|    5|         10|
    |j_0_i5_reg_352                           |    9|          2|    4|          8|
    |j_0_i_reg_272                            |    9|          2|    4|          8|
    |loop_1_i_i_i_reg_249                     |    9|          2|   32|         64|
    |p_01_rec_i_i_i_reg_237                   |    9|          2|   64|        128|
    |stateAsWords_address0                    |   41|          8|    5|         40|
    |stateAsWords_address1                    |   38|          7|    5|         35|
    |stateAsWords_ce0                         |   27|          5|    1|          5|
    |stateAsWords_ce1                         |   27|          5|    1|          5|
    |stateAsWords_d0                          |   27|          5|   64|        320|
    |stateAsWords_d1                          |   27|          5|   64|        320|
    |stateAsWords_we0                         |   15|          3|    1|          3|
    |stateAsWords_we1                         |   27|          5|    1|          5|
    |x_0_i_reg_307                            |    9|          2|    3|          6|
    |y_0_i_reg_319                            |    9|          2|    3|          6|
    +-----------------------------------------+-----+-----------+-----+-----------+
    |Total                                    |  562|        114|  381|       1295|
    +-----------------------------------------+-----+-----------+-----+-----------+

    * Register: 
    +---------------------------------------+----+----+-----+-----------+
    |                  Name                 | FF | LUT| Bits| Const Bits|
    +---------------------------------------+----+----+-----+-----------+
    |add_ln352_reg_1024                     |   5|   0|    5|          0|
    |ap_CS_fsm                              |  21|   0|   21|          0|
    |ap_enable_reg_pp1_iter0                |   1|   0|    1|          0|
    |ap_enable_reg_pp1_iter1                |   1|   0|    1|          0|
    |ap_enable_reg_pp2_iter0                |   1|   0|    1|          0|
    |ap_enable_reg_pp2_iter1                |   1|   0|    1|          0|
    |ap_enable_reg_pp2_iter2                |   1|   0|    1|          0|
    |ctx_sponge_byteIOInd_42_fu_112         |  32|   0|   32|          0|
    |ctx_sponge_state_add_reg_970           |   8|   0|    8|          0|
    |grp_chi_fu_373_ap_start_reg            |   1|   0|    1|          0|
    |grp_pi_fu_363_ap_start_reg             |   1|   0|    1|          0|
    |grp_theta_fu_368_ap_start_reg          |   1|   0|    1|          0|
    |i_0_i2_reg_341                         |   5|   0|    5|          0|
    |i_0_i_i_i_reg_226                      |  33|   0|   33|          0|
    |i_0_i_reg_261                          |   5|   0|    5|          0|
    |i_33_reg_983                           |   5|   0|    5|          0|
    |i_35_reg_1015                          |   5|   0|    5|          0|
    |i_reg_952                              |  33|   0|   33|          0|
    |icmp_ln239_reg_975                     |   1|   0|    1|          0|
    |icmp_ln280_reg_1083                    |   1|   0|    1|          0|
    |icmp_ln280_reg_1083_pp2_iter1_reg      |   1|   0|    1|          0|
    |icmp_ln35211_reg_1034                  |   1|   0|    1|          0|
    |icmp_ln352_reg_1020                    |   1|   0|    1|          0|
    |icmp_ln353_reg_1057                    |   1|   0|    1|          0|
    |indexRound_assign_reg_284              |   5|   0|    5|          0|
    |indvar_flatten7_reg_330                |   8|   0|    8|          0|
    |indvar_flatten_reg_296                 |   5|   0|    5|          0|
    |j_0_i5_reg_352                         |   4|   0|    4|          0|
    |j_0_i_reg_272                          |   4|   0|    4|          0|
    |j_reg_1001                             |   4|   0|    4|          0|
    |loop_1_i_i_i_reg_249                   |  32|   0|   32|          0|
    |loop_reg_965                           |  32|   0|   32|          0|
    |p_01_rec_i_i_i_reg_237                 |  64|   0|   64|          0|
    |select_ln226_reg_941                   |  32|   0|   32|          0|
    |select_ln280_6_reg_1097                |   5|   0|    5|          0|
    |select_ln280_6_reg_1097_pp2_iter1_reg  |   5|   0|    5|          0|
    |select_ln280_reg_1092                  |   4|   0|    4|          0|
    |select_ln280_reg_1092_pp2_iter1_reg    |   4|   0|    4|          0|
    |select_ln353_21_reg_1039               |   3|   0|    3|          0|
    |select_ln353_22_reg_1047               |   3|   0|    3|          0|
    |select_ln353_reg_1068                  |  64|   0|   64|          0|
    |shl_ln_reg_993                         |   5|   0|    8|          3|
    |stateAsWords_addr_13_reg_988           |   5|   0|    5|          0|
    |stateAsWords_addr_15_reg_1062          |   5|   0|    5|          0|
    |trunc_ln234_reg_957                    |   1|   0|    1|          0|
    |trunc_ln282_6_reg_1118                 |   8|   0|    8|          0|
    |trunc_ln282_reg_1108                   |   3|   0|    3|          0|
    |x_0_i_reg_307                          |   3|   0|    3|          0|
    |x_11_reg_1029                          |   3|   0|    3|          0|
    |y_0_i_reg_319                          |   3|   0|    3|          0|
    |y_reg_1073                             |   3|   0|    3|          0|
    |zext_ln231_reg_947                     |  32|   0|   64|         32|
    +---------------------------------------+----+----+-----+-----------+
    |Total                                  | 515|   0|  550|         35|
    +---------------------------------------+----+----+-----+-----------+



================================================================
== Interface
================================================================
* Summary: 
+---------------------------+-----+-----+------------+----------------------+--------------+
|         RTL Ports         | Dir | Bits|  Protocol  |     Source Object    |    C Type    |
+---------------------------+-----+-----+------------+----------------------+--------------+
|ap_clk                     |  in |    1| ap_ctrl_hs |    HashUpdateIntLE   | return value |
|ap_rst                     |  in |    1| ap_ctrl_hs |    HashUpdateIntLE   | return value |
|ap_start                   |  in |    1| ap_ctrl_hs |    HashUpdateIntLE   | return value |
|ap_done                    | out |    1| ap_ctrl_hs |    HashUpdateIntLE   | return value |
|ap_idle                    | out |    1| ap_ctrl_hs |    HashUpdateIntLE   | return value |
|ap_ready                   | out |    1| ap_ctrl_hs |    HashUpdateIntLE   | return value |
|ap_return                  | out |   32| ap_ctrl_hs |    HashUpdateIntLE   | return value |
|ctx_sponge_state_address0  | out |    8|  ap_memory |   ctx_sponge_state   |     array    |
|ctx_sponge_state_ce0       | out |    1|  ap_memory |   ctx_sponge_state   |     array    |
|ctx_sponge_state_we0       | out |    1|  ap_memory |   ctx_sponge_state   |     array    |
|ctx_sponge_state_d0        | out |    8|  ap_memory |   ctx_sponge_state   |     array    |
|ctx_sponge_state_q0        |  in |    8|  ap_memory |   ctx_sponge_state   |     array    |
|ctx_sponge_byteIOInd       |  in |   32|   ap_none  | ctx_sponge_byteIOInd |    scalar    |
|x                          |  in |    9|   ap_none  |           x          |    scalar    |
+---------------------------+-----+-----+------------+----------------------+--------------+

