

================================================================
== Vivado HLS Report for 'KeccakWidth1600_Spon'
================================================================
* Date:           Thu May 14 18:42:23 2020

* Version:        2019.2 (Build 2704478 on Wed Nov 06 22:10:23 MST 2019)
* Project:        picnic1
* Solution:       sign
* Product family: artix7
* Target device:  xc7a200t-fbg676-2


================================================================
== Performance Estimates
================================================================
+ Timing: 
    * Summary: 
    +--------+----------+----------+------------+
    |  Clock |  Target  | Estimated| Uncertainty|
    +--------+----------+----------+------------+
    |ap_clk  | 10.00 ns | 8.332 ns |   1.25 ns  |
    +--------+----------+----------+------------+

+ Latency: 
    * Summary: 
    +---------+---------+----------+----------+-----+-----+---------+
    |  Latency (cycles) |  Latency (absolute) |  Interval | Pipeline|
    |   min   |   max   |    min   |    max   | min | max |   Type  |
    +---------+---------+----------+----------+-----+-----+---------+
    |        ?|        ?|         ?|         ?|    ?|    ?|   none  |
    +---------+---------+----------+----------+-----+-----+---------+

    + Detail: 
        * Instance: 
        +------------------+-------+---------+---------+----------+----------+-----+-----+---------+
        |                  |       |  Latency (cycles) |  Latency (absolute) |  Interval | Pipeline|
        |     Instance     | Module|   min   |   max   |    min   |    max   | min | max |   Type  |
        +------------------+-------+---------+---------+----------+----------+-----+-----+---------+
        |grp_pi_fu_404     |pi     |       51|       51| 0.510 us | 0.510 us |   51|   51|   none  |
        |grp_theta_fu_409  |theta  |       80|       80| 0.800 us | 0.800 us |   80|   80|   none  |
        |grp_chi_fu_414    |chi    |      141|      141| 1.410 us | 1.410 us |  141|  141|   none  |
        +------------------+-------+---------+---------+----------+----------+-----+-----+---------+

        * Loop: 
        +-------------------------------+---------+---------+----------+-----------+-----------+------+----------+
        |                               |  Latency (cycles) | Iteration|  Initiation Interval  | Trip |          |
        |           Loop Name           |   min   |   max   |  Latency |  achieved |   target  | Count| Pipelined|
        +-------------------------------+---------+---------+----------+-----------+-----------+------+----------+
        |- Loop 1                       |        ?|        ?|         ?|          -|          -|     ?|    no    |
        | + Loop 1.1                    |      475|      475|        19|          -|          -|    25|    no    |
        |  ++ fromBytesToWords_label13  |       16|       16|         2|          2|          1|     8|    yes   |
        | + Loop 1.2                    |     8544|     8544|       356|          -|          -|    24|    no    |
        |  ++ L_rho_label18             |       75|       75|         4|          3|          1|    25|    yes   |
        | + L_fromWordsToBytes_label14  |      201|      201|         3|          1|          1|   200|    yes   |
        | + Loop 1.4                    |        ?|        ?|         2|          -|          -|     ?|    no    |
        +-------------------------------+---------+---------+----------+-----------+-----------+------+----------+



================================================================
== Utilization Estimates
================================================================
* Summary: 
+-----------------+---------+-------+--------+--------+-----+
|       Name      | BRAM_18K| DSP48E|   FF   |   LUT  | URAM|
+-----------------+---------+-------+--------+--------+-----+
|DSP              |        -|      -|       -|       -|    -|
|Expression       |        -|      -|       0|    1822|    -|
|FIFO             |        -|      -|       -|       -|    -|
|Instance         |        4|      -|    1733|    2296|    0|
|Memory           |        6|      -|       6|       3|    0|
|Multiplexer      |        -|      -|       -|     548|    -|
|Register         |        -|      -|     579|       -|    -|
+-----------------+---------+-------+--------+--------+-----+
|Total            |       10|      0|    2318|    4669|    0|
+-----------------+---------+-------+--------+--------+-----+
|Available        |      730|    740|  269200|  134600|    0|
+-----------------+---------+-------+--------+--------+-----+
|Utilization (%)  |        1|      0|   ~0   |       3|    0|
+-----------------+---------+-------+--------+--------+-----+

+ Detail: 
    * Instance: 
    +------------------+-------+---------+-------+-----+-----+-----+
    |     Instance     | Module| BRAM_18K| DSP48E|  FF | LUT | URAM|
    +------------------+-------+---------+-------+-----+-----+-----+
    |grp_chi_fu_414    |chi    |        0|      0|  227|  500|    0|
    |grp_pi_fu_404     |pi     |        4|      0|  863|  878|    0|
    |grp_theta_fu_409  |theta  |        0|      0|  643|  918|    0|
    +------------------+-------+---------+-------+-----+-----+-----+
    |Total             |       |        4|      0| 1733| 2296|    0|
    +------------------+-------+---------+-------+-----+-----+-----+

    * DSP48E: 
    N/A

    * Memory: 
    +------------------------+----------------------+---------+---+----+-----+------+-----+------+-------------+
    |         Memory         |        Module        | BRAM_18K| FF| LUT| URAM| Words| Bits| Banks| W*Bits*Banks|
    +------------------------+----------------------+---------+---+----+-----+------+-----+------+-------------+
    |KeccakRhoOffsets_U      |KeccakP1600OnWordeOg  |        0|  6|   3|    0|    25|    6|     1|          150|
    |KeccakRoundConstants_U  |KeccakP1600OnWordfYi  |        2|  0|   0|    0|    24|   64|     1|         1536|
    |stateAsWords_U          |pi_tempA              |        4|  0|   0|    0|    25|   64|     1|         1600|
    +------------------------+----------------------+---------+---+----+-----+------+-----+------+-------------+
    |Total                   |                      |        6|  6|   3|    0|    74|  134|     3|         3286|
    +------------------------+----------------------+---------+---+----+-----+------+-----+------+-------------+

    * FIFO: 
    N/A

    * Expression: 
    +---------------------------+----------+-------+---+-----+------------+------------+
    |       Variable Name       | Operation| DSP48E| FF| LUT | Bitwidth P0| Bitwidth P1|
    +---------------------------+----------+-------+---+-----+------------+------------+
    |add_ln272_fu_526_p2        |     +    |      0|  0|   15|           8|           8|
    |add_ln280_fu_766_p2        |     +    |      0|  0|   15|           8|           1|
    |add_ln282_fu_846_p2        |     +    |      0|  0|   15|           8|           8|
    |add_ln323_fu_870_p2        |     +    |      0|  0|   39|          32|          32|
    |add_ln331_fu_955_p2        |     +    |      0|  0|   71|          64|          64|
    |add_ln332_fu_950_p2        |     +    |      0|  0|   39|          32|          32|
    |add_ln352_fu_587_p2        |     +    |      0|  0|   15|           5|           1|
    |add_ln353_1_fu_682_p2      |     +    |      0|  0|   15|           5|           5|
    |add_ln353_8_fu_625_p2      |     +    |      0|  0|   12|           3|           2|
    |add_ln353_9_fu_648_p2      |     +    |      0|  0|   12|           3|           2|
    |add_ln353_fu_672_p2        |     +    |      0|  0|   13|           4|           4|
    |add_ln394_1_fu_936_p2      |     +    |      0|  0|   15|           7|           7|
    |add_ln394_7_fu_445_p2      |     +    |      0|  0|   11|          11|          11|
    |add_ln394_8_fu_945_p2      |     +    |      0|  0|   23|          16|          16|
    |add_ln394_fu_921_p2        |     +    |      0|  0|   39|          32|          32|
    |i_30_fu_491_p2             |     +    |      0|  0|   15|           5|           1|
    |i_31_fu_772_p2             |     +    |      0|  0|   15|           1|           5|
    |i_32_fu_575_p2             |     +    |      0|  0|   15|           5|           1|
    |i_fu_904_p2                |     +    |      0|  0|   40|          33|          33|
    |j_12_fu_809_p2             |     +    |      0|  0|   13|           1|           4|
    |j_fu_516_p2                |     +    |      0|  0|   13|           4|           1|
    |loop_fu_915_p2             |     +    |      0|  0|   39|          32|           1|
    |x_fu_593_p2                |     +    |      0|  0|   12|           3|           1|
    |y_fu_743_p2                |     +    |      0|  0|   12|           3|           1|
    |partialBlock_30_fu_882_p2  |     -    |      0|  0|   39|           8|          32|
    |partialBlock_fu_861_p2     |     -    |      0|  0|   15|           7|           6|
    |sub_ln353_fu_714_p2        |     -    |      0|  0|   15|           8|           7|
    |sub_ln394_fu_439_p2        |     -    |      0|  0|   11|          11|          11|
    |icmp_ln269_fu_485_p2       |   icmp   |      0|  0|   11|           5|           4|
    |icmp_ln271_fu_510_p2       |   icmp   |      0|  0|   11|           4|           5|
    |icmp_ln280_fu_760_p2       |   icmp   |      0|  0|   11|           8|           7|
    |icmp_ln281_fu_778_p2       |   icmp   |      0|  0|   11|           4|           5|
    |icmp_ln293_fu_569_p2       |   icmp   |      0|  0|   11|           5|           5|
    |icmp_ln304_fu_469_p2       |   icmp   |      0|  0|   18|          28|           1|
    |icmp_ln305_fu_479_p2       |   icmp   |      0|  0|   18|          32|           8|
    |icmp_ln323_fu_876_p2       |   icmp   |      0|  0|   18|          32|           8|
    |icmp_ln352_3_fu_599_p2     |   icmp   |      0|  0|    9|           3|           3|
    |icmp_ln352_fu_581_p2       |   icmp   |      0|  0|   11|           5|           4|
    |icmp_ln353_7_fu_619_p2     |   icmp   |      0|  0|    9|           3|           3|
    |icmp_ln353_8_fu_643_p2     |   icmp   |      0|  0|    9|           3|           3|
    |icmp_ln353_fu_694_p2       |   icmp   |      0|  0|   11|           5|           1|
    |icmp_ln393_fu_910_p2       |   icmp   |      0|  0|   18|          32|          32|
    |lshr_ln282_fu_826_p2       |   lshr   |      0|  0|  182|          64|          64|
    |lshr_ln353_fu_724_p2       |   lshr   |      0|  0|  182|          64|          64|
    |or_ln272_fu_562_p2         |    or    |      0|  0|   64|          64|          64|
    |partialBlock_31_fu_888_p3  |  select  |      0|  0|   32|           1|          32|
    |select_ln280_5_fu_792_p3   |  select  |      0|  0|    5|           1|           5|
    |select_ln280_fu_784_p3     |  select  |      0|  0|    4|           1|           1|
    |select_ln353_13_fu_605_p3  |  select  |      0|  0|    3|           1|           1|
    |select_ln353_14_fu_613_p3  |  select  |      0|  0|    3|           1|           3|
    |select_ln353_15_fu_631_p3  |  select  |      0|  0|    3|           1|           3|
    |select_ln353_16_fu_653_p3  |  select  |      0|  0|    3|           1|           3|
    |select_ln353_fu_736_p3     |  select  |      0|  0|   64|           1|          64|
    |shl_ln272_fu_556_p2        |    shl   |      0|  0|  182|          64|          64|
    |shl_ln353_fu_708_p2        |    shl   |      0|  0|  182|          64|          64|
    |ap_enable_pp1              |    xor   |      0|  0|    2|           1|           2|
    |ap_enable_pp2              |    xor   |      0|  0|    2|           1|           2|
    |ap_enable_reg_pp2_iter1    |    xor   |      0|  0|    2|           2|           1|
    |xor_ln353_fu_730_p2        |    xor   |      0|  0|   64|          64|          64|
    |xor_ln382_fu_753_p2        |    xor   |      0|  0|   64|          64|          64|
    +---------------------------+----------+-------+---+-----+------------+------------+
    |Total                      |          |      0|  0| 1822|         988|         983|
    +---------------------------+----------+-------+---+-----+------------+------------+

    * Multiplexer: 
    +-----------------------------------------+-----+-----------+-----+-----------+
    |                   Name                  | LUT | Input Size| Bits| Total Bits|
    +-----------------------------------------+-----+-----------+-----+-----------+
    |ap_NS_fsm                                |  109|         23|    1|         23|
    |ap_enable_reg_pp1_iter1                  |    9|          2|    1|          2|
    |ap_enable_reg_pp2_iter1                  |    9|          2|    1|          2|
    |ap_enable_reg_pp2_iter2                  |    9|          2|    1|          2|
    |ap_phi_mux_i_0_i2_phi_fu_362_p4          |    9|          2|    5|         10|
    |ap_phi_mux_indvar_flatten_phi_fu_317_p4  |    9|          2|    5|         10|
    |ap_phi_mux_x_0_i_phi_fu_328_p4           |    9|          2|    3|          6|
    |ap_phi_mux_y_0_i_phi_fu_340_p4           |    9|          2|    3|          6|
    |curData_0_idx_reg_266                    |    9|          2|   64|        128|
    |i_0_i2_reg_358                           |    9|          2|    5|         10|
    |i_0_i_reg_278                            |    9|          2|    5|         10|
    |i_0_reg_254                              |    9|          2|   33|         66|
    |indexRound_assign_reg_301                |    9|          2|    5|         10|
    |indvar_flatten7_reg_347                  |    9|          2|    8|         16|
    |indvar_flatten_reg_313                   |    9|          2|    5|         10|
    |instance_byteIOIndex_1_reg_242           |    9|          2|   32|         64|
    |instance_state_address0                  |   21|          4|    8|         32|
    |j_0_i5_reg_369                           |    9|          2|    4|          8|
    |j_0_i_reg_289                            |    9|          2|    4|          8|
    |loop_0_i11_reg_393                       |    9|          2|   32|         64|
    |offset_assign_reg_380                    |    9|          2|   32|         64|
    |stateAsWords_address0                    |   41|          8|    5|         40|
    |stateAsWords_address1                    |   38|          7|    5|         35|
    |stateAsWords_ce0                         |   27|          5|    1|          5|
    |stateAsWords_ce1                         |   27|          5|    1|          5|
    |stateAsWords_d0                          |   27|          5|   64|        320|
    |stateAsWords_d1                          |   27|          5|   64|        320|
    |stateAsWords_we0                         |   15|          3|    1|          3|
    |stateAsWords_we1                         |   27|          5|    1|          5|
    |x_0_i_reg_324                            |    9|          2|    3|          6|
    |y_0_i_reg_336                            |    9|          2|    3|          6|
    +-----------------------------------------+-----+-----------+-----+-----------+
    |Total                                    |  548|        112|  405|       1296|
    +-----------------------------------------+-----+-----------+-----+-----------+

    * Register: 
    +---------------------------------------+----+----+-----+-----------+
    |                  Name                 | FF | LUT| Bits| Const Bits|
    +---------------------------------------+----+----+-----+-----------+
    |add_ln352_reg_1032                     |   5|   0|    5|          0|
    |add_ln394_8_reg_1165                   |  16|   0|   16|          0|
    |ap_CS_fsm                              |  22|   0|   22|          0|
    |ap_enable_reg_pp1_iter0                |   1|   0|    1|          0|
    |ap_enable_reg_pp1_iter1                |   1|   0|    1|          0|
    |ap_enable_reg_pp2_iter0                |   1|   0|    1|          0|
    |ap_enable_reg_pp2_iter1                |   1|   0|    1|          0|
    |ap_enable_reg_pp2_iter2                |   1|   0|    1|          0|
    |curData_0_idx_reg_266                  |  64|   0|   64|          0|
    |grp_chi_fu_414_ap_start_reg            |   1|   0|    1|          0|
    |grp_pi_fu_404_ap_start_reg             |   1|   0|    1|          0|
    |grp_theta_fu_409_ap_start_reg          |   1|   0|    1|          0|
    |i_0_i2_reg_358                         |   5|   0|    5|          0|
    |i_0_i_reg_278                          |   5|   0|    5|          0|
    |i_0_reg_254                            |  33|   0|   33|          0|
    |i_30_reg_991                           |   5|   0|    5|          0|
    |i_32_reg_1023                          |   5|   0|    5|          0|
    |i_reg_1147                             |  33|   0|   33|          0|
    |icmp_ln280_reg_1091                    |   1|   0|    1|          0|
    |icmp_ln280_reg_1091_pp2_iter1_reg      |   1|   0|    1|          0|
    |icmp_ln305_reg_983                     |   1|   0|    1|          0|
    |icmp_ln352_3_reg_1042                  |   1|   0|    1|          0|
    |icmp_ln352_reg_1028                    |   1|   0|    1|          0|
    |icmp_ln353_reg_1065                    |   1|   0|    1|          0|
    |indexRound_assign_reg_301              |   5|   0|    5|          0|
    |indvar_flatten7_reg_347                |   8|   0|    8|          0|
    |indvar_flatten_reg_313                 |   5|   0|    5|          0|
    |instance_byteIOIndex_1_reg_242         |  32|   0|   32|          0|
    |j_0_i5_reg_369                         |   4|   0|    4|          0|
    |j_0_i_reg_289                          |   4|   0|    4|          0|
    |j_reg_1009                             |   4|   0|    4|          0|
    |loop_0_i11_reg_393                     |  32|   0|   32|          0|
    |loop_reg_1155                          |  32|   0|   32|          0|
    |offset_assign_reg_380                  |  32|   0|   32|          0|
    |partialBlock_31_reg_1136               |  32|   0|   32|          0|
    |partialBlock_reg_1131                  |   6|   0|    6|          0|
    |select_ln280_5_reg_1105                |   5|   0|    5|          0|
    |select_ln280_5_reg_1105_pp2_iter1_reg  |   5|   0|    5|          0|
    |select_ln280_reg_1100                  |   4|   0|    4|          0|
    |select_ln280_reg_1100_pp2_iter1_reg    |   4|   0|    4|          0|
    |select_ln353_13_reg_1047               |   3|   0|    3|          0|
    |select_ln353_14_reg_1055               |   3|   0|    3|          0|
    |select_ln353_reg_1076                  |  64|   0|   64|          0|
    |shl_ln_reg_1001                        |   5|   0|    8|          3|
    |stateAsWords_addr_10_reg_996           |   5|   0|    5|          0|
    |stateAsWords_addr_12_reg_1070          |   5|   0|    5|          0|
    |tmp_54_cast_reg_964                    |  11|   0|   16|          5|
    |trunc_ln282_5_reg_1126                 |   8|   0|    8|          0|
    |trunc_ln282_reg_1116                   |   3|   0|    3|          0|
    |trunc_ln304_reg_978                    |   7|   0|    7|          0|
    |x_0_i_reg_324                          |   3|   0|    3|          0|
    |x_reg_1037                             |   3|   0|    3|          0|
    |y_0_i_reg_336                          |   3|   0|    3|          0|
    |y_reg_1081                             |   3|   0|    3|          0|
    |zext_ln325_reg_1142                    |  32|   0|   64|         32|
    +---------------------------------------+----+----+-----+-----------+
    |Total                                  | 579|   0|  619|         40|
    +---------------------------------------+----+----+-----+-----------+



================================================================
== Interface
================================================================
* Summary: 
+-------------------------+-----+-----+------------+----------------------+--------------+
|        RTL Ports        | Dir | Bits|  Protocol  |     Source Object    |    C Type    |
+-------------------------+-----+-----+------------+----------------------+--------------+
|ap_clk                   |  in |    1| ap_ctrl_hs | KeccakWidth1600_Spon | return value |
|ap_rst                   |  in |    1| ap_ctrl_hs | KeccakWidth1600_Spon | return value |
|ap_start                 |  in |    1| ap_ctrl_hs | KeccakWidth1600_Spon | return value |
|ap_done                  | out |    1| ap_ctrl_hs | KeccakWidth1600_Spon | return value |
|ap_idle                  | out |    1| ap_ctrl_hs | KeccakWidth1600_Spon | return value |
|ap_ready                 | out |    1| ap_ctrl_hs | KeccakWidth1600_Spon | return value |
|instance_state_address0  | out |    8|  ap_memory |    instance_state    |     array    |
|instance_state_ce0       | out |    1|  ap_memory |    instance_state    |     array    |
|instance_state_we0       | out |    1|  ap_memory |    instance_state    |     array    |
|instance_state_d0        | out |    8|  ap_memory |    instance_state    |     array    |
|instance_state_q0        |  in |    8|  ap_memory |    instance_state    |     array    |
|data_address0            | out |   15|  ap_memory |         data         |     array    |
|data_ce0                 | out |    1|  ap_memory |         data         |     array    |
|data_we0                 | out |    1|  ap_memory |         data         |     array    |
|data_d0                  | out |    8|  ap_memory |         data         |     array    |
|data_offset              |  in |    8|   ap_none  |      data_offset     |    scalar    |
|data_offset1             |  in |    2|   ap_none  |     data_offset1     |    scalar    |
+-------------------------+-----+-----+------------+----------------------+--------------+

