

================================================================
== Vivado HLS Report for 'KeccakWidth1600_Spon_3'
================================================================
* Date:           Thu May 14 18:42:01 2020

* Version:        2019.2 (Build 2704478 on Wed Nov 06 22:10:23 MST 2019)
* Project:        picnic1
* Solution:       sign
* Product family: artix7
* Target device:  xc7a200t-fbg676-2


================================================================
== Performance Estimates
================================================================
+ Timing: 
    * Summary: 
    +--------+----------+----------+------------+
    |  Clock |  Target  | Estimated| Uncertainty|
    +--------+----------+----------+------------+
    |ap_clk  | 10.00 ns | 8.332 ns |   1.25 ns  |
    +--------+----------+----------+------------+

+ Latency: 
    * Summary: 
    +---------+---------+----------+----------+-----+-----+---------+
    |  Latency (cycles) |  Latency (absolute) |  Interval | Pipeline|
    |   min   |   max   |    min   |    max   | min | max |   Type  |
    +---------+---------+----------+----------+-----+-----+---------+
    |        ?|        ?|         ?|         ?|    ?|    ?|   none  |
    +---------+---------+----------+----------+-----+-----+---------+

    + Detail: 
        * Instance: 
        +-------------------------------+--------------------+---------+---------+-----------+-----------+------+------+---------+
        |                               |                    |  Latency (cycles) |   Latency (absolute)  |   Interval  | Pipeline|
        |            Instance           |       Module       |   min   |   max   |    min    |    max    |  min |  max |   Type  |
        +-------------------------------+--------------------+---------+---------+-----------+-----------+------+------+---------+
        |grp_KeccakP1600OnWords_fu_182  |KeccakP1600OnWords  |     8545|     8545| 85.450 us | 85.450 us |  8545|  8545|   none  |
        |grp_fromWordsToBytes_fu_191    |fromWordsToBytes    |      203|      203|  2.030 us |  2.030 us |   203|   203|   none  |
        |grp_fromBytesToWords_fu_198    |fromBytesToWords    |      476|      476|  4.760 us |  4.760 us |   476|   476|   none  |
        +-------------------------------+--------------------+---------+---------+-----------+-----------+------+------+---------+

        * Loop: 
        +-------------+---------+---------+----------+-----------+-----------+------+----------+
        |             |  Latency (cycles) | Iteration|  Initiation Interval  | Trip |          |
        |  Loop Name  |   min   |   max   |  Latency |  achieved |   target  | Count| Pipelined|
        +-------------+---------+---------+----------+-----------+-----------+------+----------+
        |- Loop 1     |        ?|        ?|         ?|          -|          -|     ?|    no    |
        | + Loop 1.1  |        ?|        ?|         2|          -|          -|     ?|    no    |
        +-------------+---------+---------+----------+-----------+-----------+------+----------+



================================================================
== Utilization Estimates
================================================================
* Summary: 
+-----------------+---------+-------+--------+--------+-----+
|       Name      | BRAM_18K| DSP48E|   FF   |   LUT  | URAM|
+-----------------+---------+-------+--------+--------+-----+
|DSP              |        -|      -|       -|       -|    -|
|Expression       |        -|      -|       0|     479|    -|
|FIFO             |        -|      -|       -|       -|    -|
|Instance         |        6|      -|    1953|    4118|    0|
|Memory           |        8|      -|       0|       0|    0|
|Multiplexer      |        -|      -|       -|     498|    -|
|Register         |        -|      -|     399|       -|    -|
+-----------------+---------+-------+--------+--------+-----+
|Total            |       14|      0|    2352|    5095|    0|
+-----------------+---------+-------+--------+--------+-----+
|Available        |      730|    740|  269200|  134600|    0|
+-----------------+---------+-------+--------+--------+-----+
|Utilization (%)  |        1|      0|   ~0   |       3|    0|
+-----------------+---------+-------+--------+--------+-----+

+ Detail: 
    * Instance: 
    +-------------------------------+--------------------+---------+-------+------+------+-----+
    |            Instance           |       Module       | BRAM_18K| DSP48E|  FF  |  LUT | URAM|
    +-------------------------------+--------------------+---------+-------+------+------+-----+
    |grp_KeccakP1600OnWords_fu_182  |KeccakP1600OnWords  |        6|      0|  1866|  3376|    0|
    |grp_fromBytesToWords_fu_198    |fromBytesToWords    |        0|      0|    33|   392|    0|
    |grp_fromWordsToBytes_fu_191    |fromWordsToBytes    |        0|      0|    54|   350|    0|
    +-------------------------------+--------------------+---------+-------+------+------+-----+
    |Total                          |                    |        6|      0|  1953|  4118|    0|
    +-------------------------------+--------------------+---------+-------+------+------+-----+

    * DSP48E: 
    N/A

    * Memory: 
    +-------------------+----------+---------+---+----+-----+------+-----+------+-------------+
    |       Memory      |  Module  | BRAM_18K| FF| LUT| URAM| Words| Bits| Banks| W*Bits*Banks|
    +-------------------+----------+---------+---+----+-----+------+-----+------+-------------+
    |stateAsWords_U     |pi_tempA  |        4|  0|   0|    0|    25|   64|     1|         1600|
    |stateAsWords_13_U  |pi_tempA  |        4|  0|   0|    0|    25|   64|     1|         1600|
    +-------------------+----------+---------+---+----+-----+------+-----+------+-------------+
    |Total              |          |        8|  0|   0|    0|    50|  128|     2|         3200|
    +-------------------+----------+---------+---+----+-----+------+-----+------+-------------+

    * FIFO: 
    N/A

    * Expression: 
    +----------------------------------+----------+-------+---+----+------------+------------+
    |           Variable Name          | Operation| DSP48E| FF| LUT| Bitwidth P0| Bitwidth P1|
    +----------------------------------+----------+-------+---+----+------------+------------+
    |add_ln323_fu_265_p2               |     +    |      0|  0|  39|          32|          32|
    |add_ln331_fu_346_p2               |     +    |      0|  0|  71|          64|          64|
    |add_ln332_fu_341_p2               |     +    |      0|  0|  39|          32|          32|
    |add_ln394_2_fu_335_p2             |     +    |      0|  0|  15|           7|           7|
    |add_ln394_fu_316_p2               |     +    |      0|  0|  39|          32|          32|
    |i_fu_299_p2                       |     +    |      0|  0|  40|          33|          33|
    |loop_fu_310_p2                    |     +    |      0|  0|  39|          32|           1|
    |partialBlock_24_fu_277_p2         |     -    |      0|  0|  39|           8|          32|
    |partialBlock_fu_256_p2            |     -    |      0|  0|  15|           7|           6|
    |ap_block_state10_on_subcall_done  |    and   |      0|  0|   2|           1|           1|
    |ap_block_state16_on_subcall_done  |    and   |      0|  0|   2|           1|           1|
    |icmp_ln299_fu_205_p2              |   icmp   |      0|  0|  18|          32|           1|
    |icmp_ln304_fu_240_p2              |   icmp   |      0|  0|  18|          28|           1|
    |icmp_ln305_fu_246_p2              |   icmp   |      0|  0|  18|          32|           8|
    |icmp_ln323_fu_271_p2              |   icmp   |      0|  0|  18|          32|           8|
    |icmp_ln393_fu_305_p2              |   icmp   |      0|  0|  18|          32|          32|
    |partialBlock_25_fu_283_p3         |  select  |      0|  0|  32|           1|          32|
    |xor_ln149_16_fu_223_p2            |    xor   |      0|  0|   9|           8|           9|
    |xor_ln149_fu_216_p2               |    xor   |      0|  0|   8|           8|           1|
    +----------------------------------+----------+-------+---+----+------------+------------+
    |Total                             |          |      0|  0| 479|         422|         333|
    +----------------------------------+----------+-------+---+----+------------+------------+

    * Multiplexer: 
    +-------------------------------------------------+----+-----------+-----+-----------+
    |                       Name                      | LUT| Input Size| Bits| Total Bits|
    +-------------------------------------------------+----+-----------+-----+-----------+
    |ap_NS_fsm                                        |  97|         20|    1|         20|
    |ap_phi_mux_instance_byteIOIndex_2_phi_fu_115_p4  |   9|          2|   32|         64|
    |curData_0_idx_reg_146                            |   9|          2|   64|        128|
    |grp_KeccakP1600OnWords_fu_182_state_q0           |  15|          3|   64|        192|
    |grp_KeccakP1600OnWords_fu_182_state_q1           |  15|          3|   64|        192|
    |grp_fromBytesToWords_fu_198_stateAsWords_q0      |  15|          3|   64|        192|
    |grp_fromWordsToBytes_fu_191_stateAsWords_q0      |  15|          3|   64|        192|
    |i_0_reg_134                                      |   9|          2|   33|         66|
    |instance_byteIOIndex_1_reg_123                   |   9|          2|   32|         64|
    |instance_byteIOIndex_2_reg_112                   |   9|          2|   32|         64|
    |instance_state_address0                          |  41|          8|    8|         64|
    |instance_state_ce0                               |  21|          4|    1|          4|
    |instance_state_d0                                |  21|          4|    8|         32|
    |instance_state_we0                               |  15|          3|    1|          3|
    |loop_0_i1_reg_171                                |   9|          2|   32|         64|
    |offset_assign_reg_158                            |   9|          2|   32|         64|
    |stateAsWords_13_address0                         |  21|          4|    5|         20|
    |stateAsWords_13_ce0                              |  21|          4|    1|          4|
    |stateAsWords_13_ce1                              |   9|          2|    1|          2|
    |stateAsWords_13_d0                               |  15|          3|   64|        192|
    |stateAsWords_13_we0                              |  15|          3|    1|          3|
    |stateAsWords_13_we1                              |   9|          2|    1|          2|
    |stateAsWords_address0                            |  21|          4|    5|         20|
    |stateAsWords_ce0                                 |  21|          4|    1|          4|
    |stateAsWords_ce1                                 |   9|          2|    1|          2|
    |stateAsWords_d0                                  |  15|          3|   64|        192|
    |stateAsWords_we0                                 |  15|          3|    1|          3|
    |stateAsWords_we1                                 |   9|          2|    1|          2|
    +-------------------------------------------------+----+-----------+-----+-----------+
    |Total                                            | 498|        101|  678|       1851|
    +-------------------------------------------------+----+-----------+-----+-----------+

    * Register: 
    +--------------------------------------------+----+----+-----+-----------+
    |                    Name                    | FF | LUT| Bits| Const Bits|
    +--------------------------------------------+----+----+-----+-----------+
    |add_ln394_2_reg_415                         |   7|   0|    7|          0|
    |ap_CS_fsm                                   |  19|   0|   19|          0|
    |curData_0_idx_reg_146                       |  64|   0|   64|          0|
    |grp_KeccakP1600OnWords_fu_182_ap_start_reg  |   1|   0|    1|          0|
    |grp_fromBytesToWords_fu_198_ap_start_reg    |   1|   0|    1|          0|
    |grp_fromWordsToBytes_fu_191_ap_start_reg    |   1|   0|    1|          0|
    |i_0_reg_134                                 |  33|   0|   33|          0|
    |i_reg_397                                   |  33|   0|   33|          0|
    |icmp_ln299_reg_360                          |   1|   0|    1|          0|
    |icmp_ln305_reg_377                          |   1|   0|    1|          0|
    |instance_byteIOIndex_1_reg_123              |  32|   0|   32|          0|
    |instance_byteIOIndex_2_reg_112              |  32|   0|   32|          0|
    |instance_state_addr_reg_364                 |   8|   0|    8|          0|
    |loop_0_i1_reg_171                           |  32|   0|   32|          0|
    |loop_reg_405                                |  32|   0|   32|          0|
    |offset_assign_reg_158                       |  32|   0|   32|          0|
    |partialBlock_25_reg_386                     |  32|   0|   32|          0|
    |partialBlock_reg_381                        |   6|   0|    6|          0|
    |zext_ln325_reg_392                          |  32|   0|   64|         32|
    +--------------------------------------------+----+----+-----+-----------+
    |Total                                       | 399|   0|  431|         32|
    +--------------------------------------------+----+----+-----+-----------+



================================================================
== Interface
================================================================
* Summary: 
+---------------------------+-----+-----+------------+---------------------------+--------------+
|         RTL Ports         | Dir | Bits|  Protocol  |       Source Object       |    C Type    |
+---------------------------+-----+-----+------------+---------------------------+--------------+
|ap_clk                     |  in |    1| ap_ctrl_hs |   KeccakWidth1600_Spon.3  | return value |
|ap_rst                     |  in |    1| ap_ctrl_hs |   KeccakWidth1600_Spon.3  | return value |
|ap_start                   |  in |    1| ap_ctrl_hs |   KeccakWidth1600_Spon.3  | return value |
|ap_done                    | out |    1| ap_ctrl_hs |   KeccakWidth1600_Spon.3  | return value |
|ap_idle                    | out |    1| ap_ctrl_hs |   KeccakWidth1600_Spon.3  | return value |
|ap_ready                   | out |    1| ap_ctrl_hs |   KeccakWidth1600_Spon.3  | return value |
|instance_state_address0    | out |    8|  ap_memory |       instance_state      |     array    |
|instance_state_ce0         | out |    1|  ap_memory |       instance_state      |     array    |
|instance_state_we0         | out |    1|  ap_memory |       instance_state      |     array    |
|instance_state_d0          | out |    8|  ap_memory |       instance_state      |     array    |
|instance_state_q0          |  in |    8|  ap_memory |       instance_state      |     array    |
|instance_byteIOIndex_read  |  in |   32|   ap_none  | instance_byteIOIndex_read |    scalar    |
|instance_squeezing_read    |  in |   32|   ap_none  |  instance_squeezing_read  |    scalar    |
|data_0_address0            | out |    5|  ap_memory |           data_0          |     array    |
|data_0_ce0                 | out |    1|  ap_memory |           data_0          |     array    |
|data_0_we0                 | out |    1|  ap_memory |           data_0          |     array    |
|data_0_d0                  | out |    8|  ap_memory |           data_0          |     array    |
+---------------------------+-----+-----+------------+---------------------------+--------------+

