

================================================================
== Vivado HLS Report for 'mpc_LowMC_2'
================================================================
* Date:           Thu May 14 18:42:20 2020

* Version:        2019.2 (Build 2704478 on Wed Nov 06 22:10:23 MST 2019)
* Project:        picnic1
* Solution:       sign
* Product family: artix7
* Target device:  xc7a200t-fbg676-2


================================================================
== Performance Estimates
================================================================
+ Timing: 
    * Summary: 
    +--------+----------+----------+------------+
    |  Clock |  Target  | Estimated| Uncertainty|
    +--------+----------+----------+------------+
    |ap_clk  | 10.00 ns | 8.502 ns |   1.25 ns  |
    +--------+----------+----------+------------+

+ Latency: 
    * Summary: 
    +---------+---------+----------+----------+--------+--------+---------+
    |  Latency (cycles) |  Latency (absolute) |     Interval    | Pipeline|
    |   min   |   max   |    min   |    max   |   min  |   max  |   Type  |
    +---------+---------+----------+----------+--------+--------+---------+
    |   289095|   289095| 2.891 ms | 2.891 ms |  289095|  289095|   none  |
    +---------+---------+----------+----------+--------+--------+---------+

    + Detail: 
        * Instance: 
        +-------------------------+--------------+---------+---------+-----------+-----------+------+------+---------+
        |                         |              |  Latency (cycles) |   Latency (absolute)  |   Interval  | Pipeline|
        |         Instance        |    Module    |   min   |   max   |    min    |    max    |  min |  max |   Type  |
        +-------------------------+--------------+---------+---------+-----------+-----------+------+------+---------+
        |grp_matrix_mul_fu_957    |matrix_mul    |     2186|     2186| 21.860 us | 21.860 us |  2186|  2186|   none  |
        |grp_matrix_mul_1_fu_978  |matrix_mul_1  |     2186|     2186| 21.860 us | 21.860 us |  2186|  2186|   none  |
        |grp_mpc_AND_2_fu_991     |mpc_AND_2     |       12|       12|  0.120 us |  0.120 us |    12|    12|   none  |
        +-------------------------+--------------+---------+---------+-----------+-----------+------+------+---------+

        * Loop: 
        +-----------------------+---------+---------+----------+-----------+-----------+------+----------+
        |                       |  Latency (cycles) | Iteration|  Initiation Interval  | Trip |          |
        |       Loop Name       |   min   |   max   |  Latency |  achieved |   target  | Count| Pipelined|
        +-----------------------+---------+---------+----------+-----------+-----------+------+----------+
        |- Loop 1               |       24|       24|         1|          -|          -|    24|    no    |
        |- xor_array_label4     |        8|        8|         2|          -|          -|     4|    no    |
        |- Loop 3               |       33|       33|        11|          -|          -|     3|    no    |
        | + xor_array_label4    |        8|        8|         2|          -|          -|     4|    no    |
        |- Loop 4               |   282420|   282420|     14121|          -|          -|    20|    no    |
        | + Loop 4.1            |      950|      950|        95|          -|          -|    10|    no    |
        |  ++ Loop 4.1.1        |       24|       24|         8|          -|          -|     3|    no    |
        |  ++ Loop 4.1.2        |       27|       27|         9|          -|          -|     3|    no    |
        | + xor_array_label4    |        8|        8|         2|          -|          -|     4|    no    |
        | + Loop 4.3            |       33|       33|        11|          -|          -|     3|    no    |
        |  ++ xor_array_label4  |        8|        8|         2|          -|          -|     4|    no    |
        |- Loop 5               |       42|       42|        14|          -|          -|     3|    no    |
        | + Loop 5.1            |       12|       12|         3|          -|          -|     4|    no    |
        +-----------------------+---------+---------+----------+-----------+-----------+------+----------+



================================================================
== Utilization Estimates
================================================================
* Summary: 
+-----------------+---------+-------+--------+--------+-----+
|       Name      | BRAM_18K| DSP48E|   FF   |   LUT  | URAM|
+-----------------+---------+-------+--------+--------+-----+
|DSP              |        -|      -|       -|       -|    -|
|Expression       |        -|      -|       0|    4392|    -|
|FIFO             |        -|      -|       -|       -|    -|
|Instance         |       68|      1|     361|    3744|    0|
|Memory           |        1|      -|       0|       0|    -|
|Multiplexer      |        -|      -|       -|    1276|    -|
|Register         |        -|      -|     838|       -|    -|
+-----------------+---------+-------+--------+--------+-----+
|Total            |       69|      1|    1199|    9412|    0|
+-----------------+---------+-------+--------+--------+-----+
|Available        |      730|    740|  269200|  134600|    0|
+-----------------+---------+-------+--------+--------+-----+
|Utilization (%)  |        9|   ~0  |   ~0   |       6|    0|
+-----------------+---------+-------+--------+--------+-----+

+ Detail: 
    * Instance: 
    +---------------------------+----------------------+---------+-------+-----+------+-----+
    |          Instance         |        Module        | BRAM_18K| DSP48E|  FF |  LUT | URAM|
    +---------------------------+----------------------+---------+-------+-----+------+-----+
    |crypto_sign_mux_3VhK_U121  |crypto_sign_mux_3VhK  |        0|      0|    0|    17|    0|
    |crypto_sign_mux_3VhK_U122  |crypto_sign_mux_3VhK  |        0|      0|    0|    17|    0|
    |crypto_sign_mux_3VhK_U123  |crypto_sign_mux_3VhK  |        0|      0|    0|    17|    0|
    |crypto_sign_mux_3VhK_U124  |crypto_sign_mux_3VhK  |        0|      0|    0|    17|    0|
    |crypto_sign_mux_3VhK_U125  |crypto_sign_mux_3VhK  |        0|      0|    0|    17|    0|
    |crypto_sign_mux_3VhK_U126  |crypto_sign_mux_3VhK  |        0|      0|    0|    17|    0|
    |crypto_sign_mux_3VhK_U127  |crypto_sign_mux_3VhK  |        0|      0|    0|    17|    0|
    |crypto_sign_mux_3VhK_U128  |crypto_sign_mux_3VhK  |        0|      0|    0|    17|    0|
    |crypto_sign_mux_3VhK_U129  |crypto_sign_mux_3VhK  |        0|      0|    0|    17|    0|
    |crypto_sign_mux_4Zio_U120  |crypto_sign_mux_4Zio  |        0|      0|    0|    17|    0|
    |crypto_sign_mux_4Zio_U130  |crypto_sign_mux_4Zio  |        0|      0|    0|    17|    0|
    |crypto_sign_mux_4Zio_U131  |crypto_sign_mux_4Zio  |        0|      0|    0|    17|    0|
    |crypto_sign_mux_4Zio_U132  |crypto_sign_mux_4Zio  |        0|      0|    0|    17|    0|
    |grp_matrix_mul_fu_957      |matrix_mul            |       34|      0|  126|  1515|    0|
    |grp_matrix_mul_1_fu_978    |matrix_mul_1          |       34|      0|  117|  1505|    0|
    |grp_mpc_AND_2_fu_991       |mpc_AND_2             |        0|      1|  118|   503|    0|
    +---------------------------+----------------------+---------+-------+-----+------+-----+
    |Total                      |                      |       68|      1|  361|  3744|    0|
    +---------------------------+----------------------+---------+-------+-----+------+-----+

    * DSP48E: 
    N/A

    * Memory: 
    +----------------+----------------------+---------+---+----+-----+------+-----+------+-------------+
    |     Memory     |        Module        | BRAM_18K| FF| LUT| URAM| Words| Bits| Banks| W*Bits*Banks|
    +----------------+----------------------+---------+---+----+-----+------+-----+------+-------------+
    |temp_matrix3_U  |mpc_LowMC_2_temp_Yie  |        1|  0|   0|    0|    80|   32|     1|         2560|
    +----------------+----------------------+---------+---+----+-----+------+-----+------+-------------+
    |Total           |                      |        1|  0|   0|    0|    80|   32|     1|         2560|
    +----------------+----------------------+---------+---+----+-----+------+-----+------+-------------+

    * FIFO: 
    N/A

    * Expression: 
    +---------------------------+----------+-------+---+-----+------------+------------+
    |       Variable Name       | Operation| DSP48E| FF| LUT | Bitwidth P0| Bitwidth P1|
    +---------------------------+----------+-------+---+-----+------------+------------+
    |add_ln109_1_fu_1222_p2     |     +    |      0|  0|   11|           5|           5|
    |add_ln109_2_fu_1228_p2     |     +    |      0|  0|   11|           4|           5|
    |add_ln109_3_fu_1246_p2     |     +    |      0|  0|   11|           4|           4|
    |add_ln109_4_fu_1252_p2     |     +    |      0|  0|   11|           2|           4|
    |add_ln109_5_fu_2948_p2     |     +    |      0|  0|   11|           5|           5|
    |add_ln109_6_fu_2954_p2     |     +    |      0|  0|   11|           4|           5|
    |add_ln109_7_fu_2972_p2     |     +    |      0|  0|   11|           4|           4|
    |add_ln109_8_fu_2978_p2     |     +    |      0|  0|   11|           2|           4|
    |add_ln109_fu_2883_p2       |     +    |      0|  0|   15|           7|           7|
    |add_ln1398_fu_2048_p2      |     +    |      0|  0|   15|           5|           2|
    |add_ln1401_fu_1288_p2      |     +    |      0|  0|   15|           5|           2|
    |add_ln1402_fu_1294_p2      |     +    |      0|  0|   15|           5|           1|
    |add_ln1503_fu_1330_p2      |     +    |      0|  0|   21|          14|          11|
    |add_ln1507_fu_2846_p2      |     +    |      0|  0|   15|           7|           4|
    |add_ln1514_1_fu_3034_p2    |     +    |      0|  0|   20|          13|          13|
    |add_ln1514_2_fu_3048_p2    |     +    |      0|  0|   11|           5|           5|
    |add_ln1514_3_fu_3054_p2    |     +    |      0|  0|   11|           5|           4|
    |add_ln1514_fu_3005_p2      |     +    |      0|  0|   18|          11|          11|
    |add_ln66_1_fu_2590_p2      |     +    |      0|  0|   15|           4|           7|
    |add_ln66_fu_2324_p2        |     +    |      0|  0|   15|           4|           7|
    |i_10_fu_2938_p2            |     +    |      0|  0|   12|           3|           1|
    |i_2_fu_1142_p2             |     +    |      0|  0|   12|           3|           1|
    |i_4_fu_1181_p2             |     +    |      0|  0|   10|           2|           1|
    |i_5_fu_1212_p2             |     +    |      0|  0|   12|           3|           1|
    |i_8_fu_2858_p2             |     +    |      0|  0|   12|           3|           1|
    |i_9_fu_2906_p2             |     +    |      0|  0|   10|           2|           1|
    |i_fu_2995_p2               |     +    |      0|  0|   10|           2|           1|
    |j_7_fu_1342_p2             |     +    |      0|  0|   10|           2|           1|
    |j_fu_1898_p2               |     +    |      0|  0|   10|           2|           1|
    |loop_21_fu_3024_p2         |     +    |      0|  0|   12|           3|           1|
    |loop_fu_1125_p2            |     +    |      0|  0|   15|           5|           1|
    |r_fu_2912_p2               |     +    |      0|  0|   15|           5|           1|
    |sub_ln1514_fu_1113_p2      |     -    |      0|  0|   18|          11|          11|
    |sub_ln54_10_fu_1742_p2     |     -    |      0|  0|   15|           5|           6|
    |sub_ln54_1_fu_1310_p2      |     -    |      0|  0|   12|           3|           3|
    |sub_ln54_2_fu_1407_p2      |     -    |      0|  0|   15|           6|           6|
    |sub_ln54_3_fu_1419_p2      |     -    |      0|  0|   15|           6|           6|
    |sub_ln54_4_fu_1449_p2      |     -    |      0|  0|   15|           5|           6|
    |sub_ln54_5_fu_1574_p2      |     -    |      0|  0|   15|           6|           6|
    |sub_ln54_6_fu_1586_p2      |     -    |      0|  0|   15|           6|           6|
    |sub_ln54_7_fu_1616_p2      |     -    |      0|  0|   15|           5|           6|
    |sub_ln54_8_fu_1701_p2      |     -    |      0|  0|   15|           6|           6|
    |sub_ln54_9_fu_1713_p2      |     -    |      0|  0|   15|           6|           6|
    |sub_ln54_fu_1300_p2        |     -    |      0|  0|   12|           3|           3|
    |sub_ln66_1_fu_2108_p2      |     -    |      0|  0|   15|           6|           6|
    |sub_ln66_2_fu_2138_p2      |     -    |      0|  0|   15|           5|           6|
    |sub_ln66_3_fu_2368_p2      |     -    |      0|  0|   15|           6|           6|
    |sub_ln66_4_fu_2380_p2      |     -    |      0|  0|   15|           6|           6|
    |sub_ln66_5_fu_2410_p2      |     -    |      0|  0|   15|           5|           6|
    |sub_ln66_6_fu_2634_p2      |     -    |      0|  0|   15|           6|           6|
    |sub_ln66_7_fu_2646_p2      |     -    |      0|  0|   15|           6|           6|
    |sub_ln66_8_fu_2676_p2      |     -    |      0|  0|   15|           5|           6|
    |sub_ln66_fu_2096_p2        |     -    |      0|  0|   15|           6|           6|
    |and_ln54_1_fu_1642_p2      |    and   |      0|  0|   32|          32|          32|
    |and_ln54_2_fu_1768_p2      |    and   |      0|  0|   32|          32|          32|
    |and_ln54_fu_1475_p2        |    and   |      0|  0|   32|          32|          32|
    |and_ln66_10_fu_2815_p2     |    and   |      0|  0|   32|          32|          32|
    |and_ln66_11_fu_2821_p2     |    and   |      0|  0|   32|          32|          32|
    |and_ln66_1_fu_2446_p2      |    and   |      0|  0|    8|           8|           8|
    |and_ln66_2_fu_2712_p2      |    and   |      0|  0|    8|           8|           8|
    |and_ln66_3_fu_2164_p2      |    and   |      0|  0|   32|          32|          32|
    |and_ln66_4_fu_2283_p2      |    and   |      0|  0|   32|          32|          32|
    |and_ln66_5_fu_2289_p2      |    and   |      0|  0|   32|          32|          32|
    |and_ln66_6_fu_2436_p2      |    and   |      0|  0|   32|          32|          32|
    |and_ln66_7_fu_2549_p2      |    and   |      0|  0|   32|          32|          32|
    |and_ln66_8_fu_2555_p2      |    and   |      0|  0|   32|          32|          32|
    |and_ln66_9_fu_2702_p2      |    and   |      0|  0|   32|          32|          32|
    |and_ln66_fu_2179_p2        |    and   |      0|  0|    8|           8|           8|
    |grp_fu_1080_p2             |   icmp   |      0|  0|   11|           5|           5|
    |grp_fu_1084_p2             |   icmp   |      0|  0|   11|           5|           5|
    |grp_fu_1088_p2             |   icmp   |      0|  0|   11|           5|           5|
    |icmp_ln108_1_fu_2852_p2    |   icmp   |      0|  0|    9|           3|           4|
    |icmp_ln108_2_fu_1206_p2    |   icmp   |      0|  0|    9|           3|           4|
    |icmp_ln108_3_fu_2932_p2    |   icmp   |      0|  0|    9|           3|           4|
    |icmp_ln108_fu_1136_p2      |   icmp   |      0|  0|    9|           3|           4|
    |icmp_ln1398_fu_1282_p2     |   icmp   |      0|  0|   11|           5|           3|
    |icmp_ln1400_fu_1336_p2     |   icmp   |      0|  0|    8|           2|           2|
    |icmp_ln1402_1_fu_1503_p2   |   icmp   |      0|  0|    8|           2|           1|
    |icmp_ln1402_fu_1497_p2     |   icmp   |      0|  0|    8|           2|           1|
    |icmp_ln1410_fu_1892_p2     |   icmp   |      0|  0|    8|           2|           2|
    |icmp_ln1477_fu_1119_p2     |   icmp   |      0|  0|   11|           5|           5|
    |icmp_ln1494_fu_1263_p2     |   icmp   |      0|  0|   11|           5|           5|
    |icmp_ln1511_fu_2989_p2     |   icmp   |      0|  0|    8|           2|           2|
    |icmp_ln1513_fu_3018_p2     |   icmp   |      0|  0|    9|           3|           4|
    |icmp_ln252_1_fu_2900_p2    |   icmp   |      0|  0|    8|           2|           2|
    |icmp_ln252_fu_1175_p2      |   icmp   |      0|  0|    8|           2|           2|
    |icmp_ln54_1_fu_1550_p2     |   icmp   |      0|  0|   11|           5|           5|
    |icmp_ln54_2_fu_1678_p2     |   icmp   |      0|  0|   11|           5|           5|
    |icmp_ln54_fu_1383_p2       |   icmp   |      0|  0|   11|           5|           5|
    |lshr_ln54_10_fu_1762_p2    |   lshr   |      0|  0|  101|           2|          32|
    |lshr_ln54_3_fu_1652_p2     |   lshr   |      0|  0|   19|           8|           8|
    |lshr_ln54_4_fu_1778_p2     |   lshr   |      0|  0|   19|           8|           8|
    |lshr_ln54_5_fu_1463_p2     |   lshr   |      0|  0|  101|          32|          32|
    |lshr_ln54_6_fu_1469_p2     |   lshr   |      0|  0|  101|           2|          32|
    |lshr_ln54_7_fu_1630_p2     |   lshr   |      0|  0|  101|          32|          32|
    |lshr_ln54_8_fu_1636_p2     |   lshr   |      0|  0|  101|           2|          32|
    |lshr_ln54_9_fu_1756_p2     |   lshr   |      0|  0|  101|          32|          32|
    |lshr_ln54_fu_1485_p2       |   lshr   |      0|  0|   19|           8|           8|
    |lshr_ln66_1_fu_2158_p2     |   lshr   |      0|  0|  101|           2|          32|
    |lshr_ln66_2_fu_2277_p2     |   lshr   |      0|  0|  101|           2|          32|
    |lshr_ln66_3_fu_2424_p2     |   lshr   |      0|  0|  101|          32|          32|
    |lshr_ln66_4_fu_2430_p2     |   lshr   |      0|  0|  101|           2|          32|
    |lshr_ln66_5_fu_2543_p2     |   lshr   |      0|  0|  101|           2|          32|
    |lshr_ln66_6_fu_2690_p2     |   lshr   |      0|  0|  101|          32|          32|
    |lshr_ln66_7_fu_2696_p2     |   lshr   |      0|  0|  101|           2|          32|
    |lshr_ln66_8_fu_2809_p2     |   lshr   |      0|  0|  101|           2|          32|
    |lshr_ln66_fu_2152_p2       |   lshr   |      0|  0|  101|          32|          32|
    |or_ln1402_fu_1509_p2       |    or    |      0|  0|    2|           1|           1|
    |or_ln54_1_fu_1544_p2       |    or    |      0|  0|    5|           5|           3|
    |or_ln54_2_fu_1672_p2       |    or    |      0|  0|    5|           5|           3|
    |or_ln54_fu_1377_p2         |    or    |      0|  0|    5|           5|           3|
    |or_ln66_1_fu_2451_p2       |    or    |      0|  0|    8|           8|           8|
    |or_ln66_2_fu_2717_p2       |    or    |      0|  0|    8|           8|           8|
    |or_ln66_3_fu_2071_p2       |    or    |      0|  0|    5|           5|           3|
    |or_ln66_4_fu_2343_p2       |    or    |      0|  0|    5|           5|           3|
    |or_ln66_5_fu_2609_p2       |    or    |      0|  0|    5|           5|           3|
    |or_ln66_fu_2184_p2         |    or    |      0|  0|    8|           8|           8|
    |select_ln54_10_fu_1734_p3  |  select  |      0|  0|    6|           1|           6|
    |select_ln54_1_fu_1433_p3   |  select  |      0|  0|   32|           1|          32|
    |select_ln54_2_fu_1441_p3   |  select  |      0|  0|    6|           1|           6|
    |select_ln54_3_fu_1515_p3   |  select  |      0|  0|    5|           1|           5|
    |select_ln54_4_fu_1523_p3   |  select  |      0|  0|    7|           1|           7|
    |select_ln54_5_fu_1592_p3   |  select  |      0|  0|    6|           1|           6|
    |select_ln54_6_fu_1600_p3   |  select  |      0|  0|   32|           1|          32|
    |select_ln54_7_fu_1608_p3   |  select  |      0|  0|    6|           1|           6|
    |select_ln54_8_fu_1719_p3   |  select  |      0|  0|    6|           1|           6|
    |select_ln54_9_fu_1727_p3   |  select  |      0|  0|   32|           1|          32|
    |select_ln54_fu_1425_p3     |  select  |      0|  0|    6|           1|           6|
    |select_ln66_10_fu_2471_p3  |  select  |      0|  0|    6|           1|           6|
    |select_ln66_11_fu_2479_p3  |  select  |      0|  0|    6|           1|           6|
    |select_ln66_12_fu_2487_p3  |  select  |      0|  0|    6|           1|           6|
    |select_ln66_13_fu_2529_p3  |  select  |      0|  0|   32|           1|          32|
    |select_ln66_14_fu_2652_p3  |  select  |      0|  0|    6|           1|           6|
    |select_ln66_15_fu_2660_p3  |  select  |      0|  0|   32|           1|          32|
    |select_ln66_16_fu_2668_p3  |  select  |      0|  0|    6|           1|           6|
    |select_ln66_17_fu_2737_p3  |  select  |      0|  0|    6|           1|           6|
    |select_ln66_18_fu_2745_p3  |  select  |      0|  0|    6|           1|           6|
    |select_ln66_19_fu_2753_p3  |  select  |      0|  0|    6|           1|           6|
    |select_ln66_1_fu_2122_p3   |  select  |      0|  0|   32|           1|          32|
    |select_ln66_20_fu_2795_p3  |  select  |      0|  0|   32|           1|          32|
    |select_ln66_2_fu_2130_p3   |  select  |      0|  0|    6|           1|           6|
    |select_ln66_3_fu_2205_p3   |  select  |      0|  0|    6|           1|           6|
    |select_ln66_4_fu_2213_p3   |  select  |      0|  0|    6|           1|           6|
    |select_ln66_5_fu_2221_p3   |  select  |      0|  0|    6|           1|           6|
    |select_ln66_6_fu_2263_p3   |  select  |      0|  0|   32|           1|          32|
    |select_ln66_7_fu_2386_p3   |  select  |      0|  0|    6|           1|           6|
    |select_ln66_8_fu_2394_p3   |  select  |      0|  0|   32|           1|          32|
    |select_ln66_9_fu_2402_p3   |  select  |      0|  0|    6|           1|           6|
    |select_ln66_fu_2114_p3     |  select  |      0|  0|    6|           1|           6|
    |shl_ln66_10_fu_2537_p2     |    shl   |      0|  0|  101|           2|          32|
    |shl_ln66_11_fu_2565_p2     |    shl   |      0|  0|   11|           1|           4|
    |shl_ln66_12_fu_2779_p2     |    shl   |      0|  0|  101|          32|          32|
    |shl_ln66_13_fu_2803_p2     |    shl   |      0|  0|  101|           2|          32|
    |shl_ln66_14_fu_2831_p2     |    shl   |      0|  0|   11|           1|           4|
    |shl_ln66_1_fu_1855_p2      |    shl   |      0|  0|   19|           1|           8|
    |shl_ln66_2_fu_1866_p2      |    shl   |      0|  0|   19|           1|           8|
    |shl_ln66_3_fu_2174_p2      |    shl   |      0|  0|   19|           8|           8|
    |shl_ln66_4_fu_1975_p2      |    shl   |      0|  0|   19|           8|           8|
    |shl_ln66_5_fu_2043_p2      |    shl   |      0|  0|   19|           8|           8|
    |shl_ln66_6_fu_2247_p2      |    shl   |      0|  0|  101|          32|          32|
    |shl_ln66_7_fu_2271_p2      |    shl   |      0|  0|  101|           2|          32|
    |shl_ln66_8_fu_2299_p2      |    shl   |      0|  0|   11|           1|           4|
    |shl_ln66_9_fu_2513_p2      |    shl   |      0|  0|  101|          32|          32|
    |shl_ln66_fu_1844_p2        |    shl   |      0|  0|   19|           1|           8|
    |grp_fu_1028_p2             |    xor   |      0|  0|   32|          32|          32|
    |xor_ln109_1_fu_2893_p2     |    xor   |      0|  0|   32|          32|          32|
    |xor_ln109_2_fu_1153_p2     |    xor   |      0|  0|    4|           3|           4|
    |xor_ln109_5_fu_2868_p2     |    xor   |      0|  0|    4|           3|           4|
    |xor_ln109_fu_1168_p2       |    xor   |      0|  0|   32|          32|          32|
    |xor_ln1411_fu_2059_p2      |    xor   |      0|  0|    8|           8|           8|
    |xor_ln1412_1_fu_1969_p2    |    xor   |      0|  0|    8|           8|           8|
    |xor_ln1412_fu_1963_p2      |    xor   |      0|  0|    8|           8|           8|
    |xor_ln1413_1_fu_2031_p2    |    xor   |      0|  0|    8|           8|           8|
    |xor_ln1413_2_fu_2037_p2    |    xor   |      0|  0|    8|           8|           8|
    |xor_ln1413_fu_2025_p2      |    xor   |      0|  0|    8|           8|           8|
    |xor_ln54_3_fu_1413_p2      |    xor   |      0|  0|    6|           6|           5|
    |xor_ln54_4_fu_1580_p2      |    xor   |      0|  0|    6|           6|           5|
    |xor_ln54_5_fu_1707_p2      |    xor   |      0|  0|    6|           6|           5|
    |xor_ln54_fu_1320_p2        |    xor   |      0|  0|    3|           3|           2|
    |xor_ln66_10_fu_2731_p2     |    xor   |      0|  0|    6|           6|           5|
    |xor_ln66_11_fu_2761_p2     |    xor   |      0|  0|    6|           6|           5|
    |xor_ln66_1_fu_1860_p2      |    xor   |      0|  0|    8|           8|           2|
    |xor_ln66_2_fu_1871_p2      |    xor   |      0|  0|    8|           8|           2|
    |xor_ln66_3_fu_2102_p2      |    xor   |      0|  0|    6|           6|           5|
    |xor_ln66_4_fu_2199_p2      |    xor   |      0|  0|    6|           6|           5|
    |xor_ln66_5_fu_2229_p2      |    xor   |      0|  0|    6|           6|           5|
    |xor_ln66_6_fu_2374_p2      |    xor   |      0|  0|    6|           6|           5|
    |xor_ln66_7_fu_2465_p2      |    xor   |      0|  0|    6|           6|           5|
    |xor_ln66_8_fu_2495_p2      |    xor   |      0|  0|    6|           6|           5|
    |xor_ln66_9_fu_2640_p2      |    xor   |      0|  0|    6|           6|           5|
    |xor_ln66_fu_1849_p2        |    xor   |      0|  0|    8|           8|           2|
    +---------------------------+----------+-------+---+-----+------------+------------+
    |Total                      |          |      0|  0| 4392|        1453|        2175|
    +---------------------------+----------+-------+---+-----+------------+------------+

    * Multiplexer: 
    +--------------------------------------+-----+-----------+-----+-----------+
    |                 Name                 | LUT | Input Size| Bits| Total Bits|
    +--------------------------------------+-----+-----------+-----+-----------+
    |a_0_1_i_reg_662                       |    9|          2|    8|         16|
    |a_0_2_i_reg_733                       |    9|          2|    8|         16|
    |a_1_1_i_reg_650                       |    9|          2|    8|         16|
    |a_1_2_i_reg_718                       |    9|          2|    8|         16|
    |a_2_1_i_reg_638                       |    9|          2|    8|         16|
    |a_2_2_i_reg_703                       |    9|          2|    8|         16|
    |ap_NS_fsm                             |  249|         58|    1|         58|
    |ap_phi_mux_phi_ln66_phi_fu_853_p6     |   21|          4|    7|         28|
    |b_0_1_i_reg_626                       |    9|          2|    8|         16|
    |b_0_2_i_reg_778                       |    9|          2|    8|         16|
    |b_1_1_i_reg_614                       |    9|          2|    8|         16|
    |b_1_2_i_reg_763                       |    9|          2|    8|         16|
    |b_2_1_i_reg_602                       |    9|          2|    8|         16|
    |b_2_2_i_reg_748                       |    9|          2|    8|         16|
    |bitNumber_assign_2_i_reg_554          |    9|          2|    5|         10|
    |c_0_1_i_be_reg_823                    |    9|          2|    8|         16|
    |c_0_1_i_reg_590                       |    9|          2|    8|         16|
    |c_1_1_i_be_reg_808                    |    9|          2|    8|         16|
    |c_1_1_i_reg_578                       |    9|          2|    8|         16|
    |c_2_1_i_be_reg_793                    |    9|          2|    8|         16|
    |c_2_1_i_reg_566                       |    9|          2|    8|         16|
    |grp_fu_1080_p0                        |   15|          3|    5|         15|
    |grp_fu_1080_p1                        |   15|          3|    5|         15|
    |grp_fu_1084_p0                        |   15|          3|    5|         15|
    |grp_fu_1084_p1                        |   15|          3|    5|         15|
    |grp_fu_1088_p0                        |   15|          3|    5|         15|
    |grp_fu_1088_p1                        |   15|          3|    5|         15|
    |grp_matrix_mul_1_fu_978_state_offset  |   21|          4|    6|         24|
    |grp_matrix_mul_fu_957_matrix_offset   |   15|          3|   14|         42|
    |grp_matrix_mul_fu_957_output_offset   |   21|          4|    5|         20|
    |grp_matrix_mul_fu_957_state_offset1   |   21|          4|    4|         16|
    |grp_mpc_AND_2_fu_991_in1_0_read       |   21|          4|    8|         32|
    |grp_mpc_AND_2_fu_991_in1_1_read       |   21|          4|    8|         32|
    |grp_mpc_AND_2_fu_991_in1_2_read       |   21|          4|    8|         32|
    |grp_mpc_AND_2_fu_991_in2_0_read       |   21|          4|    8|         32|
    |grp_mpc_AND_2_fu_991_in2_1_read       |   21|          4|    8|         32|
    |grp_mpc_AND_2_fu_991_in2_2_read       |   21|          4|    8|         32|
    |grp_mpc_AND_2_fu_991_out_0_read       |   21|          4|    8|         32|
    |grp_mpc_AND_2_fu_991_out_1_read       |   21|          4|    8|         32|
    |grp_mpc_AND_2_fu_991_out_2_read       |   21|          4|    8|         32|
    |grp_mpc_AND_2_fu_991_rand_pos_read    |   15|          3|   32|         96|
    |i_0_i11_reg_875                       |    9|          2|    2|          4|
    |i_0_i_i15_reg_905                     |    9|          2|    3|          6|
    |i_0_i_i2_reg_864                      |    9|          2|    3|          6|
    |i_0_i_i3_reg_423                      |    9|          2|    3|          6|
    |i_0_i_i_reg_382                       |    9|          2|    3|          6|
    |i_0_i_reg_393                         |    9|          2|    2|          4|
    |i_1_reg_916                           |    9|          2|    2|          4|
    |j_0_i_reg_674                         |    9|          2|    2|          4|
    |j_1_i_reg_838                         |    9|          2|    2|          4|
    |loop_0_reg_371                        |    9|          2|    5|         10|
    |loop_1_reg_928                        |    9|          2|    3|          6|
    |phi_ln109_1_reg_887                   |   15|          3|    3|          9|
    |phi_ln109_reg_405                     |   15|          3|    3|          9|
    |phi_ln1514_reg_940                    |   15|          3|    3|          9|
    |phi_ln54_reg_686                      |   15|          3|    3|          9|
    |r_0_reg_434                           |    9|          2|    5|         10|
    |slab_address0                         |   56|         13|    6|         78|
    |slab_address1                         |   50|         11|    6|         66|
    |slab_ce0                              |   21|          4|    1|          4|
    |slab_d0                               |   33|          6|   32|        192|
    |slab_d1                               |   33|          6|   32|        192|
    |slab_we0                              |   21|          4|    4|         16|
    |slab_we1                              |   27|          5|    4|         20|
    |tapes_pos_0_fu_174                    |    9|          2|   32|         64|
    |tapes_tape_ce0                        |    9|          2|    1|          2|
    |tapes_tape_ce1                        |    9|          2|    1|          2|
    |views_communicatedBi_ce0              |    9|          2|    1|          2|
    |views_communicatedBi_we0              |    9|          2|    1|          2|
    |views_inputShare_ce0                  |    9|          2|    1|          2|
    +--------------------------------------+-----+-----------+-----+-----------+
    |Total                                 | 1276|        269|  489|       1708|
    +--------------------------------------+-----+-----------+-----+-----------+

    * Register: 
    +--------------------------------------+----+----+-----+-----------+
    |                 Name                 | FF | LUT| Bits| Const Bits|
    +--------------------------------------+----+----+-----+-----------+
    |a_0_030_i_reg_542                     |   8|   0|    8|          0|
    |a_0_1_i_reg_662                       |   8|   0|    8|          0|
    |a_0_2_i_reg_733                       |   8|   0|    8|          0|
    |a_0_reg_3276                          |   1|   0|    1|          0|
    |a_1_031_i_reg_530                     |   8|   0|    8|          0|
    |a_1_1_i_reg_650                       |   8|   0|    8|          0|
    |a_1_2_i_reg_718                       |   8|   0|    8|          0|
    |a_2_032_i_reg_518                     |   8|   0|    8|          0|
    |a_2_1_i_reg_638                       |   8|   0|    8|          0|
    |a_2_2_i_reg_703                       |   8|   0|    8|          0|
    |ab_0_1_fu_178                         |   8|   0|    8|          0|
    |ab_0_reg_3323                         |   8|   0|    8|          0|
    |ab_1_1_fu_182                         |   8|   0|    8|          0|
    |ab_1_reg_3328                         |   8|   0|    8|          0|
    |ab_2_1_fu_186                         |   8|   0|    8|          0|
    |ab_2_reg_3333                         |   8|   0|    8|          0|
    |add_ln1401_reg_3207                   |   5|   0|    5|          0|
    |add_ln1402_reg_3212                   |   5|   0|    5|          0|
    |add_ln1503_reg_3238                   |   5|   0|   14|          9|
    |add_ln1507_reg_3533                   |   5|   0|    7|          2|
    |ap_CS_fsm                             |  57|   0|   57|          0|
    |b_0_033_i_reg_506                     |   8|   0|    8|          0|
    |b_0_1_i_reg_626                       |   8|   0|    8|          0|
    |b_0_2_i_reg_778                       |   8|   0|    8|          0|
    |b_0_reg_3299                          |   1|   0|    1|          0|
    |b_1_034_i_reg_494                     |   8|   0|    8|          0|
    |b_1_1_i_reg_614                       |   8|   0|    8|          0|
    |b_1_2_i_reg_763                       |   8|   0|    8|          0|
    |b_2_035_i_reg_482                     |   8|   0|    8|          0|
    |b_2_1_i_reg_602                       |   8|   0|    8|          0|
    |b_2_2_i_reg_748                       |   8|   0|    8|          0|
    |bc_0_1_fu_190                         |   8|   0|    8|          0|
    |bc_0_reg_3353                         |   8|   0|    8|          0|
    |bc_1_1_fu_194                         |   8|   0|    8|          0|
    |bc_1_reg_3358                         |   8|   0|    8|          0|
    |bc_2_1_fu_198                         |   8|   0|    8|          0|
    |bc_2_reg_3363                         |   8|   0|    8|          0|
    |bitNumber_assign_2_i_reg_554          |   5|   0|    5|          0|
    |c_0_036_i_reg_470                     |   8|   0|    8|          0|
    |c_0_1_i_be_reg_823                    |   8|   0|    8|          0|
    |c_0_1_i_reg_590                       |   8|   0|    8|          0|
    |c_0_reg_3311                          |   1|   0|    1|          0|
    |c_1_037_i_reg_458                     |   8|   0|    8|          0|
    |c_1_1_i_be_reg_808                    |   8|   0|    8|          0|
    |c_1_1_i_reg_578                       |   8|   0|    8|          0|
    |c_2_038_i_reg_446                     |   8|   0|    8|          0|
    |c_2_1_i_be_reg_793                    |   8|   0|    8|          0|
    |c_2_1_i_reg_566                       |   8|   0|    8|          0|
    |ca_0_1_fu_202                         |   8|   0|    8|          0|
    |ca_0_reg_3383                         |   8|   0|    8|          0|
    |ca_1_1_fu_206                         |   8|   0|    8|          0|
    |ca_1_reg_3388                         |   8|   0|    8|          0|
    |ca_2_1_fu_210                         |   8|   0|    8|          0|
    |ca_2_reg_3393                         |   8|   0|    8|          0|
    |cast_offset1_reg_3470                 |   2|   0|    5|          3|
    |cast_offset2_reg_3493                 |   2|   0|    5|          3|
    |cast_offset3_reg_3516                 |   2|   0|    5|          3|
    |grp_matrix_mul_1_fu_978_ap_start_reg  |   1|   0|    1|          0|
    |grp_matrix_mul_fu_957_ap_start_reg    |   1|   0|    1|          0|
    |grp_mpc_AND_2_fu_991_ap_start_reg     |   1|   0|    1|          0|
    |i_0_i11_reg_875                       |   2|   0|    2|          0|
    |i_0_i_i15_reg_905                     |   3|   0|    3|          0|
    |i_0_i_i2_reg_864                      |   3|   0|    3|          0|
    |i_0_i_i3_reg_423                      |   3|   0|    3|          0|
    |i_0_i_i_reg_382                       |   3|   0|    3|          0|
    |i_0_i_reg_393                         |   2|   0|    2|          0|
    |i_10_reg_3578                         |   3|   0|    3|          0|
    |i_1_reg_916                           |   2|   0|    2|          0|
    |i_2_reg_3087                          |   3|   0|    3|          0|
    |i_4_reg_3105                          |   2|   0|    2|          0|
    |i_5_reg_3125                          |   3|   0|    3|          0|
    |i_8_reg_3541                          |   3|   0|    3|          0|
    |i_9_reg_3560                          |   2|   0|    2|          0|
    |i_reg_3596                            |   2|   0|    2|          0|
    |j_0_i_reg_674                         |   2|   0|    2|          0|
    |j_1_i_reg_838                         |   2|   0|    2|          0|
    |j_7_reg_3246                          |   2|   0|    2|          0|
    |j_reg_3416                            |   2|   0|    2|          0|
    |loop_0_reg_371                        |   5|   0|    5|          0|
    |loop_1_reg_928                        |   3|   0|    3|          0|
    |loop_21_reg_3609                      |   3|   0|    3|          0|
    |mem_index_phi3_reg_3570               |  20|   0|   20|          0|
    |mem_index_phi_reg_3117                |  20|   0|   20|          0|
    |or_ln66_1_reg_3505                    |   8|   0|    8|          0|
    |or_ln66_2_reg_3528                    |   8|   0|    8|          0|
    |or_ln66_3_reg_3476                    |   2|   0|    5|          3|
    |or_ln66_4_reg_3499                    |   2|   0|    5|          3|
    |or_ln66_5_reg_3522                    |   2|   0|    5|          3|
    |or_ln66_reg_3482                      |   8|   0|    8|          0|
    |phi_ln109_1_reg_887                   |   3|   0|    5|          2|
    |phi_ln109_reg_405                     |   3|   0|    5|          2|
    |phi_ln1514_reg_940                    |   3|   0|    5|          2|
    |phi_ln54_reg_686                      |   3|   0|    7|          4|
    |r_0_reg_434                           |   5|   0|    5|          0|
    |reg_1092                              |  32|   0|   32|          0|
    |shl_ln66_4_reg_3449                   |   8|   0|    8|          0|
    |shl_ln66_5_reg_3460                   |   8|   0|    8|          0|
    |shl_ln_reg_3198                       |   5|   0|   14|          9|
    |slab_addr_11_reg_3583                 |   5|   0|    6|          1|
    |slab_addr_1_reg_3092                  |   4|   0|    6|          2|
    |slab_addr_2_reg_3130                  |   5|   0|    6|          1|
    |slab_addr_4_reg_3546                  |   4|   0|    6|          2|
    |slab_addr_7_reg_3437                  |   6|   0|    6|          0|
    |slab_addr_8_reg_3487                  |   6|   0|    6|          0|
    |slab_addr_9_reg_3510                  |   6|   0|    6|          0|
    |slab_load_9_reg_3293                  |  32|   0|   32|          0|
    |sub_ln1514_reg_3071                   |  11|   0|   11|          0|
    |tapes_pos_0_fu_174                    |  32|   0|   32|          0|
    |tmp_21_reg_3431                       |   2|   0|    2|          0|
    |tmp_24_reg_3443                       |   2|   0|    2|          0|
    |tmp_27_reg_3454                       |   2|   0|    2|          0|
    |tmp_38_cast_reg_3601                  |  11|   0|   13|          2|
    |tmp_5_i_reg_3421                      |   8|   0|    8|          0|
    |tmp_6_i_reg_3426                      |   8|   0|    8|          0|
    |views_outputShare_ad_reg_3614         |  12|   0|   12|          0|
    |xor_ln66_1_reg_3403                   |   8|   0|    8|          0|
    |xor_ln66_2_reg_3408                   |   8|   0|    8|          0|
    |xor_ln66_reg_3398                     |   8|   0|    8|          0|
    |zext_ln54_5_reg_3224                  |   3|   0|    8|          5|
    |zext_ln54_6_reg_3231                  |   3|   0|    8|          5|
    |zext_ln54_reg_3217                    |   3|   0|    8|          5|
    +--------------------------------------+----+----+-----+-----------+
    |Total                                 | 838|   0|  909|         71|
    +--------------------------------------+----+----+-----+-----------+



================================================================
== Interface
================================================================
* Summary: 
+-------------------------------+-----+-----+------------+-------------------------+--------------+
|           RTL Ports           | Dir | Bits|  Protocol  |      Source Object      |    C Type    |
+-------------------------------+-----+-----+------------+-------------------------+--------------+
|ap_clk                         |  in |    1| ap_ctrl_hs |       mpc_LowMC_2       | return value |
|ap_rst                         |  in |    1| ap_ctrl_hs |       mpc_LowMC_2       | return value |
|ap_start                       |  in |    1| ap_ctrl_hs |       mpc_LowMC_2       | return value |
|ap_done                        | out |    1| ap_ctrl_hs |       mpc_LowMC_2       | return value |
|ap_idle                        | out |    1| ap_ctrl_hs |       mpc_LowMC_2       | return value |
|ap_ready                       | out |    1| ap_ctrl_hs |       mpc_LowMC_2       | return value |
|tapes_tape_address0            | out |    9|  ap_memory |        tapes_tape       |     array    |
|tapes_tape_ce0                 | out |    1|  ap_memory |        tapes_tape       |     array    |
|tapes_tape_q0                  |  in |    8|  ap_memory |        tapes_tape       |     array    |
|tapes_tape_address1            | out |    9|  ap_memory |        tapes_tape       |     array    |
|tapes_tape_ce1                 | out |    1|  ap_memory |        tapes_tape       |     array    |
|tapes_tape_q1                  |  in |    8|  ap_memory |        tapes_tape       |     array    |
|views_inputShare_address0      | out |   12|  ap_memory |     views_inputShare    |     array    |
|views_inputShare_ce0           | out |    1|  ap_memory |     views_inputShare    |     array    |
|views_inputShare_q0            |  in |   32|  ap_memory |     views_inputShare    |     array    |
|views_inputShare_offset        |  in |    8|   ap_none  | views_inputShare_offset |    scalar    |
|views_communicatedBi_address0  | out |   16|  ap_memory |   views_communicatedBi  |     array    |
|views_communicatedBi_ce0       | out |    1|  ap_memory |   views_communicatedBi  |     array    |
|views_communicatedBi_we0       | out |    1|  ap_memory |   views_communicatedBi  |     array    |
|views_communicatedBi_d0        | out |    8|  ap_memory |   views_communicatedBi  |     array    |
|views_communicatedBi_q0        |  in |    8|  ap_memory |   views_communicatedBi  |     array    |
|views_outputShare_address0     | out |   12|  ap_memory |    views_outputShare    |     array    |
|views_outputShare_ce0          | out |    1|  ap_memory |    views_outputShare    |     array    |
|views_outputShare_we0          | out |    1|  ap_memory |    views_outputShare    |     array    |
|views_outputShare_d0           | out |   32|  ap_memory |    views_outputShare    |     array    |
|plaintext_address0             | out |    3|  ap_memory |        plaintext        |     array    |
|plaintext_ce0                  | out |    1|  ap_memory |        plaintext        |     array    |
|plaintext_q0                   |  in |   32|  ap_memory |        plaintext        |     array    |
|slab_address0                  | out |    6|  ap_memory |           slab          |     array    |
|slab_ce0                       | out |    1|  ap_memory |           slab          |     array    |
|slab_we0                       | out |    4|  ap_memory |           slab          |     array    |
|slab_d0                        | out |   32|  ap_memory |           slab          |     array    |
|slab_q0                        |  in |   32|  ap_memory |           slab          |     array    |
|slab_address1                  | out |    6|  ap_memory |           slab          |     array    |
|slab_ce1                       | out |    1|  ap_memory |           slab          |     array    |
|slab_we1                       | out |    4|  ap_memory |           slab          |     array    |
|slab_d1                        | out |   32|  ap_memory |           slab          |     array    |
|slab_q1                        |  in |   32|  ap_memory |           slab          |     array    |
+-------------------------------+-----+-----+------------+-------------------------+--------------+

