

================================================================
== Vivado HLS Report for 'mpc_AND_2'
================================================================
* Date:           Thu May 14 18:42:17 2020

* Version:        2019.2 (Build 2704478 on Wed Nov 06 22:10:23 MST 2019)
* Project:        picnic1
* Solution:       sign
* Product family: artix7
* Target device:  xc7a200t-fbg676-2


================================================================
== Performance Estimates
================================================================
+ Timing: 
    * Summary: 
    +--------+----------+----------+------------+
    |  Clock |  Target  | Estimated| Uncertainty|
    +--------+----------+----------+------------+
    |ap_clk  | 10.00 ns | 8.114 ns |   1.25 ns  |
    +--------+----------+----------+------------+

+ Latency: 
    * Summary: 
    +---------+---------+----------+----------+-----+-----+---------+
    |  Latency (cycles) |  Latency (absolute) |  Interval | Pipeline|
    |   min   |   max   |    min   |    max   | min | max |   Type  |
    +---------+---------+----------+----------+-----+-----+---------+
    |       12|       12| 0.120 us | 0.120 us |   12|   12|   none  |
    +---------+---------+----------+----------+-----+-----+---------+

    + Detail: 
        * Instance: 
        N/A

        * Loop: 
        +----------+---------+---------+----------+-----------+-----------+------+----------+
        |          |  Latency (cycles) | Iteration|  Initiation Interval  | Trip |          |
        | Loop Name|   min   |   max   |  Latency |  achieved |   target  | Count| Pipelined|
        +----------+---------+---------+----------+-----------+-----------+------+----------+
        |- Loop 1  |        9|        9|         3|          -|          -|     3|    no    |
        +----------+---------+---------+----------+-----------+-----------+------+----------+



================================================================
== Utilization Estimates
================================================================
* Summary: 
+-----------------+---------+-------+--------+--------+-----+
|       Name      | BRAM_18K| DSP48E|   FF   |   LUT  | URAM|
+-----------------+---------+-------+--------+--------+-----+
|DSP              |        -|      1|       -|       -|    -|
|Expression       |        -|      -|       0|     324|    -|
|FIFO             |        -|      -|       -|       -|    -|
|Instance         |        -|      -|       0|     102|    -|
|Memory           |        -|      -|       -|       -|    -|
|Multiplexer      |        -|      -|       -|      77|    -|
|Register         |        -|      -|     118|       -|    -|
+-----------------+---------+-------+--------+--------+-----+
|Total            |        0|      1|     118|     503|    0|
+-----------------+---------+-------+--------+--------+-----+
|Available        |      730|    740|  269200|  134600|    0|
+-----------------+---------+-------+--------+--------+-----+
|Utilization (%)  |        0|   ~0  |   ~0   |   ~0   |    0|
+-----------------+---------+-------+--------+--------+-----+

+ Detail: 
    * Instance: 
    +--------------------------+----------------------+---------+-------+---+----+-----+
    |         Instance         |        Module        | BRAM_18K| DSP48E| FF| LUT| URAM|
    +--------------------------+----------------------+---------+-------+---+----+-----+
    |crypto_sign_mux_3VhK_U94  |crypto_sign_mux_3VhK  |        0|      0|  0|  17|    0|
    |crypto_sign_mux_3VhK_U95  |crypto_sign_mux_3VhK  |        0|      0|  0|  17|    0|
    |crypto_sign_mux_3VhK_U96  |crypto_sign_mux_3VhK  |        0|      0|  0|  17|    0|
    |crypto_sign_mux_3VhK_U97  |crypto_sign_mux_3VhK  |        0|      0|  0|  17|    0|
    |crypto_sign_mux_3VhK_U98  |crypto_sign_mux_3VhK  |        0|      0|  0|  17|    0|
    |crypto_sign_mux_3VhK_U99  |crypto_sign_mux_3VhK  |        0|      0|  0|  17|    0|
    +--------------------------+----------------------+---------+-------+---+----+-----+
    |Total                     |                      |        0|      0|  0| 102|    0|
    +--------------------------+----------------------+---------+-------+---+----+-----+

    * DSP48E: 
    +---------------------------+----------------------+--------------+
    |          Instance         |        Module        |  Expression  |
    +---------------------------+----------------------+--------------+
    |crypto_sign_mac_mWhU_U100  |crypto_sign_mac_mWhU  | i0 + i1 * i2 |
    +---------------------------+----------------------+--------------+

    * Memory: 
    N/A

    * FIFO: 
    N/A

    * Expression: 
    +---------------------------+----------+-------+---+----+------------+------------+
    |       Variable Name       | Operation| DSP48E| FF| LUT| Bitwidth P0| Bitwidth P1|
    +---------------------------+----------+-------+---+----+------------+------------+
    |add_ln1349_fu_575_p2       |     +    |      0|  0|  39|          32|           1|
    |add_ln54_1_fu_297_p2       |     +    |      0|  0|  17|           9|          10|
    |add_ln54_fu_287_p2         |     +    |      0|  0|  17|           8|          10|
    |add_ln66_fu_398_p2         |     +    |      0|  0|  19|          12|          12|
    |i_fu_388_p2                |     +    |      0|  0|  10|           2|           1|
    |sub_ln66_fu_337_p2         |     -    |      0|  0|  18|          11|          11|
    |and_ln1343_1_fu_473_p2     |    and   |      0|  0|   8|           8|           8|
    |and_ln1343_2_fu_479_p2     |    and   |      0|  0|   8|           8|           8|
    |and_ln1343_fu_449_p2       |    and   |      0|  0|   8|           8|           8|
    |and_ln66_fu_629_p2         |    and   |      0|  0|   8|           8|           8|
    |icmp_ln1342_fu_382_p2      |   icmp   |      0|  0|   8|           2|           2|
    |icmp_ln1343_fu_420_p2      |   icmp   |      0|  0|   8|           2|           2|
    |grp_fu_228_p2              |   lshr   |      0|  0|  19|           8|           8|
    |lshr_ln54_6_fu_358_p2      |   lshr   |      0|  0|  19|           8|           8|
    |views_communicatedBi_d0    |    or    |      0|  0|   8|           8|           8|
    |select_ln1343_fu_432_p3    |  select  |      0|  0|   2|           1|           2|
    |select_ln1350_1_fu_587_p3  |  select  |      0|  0|   8|           1|           8|
    |select_ln1350_2_fu_594_p3  |  select  |      0|  0|   8|           1|           8|
    |select_ln1350_fu_580_p3    |  select  |      0|  0|   8|           1|           8|
    |shl_ln66_6_fu_625_p2       |    shl   |      0|  0|  19|           8|           8|
    |shl_ln66_fu_371_p2         |    shl   |      0|  0|  19|           1|           8|
    |xor_ln1343_1_fu_509_p2     |    xor   |      0|  0|   8|           8|           8|
    |xor_ln1343_2_fu_515_p2     |    xor   |      0|  0|   8|           8|           8|
    |xor_ln1343_3_fu_426_p2     |    xor   |      0|  0|   3|           2|           3|
    |xor_ln1343_4_fu_521_p2     |    xor   |      0|  0|   8|           8|           8|
    |xor_ln1343_fu_503_p2       |    xor   |      0|  0|   8|           8|           8|
    |xor_ln54_fu_307_p2         |    xor   |      0|  0|   3|           3|           2|
    |xor_ln66_fu_376_p2         |    xor   |      0|  0|   8|           8|           2|
    +---------------------------+----------+-------+---+----+------------+------------+
    |Total                      |          |      0|  0| 324|         192|         186|
    +---------------------------+----------+-------+---+----+------------+------------+

    * Multiplexer: 
    +--------------------+----+-----------+-----+-----------+
    |        Name        | LUT| Input Size| Bits| Total Bits|
    +--------------------+----+-----------+-----+-----------+
    |ap_NS_fsm           |  38|          7|    1|          7|
    |grp_fu_228_p1       |  15|          3|    8|         24|
    |i_0_reg_217         |   9|          2|    2|          4|
    |rand_tape_address0  |  15|          3|    9|         27|
    +--------------------+----+-----------+-----+-----------+
    |Total               |  77|         15|   20|         62|
    +--------------------+----+-----------+-----+-----------+

    * Register: 
    +--------------------------------+----+----+-----+-----------+
    |              Name              | FF | LUT| Bits| Const Bits|
    +--------------------------------+----+----+-----+-----------+
    |ap_CS_fsm                       |   6|   0|    6|          0|
    |i_0_reg_217                     |   2|   0|    2|          0|
    |i_reg_819                       |   2|   0|    2|          0|
    |out5_02_fu_94                   |   8|   0|    8|          0|
    |out6_01_fu_82                   |   8|   0|    8|          0|
    |out_03_fu_98                    |   8|   0|    8|          0|
    |r_0_reg_732                     |   1|   0|    1|          0|
    |sext_ln66_reg_788               |  12|   0|   12|          0|
    |trunc_ln54_reg_709              |   3|   0|    3|          0|
    |views_communicatedBi_3_reg_824  |  16|   0|   16|          0|
    |write_flag3_0_fu_102            |   1|   0|    1|          0|
    |write_flag6_0_fu_90             |   1|   0|    1|          0|
    |write_flag_0_fu_86              |   1|   0|    1|          0|
    |xor_ln1343_4_reg_829            |   8|   0|    8|          0|
    |xor_ln66_reg_811                |   8|   0|    8|          0|
    |zext_ln54_11_reg_724            |   3|   0|    8|          5|
    |zext_ln54_12_reg_793            |   1|   0|    8|          7|
    |zext_ln54_13_reg_799            |   1|   0|    8|          7|
    |zext_ln54_14_reg_805            |   1|   0|    8|          7|
    |zext_ln54_cast1_reg_693         |  17|   0|   17|          0|
    |zext_ln54_cast_reg_698          |  10|   0|   10|          0|
    +--------------------------------+----+----+-----+-----------+
    |Total                           | 118|   0|  144|         26|
    +--------------------------------+----+----+-----+-----------+



================================================================
== Interface
================================================================
* Summary: 
+-------------------------------+-----+-----+------------+-------------------------------+--------------+
|           RTL Ports           | Dir | Bits|  Protocol  |         Source Object         |    C Type    |
+-------------------------------+-----+-----+------------+-------------------------------+--------------+
|ap_clk                         |  in |    1| ap_ctrl_hs |           mpc_AND_2           | return value |
|ap_rst                         |  in |    1| ap_ctrl_hs |           mpc_AND_2           | return value |
|ap_start                       |  in |    1| ap_ctrl_hs |           mpc_AND_2           | return value |
|ap_done                        | out |    1| ap_ctrl_hs |           mpc_AND_2           | return value |
|ap_idle                        | out |    1| ap_ctrl_hs |           mpc_AND_2           | return value |
|ap_ready                       | out |    1| ap_ctrl_hs |           mpc_AND_2           | return value |
|ap_return_0                    | out |   32| ap_ctrl_hs |           mpc_AND_2           | return value |
|ap_return_1                    | out |    8| ap_ctrl_hs |           mpc_AND_2           | return value |
|ap_return_2                    | out |    8| ap_ctrl_hs |           mpc_AND_2           | return value |
|ap_return_3                    | out |    8| ap_ctrl_hs |           mpc_AND_2           | return value |
|in1_0_read                     |  in |    8|   ap_none  |           in1_0_read          |    scalar    |
|in1_1_read                     |  in |    8|   ap_none  |           in1_1_read          |    scalar    |
|in1_2_read                     |  in |    8|   ap_none  |           in1_2_read          |    scalar    |
|in2_0_read                     |  in |    8|   ap_none  |           in2_0_read          |    scalar    |
|in2_1_read                     |  in |    8|   ap_none  |           in2_1_read          |    scalar    |
|in2_2_read                     |  in |    8|   ap_none  |           in2_2_read          |    scalar    |
|out_0_read                     |  in |    8|   ap_none  |           out_0_read          |    scalar    |
|out_1_read                     |  in |    8|   ap_none  |           out_1_read          |    scalar    |
|out_2_read                     |  in |    8|   ap_none  |           out_2_read          |    scalar    |
|rand_tape_address0             | out |    9|  ap_memory |           rand_tape           |     array    |
|rand_tape_ce0                  | out |    1|  ap_memory |           rand_tape           |     array    |
|rand_tape_q0                   |  in |    8|  ap_memory |           rand_tape           |     array    |
|rand_tape_address1             | out |    9|  ap_memory |           rand_tape           |     array    |
|rand_tape_ce1                  | out |    1|  ap_memory |           rand_tape           |     array    |
|rand_tape_q1                   |  in |    8|  ap_memory |           rand_tape           |     array    |
|rand_pos_read                  |  in |   32|   ap_none  |         rand_pos_read         |    scalar    |
|views_communicatedBi_address0  | out |   16|  ap_memory |      views_communicatedBi     |     array    |
|views_communicatedBi_ce0       | out |    1|  ap_memory |      views_communicatedBi     |     array    |
|views_communicatedBi_we0       | out |    1|  ap_memory |      views_communicatedBi     |     array    |
|views_communicatedBi_d0        | out |    8|  ap_memory |      views_communicatedBi     |     array    |
|views_communicatedBi_q0        |  in |    8|  ap_memory |      views_communicatedBi     |     array    |
|views_communicatedBits_offset  |  in |    8|   ap_none  | views_communicatedBits_offset |    scalar    |
+-------------------------------+-----+-----+------------+-------------------------------+--------------+

