

================================================================
== Vivado HLS Report for 'pi'
================================================================
* Date:           Thu May 14 18:41:55 2020

* Version:        2019.2 (Build 2704478 on Wed Nov 06 22:10:23 MST 2019)
* Project:        picnic1
* Solution:       sign
* Product family: artix7
* Target device:  xc7a200t-fbg676-2


================================================================
== Performance Estimates
================================================================
+ Timing: 
    * Summary: 
    +--------+----------+----------+------------+
    |  Clock |  Target  | Estimated| Uncertainty|
    +--------+----------+----------+------------+
    |ap_clk  | 10.00 ns | 8.332 ns |   1.25 ns  |
    +--------+----------+----------+------------+

+ Latency: 
    * Summary: 
    +---------+---------+----------+----------+-----+-----+---------+
    |  Latency (cycles) |  Latency (absolute) |  Interval | Pipeline|
    |   min   |   max   |    min   |    max   | min | max |   Type  |
    +---------+---------+----------+----------+-----+-----+---------+
    |       51|       51| 0.510 us | 0.510 us |   51|   51|   none  |
    +---------+---------+----------+----------+-----+-----+---------+

    + Detail: 
        * Instance: 
        N/A

        * Loop: 
        +--------------+---------+---------+----------+-----------+-----------+------+----------+
        |              |  Latency (cycles) | Iteration|  Initiation Interval  | Trip |          |
        |   Loop Name  |   min   |   max   |  Latency |  achieved |   target  | Count| Pipelined|
        +--------------+---------+---------+----------+-----------+-----------+------+----------+
        |- pi_label20  |       15|       15|         4|          3|          1|     5|    yes   |
        |- pi_label22  |       32|       32|        13|          5|          1|     5|    yes   |
        +--------------+---------+---------+----------+-----------+-----------+------+----------+



================================================================
== Utilization Estimates
================================================================
* Summary: 
+-----------------+---------+-------+--------+--------+-----+
|       Name      | BRAM_18K| DSP48E|   FF   |   LUT  | URAM|
+-----------------+---------+-------+--------+--------+-----+
|DSP              |        -|      -|       -|       -|    -|
|Expression       |        -|      -|       0|     338|    -|
|FIFO             |        -|      -|       -|       -|    -|
|Instance         |        -|      -|     402|     203|    -|
|Memory           |        4|      -|       0|       0|    0|
|Multiplexer      |        -|      -|       -|     305|    -|
|Register         |        0|      -|     461|      32|    -|
+-----------------+---------+-------+--------+--------+-----+
|Total            |        4|      0|     863|     878|    0|
+-----------------+---------+-------+--------+--------+-----+
|Available        |      730|    740|  269200|  134600|    0|
+-----------------+---------+-------+--------+--------+-----+
|Utilization (%)  |    ~0   |      0|   ~0   |   ~0   |    0|
+-----------------+---------+-------+--------+--------+-----+

+ Detail: 
    * Instance: 
    +--------------------------+----------------------+---------+-------+----+----+-----+
    |         Instance         |        Module        | BRAM_18K| DSP48E| FF | LUT| URAM|
    +--------------------------+----------------------+---------+-------+----+----+-----+
    |crypto_sign_urem_bkb_U6   |crypto_sign_urem_bkb  |        0|      0|  68|  31|    0|
    |crypto_sign_urem_cud_U7   |crypto_sign_urem_cud  |        0|      0|  68|  31|    0|
    |crypto_sign_urem_cud_U8   |crypto_sign_urem_cud  |        0|      0|  68|  31|    0|
    |crypto_sign_urem_dEe_U9   |crypto_sign_urem_dEe  |        0|      0|  99|  55|    0|
    |crypto_sign_urem_dEe_U10  |crypto_sign_urem_dEe  |        0|      0|  99|  55|    0|
    +--------------------------+----------------------+---------+-------+----+----+-----+
    |Total                     |                      |        0|      0| 402| 203|    0|
    +--------------------------+----------------------+---------+-------+----+----+-----+

    * DSP48E: 
    N/A

    * Memory: 
    +---------+----------+---------+---+----+-----+------+-----+------+-------------+
    |  Memory |  Module  | BRAM_18K| FF| LUT| URAM| Words| Bits| Banks| W*Bits*Banks|
    +---------+----------+---------+---+----+-----+------+-----+------+-------------+
    |tempA_U  |pi_tempA  |        4|  0|   0|    0|    25|   64|     1|         1600|
    +---------+----------+---------+---+----+-----+------+-----+------+-------------+
    |Total    |          |        4|  0|   0|    0|    25|   64|     1|         1600|
    +---------+----------+---------+---+----+-----+------+-----+------+-------------+

    * FIFO: 
    N/A

    * Expression: 
    +------------------------+----------+-------+---+----+------------+------------+
    |      Variable Name     | Operation| DSP48E| FF| LUT| Bitwidth P0| Bitwidth P1|
    +------------------------+----------+-------+---+----+------------+------------+
    |add_ln362_1_fu_297_p2   |     +    |      0|  0|  13|           4|           4|
    |add_ln362_2_fu_317_p2   |     +    |      0|  0|  15|           5|           4|
    |add_ln362_3_fu_328_p2   |     +    |      0|  0|  15|           5|           5|
    |add_ln362_fu_286_p2     |     +    |      0|  0|  13|           4|           3|
    |add_ln364_10_fu_545_p2  |     +    |      0|  0|  15|           5|           5|
    |add_ln364_12_fu_566_p2  |     +    |      0|  0|  12|           2|           3|
    |add_ln364_13_fu_576_p2  |     +    |      0|  0|  15|           5|           5|
    |add_ln364_15_fu_597_p2  |     +    |      0|  0|  13|           3|           4|
    |add_ln364_16_fu_607_p2  |     +    |      0|  0|  15|           5|           5|
    |add_ln364_1_fu_425_p2   |     +    |      0|  0|  13|           3|           4|
    |add_ln364_3_fu_446_p2   |     +    |      0|  0|  15|           4|           5|
    |add_ln364_4_fu_478_p2   |     +    |      0|  0|  15|           5|           5|
    |add_ln364_5_fu_503_p2   |     +    |      0|  0|  12|           1|           3|
    |add_ln364_6_fu_513_p2   |     +    |      0|  0|  15|           5|           5|
    |add_ln364_7_fu_436_p2   |     +    |      0|  0|  13|           4|           4|
    |add_ln364_9_fu_535_p2   |     +    |      0|  0|  12|           2|           3|
    |add_ln364_fu_472_p2     |     +    |      0|  0|  15|           5|           5|
    |grp_fu_369_p0           |     +    |      0|  0|  13|           2|           4|
    |grp_fu_380_p0           |     +    |      0|  0|  13|           3|           4|
    |grp_fu_395_p0           |     +    |      0|  0|  15|           4|           5|
    |grp_fu_406_p0           |     +    |      0|  0|  15|           4|           5|
    |x_6_fu_344_p2           |     +    |      0|  0|  12|           3|           1|
    |x_fu_276_p2             |     +    |      0|  0|  12|           3|           1|
    |icmp_ln361_fu_270_p2    |   icmp   |      0|  0|   9|           3|           3|
    |icmp_ln363_fu_338_p2    |   icmp   |      0|  0|   9|           3|           3|
    |ap_enable_pp0           |    xor   |      0|  0|   2|           1|           2|
    |ap_enable_pp1           |    xor   |      0|  0|   2|           1|           2|
    +------------------------+----------+-------+---+----+------------+------------+
    |Total                   |          |      0|  0| 338|          94|         102|
    +------------------------+----------+-------+---+----+------------+------------+

    * Multiplexer: 
    +------------------------------+----+-----------+-----+-----------+
    |             Name             | LUT| Input Size| Bits| Total Bits|
    +------------------------------+----+-----------+-----+-----------+
    |A_address0                    |  33|          6|    5|         30|
    |A_address1                    |  33|          6|    5|         30|
    |A_d0                          |  15|          3|   64|        192|
    |A_d1                          |  21|          4|   64|        256|
    |ap_NS_fsm                     |  53|         12|    1|         12|
    |ap_enable_reg_pp0_iter1       |   9|          2|    1|          2|
    |ap_enable_reg_pp1_iter2       |   9|          2|    1|          2|
    |ap_phi_mux_x_0_phi_fu_250_p4  |   9|          2|    3|          6|
    |ap_phi_mux_x_1_phi_fu_262_p4  |   9|          2|    3|          6|
    |tempA_address0                |  33|          6|    5|         30|
    |tempA_address1                |  33|          6|    5|         30|
    |tempA_d0                      |  15|          3|   64|        192|
    |tempA_d1                      |  15|          3|   64|        192|
    |x_0_reg_246                   |   9|          2|    3|          6|
    |x_1_reg_258                   |   9|          2|    3|          6|
    +------------------------------+----+-----------+-----+-----------+
    |Total                         | 305|         61|  291|        992|
    +------------------------------+----+-----------+-----+-----------+

    * Register: 
    +-------------------------+----+----+-----+-----------+
    |           Name          | FF | LUT| Bits| Const Bits|
    +-------------------------+----+----+-----+-----------+
    |add_ln364_reg_765        |   5|   0|    5|          0|
    |ap_CS_fsm                |  11|   0|   11|          0|
    |ap_enable_reg_pp0_iter0  |   1|   0|    1|          0|
    |ap_enable_reg_pp0_iter1  |   1|   0|    1|          0|
    |ap_enable_reg_pp1_iter0  |   1|   0|    1|          0|
    |ap_enable_reg_pp1_iter1  |   1|   0|    1|          0|
    |ap_enable_reg_pp1_iter2  |   1|   0|    1|          0|
    |icmp_ln361_reg_618       |   1|   0|    1|          0|
    |icmp_ln363_reg_682       |   1|   0|    1|          0|
    |shl_ln_reg_691           |   3|   0|    4|          1|
    |tempA_load_1_reg_750     |  64|   0|   64|          0|
    |tempA_load_2_reg_770     |  64|   0|   64|          0|
    |tempA_load_3_reg_775     |  64|   0|   64|          0|
    |tempA_load_4_reg_790     |  64|   0|   64|          0|
    |tempA_load_reg_745       |  64|   0|   64|          0|
    |urem_ln364_1_reg_785     |   3|   0|    3|          0|
    |urem_ln364_2_reg_795     |   3|   0|    3|          0|
    |x_0_reg_246              |   3|   0|    3|          0|
    |x_1_reg_258              |   3|   0|    3|          0|
    |x_6_reg_686              |   3|   0|    3|          0|
    |x_reg_622                |   3|   0|    3|          0|
    |zext_ln362_1_reg_627     |   4|   0|   64|         60|
    |zext_ln362_2_reg_637     |   4|   0|   64|         60|
    |zext_ln362_3_reg_662     |   5|   0|   64|         59|
    |zext_ln362_4_reg_672     |   5|   0|   64|         59|
    |zext_ln362_5_reg_647     |   3|   0|    5|          2|
    |zext_ln362_reg_652       |   3|   0|   64|         61|
    |zext_ln364_10_reg_724    |   3|   0|    5|          2|
    |zext_ln364_11_reg_730    |   3|   0|    4|          1|
    |zext_ln364_12_reg_709    |   3|   0|    5|          2|
    |icmp_ln363_reg_682       |  64|  32|    1|          0|
    +-------------------------+----+----+-----+-----------+
    |Total                    | 461|  32|  705|        307|
    +-------------------------+----+----+-----+-----------+



================================================================
== Interface
================================================================
* Summary: 
+------------+-----+-----+------------+--------------+--------------+
|  RTL Ports | Dir | Bits|  Protocol  | Source Object|    C Type    |
+------------+-----+-----+------------+--------------+--------------+
|ap_clk      |  in |    1| ap_ctrl_hs |      pi      | return value |
|ap_rst      |  in |    1| ap_ctrl_hs |      pi      | return value |
|ap_start    |  in |    1| ap_ctrl_hs |      pi      | return value |
|ap_done     | out |    1| ap_ctrl_hs |      pi      | return value |
|ap_idle     | out |    1| ap_ctrl_hs |      pi      | return value |
|ap_ready    | out |    1| ap_ctrl_hs |      pi      | return value |
|A_address0  | out |    5|  ap_memory |       A      |     array    |
|A_ce0       | out |    1|  ap_memory |       A      |     array    |
|A_we0       | out |    1|  ap_memory |       A      |     array    |
|A_d0        | out |   64|  ap_memory |       A      |     array    |
|A_q0        |  in |   64|  ap_memory |       A      |     array    |
|A_address1  | out |    5|  ap_memory |       A      |     array    |
|A_ce1       | out |    1|  ap_memory |       A      |     array    |
|A_we1       | out |    1|  ap_memory |       A      |     array    |
|A_d1        | out |   64|  ap_memory |       A      |     array    |
|A_q1        |  in |   64|  ap_memory |       A      |     array    |
+------------+-----+-----+------------+--------------+--------------+

