

================================================================
== Vivado HLS Report for 'sign_picnic1'
================================================================
* Date:           Thu May 14 18:42:38 2020

* Version:        2019.2 (Build 2704478 on Wed Nov 06 22:10:23 MST 2019)
* Project:        picnic1
* Solution:       sign
* Product family: artix7
* Target device:  xc7a200t-fbg676-2


================================================================
== Performance Estimates
================================================================
+ Timing: 
    * Summary: 
    +--------+----------+----------+------------+
    |  Clock |  Target  | Estimated| Uncertainty|
    +--------+----------+----------+------------+
    |ap_clk  | 10.00 ns | 8.750 ns |   1.25 ns  |
    +--------+----------+----------+------------+

+ Latency: 
    * Summary: 
    +---------+---------+----------+----------+-----+-----+---------+
    |  Latency (cycles) |  Latency (absolute) |  Interval | Pipeline|
    |   min   |   max   |    min   |    max   | min | max |   Type  |
    +---------+---------+----------+----------+-----+-----+---------+
    |        ?|        ?|         ?|         ?|    ?|    ?|   none  |
    +---------+---------+----------+----------+-----+-----+---------+

    + Detail: 
        * Instance: 
        +-------------------------------+--------------------+---------+---------+----------+----------+--------+--------+---------+
        |                               |                    |  Latency (cycles) |  Latency (absolute) |     Interval    | Pipeline|
        |            Instance           |       Module       |   min   |   max   |    min   |    max   |   min  |   max  |   Type  |
        +-------------------------------+--------------------+---------+---------+----------+----------+--------+--------+---------+
        |grp_computeSeeds_2_fu_635      |computeSeeds_2      |        ?|        ?|         ?|         ?|       ?|       ?|   none  |
        |grp_createRandomTape_fu_657    |createRandomTape    |        ?|        ?|         ?|         ?|       ?|       ?|   none  |
        |grp_H3_2_fu_680                |H3_2                |        ?|        ?|         ?|         ?|       ?|       ?|   none  |
        |grp_createRandomTape_1_fu_701  |createRandomTape_1  |        ?|        ?|         ?|         ?|       ?|       ?|   none  |
        |grp_Commit_2_fu_717            |Commit_2            |        ?|        ?|         ?|         ?|       ?|       ?|   none  |
        |grp_mpc_LowMC_2_fu_760         |mpc_LowMC_2         |   289095|   289095| 2.891 ms | 2.891 ms |  289095|  289095|   none  |
        |grp_prove_25_fu_779            |prove_25            |      284|      292| 2.840 us | 2.920 us |     284|     292|   none  |
        +-------------------------------+--------------------+---------+---------+----------+----------+--------+--------+---------+

        * Loop: 
        +---------------------------+---------+---------+-----------+-----------+-----------+-------+----------+
        |                           |  Latency (cycles) | Iteration |  Initiation Interval  |  Trip |          |
        |         Loop Name         |   min   |   max   |  Latency  |  achieved |   target  | Count | Pipelined|
        +---------------------------+---------+---------+-----------+-----------+-----------+-------+----------+
        |- Loop 1                   |        ?|        ?|          ?|          -|          -|    219|    no    |
        | + Loop 1.1                |        ?|        ?|          ?|          -|          -| 1 ~ 2 |    no    |
        |  ++ sign_picnic1_label7   |        8|        8|          3|          2|          1|      4|    yes   |
        |  ++ sign_picnic1_label8   |       85|       85|         12|          1|          1|     75|    yes   |
        | + Loop 1.2                |        8|        8|          2|          -|          -|      4|    no    |
        |- L_L_sign_picnic1_label9  |     2629|     2629|          3|          1|          1|   2628|    yes   |
        |- Loop 3                   |       12|       12|          3|          -|          -|      4|    no    |
        |- Loop 4                   |    62853|    64605| 287 ~ 295 |          -|          -|    219|    no    |
        +---------------------------+---------+---------+-----------+-----------+-----------+-------+----------+



================================================================
== Utilization Estimates
================================================================
* Summary: 
+-----------------+---------+-------+--------+--------+-----+
|       Name      | BRAM_18K| DSP48E|   FF   |   LUT  | URAM|
+-----------------+---------+-------+--------+--------+-----+
|DSP              |        -|      -|       -|       -|    -|
|Expression       |        -|      0|       0|     861|    -|
|FIFO             |        -|      -|       -|       -|    -|
|Instance         |      366|      5|   44495|   99807|    0|
|Memory           |       76|      -|      64|      20|    0|
|Multiplexer      |        -|      -|       -|    1283|    -|
|Register         |        0|      -|     548|      96|    -|
+-----------------+---------+-------+--------+--------+-----+
|Total            |      442|      5|   45107|  102067|    0|
+-----------------+---------+-------+--------+--------+-----+
|Available        |      730|    740|  269200|  134600|    0|
+-----------------+---------+-------+--------+--------+-----+
|Utilization (%)  |       60|   ~0  |      16|      75|    0|
+-----------------+---------+-------+--------+--------+-----+

+ Detail: 
    * Instance: 
    +-------------------------------+----------------------+---------+-------+-------+-------+-----+
    |            Instance           |        Module        | BRAM_18K| DSP48E|   FF  |  LUT  | URAM|
    +-------------------------------+----------------------+---------+-------+-------+-------+-----+
    |grp_Commit_2_fu_717            |Commit_2              |       55|      1|   6449|  14082|    0|
    |grp_H3_2_fu_680                |H3_2                  |       68|      0|   7837|  16837|    0|
    |grp_computeSeeds_2_fu_635      |computeSeeds_2        |       72|      0|  11059|  23376|    0|
    |grp_createRandomTape_fu_657    |createRandomTape      |       51|      2|   9695|  18235|    0|
    |grp_createRandomTape_1_fu_701  |createRandomTape_1    |       51|      0|   7789|  16637|    0|
    |crypto_sign_mux_4bBo_U187      |crypto_sign_mux_4bBo  |        0|      0|      0|     17|    0|
    |crypto_sign_urem_bAo_U186      |crypto_sign_urem_bAo  |        0|      0|    163|    103|    0|
    |grp_mpc_LowMC_2_fu_760         |mpc_LowMC_2           |       69|      1|   1199|   9412|    0|
    |grp_prove_25_fu_779            |prove_25              |        0|      1|    304|   1108|    0|
    +-------------------------------+----------------------+---------+-------+-------+-------+-----+
    |Total                          |                      |      366|      5|  44495|  99807|    0|
    +-------------------------------+----------------------+---------+-------+-------+-------+-----+

    * DSP48E: 
    N/A

    * Memory: 
    +------------------------+----------------------+---------+----+----+-----+-------+-----+------+-------------+
    |         Memory         |        Module        | BRAM_18K| FF | LUT| URAM| Words | Bits| Banks| W*Bits*Banks|
    +------------------------+----------------------+---------+----+----+-----+-------+-----+------+-------------+
    |output_U                |matrix_mul_prod       |        1|   0|   0|    0|     64|   32|     1|         2048|
    |as_hashes_U             |sign_picnic1_as_hbwn  |       16|   0|   0|    0|  21024|    8|     1|       168192|
    |seeds_seed_U            |sign_picnic1_seedbxn  |        8|   0|   0|    0|  10512|    8|     1|        84096|
    |slab_assign_U           |sign_picnic1_slabbzo  |        2|   0|   0|    0|     36|   32|     1|         1152|
    |tape_tape_U             |sign_picnic1_tapebyn  |        1|   0|   0|    0|    498|    8|     1|         3984|
    |tmp_0_U                 |sign_picnic1_tmp_0    |        0|  16|   5|    0|     36|    8|     1|          288|
    |tmp_1_U                 |sign_picnic1_tmp_1    |        0|  16|   5|    0|     36|    8|     1|          288|
    |tmp_2_U                 |sign_picnic1_tmp_1    |        0|  16|   5|    0|     36|    8|     1|          288|
    |tmp_3_U                 |sign_picnic1_tmp_1    |        0|  16|   5|    0|     36|    8|     1|          288|
    |views_inputShare_U      |sign_picnic1_viewbtn  |        8|   0|   0|    0|   2628|   32|     1|        84096|
    |views_communicatedBi_U  |sign_picnic1_viewbun  |       32|   0|   0|    0|  49275|    8|     1|       394200|
    |views_outputShare_U     |sign_picnic1_viewbvn  |        8|   0|   0|    0|   2628|   32|     1|        84096|
    +------------------------+----------------------+---------+----+----+-----+-------+-----+------+-------------+
    |Total                   |                      |       76|  64|  20|    0|  86809|  192|    12|       823016|
    +------------------------+----------------------+---------+----+----+-----+-------+-----+------+-------------+

    * FIFO: 
    N/A

    * Expression: 
    +----------------------------+----------+-------+---+----+------------+------------+
    |        Variable Name       | Operation| DSP48E| FF| LUT| Bitwidth P0| Bitwidth P1|
    +----------------------------+----------+-------+---+----+------------+------------+
    |mul_ln1775_fu_1009_p2       |     *    |      0|  0|  41|           7|           8|
    |add_ln1763_fu_872_p2        |     +    |      0|  0|  16|           9|           8|
    |add_ln1772_fu_896_p2        |     +    |      0|  0|  19|          12|          12|
    |add_ln1775_1_fu_1043_p2     |     +    |      0|  0|  16|           9|           9|
    |add_ln1775_fu_999_p2        |     +    |      0|  0|  15|           7|           5|
    |add_ln1786_1_fu_866_p2      |     +    |      0|  0|  20|          13|           4|
    |add_ln1786_2_fu_1096_p2     |     +    |      0|  0|  20|          13|          13|
    |add_ln1786_3_fu_1106_p2     |     +    |      0|  0|  20|          13|          13|
    |add_ln1786_4_fu_1116_p2     |     +    |      0|  0|  20|          13|          13|
    |add_ln1786_fu_860_p2        |     +    |      0|  0|  20|          13|           3|
    |add_ln1808_fu_1176_p2       |     +    |      0|  0|  19|          12|           1|
    |add_ln1809_1_fu_1318_p2     |     +    |      0|  0|  15|           5|           1|
    |add_ln1811_1_fu_1355_p2     |     +    |      0|  0|  11|          11|          11|
    |add_ln1811_2_fu_1290_p2     |     +    |      0|  0|  18|          11|          11|
    |add_ln1811_3_fu_1372_p2     |     +    |      0|  0|  20|          13|          13|
    |add_ln1811_fu_1164_p2       |     +    |      0|  0|  18|          11|          11|
    |i_1_fu_1449_p2              |     +    |      0|  0|  15|           8|           1|
    |i_fu_1182_p2                |     +    |      0|  0|  15|           8|           1|
    |j_3_fu_886_p2               |     +    |      0|  0|  10|           2|           1|
    |j_5_fu_1402_p2              |     +    |      0|  0|  12|           3|           1|
    |j_6_fu_1258_p2              |     +    |      0|  0|  10|           2|           1|
    |j_fu_1081_p2                |     +    |      0|  0|  12|           3|           1|
    |k_fu_806_p2                 |     +    |      0|  0|  15|           8|           1|
    |loop_3_fu_1312_p2           |     +    |      0|  0|  12|           3|           1|
    |loop_4_fu_993_p2            |     +    |      0|  0|  15|           7|           1|
    |loop_fu_959_p2              |     +    |      0|  0|  15|           3|           5|
    |sub_ln1772_fu_832_p2        |     -    |      0|  0|  18|          11|          11|
    |sub_ln1786_fu_854_p2        |     -    |      0|  0|  20|          13|          13|
    |sub_ln1811_1_fu_1346_p2     |     -    |      0|  0|  11|          11|          11|
    |sub_ln1811_2_fu_1226_p2     |     -    |      0|  0|  18|          11|          11|
    |sub_ln1811_fu_1154_p2       |     -    |      0|  0|  18|          11|          11|
    |and_ln1808_fu_1252_p2       |    and   |      0|  0|   2|           1|           1|
    |icmp_ln1761_fu_800_p2       |   icmp   |      0|  0|  11|           8|           7|
    |icmp_ln1774_fu_987_p2       |   icmp   |      0|  0|  11|           7|           7|
    |icmp_ln1785_fu_1075_p2      |   icmp   |      0|  0|   9|           3|           4|
    |icmp_ln1808_fu_1170_p2      |   icmp   |      0|  0|  13|          12|          12|
    |icmp_ln1809_fu_1188_p2      |   icmp   |      0|  0|  11|           5|           4|
    |icmp_ln1810_fu_1246_p2      |   icmp   |      0|  0|   9|           3|           4|
    |icmp_ln1816_fu_1396_p2      |   icmp   |      0|  0|   9|           3|           4|
    |icmp_ln1826_fu_1443_p2      |   icmp   |      0|  0|  11|           8|           7|
    |lshr_ln54_1_fu_1512_p2      |   lshr   |      0|  0|  19|           8|           8|
    |lshr_ln54_fu_1492_p2        |   lshr   |      0|  0|  19|           8|           8|
    |or_ln1772_1_fu_939_p2       |    or    |      0|  0|   4|           4|           2|
    |or_ln1772_2_fu_949_p2       |    or    |      0|  0|   4|           4|           2|
    |or_ln1772_fu_918_p2         |    or    |      0|  0|   4|           4|           1|
    |or_ln1809_fu_1264_p2        |    or    |      0|  0|   2|           1|           1|
    |select_ln1808_1_fu_1202_p3  |  select  |      0|  0|   8|           1|           8|
    |select_ln1808_2_fu_1232_p3  |  select  |      0|  0|  11|           1|          11|
    |select_ln1808_3_fu_1296_p3  |  select  |      0|  0|  11|           1|          11|
    |select_ln1808_fu_1194_p3    |  select  |      0|  0|   2|           1|           1|
    |select_ln1809_1_fu_1282_p3  |  select  |      0|  0|   2|           1|           2|
    |select_ln1809_2_fu_1304_p3  |  select  |      0|  0|  11|           1|          11|
    |select_ln1809_3_fu_1324_p3  |  select  |      0|  0|   5|           1|           1|
    |select_ln1809_fu_1270_p3    |  select  |      0|  0|   3|           1|           1|
    |ap_enable_pp0               |    xor   |      0|  0|   2|           1|           2|
    |ap_enable_pp1               |    xor   |      0|  0|   2|           1|           2|
    |ap_enable_pp2               |    xor   |      0|  0|   2|           1|           2|
    |ap_enable_reg_pp1_iter1     |    xor   |      0|  0|   2|           2|           1|
    |ap_enable_reg_pp2_iter1     |    xor   |      0|  0|   2|           2|           1|
    |output_d0                   |    xor   |      0|  0|  32|          32|          32|
    |views_inputShare_d1         |    xor   |      0|  0|  32|          32|          32|
    |xor_ln1786_fu_1125_p2       |    xor   |      0|  0|  32|          32|          32|
    |xor_ln1808_fu_1240_p2       |    xor   |      0|  0|   2|           1|           2|
    |xor_ln1817_fu_1431_p2       |    xor   |      0|  0|  32|          32|          32|
    |xor_ln54_1_fu_1502_p2       |    xor   |      0|  0|   3|           3|           2|
    |xor_ln54_fu_1482_p2         |    xor   |      0|  0|   3|           3|           3|
    +----------------------------+----------+-------+---+----+------------+------------+
    |Total                       |          |      0|  0| 861|         505|         468|
    +----------------------------+----------+-------+---+----+------------+------------+

    * Multiplexer: 
    +---------------------------------------------------+-----+-----------+-----+-----------+
    |                        Name                       | LUT | Input Size| Bits| Total Bits|
    +---------------------------------------------------+-----+-----------+-----+-----------+
    |ap_NS_fsm                                          |  137|         30|    1|         30|
    |ap_enable_reg_pp0_iter1                            |    9|          2|    1|          2|
    |ap_enable_reg_pp1_iter1                            |    9|          2|    1|          2|
    |ap_enable_reg_pp1_iter11                           |    9|          2|    1|          2|
    |ap_enable_reg_pp2_iter1                            |    9|          2|    1|          2|
    |ap_enable_reg_pp2_iter2                            |    9|          2|    1|          2|
    |ap_phi_mux_i_0_phi_fu_571_p4                       |    9|          2|    8|         16|
    |ap_phi_mux_j1_0_phi_fu_593_p4                      |    9|          2|    2|          4|
    |ap_phi_mux_loop_0_phi_fu_525_p4                    |    9|          2|    5|         10|
    |ap_phi_mux_loop_1_phi_fu_537_p4                    |    9|          2|    7|         14|
    |as_hashes_address0                                 |   21|          4|   15|         60|
    |as_hashes_ce0                                      |   21|          4|    1|          4|
    |as_hashes_we0                                      |    9|          2|    1|          2|
    |grp_Commit_2_fu_717_hash_offset6                   |   21|          4|    3|         12|
    |grp_Commit_2_fu_717_seed_offset1                   |   21|          4|    3|         12|
    |grp_Commit_2_fu_717_view_communicatedBits_offset4  |   21|          4|    3|         12|
    |grp_Commit_2_fu_717_view_inputShare_offset3        |   21|          4|    3|         12|
    |grp_Commit_2_fu_717_view_outputShare_offset5       |   21|          4|    3|         12|
    |i_0_reg_567                                        |    9|          2|    8|         16|
    |indvar_flatten19_reg_556                           |    9|          2|   12|         24|
    |indvar_flatten_reg_578                             |    9|          2|    5|         10|
    |j1_0_reg_589                                       |    9|          2|    2|          4|
    |j_0_reg_497                                        |    9|          2|    2|          4|
    |j_1_reg_545                                        |    9|          2|    3|          6|
    |j_2_reg_611                                        |    9|          2|    3|          6|
    |k_0_reg_485                                        |    9|          2|    8|         16|
    |loop_0_reg_521                                     |    9|          2|    5|         10|
    |loop_1_reg_533                                     |    9|          2|    7|         14|
    |loop_2_reg_600                                     |    9|          2|    3|          6|
    |message_address0                                   |   15|          3|   12|         36|
    |message_ce0                                        |   15|          3|    1|          3|
    |output_address0                                    |   15|          3|    6|         18|
    |output_ce0                                         |   15|          3|    1|          3|
    |phi_mul_reg_509                                    |    9|          2|    9|         18|
    |plaintext_address0                                 |   21|          4|    3|         12|
    |plaintext_ce0                                      |   21|          4|    1|          4|
    |privateKey_address0                                |   15|          3|    3|          9|
    |privateKey_ce0                                     |   15|          3|    1|          3|
    |round_assign_reg_623                               |    9|          2|    8|         16|
    |seeds_seed_address0                                |   33|          6|   14|         84|
    |seeds_seed_ce0                                     |   33|          6|    1|          6|
    |seeds_seed_we0                                     |    9|          2|    1|          2|
    |sig_0_challengeBits_address0                       |   15|          3|    6|         18|
    |sig_0_challengeBits_ce0                            |   15|          3|    1|          3|
    |sig_0_challengeBits_we0                            |    9|          2|    1|          2|
    |sig_0_salt_address0                                |   27|          5|    5|         25|
    |sig_0_salt_ce0                                     |   27|          5|    1|          5|
    |sig_0_salt_we0                                     |    9|          2|    1|          2|
    |tape_tape_address0                                 |   21|          4|    9|         36|
    |tape_tape_ce0                                      |   21|          4|    1|          4|
    |tape_tape_ce1                                      |    9|          2|    1|          2|
    |tape_tape_d0                                       |   15|          3|    8|         24|
    |tape_tape_we0                                      |   15|          3|    1|          3|
    |tmp_0_address0                                     |   27|          5|    6|         30|
    |tmp_0_address1                                     |   15|          3|    6|         18|
    |tmp_0_ce0                                          |   15|          3|    1|          3|
    |tmp_0_we0                                          |    9|          2|    1|          2|
    |tmp_1_address0                                     |   15|          3|    6|         18|
    |tmp_1_ce0                                          |   15|          3|    1|          3|
    |tmp_1_we0                                          |    9|          2|    1|          2|
    |tmp_2_address0                                     |   15|          3|    6|         18|
    |tmp_2_ce0                                          |   15|          3|    1|          3|
    |tmp_2_we0                                          |    9|          2|    1|          2|
    |tmp_3_address0                                     |   15|          3|    6|         18|
    |tmp_3_ce0                                          |   15|          3|    1|          3|
    |tmp_3_we0                                          |    9|          2|    1|          2|
    |viewOutputs_address0                               |   27|          5|   14|         70|
    |viewOutputs_ce0                                    |   15|          3|    1|          3|
    |views_communicatedBi_address0                      |   21|          4|   16|         64|
    |views_communicatedBi_ce0                           |   21|          4|    1|          4|
    |views_communicatedBi_we0                           |    9|          2|    1|          2|
    |views_inputShare_address0                          |   33|          6|   12|         72|
    |views_inputShare_address1                          |   15|          3|   12|         36|
    |views_inputShare_ce0                               |   27|          5|    1|          5|
    |views_outputShare_address0                         |   21|          4|   12|         48|
    |views_outputShare_ce0                              |   21|          4|    1|          4|
    |views_outputShare_we0                              |    9|          2|    1|          2|
    +---------------------------------------------------+-----+-----------+-----+-----------+
    |Total                                              | 1283|        259|  324|       1096|
    +---------------------------------------------------+-----+-----------+-----+-----------+

    * Register: 
    +--------------------------------------------+----+----+-----+-----------+
    |                    Name                    | FF | LUT| Bits| Const Bits|
    +--------------------------------------------+----+----+-----+-----------+
    |add_ln1763_reg_1566                         |   9|   0|    9|          0|
    |add_ln1772_reg_1579                         |  12|   0|   12|          0|
    |add_ln1775_1_reg_1673                       |   9|   0|    9|          0|
    |add_ln1786_1_reg_1561                       |  11|   0|   13|          2|
    |add_ln1786_4_reg_1696                       |  13|   0|   13|          0|
    |add_ln1786_reg_1556                         |  11|   0|   13|          2|
    |ap_CS_fsm                                   |  29|   0|   29|          0|
    |ap_enable_reg_pp0_iter0                     |   1|   0|    1|          0|
    |ap_enable_reg_pp0_iter1                     |   1|   0|    1|          0|
    |ap_enable_reg_pp1_iter0                     |   1|   0|    1|          0|
    |ap_enable_reg_pp1_iter1                     |   1|   0|    1|          0|
    |ap_enable_reg_pp1_iter10                    |   1|   0|    1|          0|
    |ap_enable_reg_pp1_iter11                    |   1|   0|    1|          0|
    |ap_enable_reg_pp1_iter2                     |   1|   0|    1|          0|
    |ap_enable_reg_pp1_iter3                     |   1|   0|    1|          0|
    |ap_enable_reg_pp1_iter4                     |   1|   0|    1|          0|
    |ap_enable_reg_pp1_iter5                     |   1|   0|    1|          0|
    |ap_enable_reg_pp1_iter6                     |   1|   0|    1|          0|
    |ap_enable_reg_pp1_iter7                     |   1|   0|    1|          0|
    |ap_enable_reg_pp1_iter8                     |   1|   0|    1|          0|
    |ap_enable_reg_pp1_iter9                     |   1|   0|    1|          0|
    |ap_enable_reg_pp2_iter0                     |   1|   0|    1|          0|
    |ap_enable_reg_pp2_iter1                     |   1|   0|    1|          0|
    |ap_enable_reg_pp2_iter2                     |   1|   0|    1|          0|
    |grp_Commit_2_fu_717_ap_start_reg            |   1|   0|    1|          0|
    |grp_H3_2_fu_680_ap_start_reg                |   1|   0|    1|          0|
    |grp_computeSeeds_2_fu_635_ap_start_reg      |   1|   0|    1|          0|
    |grp_createRandomTape_1_fu_701_ap_start_reg  |   1|   0|    1|          0|
    |grp_createRandomTape_fu_657_ap_start_reg    |   1|   0|    1|          0|
    |grp_mpc_LowMC_2_fu_760_ap_start_reg         |   1|   0|    1|          0|
    |grp_prove_25_fu_779_ap_start_reg            |   1|   0|    1|          0|
    |i_0_reg_567                                 |   8|   0|    8|          0|
    |i_1_reg_1790                                |   8|   0|    8|          0|
    |icmp_ln1774_reg_1634                        |   1|   0|    1|          0|
    |icmp_ln1808_reg_1706                        |   1|   0|    1|          0|
    |icmp_ln1808_reg_1706_pp2_iter1_reg          |   1|   0|    1|          0|
    |indvar_flatten19_reg_556                    |  12|   0|   12|          0|
    |indvar_flatten_reg_578                      |   5|   0|    5|          0|
    |j1_0_reg_589                                |   2|   0|    2|          0|
    |j_0_reg_497                                 |   2|   0|    2|          0|
    |j_1_reg_545                                 |   3|   0|    3|          0|
    |j_2_reg_611                                 |   3|   0|    3|          0|
    |j_3_reg_1574                                |   2|   0|    2|          0|
    |j_5_reg_1757                                |   3|   0|    3|          0|
    |j_reg_1681                                  |   3|   0|    3|          0|
    |k_0_reg_485                                 |   8|   0|    8|          0|
    |k_reg_1541                                  |   8|   0|    8|          0|
    |loop_0_reg_521                              |   5|   0|    5|          0|
    |loop_1_reg_533                              |   7|   0|    7|          0|
    |loop_2_reg_600                              |   3|   0|    3|          0|
    |loop_4_reg_1638                             |   7|   0|    7|          0|
    |loop_reg_1629                               |   5|   0|    5|          0|
    |or_ln_reg_1800                              |   2|   0|    2|          0|
    |phi_mul_reg_509                             |   9|   0|    9|          0|
    |round_assign_reg_623                        |   8|   0|    8|          0|
    |select_ln1808_1_reg_1715                    |   8|   0|    8|          0|
    |select_ln1809_1_reg_1728                    |   2|   0|    2|          0|
    |select_ln1809_2_reg_1734                    |  11|   0|   11|          0|
    |select_ln1809_2_reg_1734_pp2_iter1_reg      |  11|   0|   11|          0|
    |select_ln1809_reg_1722                      |   3|   0|    3|          0|
    |select_ln1809_reg_1722_pp2_iter1_reg        |   3|   0|    3|          0|
    |sext_ln1772_reg_1546                        |  12|   0|   12|          0|
    |sub_ln1786_reg_1551                         |  11|   0|   13|          2|
    |tmp_0_load_1_reg_1614                       |   8|   0|    8|          0|
    |tmp_0_load_reg_1609                         |   8|   0|    8|          0|
    |tmp_11_reg_1584                             |   1|   0|    1|          0|
    |tmp_15_reg_1648                             |   3|   0|    3|          0|
    |trunc_ln1771_reg_1588                       |   4|   0|    4|          0|
    |trunc_ln1_reg_1604                          |   2|   0|    2|          0|
    |viewOutputs_load_reg_1782                   |  32|   0|   32|          0|
    |zext_ln1817_reg_1762                        |   3|   0|   64|         61|
    |icmp_ln1774_reg_1634                        |  64|  32|    1|          0|
    |loop_1_reg_533                              |  64|  32|    7|          0|
    |tmp_15_reg_1648                             |  64|  32|    3|          0|
    +--------------------------------------------+----+----+-----+-----------+
    |Total                                       | 548|  96|  434|         67|
    +--------------------------------------------+----+----+-----+-----------+



================================================================
== Interface
================================================================
* Summary: 
+------------------------------+-----+-----+------------+---------------------+--------------+
|           RTL Ports          | Dir | Bits|  Protocol  |    Source Object    |    C Type    |
+------------------------------+-----+-----+------------+---------------------+--------------+
|ap_clk                        |  in |    1| ap_ctrl_hs |     sign_picnic1    | return value |
|ap_rst                        |  in |    1| ap_ctrl_hs |     sign_picnic1    | return value |
|ap_start                      |  in |    1| ap_ctrl_hs |     sign_picnic1    | return value |
|ap_done                       | out |    1| ap_ctrl_hs |     sign_picnic1    | return value |
|ap_idle                       | out |    1| ap_ctrl_hs |     sign_picnic1    | return value |
|ap_ready                      | out |    1| ap_ctrl_hs |     sign_picnic1    | return value |
|ap_return                     | out |    1| ap_ctrl_hs |     sign_picnic1    | return value |
|privateKey_address0           | out |    3|  ap_memory |      privateKey     |     array    |
|privateKey_ce0                | out |    1|  ap_memory |      privateKey     |     array    |
|privateKey_q0                 |  in |   32|  ap_memory |      privateKey     |     array    |
|pubKey_address0               | out |    3|  ap_memory |        pubKey       |     array    |
|pubKey_ce0                    | out |    1|  ap_memory |        pubKey       |     array    |
|pubKey_q0                     |  in |   32|  ap_memory |        pubKey       |     array    |
|plaintext_address0            | out |    3|  ap_memory |      plaintext      |     array    |
|plaintext_ce0                 | out |    1|  ap_memory |      plaintext      |     array    |
|plaintext_q0                  |  in |   32|  ap_memory |      plaintext      |     array    |
|message_address0              | out |   12|  ap_memory |       message       |     array    |
|message_ce0                   | out |    1|  ap_memory |       message       |     array    |
|message_q0                    |  in |    8|  ap_memory |       message       |     array    |
|messageByteLength             |  in |   64|   ap_none  |  messageByteLength  |    scalar    |
|sig_0_proofs_seed1_address0   | out |   12|  ap_memory |  sig_0_proofs_seed1 |     array    |
|sig_0_proofs_seed1_ce0        | out |    1|  ap_memory |  sig_0_proofs_seed1 |     array    |
|sig_0_proofs_seed1_we0        | out |    1|  ap_memory |  sig_0_proofs_seed1 |     array    |
|sig_0_proofs_seed1_d0         | out |    8|  ap_memory |  sig_0_proofs_seed1 |     array    |
|sig_0_proofs_seed2_address0   | out |   12|  ap_memory |  sig_0_proofs_seed2 |     array    |
|sig_0_proofs_seed2_ce0        | out |    1|  ap_memory |  sig_0_proofs_seed2 |     array    |
|sig_0_proofs_seed2_we0        | out |    1|  ap_memory |  sig_0_proofs_seed2 |     array    |
|sig_0_proofs_seed2_d0         | out |    8|  ap_memory |  sig_0_proofs_seed2 |     array    |
|sig_0_proofs_inputS_address0  | out |   10|  ap_memory | sig_0_proofs_inputS |     array    |
|sig_0_proofs_inputS_ce0       | out |    1|  ap_memory | sig_0_proofs_inputS |     array    |
|sig_0_proofs_inputS_we0       | out |    1|  ap_memory | sig_0_proofs_inputS |     array    |
|sig_0_proofs_inputS_d0        | out |   32|  ap_memory | sig_0_proofs_inputS |     array    |
|sig_0_proofs_commun_address0  | out |   15|  ap_memory | sig_0_proofs_commun |     array    |
|sig_0_proofs_commun_ce0       | out |    1|  ap_memory | sig_0_proofs_commun |     array    |
|sig_0_proofs_commun_we0       | out |    1|  ap_memory | sig_0_proofs_commun |     array    |
|sig_0_proofs_commun_d0        | out |    8|  ap_memory | sig_0_proofs_commun |     array    |
|sig_0_proofs_view3C_address0  | out |   13|  ap_memory | sig_0_proofs_view3C |     array    |
|sig_0_proofs_view3C_ce0       | out |    1|  ap_memory | sig_0_proofs_view3C |     array    |
|sig_0_proofs_view3C_we0       | out |    1|  ap_memory | sig_0_proofs_view3C |     array    |
|sig_0_proofs_view3C_d0        | out |    8|  ap_memory | sig_0_proofs_view3C |     array    |
|sig_0_challengeBits_address0  | out |    6|  ap_memory | sig_0_challengeBits |     array    |
|sig_0_challengeBits_ce0       | out |    1|  ap_memory | sig_0_challengeBits |     array    |
|sig_0_challengeBits_we0       | out |    1|  ap_memory | sig_0_challengeBits |     array    |
|sig_0_challengeBits_d0        | out |    8|  ap_memory | sig_0_challengeBits |     array    |
|sig_0_challengeBits_q0        |  in |    8|  ap_memory | sig_0_challengeBits |     array    |
|sig_0_salt_address0           | out |    5|  ap_memory |      sig_0_salt     |     array    |
|sig_0_salt_ce0                | out |    1|  ap_memory |      sig_0_salt     |     array    |
|sig_0_salt_we0                | out |    1|  ap_memory |      sig_0_salt     |     array    |
|sig_0_salt_d0                 | out |    8|  ap_memory |      sig_0_salt     |     array    |
|sig_0_salt_q0                 |  in |    8|  ap_memory |      sig_0_salt     |     array    |
|viewOutputs_address0          | out |   14|  ap_memory |     viewOutputs     |     array    |
|viewOutputs_ce0               | out |    1|  ap_memory |     viewOutputs     |     array    |
|viewOutputs_we0               | out |    1|  ap_memory |     viewOutputs     |     array    |
|viewOutputs_d0                | out |   32|  ap_memory |     viewOutputs     |     array    |
|viewOutputs_q0                |  in |   32|  ap_memory |     viewOutputs     |     array    |
|viewOutputs_address1          | out |   14|  ap_memory |     viewOutputs     |     array    |
|viewOutputs_ce1               | out |    1|  ap_memory |     viewOutputs     |     array    |
|viewOutputs_q1                |  in |   32|  ap_memory |     viewOutputs     |     array    |
+------------------------------+-----+-----+------------+---------------------+--------------+

